[4.332s] Invoking command in '/home/nvidia/ros2_catkin_ws/build/deliverybot_description': CMAKE_PREFIX_PATH=${CMAKE_PREFIX_PATH}:/home/nvidia/ros2_catkin_ws/install/livox_frame_remap:/opt/ros/foxy /usr/bin/cmake --build /home/nvidia/ros2_catkin_ws/build/deliverybot_description -- -j8 -l8
[5.812s] Invoked command in '/home/nvidia/ros2_catkin_ws/build/deliverybot_description' returned '0': CMAKE_PREFIX_PATH=${CMAKE_PREFIX_PATH}:/home/nvidia/ros2_catkin_ws/install/livox_frame_remap:/opt/ros/foxy /usr/bin/cmake --build /home/nvidia/ros2_catkin_ws/build/deliverybot_description -- -j8 -l8
[6.013s] Invoking command in '/home/nvidia/ros2_catkin_ws/build/deliverybot_description': CMAKE_PREFIX_PATH=${CMAKE_PREFIX_PATH}:/home/nvidia/ros2_catkin_ws/install/livox_frame_remap:/opt/ros/foxy /usr/bin/cmake --install /home/nvidia/ros2_catkin_ws/build/deliverybot_description
[6.075s] -- Install configuration: ""
[6.075s] -- Execute custom install script
[6.075s] -- Up-to-date symlink: /home/nvidia/ros2_catkin_ws/install/deliverybot_description/share/deliverybot_description/config/ball_tracker_params_robot.yaml
[6.075s] -- Up-to-date symlink: /home/nvidia/ros2_catkin_ws/install/deliverybot_description/share/deliverybot_description/config/ball_tracker_params_sim.yaml
[6.075s] -- Up-to-date symlink: /home/nvidia/ros2_catkin_ws/install/deliverybot_description/share/deliverybot_description/config/drive_bot.rviz
[6.075s] -- Up-to-date symlink: /home/nvidia/ros2_catkin_ws/install/deliverybot_description/share/deliverybot_description/config/empty.yaml
[6.075s] -- Up-to-date symlink: /home/nvidia/ros2_catkin_ws/install/deliverybot_description/share/deliverybot_description/config/gaz_ros2_ctl_use_sim.yaml
[6.075s] -- Up-to-date symlink: /home/nvidia/ros2_catkin_ws/install/deliverybot_description/share/deliverybot_description/config/gazebo_params.yaml
[6.075s] -- Up-to-date symlink: /home/nvidia/ros2_catkin_ws/install/deliverybot_description/share/deliverybot_description/config/joystick.yaml
[6.075s] -- Up-to-date symlink: /home/nvidia/ros2_catkin_ws/install/deliverybot_description/share/deliverybot_description/config/main.rviz
[6.075s] -- Up-to-date symlink: /home/nvidia/ros2_catkin_ws/install/deliverybot_description/share/deliverybot_description/config/map.rviz
[6.076s] -- Up-to-date symlink: /home/nvidia/ros2_catkin_ws/install/deliverybot_description/share/deliverybot_description/config/mapper_params_online_async.yaml
[6.076s] -- Up-to-date symlink: /home/nvidia/ros2_catkin_ws/install/deliverybot_description/share/deliverybot_description/config/my_controllers.yaml
[6.076s] -- Up-to-date symlink: /home/nvidia/ros2_catkin_ws/install/deliverybot_description/share/deliverybot_description/config/nav2_params.yaml
[6.076s] -- Up-to-date symlink: /home/nvidia/ros2_catkin_ws/install/deliverybot_description/share/deliverybot_description/config/twist_mux.yaml
[6.076s] -- Up-to-date symlink: /home/nvidia/ros2_catkin_ws/install/deliverybot_description/share/deliverybot_description/config/view_bot.rviz
[6.076s] -- Up-to-date symlink: /home/nvidia/ros2_catkin_ws/install/deliverybot_description/share/deliverybot_description/description/camera.xacro
[6.076s] -- Up-to-date symlink: /home/nvidia/ros2_catkin_ws/install/deliverybot_description/share/deliverybot_description/description/common_properties.xacro
[6.076s] -- Up-to-date symlink: /home/nvidia/ros2_catkin_ws/install/deliverybot_description/share/deliverybot_description/description/deliverybot.urdf.xacro
[6.076s] -- Up-to-date symlink: /home/nvidia/ros2_catkin_ws/install/deliverybot_description/share/deliverybot_description/description/deliverybot_core.xacro
[6.076s] -- Up-to-date symlink: /home/nvidia/ros2_catkin_ws/install/deliverybot_description/share/deliverybot_description/description/depth_camera.xacro
[6.077s] -- Up-to-date symlink: /home/nvidia/ros2_catkin_ws/install/deliverybot_description/share/deliverybot_description/description/face.xacro
[6.077s] -- Up-to-date symlink: /home/nvidia/ros2_catkin_ws/install/deliverybot_description/share/deliverybot_description/description/gazebo_control.xacro
[6.077s] -- Up-to-date symlink: /home/nvidia/ros2_catkin_ws/install/deliverybot_description/share/deliverybot_description/description/inertial_macros.xacro
[6.077s] -- Up-to-date symlink: /home/nvidia/ros2_catkin_ws/install/deliverybot_description/share/deliverybot_description/description/lidar.xacro
[6.077s] -- Up-to-date symlink: /home/nvidia/ros2_catkin_ws/install/deliverybot_description/share/deliverybot_description/description/robot.urdf.xacro
[6.077s] -- Up-to-date symlink: /home/nvidia/ros2_catkin_ws/install/deliverybot_description/share/deliverybot_description/description/robot_core.xacro
[6.078s] -- Up-to-date symlink: /home/nvidia/ros2_catkin_ws/install/deliverybot_description/share/deliverybot_description/description/ros2_control.xacro
[6.078s] -- Up-to-date symlink: /home/nvidia/ros2_catkin_ws/install/deliverybot_description/share/deliverybot_description/launch/ball_tracker.launch.py
[6.078s] -- Up-to-date symlink: /home/nvidia/ros2_catkin_ws/install/deliverybot_description/share/deliverybot_description/launch/camera.launch.py
[6.078s] -- Up-to-date symlink: /home/nvidia/ros2_catkin_ws/install/deliverybot_description/share/deliverybot_description/launch/joystick.launch.py
[6.078s] -- Up-to-date symlink: /home/nvidia/ros2_catkin_ws/install/deliverybot_description/share/deliverybot_description/launch/launch_deliverybot.launch.py
[6.078s] -- Up-to-date symlink: /home/nvidia/ros2_catkin_ws/install/deliverybot_description/share/deliverybot_description/launch/launch_robot.launch.py
[6.078s] -- Up-to-date symlink: /home/nvidia/ros2_catkin_ws/install/deliverybot_description/share/deliverybot_description/launch/launch_sim.launch.py
[6.078s] -- Up-to-date symlink: /home/nvidia/ros2_catkin_ws/install/deliverybot_description/share/deliverybot_description/launch/localization_launch.py
[6.079s] -- Up-to-date symlink: /home/nvidia/ros2_catkin_ws/install/deliverybot_description/share/deliverybot_description/launch/navigation_launch.py
[6.079s] -- Up-to-date symlink: /home/nvidia/ros2_catkin_ws/install/deliverybot_description/share/deliverybot_description/launch/online_async_launch.py
[6.079s] -- Up-to-date symlink: /home/nvidia/ros2_catkin_ws/install/deliverybot_description/share/deliverybot_description/launch/rplidar.launch.py
[6.079s] -- Up-to-date symlink: /home/nvidia/ros2_catkin_ws/install/deliverybot_description/share/deliverybot_description/launch/rsp.launch.py
[6.079s] -- Up-to-date symlink: /home/nvidia/ros2_catkin_ws/install/deliverybot_description/share/deliverybot_description/worlds/empty.world
[6.079s] -- Up-to-date symlink: /home/nvidia/ros2_catkin_ws/install/deliverybot_description/share/deliverybot_description/worlds/obstacles.world
[6.079s] -- Up-to-date symlink: /home/nvidia/ros2_catkin_ws/install/deliverybot_description/share/ament_index/resource_index/package_run_dependencies/deliverybot_description
[6.080s] -- Up-to-date symlink: /home/nvidia/ros2_catkin_ws/install/deliverybot_description/share/ament_index/resource_index/parent_prefix_path/deliverybot_description
[6.080s] -- Up-to-date symlink: /home/nvidia/ros2_catkin_ws/install/deliverybot_description/share/deliverybot_description/environment/ament_prefix_path.sh
[6.080s] -- Up-to-date symlink: /home/nvidia/ros2_catkin_ws/install/deliverybot_description/share/deliverybot_description/environment/ament_prefix_path.dsv
[6.080s] -- Up-to-date symlink: /home/nvidia/ros2_catkin_ws/install/deliverybot_description/share/deliverybot_description/environment/path.sh
[6.080s] -- Up-to-date symlink: /home/nvidia/ros2_catkin_ws/install/deliverybot_description/share/deliverybot_description/environment/path.dsv
[6.080s] -- Up-to-date symlink: /home/nvidia/ros2_catkin_ws/install/deliverybot_description/share/deliverybot_description/local_setup.bash
[6.081s] -- Up-to-date symlink: /home/nvidia/ros2_catkin_ws/install/deliverybot_description/share/deliverybot_description/local_setup.sh
[6.081s] -- Up-to-date symlink: /home/nvidia/ros2_catkin_ws/install/deliverybot_description/share/deliverybot_description/local_setup.zsh
[6.081s] -- Up-to-date symlink: /home/nvidia/ros2_catkin_ws/install/deliverybot_description/share/deliverybot_description/local_setup.dsv
[6.081s] -- Up-to-date symlink: /home/nvidia/ros2_catkin_ws/install/deliverybot_description/share/deliverybot_description/package.dsv
[6.081s] -- Up-to-date symlink: /home/nvidia/ros2_catkin_ws/install/deliverybot_description/share/ament_index/resource_index/packages/deliverybot_description
[6.081s] -- Up-to-date symlink: /home/nvidia/ros2_catkin_ws/install/deliverybot_description/share/deliverybot_description/cmake/deliverybot_descriptionConfig.cmake
[6.081s] -- Up-to-date symlink: /home/nvidia/ros2_catkin_ws/install/deliverybot_description/share/deliverybot_description/cmake/deliverybot_descriptionConfig-version.cmake
[6.081s] -- Up-to-date symlink: /home/nvidia/ros2_catkin_ws/install/deliverybot_description/share/deliverybot_description/package.xml
[7.368s] Invoked command in '/home/nvidia/ros2_catkin_ws/build/deliverybot_description' returned '0': CMAKE_PREFIX_PATH=${CMAKE_PREFIX_PATH}:/home/nvidia/ros2_catkin_ws/install/livox_frame_remap:/opt/ros/foxy /usr/bin/cmake --install /home/nvidia/ros2_catkin_ws/build/deliverybot_description
