[1.417s] Invoking command in '/home/nvidia/ros2_catkin_ws/build/deliverybot_description': /usr/bin/cmake /home/nvidia/ros2_catkin_ws/src/deliverybot_description -DAMENT_CMAKE_SYMLINK_INSTALL=1 -DCMAKE_INSTALL_PREFIX=/home/nvidia/ros2_catkin_ws/install/deliverybot_description
[2.163s] -- Found ament_cmake: 0.9.12 (/opt/ros/foxy/share/ament_cmake/cmake)
[2.163s] -- Using PYTHON_EXECUTABLE: /usr/bin/python3
[2.164s] -- Configuring incomplete, errors occurred!
[2.164s] See also "/home/nvidia/ros2_catkin_ws/build/deliverybot_description/CMakeFiles/CMakeOutput.log".
[2.164s] Traceback (most recent call last):
[2.164s]   File "/opt/ros/foxy/share/ament_cmake_core/cmake/package_templates/templates_2_cmake.py", line 21, in <module>
[2.164s]     from ament_package.templates import get_environment_hook_template_path
[2.164s] ModuleNotFoundError: No module named 'ament_package'
[2.164s] CMake Error at /opt/ros/foxy/share/ament_cmake_core/cmake/ament_cmake_package_templates-extras.cmake:41 (message):
[2.165s]   execute_process(/usr/bin/python3
[2.165s]   /opt/ros/foxy/share/ament_cmake_core/cmake/package_templates/templates_2_cmake.py
[2.166s]   /home/nvidia/ros2_catkin_ws/build/deliverybot_description/ament_cmake_package_templates/templates.cmake)
[2.166s]   returned error code 1
[2.166s] Call Stack (most recent call first):
[2.169s]   /opt/ros/foxy/share/ament_cmake_core/cmake/ament_cmake_coreConfig.cmake:41 (include)
[2.170s]   /opt/ros/foxy/share/ament_cmake/cmake/ament_cmake_export_dependencies-extras.cmake:15 (find_package)
[2.170s]   /opt/ros/foxy/share/ament_cmake/cmake/ament_cmakeConfig.cmake:41 (include)
[2.170s]   CMakeLists.txt:19 (find_package)
[2.171s] 
[2.172s] 
[2.195s] Invoked command in '/home/nvidia/ros2_catkin_ws/build/deliverybot_description' returned '1': /usr/bin/cmake /home/nvidia/ros2_catkin_ws/src/deliverybot_description -DAMENT_CMAKE_SYMLINK_INSTALL=1 -DCMAKE_INSTALL_PREFIX=/home/nvidia/ros2_catkin_ws/install/deliverybot_description
