/home/nvidia/ros2_catkin_ws/install/scout_nav2/lib/python3.8/site-packages/scout_nav2/__init__.py
/home/nvidia/ros2_catkin_ws/install/scout_nav2/lib/python3.8/site-packages/scout_nav2/costmap_2d.py
/home/nvidia/ros2_catkin_ws/install/scout_nav2/lib/python3.8/site-packages/scout_nav2/footprint_collision_checker.py
/home/nvidia/ros2_catkin_ws/install/scout_nav2/lib/python3.8/site-packages/scout_nav2/park_robot.py
/home/nvidia/ros2_catkin_ws/install/scout_nav2/lib/python3.8/site-packages/scout_nav2/example_navigate_to_pose.py
/home/nvidia/ros2_catkin_ws/install/scout_nav2/lib/python3.8/site-packages/scout_nav2/__pycache__/__init__.cpython-38.pyc
/home/nvidia/ros2_catkin_ws/install/scout_nav2/lib/python3.8/site-packages/scout_nav2/__pycache__/costmap_2d.cpython-38.pyc
/home/nvidia/ros2_catkin_ws/install/scout_nav2/lib/python3.8/site-packages/scout_nav2/__pycache__/footprint_collision_checker.cpython-38.pyc
/home/nvidia/ros2_catkin_ws/install/scout_nav2/lib/python3.8/site-packages/scout_nav2/__pycache__/park_robot.cpython-38.pyc
/home/nvidia/ros2_catkin_ws/install/scout_nav2/lib/python3.8/site-packages/scout_nav2/__pycache__/example_navigate_to_pose.cpython-38.pyc
/home/nvidia/ros2_catkin_ws/install/scout_nav2/share/ament_index/resource_index/packages/scout_nav2
/home/nvidia/ros2_catkin_ws/install/scout_nav2/share/scout_nav2/package.xml
/home/nvidia/ros2_catkin_ws/install/scout_nav2/share/scout_nav2/launch/nav2.launch.py
/home/nvidia/ros2_catkin_ws/install/scout_nav2/share/scout_nav2/launch/parking.launch.py
/home/nvidia/ros2_catkin_ws/install/scout_nav2/share/scout_nav2/maps/warehouse/map_slam.yaml
/home/nvidia/ros2_catkin_ws/install/scout_nav2/share/scout_nav2/maps/warehouse/map_slam.pgm
/home/nvidia/ros2_catkin_ws/install/scout_nav2/share/scout_nav2/maps/warehouse/map_slam_cleaned.png
/home/nvidia/ros2_catkin_ws/install/scout_nav2/share/scout_nav2/maps/warehouse/map_slam_cleaned.pgm
/home/nvidia/ros2_catkin_ws/install/scout_nav2/share/scout_nav2/maps/airlab/map_lidar3d_v2.pgm
/home/nvidia/ros2_catkin_ws/install/scout_nav2/share/scout_nav2/maps/airlab/map_lidar2d.yaml
/home/nvidia/ros2_catkin_ws/install/scout_nav2/share/scout_nav2/maps/airlab/map_lidar3d.pgm
/home/nvidia/ros2_catkin_ws/install/scout_nav2/share/scout_nav2/maps/airlab/map_lidar2d.pgm
/home/nvidia/ros2_catkin_ws/install/scout_nav2/share/scout_nav2/maps/airlab/map_lidar3d_v2.yaml
/home/nvidia/ros2_catkin_ws/install/scout_nav2/share/scout_nav2/maps/airlab/map_lidar3d.yaml
/home/nvidia/ros2_catkin_ws/install/scout_nav2/share/scout_nav2/params/nav2_params_lidar2d.yaml
/home/nvidia/ros2_catkin_ws/install/scout_nav2/share/scout_nav2/params/nav2_params_scout.yaml
/home/nvidia/ros2_catkin_ws/install/scout_nav2/share/scout_nav2/params/nav2_params_lidar3d.yaml
/home/nvidia/ros2_catkin_ws/install/scout_nav2/share/scout_nav2/params/bt_nav2pose.xml
/home/nvidia/ros2_catkin_ws/install/scout_nav2/share/scout_nav2/rviz/nav2.rviz
/home/nvidia/ros2_catkin_ws/install/scout_nav2/lib/python3.8/site-packages/scout_nav2-1.0.0-py3.8.egg-info/entry_points.txt
/home/nvidia/ros2_catkin_ws/install/scout_nav2/lib/python3.8/site-packages/scout_nav2-1.0.0-py3.8.egg-info/zip-safe
/home/nvidia/ros2_catkin_ws/install/scout_nav2/lib/python3.8/site-packages/scout_nav2-1.0.0-py3.8.egg-info/SOURCES.txt
/home/nvidia/ros2_catkin_ws/install/scout_nav2/lib/python3.8/site-packages/scout_nav2-1.0.0-py3.8.egg-info/PKG-INFO
/home/nvidia/ros2_catkin_ws/install/scout_nav2/lib/python3.8/site-packages/scout_nav2-1.0.0-py3.8.egg-info/top_level.txt
/home/nvidia/ros2_catkin_ws/install/scout_nav2/lib/python3.8/site-packages/scout_nav2-1.0.0-py3.8.egg-info/requires.txt
/home/nvidia/ros2_catkin_ws/install/scout_nav2/lib/python3.8/site-packages/scout_nav2-1.0.0-py3.8.egg-info/dependency_links.txt
/home/nvidia/ros2_catkin_ws/install/scout_nav2/lib/scout_nav2/example_navigate_to_pose
/home/nvidia/ros2_catkin_ws/install/scout_nav2/lib/scout_nav2/park_robot
