[2.083s] Invoking command in '/home/nvidia/ros2_catkin_ws/build/depthimage_to_laserscan': CMAKE_PREFIX_PATH=/opt/ros/foxy /usr/bin/cmake /home/nvidia/ros2_catkin_ws/src/depthimage_to_laserscan -DAMENT_CMAKE_SYMLINK_INSTALL=1 -DCMAKE_INSTALL_PREFIX=/home/nvidia/ros2_catkin_ws/install/depthimage_to_laserscan
[3.039s] -- The C compiler identification is GNU 9.4.0
[3.039s] -- The CXX compiler identification is GNU 9.4.0
[3.039s] -- Check for working C compiler: /usr/bin/cc
[3.039s] -- Check for working C compiler: /usr/bin/cc -- works
[3.039s] -- Detecting C compiler ABI info
[3.039s] -- Detecting C compiler ABI info - done
[3.039s] -- Detecting C compile features
[3.039s] -- Detecting C compile features - done
[3.039s] -- Check for working CXX compiler: /usr/bin/c++
[3.039s] -- Check for working CXX compiler: /usr/bin/c++ -- works
[3.040s] -- Detecting CXX compiler ABI info
[3.040s] -- Detecting CXX compiler ABI info - done
[3.040s] -- Detecting CXX compile features
[3.040s] -- Detecting CXX compile features - done
[3.040s] -- Found ament_cmake_ros: 0.9.2 (/opt/ros/foxy/share/ament_cmake_ros/cmake)
[3.040s] -- Found PythonInterp: /usr/bin/python3 (found suitable version "3.8.10", minimum required is "3") 
[3.040s] -- Using PYTHON_EXECUTABLE: /usr/bin/python3
[3.161s] -- Override CMake install command with custom implementation using symlinks instead of copying resources
[3.188s] -- Found image_geometry: 3.0.7 (/opt/ros/foxy/share/image_geometry/cmake)
[3.224s] -- Found OpenCV: /usr (found version "4.2.0") 
[3.227s] -- Found rclcpp: 2.4.3 (/opt/ros/foxy/share/rclcpp/cmake)
[3.299s] -- Using all available rosidl_typesupport_c: rosidl_typesupport_fastrtps_c;rosidl_typesupport_introspection_c
[3.309s] -- Found rosidl_adapter: 1.3.1 (/opt/ros/foxy/share/rosidl_adapter/cmake)
[3.468s] -- Found OpenSSL: /usr/lib/aarch64-linux-gnu/libcrypto.so (found version "1.1.1f")  
[3.523s] -- Found FastRTPS: /opt/ros/foxy/include  
[3.657s] -- Using all available rosidl_typesupport_cpp: rosidl_typesupport_fastrtps_cpp;rosidl_typesupport_introspection_cpp
[3.745s] -- Found rmw_implementation_cmake: 1.0.4 (/opt/ros/foxy/share/rmw_implementation_cmake/cmake)
[3.748s] -- Using RMW implementation 'rmw_fastrtps_cpp' as default
[3.749s] -- Looking for pthread.h
[3.876s] -- Looking for pthread.h - found
[3.876s] -- Performing Test CMAKE_HAVE_LIBC_PTHREAD
[3.999s] -- Performing Test CMAKE_HAVE_LIBC_PTHREAD - Failed
[3.999s] -- Looking for pthread_create in pthreads
[4.101s] -- Looking for pthread_create in pthreads - not found
[4.102s] -- Looking for pthread_create in pthread
[4.216s] -- Looking for pthread_create in pthread - found
[4.219s] -- Found Threads: TRUE  
[4.443s] -- Found rclcpp_components: 2.4.3 (/opt/ros/foxy/share/rclcpp_components/cmake)
[4.527s] -- Found sensor_msgs: 2.0.5 (/opt/ros/foxy/share/sensor_msgs/cmake)
[4.700s] -- Performing Test COMPILER_HAS_HIDDEN_VISIBILITY
[4.824s] -- Performing Test COMPILER_HAS_HIDDEN_VISIBILITY - Success
[4.825s] -- Performing Test COMPILER_HAS_HIDDEN_INLINE_VISIBILITY
[4.951s] -- Performing Test COMPILER_HAS_HIDDEN_INLINE_VISIBILITY - Success
[4.952s] -- Performing Test COMPILER_HAS_DEPRECATED_ATTR
[5.076s] -- Performing Test COMPILER_HAS_DEPRECATED_ATTR - Success
[5.086s] -- Found gtest sources under '/opt/ros/foxy/src/gtest_vendor': C++ tests using 'Google Test' will be built
[5.093s] -- Check if compiler accepts -pthread
[5.209s] -- Check if compiler accepts -pthread - yes
[5.323s] -- Configuring done
[5.376s] -- Generating done
[5.379s] -- Build files have been written to: /home/nvidia/ros2_catkin_ws/build/depthimage_to_laserscan
[6.356s] Invoked command in '/home/nvidia/ros2_catkin_ws/build/depthimage_to_laserscan' returned '0': CMAKE_PREFIX_PATH=/opt/ros/foxy /usr/bin/cmake /home/nvidia/ros2_catkin_ws/src/depthimage_to_laserscan -DAMENT_CMAKE_SYMLINK_INSTALL=1 -DCMAKE_INSTALL_PREFIX=/home/nvidia/ros2_catkin_ws/install/depthimage_to_laserscan
[6.361s] Invoking command in '/home/nvidia/ros2_catkin_ws/build/depthimage_to_laserscan': CMAKE_PREFIX_PATH=/opt/ros/foxy /usr/bin/cmake --build /home/nvidia/ros2_catkin_ws/build/depthimage_to_laserscan -- -j8 -l8
[7.091s] [35m[1mScanning dependencies of target DepthImageToLaserScan[0m
[7.091s] [35m[1mScanning dependencies of target gtest[0m
[7.092s] [35m[1mScanning dependencies of target gtest_main[0m
[7.092s] [ 16%] [32mBuilding CXX object gtest/CMakeFiles/gtest.dir/src/gtest-all.cc.o[0m
[7.094s] [ 16%] [32mBuilding CXX object gtest/CMakeFiles/gtest_main.dir/src/gtest_main.cc.o[0m
[7.099s] [ 25%] [32mBuilding CXX object CMakeFiles/DepthImageToLaserScan.dir/src/DepthImageToLaserScan.cpp.o[0m
[8.021s] [ 33%] [32m[1mLinking CXX static library libgtest_main.a[0m
[8.242s] [ 33%] Built target gtest_main
[9.242s] [ 41%] [32m[1mLinking CXX shared library libDepthImageToLaserScan.so[0m
[9.594s] [ 41%] Built target DepthImageToLaserScan
[9.673s] [35m[1mScanning dependencies of target DepthImageToLaserScanROS[0m
[9.867s] [ 50%] [32mBuilding CXX object CMakeFiles/DepthImageToLaserScanROS.dir/src/DepthImageToLaserScanROS.cpp.o[0m
[13.063s] [ 58%] [32m[1mLinking CXX static library libgtest.a[0m
[13.195s] [ 58%] Built target gtest
[13.233s] [35m[1mScanning dependencies of target depthimage_to_laserscan-test[0m
[13.299s] [ 66%] [32mBuilding CXX object CMakeFiles/depthimage_to_laserscan-test.dir/test/DepthImageToLaserScanTest.cpp.o[0m
[17.044s] [ 75%] [32m[1mLinking CXX executable depthimage_to_laserscan-test[0m
[17.393s] [ 75%] Built target depthimage_to_laserscan-test
[26.381s] [ 83%] [32m[1mLinking CXX shared library libDepthImageToLaserScanROS.so[0m
[27.219s] [ 83%] Built target DepthImageToLaserScanROS
[27.238s] [35m[1mScanning dependencies of target depthimage_to_laserscan_node[0m
[27.320s] [ 91%] [32mBuilding CXX object CMakeFiles/depthimage_to_laserscan_node.dir/src/depthimage_to_laserscan.cpp.o[0m
[32.486s] [100%] [32m[1mLinking CXX executable depthimage_to_laserscan_node[0m
[32.919s] [100%] Built target depthimage_to_laserscan_node
[32.941s] Invoked command in '/home/nvidia/ros2_catkin_ws/build/depthimage_to_laserscan' returned '0': CMAKE_PREFIX_PATH=/opt/ros/foxy /usr/bin/cmake --build /home/nvidia/ros2_catkin_ws/build/depthimage_to_laserscan -- -j8 -l8
[32.996s] Invoking command in '/home/nvidia/ros2_catkin_ws/build/depthimage_to_laserscan': CMAKE_PREFIX_PATH=/opt/ros/foxy /usr/bin/cmake --install /home/nvidia/ros2_catkin_ws/build/depthimage_to_laserscan
[33.014s] -- Install configuration: ""
[33.015s] -- Execute custom install script
[33.016s] -- Symlinking: /home/nvidia/ros2_catkin_ws/install/depthimage_to_laserscan/include/depthimage_to_laserscan/DepthImageToLaserScan.hpp
[33.032s] -- Symlinking: /home/nvidia/ros2_catkin_ws/install/depthimage_to_laserscan/include/depthimage_to_laserscan/DepthImageToLaserScanROS.hpp
[33.048s] -- Symlinking: /home/nvidia/ros2_catkin_ws/install/depthimage_to_laserscan/include/depthimage_to_laserscan/depth_traits.hpp
[33.066s] -- Symlinking: /home/nvidia/ros2_catkin_ws/install/depthimage_to_laserscan/share/depthimage_to_laserscan//launch/depthimage_to_laserscan-launch.py
[33.083s] -- Symlinking: /home/nvidia/ros2_catkin_ws/install/depthimage_to_laserscan/share/depthimage_to_laserscan//launch/depthimage_to_laserscan_composed-launch.py
[33.099s] -- Symlinking: /home/nvidia/ros2_catkin_ws/install/depthimage_to_laserscan/share/depthimage_to_laserscan//cfg/param.yaml
[33.116s] -- Symlinking: /home/nvidia/ros2_catkin_ws/install/depthimage_to_laserscan/lib/libDepthImageToLaserScan.so
[33.133s] -- Symlinking: /home/nvidia/ros2_catkin_ws/install/depthimage_to_laserscan/lib/libDepthImageToLaserScanROS.so
[33.150s] -- Symlinking: /home/nvidia/ros2_catkin_ws/install/depthimage_to_laserscan/lib/depthimage_to_laserscan/depthimage_to_laserscan_node
[33.166s] -- Symlinking: /home/nvidia/ros2_catkin_ws/install/depthimage_to_laserscan/include/depthimage_to_laserscan/DepthImageToLaserScan_export.h
[33.182s] -- Symlinking: /home/nvidia/ros2_catkin_ws/install/depthimage_to_laserscan/include/depthimage_to_laserscan/DepthImageToLaserScanROS_export.h
[33.198s] -- Symlinking: /home/nvidia/ros2_catkin_ws/install/depthimage_to_laserscan/share/depthimage_to_laserscan/environment/library_path.sh
[33.215s] -- Symlinking: /home/nvidia/ros2_catkin_ws/install/depthimage_to_laserscan/share/depthimage_to_laserscan/environment/library_path.dsv
[33.232s] -- Symlinking: /home/nvidia/ros2_catkin_ws/install/depthimage_to_laserscan/share/ament_index/resource_index/package_run_dependencies/depthimage_to_laserscan
[33.248s] -- Symlinking: /home/nvidia/ros2_catkin_ws/install/depthimage_to_laserscan/share/ament_index/resource_index/parent_prefix_path/depthimage_to_laserscan
[33.264s] -- Symlinking: /home/nvidia/ros2_catkin_ws/install/depthimage_to_laserscan/share/depthimage_to_laserscan/environment/ament_prefix_path.sh
[33.281s] -- Symlinking: /home/nvidia/ros2_catkin_ws/install/depthimage_to_laserscan/share/depthimage_to_laserscan/environment/ament_prefix_path.dsv
[33.297s] -- Symlinking: /home/nvidia/ros2_catkin_ws/install/depthimage_to_laserscan/share/depthimage_to_laserscan/environment/path.sh
[33.312s] -- Symlinking: /home/nvidia/ros2_catkin_ws/install/depthimage_to_laserscan/share/depthimage_to_laserscan/environment/path.dsv
[33.329s] -- Symlinking: /home/nvidia/ros2_catkin_ws/install/depthimage_to_laserscan/share/depthimage_to_laserscan/local_setup.bash
[33.346s] -- Symlinking: /home/nvidia/ros2_catkin_ws/install/depthimage_to_laserscan/share/depthimage_to_laserscan/local_setup.sh
[33.362s] -- Symlinking: /home/nvidia/ros2_catkin_ws/install/depthimage_to_laserscan/share/depthimage_to_laserscan/local_setup.zsh
[33.378s] -- Symlinking: /home/nvidia/ros2_catkin_ws/install/depthimage_to_laserscan/share/depthimage_to_laserscan/local_setup.dsv
[33.395s] -- Symlinking: /home/nvidia/ros2_catkin_ws/install/depthimage_to_laserscan/share/depthimage_to_laserscan/package.dsv
[33.411s] -- Symlinking: /home/nvidia/ros2_catkin_ws/install/depthimage_to_laserscan/share/ament_index/resource_index/packages/depthimage_to_laserscan
[33.427s] -- Symlinking: /home/nvidia/ros2_catkin_ws/install/depthimage_to_laserscan/share/ament_index/resource_index/rclcpp_components/depthimage_to_laserscan
[33.444s] -- Symlinking: /home/nvidia/ros2_catkin_ws/install/depthimage_to_laserscan/share/depthimage_to_laserscan/cmake/ament_cmake_export_include_directories-extras.cmake
[33.461s] -- Symlinking: /home/nvidia/ros2_catkin_ws/install/depthimage_to_laserscan/share/depthimage_to_laserscan/cmake/ament_cmake_export_libraries-extras.cmake
[33.477s] -- Symlinking: /home/nvidia/ros2_catkin_ws/install/depthimage_to_laserscan/share/depthimage_to_laserscan/cmake/depthimage_to_laserscanConfig.cmake
[33.493s] -- Symlinking: /home/nvidia/ros2_catkin_ws/install/depthimage_to_laserscan/share/depthimage_to_laserscan/cmake/depthimage_to_laserscanConfig-version.cmake
[33.509s] -- Symlinking: /home/nvidia/ros2_catkin_ws/install/depthimage_to_laserscan/share/depthimage_to_laserscan/package.xml
[33.529s] Invoked command in '/home/nvidia/ros2_catkin_ws/build/depthimage_to_laserscan' returned '0': CMAKE_PREFIX_PATH=/opt/ros/foxy /usr/bin/cmake --install /home/nvidia/ros2_catkin_ws/build/depthimage_to_laserscan
