[6.127s] Invoking command in '/home/nvidia/ros2_catkin_ws/build/pointcloud_to_laserscan': CMAKE_PREFIX_PATH=${CMAKE_PREFIX_PATH}:/home/nvidia/ros2_catkin_ws/install/scout_nav2:/home/nvidia/ros2_catkin_ws/install/livox_frame_remap:/opt/ros/foxy /usr/bin/cmake --build /home/nvidia/ros2_catkin_ws/build/pointcloud_to_laserscan -- -j8 -l8
[6.238s] [ 60%] Built target dummy_pointcloud_publisher
[6.238s] [ 60%] Built target pointcloud_to_laserscan_node
[6.239s] [ 60%] Built target laserscan_to_pointcloud_node
[6.257s] [100%] Built target laserscan_to_pointcloud
[6.257s] [100%] Built target pointcloud_to_laserscan
[7.145s] Invoked command in '/home/nvidia/ros2_catkin_ws/build/pointcloud_to_laserscan' returned '0': CMAKE_PREFIX_PATH=${CMAKE_PREFIX_PATH}:/home/nvidia/ros2_catkin_ws/install/scout_nav2:/home/nvidia/ros2_catkin_ws/install/livox_frame_remap:/opt/ros/foxy /usr/bin/cmake --build /home/nvidia/ros2_catkin_ws/build/pointcloud_to_laserscan -- -j8 -l8
[7.207s] Invoking command in '/home/nvidia/ros2_catkin_ws/build/pointcloud_to_laserscan': CMAKE_PREFIX_PATH=${CMAKE_PREFIX_PATH}:/home/nvidia/ros2_catkin_ws/install/scout_nav2:/home/nvidia/ros2_catkin_ws/install/livox_frame_remap:/opt/ros/foxy /usr/bin/cmake --install /home/nvidia/ros2_catkin_ws/build/pointcloud_to_laserscan
[7.224s] -- Install configuration: ""
[7.225s] -- Execute custom install script
[7.226s] -- Up-to-date symlink: /home/nvidia/ros2_catkin_ws/install/pointcloud_to_laserscan/lib/pointcloud_to_laserscan/laserscan_to_pointcloud_node
[7.227s] -- Up-to-date symlink: /home/nvidia/ros2_catkin_ws/install/pointcloud_to_laserscan/lib/pointcloud_to_laserscan/pointcloud_to_laserscan_node
[7.229s] -- Up-to-date symlink: /home/nvidia/ros2_catkin_ws/install/pointcloud_to_laserscan/lib/liblaserscan_to_pointcloud.so
[7.229s] -- Up-to-date symlink: /home/nvidia/ros2_catkin_ws/install/pointcloud_to_laserscan/lib/libpointcloud_to_laserscan.so
[7.230s] -- Up-to-date symlink: /home/nvidia/ros2_catkin_ws/install/pointcloud_to_laserscan/lib/pointcloud_to_laserscan/dummy_pointcloud_publisher
[7.232s] -- Up-to-date symlink: /home/nvidia/ros2_catkin_ws/install/pointcloud_to_laserscan/include/include/pointcloud_to_laserscan/laserscan_to_pointcloud_node.hpp
[7.232s] -- Up-to-date symlink: /home/nvidia/ros2_catkin_ws/install/pointcloud_to_laserscan/include/include/pointcloud_to_laserscan/pointcloud_to_laserscan_node.hpp
[7.232s] -- Up-to-date symlink: /home/nvidia/ros2_catkin_ws/install/pointcloud_to_laserscan/include/include/pointcloud_to_laserscan/visibility_control.h
[7.233s] -- Up-to-date symlink: /home/nvidia/ros2_catkin_ws/install/pointcloud_to_laserscan/share/pointcloud_to_laserscan/launch/livox_pointcloud_to_laserscan_launch.py
[7.234s] -- Up-to-date symlink: /home/nvidia/ros2_catkin_ws/install/pointcloud_to_laserscan/share/pointcloud_to_laserscan/launch/sample_laserscan_to_pointcloud_launch.py
[7.234s] -- Up-to-date symlink: /home/nvidia/ros2_catkin_ws/install/pointcloud_to_laserscan/share/pointcloud_to_laserscan/launch/sample_pointcloud_to_laserscan_launch.py
[7.235s] -- Up-to-date symlink: /home/nvidia/ros2_catkin_ws/install/pointcloud_to_laserscan/share/ament_index/resource_index/package_run_dependencies/pointcloud_to_laserscan
[7.235s] -- Up-to-date symlink: /home/nvidia/ros2_catkin_ws/install/pointcloud_to_laserscan/share/ament_index/resource_index/parent_prefix_path/pointcloud_to_laserscan
[7.236s] -- Up-to-date symlink: /home/nvidia/ros2_catkin_ws/install/pointcloud_to_laserscan/share/pointcloud_to_laserscan/environment/ament_prefix_path.sh
[7.236s] -- Up-to-date symlink: /home/nvidia/ros2_catkin_ws/install/pointcloud_to_laserscan/share/pointcloud_to_laserscan/environment/ament_prefix_path.dsv
[7.237s] -- Up-to-date symlink: /home/nvidia/ros2_catkin_ws/install/pointcloud_to_laserscan/share/pointcloud_to_laserscan/environment/path.sh
[7.237s] -- Up-to-date symlink: /home/nvidia/ros2_catkin_ws/install/pointcloud_to_laserscan/share/pointcloud_to_laserscan/environment/path.dsv
[7.237s] -- Up-to-date symlink: /home/nvidia/ros2_catkin_ws/install/pointcloud_to_laserscan/share/pointcloud_to_laserscan/local_setup.bash
[7.238s] -- Up-to-date symlink: /home/nvidia/ros2_catkin_ws/install/pointcloud_to_laserscan/share/pointcloud_to_laserscan/local_setup.sh
[7.239s] -- Up-to-date symlink: /home/nvidia/ros2_catkin_ws/install/pointcloud_to_laserscan/share/pointcloud_to_laserscan/local_setup.zsh
[7.239s] -- Up-to-date symlink: /home/nvidia/ros2_catkin_ws/install/pointcloud_to_laserscan/share/pointcloud_to_laserscan/local_setup.dsv
[7.239s] -- Symlinking: /home/nvidia/ros2_catkin_ws/install/pointcloud_to_laserscan/share/pointcloud_to_laserscan/package.dsv
[7.257s] -- Up-to-date symlink: /home/nvidia/ros2_catkin_ws/install/pointcloud_to_laserscan/share/ament_index/resource_index/packages/pointcloud_to_laserscan
[7.258s] -- Up-to-date symlink: /home/nvidia/ros2_catkin_ws/install/pointcloud_to_laserscan/share/ament_index/resource_index/rclcpp_components/pointcloud_to_laserscan
[7.258s] -- Up-to-date symlink: /home/nvidia/ros2_catkin_ws/install/pointcloud_to_laserscan/share/pointcloud_to_laserscan/cmake/pointcloud_to_laserscanConfig.cmake
[7.259s] -- Up-to-date symlink: /home/nvidia/ros2_catkin_ws/install/pointcloud_to_laserscan/share/pointcloud_to_laserscan/cmake/pointcloud_to_laserscanConfig-version.cmake
[7.259s] -- Up-to-date symlink: /home/nvidia/ros2_catkin_ws/install/pointcloud_to_laserscan/share/pointcloud_to_laserscan/package.xml
[7.264s] Invoked command in '/home/nvidia/ros2_catkin_ws/build/pointcloud_to_laserscan' returned '0': CMAKE_PREFIX_PATH=${CMAKE_PREFIX_PATH}:/home/nvidia/ros2_catkin_ws/install/scout_nav2:/home/nvidia/ros2_catkin_ws/install/livox_frame_remap:/opt/ros/foxy /usr/bin/cmake --install /home/nvidia/ros2_catkin_ws/build/pointcloud_to_laserscan
