[2.142s] Invoking command in '/home/nvidia/ros2_catkin_ws/build/agilex_scout': /usr/bin/cmake /home/nvidia/ros2_catkin_ws/src/scout_nav2/agilex_scout -DAMENT_CMAKE_SYMLINK_INSTALL=1 -DCMAKE_INSTALL_PREFIX=/home/nvidia/ros2_catkin_ws/install/agilex_scout
[2.885s] -- Found ament_cmake: 0.9.12 (/opt/ros/foxy/share/ament_cmake/cmake)
[2.885s] -- Using PYTHON_EXECUTABLE: /usr/bin/python3
[2.886s] -- Configuring incomplete, errors occurred!
[2.887s] See also "/home/nvidia/ros2_catkin_ws/build/agilex_scout/CMakeFiles/CMakeOutput.log".
[2.887s] Traceback (most recent call last):
[2.888s]   File "/opt/ros/foxy/share/ament_cmake_core/cmake/package_templates/templates_2_cmake.py", line 21, in <module>
[2.888s]     from ament_package.templates import get_environment_hook_template_path
[2.889s] ModuleNotFoundError: No module named 'ament_package'
[2.889s] CMake Error at /opt/ros/foxy/share/ament_cmake_core/cmake/ament_cmake_package_templates-extras.cmake:41 (message):
[2.889s]   execute_process(/usr/bin/python3
[2.890s]   /opt/ros/foxy/share/ament_cmake_core/cmake/package_templates/templates_2_cmake.py
[2.890s]   /home/nvidia/ros2_catkin_ws/build/agilex_scout/ament_cmake_package_templates/templates.cmake)
[2.892s]   returned error code 1
[2.893s] Call Stack (most recent call first):
[2.893s]   /opt/ros/foxy/share/ament_cmake_core/cmake/ament_cmake_coreConfig.cmake:41 (include)
[2.893s]   /opt/ros/foxy/share/ament_cmake/cmake/ament_cmake_export_dependencies-extras.cmake:15 (find_package)
[2.893s]   /opt/ros/foxy/share/ament_cmake/cmake/ament_cmakeConfig.cmake:41 (include)
[2.893s]   CMakeLists.txt:13 (find_package)
[2.893s] 
[2.894s] 
[2.936s] Invoked command in '/home/nvidia/ros2_catkin_ws/build/agilex_scout' returned '1': /usr/bin/cmake /home/nvidia/ros2_catkin_ws/src/scout_nav2/agilex_scout -DAMENT_CMAKE_SYMLINK_INSTALL=1 -DCMAKE_INSTALL_PREFIX=/home/nvidia/ros2_catkin_ws/install/agilex_scout
