-- Found ament_cmake: 0.9.12 (/opt/ros/foxy/share/ament_cmake/cmake)
-- Using PYTHON_EXECUTABLE: /usr/bin/python3
-- Override CMake install command with custom implementation using symlinks instead of copying resources
-- Found nav2_common: 0.4.7 (/opt/ros/foxy/share/nav2_common/cmake)
-- Found ament_lint_auto: 0.9.8 (/opt/ros/foxy/share/ament_lint_auto/cmake)
-- Added test 'copyright' to check source files copyright and LICENSE
-- Added test 'flake8' to check Python code syntax and style conventions
-- Added test 'lint_cmake' to check CMake code style
-- Added test 'pep257' to check Python code against some of the style conventions in PEP 257
-- Added test 'xmllint' to check XML markup files
-- Configuring done
-- Generating done
-- Build files have been written to: /home/nvidia/ros2_catkin_ws/build/nav2_bringup_custom
-- Install configuration: ""
-- Execute custom install script
-- Up-to-date symlink: /home/nvidia/ros2_catkin_ws/install/nav2_bringup_custom/share/nav2_bringup_custom/launch/bringup_launch.py
-- Up-to-date symlink: /home/nvidia/ros2_catkin_ws/install/nav2_bringup_custom/share/nav2_bringup_custom/launch/localization_launch.py
-- Up-to-date symlink: /home/nvidia/ros2_catkin_ws/install/nav2_bringup_custom/share/nav2_bringup_custom/launch/navigation_launch.py
-- Up-to-date symlink: /home/nvidia/ros2_catkin_ws/install/nav2_bringup_custom/share/nav2_bringup_custom/launch/rviz_launch.py
-- Up-to-date symlink: /home/nvidia/ros2_catkin_ws/install/nav2_bringup_custom/share/nav2_bringup_custom/launch/slam_launch.py
-- Up-to-date symlink: /home/nvidia/ros2_catkin_ws/install/nav2_bringup_custom/share/ament_index/resource_index/package_run_dependencies/nav2_bringup_custom
-- Up-to-date symlink: /home/nvidia/ros2_catkin_ws/install/nav2_bringup_custom/share/ament_index/resource_index/parent_prefix_path/nav2_bringup_custom
-- Up-to-date symlink: /home/nvidia/ros2_catkin_ws/install/nav2_bringup_custom/share/nav2_bringup_custom/environment/ament_prefix_path.sh
-- Up-to-date symlink: /home/nvidia/ros2_catkin_ws/install/nav2_bringup_custom/share/nav2_bringup_custom/environment/ament_prefix_path.dsv
-- Up-to-date symlink: /home/nvidia/ros2_catkin_ws/install/nav2_bringup_custom/share/nav2_bringup_custom/environment/path.sh
-- Up-to-date symlink: /home/nvidia/ros2_catkin_ws/install/nav2_bringup_custom/share/nav2_bringup_custom/environment/path.dsv
-- Up-to-date symlink: /home/nvidia/ros2_catkin_ws/install/nav2_bringup_custom/share/nav2_bringup_custom/local_setup.bash
-- Up-to-date symlink: /home/nvidia/ros2_catkin_ws/install/nav2_bringup_custom/share/nav2_bringup_custom/local_setup.sh
-- Up-to-date symlink: /home/nvidia/ros2_catkin_ws/install/nav2_bringup_custom/share/nav2_bringup_custom/local_setup.zsh
-- Up-to-date symlink: /home/nvidia/ros2_catkin_ws/install/nav2_bringup_custom/share/nav2_bringup_custom/local_setup.dsv
-- Symlinking: /home/nvidia/ros2_catkin_ws/install/nav2_bringup_custom/share/nav2_bringup_custom/package.dsv
-- Up-to-date symlink: /home/nvidia/ros2_catkin_ws/install/nav2_bringup_custom/share/ament_index/resource_index/packages/nav2_bringup_custom
-- Up-to-date symlink: /home/nvidia/ros2_catkin_ws/install/nav2_bringup_custom/share/nav2_bringup_custom/cmake/nav2_bringup_customConfig.cmake
-- Up-to-date symlink: /home/nvidia/ros2_catkin_ws/install/nav2_bringup_custom/share/nav2_bringup_custom/cmake/nav2_bringup_customConfig-version.cmake
-- Up-to-date symlink: /home/nvidia/ros2_catkin_ws/install/nav2_bringup_custom/share/nav2_bringup_custom/package.xml
