[1.910s] Invoking command in '/home/nvidia/ros2_catkin_ws/build/nav2_bringup_custom': CMAKE_PREFIX_PATH=${CMAKE_PREFIX_PATH}:/home/nvidia/ros2_catkin_ws/install/scout_nav2:/home/nvidia/ros2_catkin_ws/install/livox_frame_remap:/opt/ros/foxy /usr/bin/cmake /home/nvidia/ros2_catkin_ws/src/scout_nav2/nav2_bringup -DCMAKE_INSTALL_PREFIX=/home/nvidia/ros2_catkin_ws/install/nav2_bringup_custom
[1.947s] -- Found ament_cmake: 0.9.12 (/opt/ros/foxy/share/ament_cmake/cmake)
[2.001s] -- Using PYTHON_EXECUTABLE: /usr/bin/python3
[2.433s] -- Override CMake install command with custom implementation using symlinks instead of copying resources
[2.445s] -- Found nav2_common: 0.4.7 (/opt/ros/foxy/share/nav2_common/cmake)
[2.446s] -- Found ament_lint_auto: 0.9.8 (/opt/ros/foxy/share/ament_lint_auto/cmake)
[2.609s] -- Added test 'copyright' to check source files copyright and LICENSE
[2.612s] -- Added test 'flake8' to check Python code syntax and style conventions
[2.612s] -- Added test 'lint_cmake' to check CMake code style
[2.614s] -- Added test 'pep257' to check Python code against some of the style conventions in PEP 257
[2.615s] -- Added test 'xmllint' to check XML markup files
[2.618s] -- Configuring done
[2.624s] -- Generating done
[2.626s] -- Build files have been written to: /home/nvidia/ros2_catkin_ws/build/nav2_bringup_custom
[4.325s] Invoked command in '/home/nvidia/ros2_catkin_ws/build/nav2_bringup_custom' returned '0': CMAKE_PREFIX_PATH=${CMAKE_PREFIX_PATH}:/home/nvidia/ros2_catkin_ws/install/scout_nav2:/home/nvidia/ros2_catkin_ws/install/livox_frame_remap:/opt/ros/foxy /usr/bin/cmake /home/nvidia/ros2_catkin_ws/src/scout_nav2/nav2_bringup -DCMAKE_INSTALL_PREFIX=/home/nvidia/ros2_catkin_ws/install/nav2_bringup_custom
[4.331s] Invoking command in '/home/nvidia/ros2_catkin_ws/build/nav2_bringup_custom': CMAKE_PREFIX_PATH=${CMAKE_PREFIX_PATH}:/home/nvidia/ros2_catkin_ws/install/scout_nav2:/home/nvidia/ros2_catkin_ws/install/livox_frame_remap:/opt/ros/foxy /usr/bin/cmake --build /home/nvidia/ros2_catkin_ws/build/nav2_bringup_custom -- -j8 -l8
[9.088s] Invoked command in '/home/nvidia/ros2_catkin_ws/build/nav2_bringup_custom' returned '0': CMAKE_PREFIX_PATH=${CMAKE_PREFIX_PATH}:/home/nvidia/ros2_catkin_ws/install/scout_nav2:/home/nvidia/ros2_catkin_ws/install/livox_frame_remap:/opt/ros/foxy /usr/bin/cmake --build /home/nvidia/ros2_catkin_ws/build/nav2_bringup_custom -- -j8 -l8
[10.474s] Invoking command in '/home/nvidia/ros2_catkin_ws/build/nav2_bringup_custom': CMAKE_PREFIX_PATH=${CMAKE_PREFIX_PATH}:/home/nvidia/ros2_catkin_ws/install/scout_nav2:/home/nvidia/ros2_catkin_ws/install/livox_frame_remap:/opt/ros/foxy /usr/bin/cmake --install /home/nvidia/ros2_catkin_ws/build/nav2_bringup_custom
[11.062s] -- Install configuration: ""
[11.062s] -- Execute custom install script
[11.069s] -- Up-to-date symlink: /home/nvidia/ros2_catkin_ws/install/nav2_bringup_custom/share/nav2_bringup_custom/launch/bringup_launch.py
[11.070s] -- Up-to-date symlink: /home/nvidia/ros2_catkin_ws/install/nav2_bringup_custom/share/nav2_bringup_custom/launch/localization_launch.py
[11.077s] -- Up-to-date symlink: /home/nvidia/ros2_catkin_ws/install/nav2_bringup_custom/share/nav2_bringup_custom/launch/navigation_launch.py
[11.078s] -- Up-to-date symlink: /home/nvidia/ros2_catkin_ws/install/nav2_bringup_custom/share/nav2_bringup_custom/launch/rviz_launch.py
[11.078s] -- Up-to-date symlink: /home/nvidia/ros2_catkin_ws/install/nav2_bringup_custom/share/nav2_bringup_custom/launch/slam_launch.py
[11.078s] -- Up-to-date symlink: /home/nvidia/ros2_catkin_ws/install/nav2_bringup_custom/share/ament_index/resource_index/package_run_dependencies/nav2_bringup_custom
[11.078s] -- Up-to-date symlink: /home/nvidia/ros2_catkin_ws/install/nav2_bringup_custom/share/ament_index/resource_index/parent_prefix_path/nav2_bringup_custom
[11.078s] -- Up-to-date symlink: /home/nvidia/ros2_catkin_ws/install/nav2_bringup_custom/share/nav2_bringup_custom/environment/ament_prefix_path.sh
[11.078s] -- Up-to-date symlink: /home/nvidia/ros2_catkin_ws/install/nav2_bringup_custom/share/nav2_bringup_custom/environment/ament_prefix_path.dsv
[11.078s] -- Up-to-date symlink: /home/nvidia/ros2_catkin_ws/install/nav2_bringup_custom/share/nav2_bringup_custom/environment/path.sh
[11.079s] -- Up-to-date symlink: /home/nvidia/ros2_catkin_ws/install/nav2_bringup_custom/share/nav2_bringup_custom/environment/path.dsv
[11.079s] -- Up-to-date symlink: /home/nvidia/ros2_catkin_ws/install/nav2_bringup_custom/share/nav2_bringup_custom/local_setup.bash
[11.079s] -- Up-to-date symlink: /home/nvidia/ros2_catkin_ws/install/nav2_bringup_custom/share/nav2_bringup_custom/local_setup.sh
[11.079s] -- Up-to-date symlink: /home/nvidia/ros2_catkin_ws/install/nav2_bringup_custom/share/nav2_bringup_custom/local_setup.zsh
[11.079s] -- Up-to-date symlink: /home/nvidia/ros2_catkin_ws/install/nav2_bringup_custom/share/nav2_bringup_custom/local_setup.dsv
[11.079s] -- Symlinking: /home/nvidia/ros2_catkin_ws/install/nav2_bringup_custom/share/nav2_bringup_custom/package.dsv
[11.080s] -- Up-to-date symlink: /home/nvidia/ros2_catkin_ws/install/nav2_bringup_custom/share/ament_index/resource_index/packages/nav2_bringup_custom
[11.080s] -- Up-to-date symlink: /home/nvidia/ros2_catkin_ws/install/nav2_bringup_custom/share/nav2_bringup_custom/cmake/nav2_bringup_customConfig.cmake
[11.080s] -- Up-to-date symlink: /home/nvidia/ros2_catkin_ws/install/nav2_bringup_custom/share/nav2_bringup_custom/cmake/nav2_bringup_customConfig-version.cmake
[11.080s] -- Up-to-date symlink: /home/nvidia/ros2_catkin_ws/install/nav2_bringup_custom/share/nav2_bringup_custom/package.xml
[11.089s] Invoked command in '/home/nvidia/ros2_catkin_ws/build/nav2_bringup_custom' returned '0': CMAKE_PREFIX_PATH=${CMAKE_PREFIX_PATH}:/home/nvidia/ros2_catkin_ws/install/scout_nav2:/home/nvidia/ros2_catkin_ws/install/livox_frame_remap:/opt/ros/foxy /usr/bin/cmake --install /home/nvidia/ros2_catkin_ws/build/nav2_bringup_custom
