[6.572s] DEBUG:colcon:Command line arguments: ['/usr/bin/colcon', 'build', '--symlink-install']
[6.572s] DEBUG:colcon:Parsed command line arguments: Namespace(allow_overriding=[], ament_cmake_args=None, base_paths=['.'], build_base='build', catkin_cmake_args=None, catkin_skip_building_tests=False, cmake_args=None, cmake_clean_cache=False, cmake_clean_first=False, cmake_force_configure=False, cmake_target=None, cmake_target_skip_unavailable=False, continue_on_error=False, event_handlers=None, executor='parallel', ignore_user_meta=False, install_base='install', log_base=None, log_level=None, main=<bound method BuildVerb.main of <colcon_core.verb.build.BuildVerb object at 0xffff8c7f9ca0>>, merge_install=False, metas=['./colcon.meta'], packages_above=None, packages_above_and_dependencies=None, packages_above_depth=None, packages_end=None, packages_ignore=None, packages_ignore_regex=None, packages_select=None, packages_select_build_failed=False, packages_select_by_dep=None, packages_select_regex=None, packages_select_test_failures=False, packages_skip=None, packages_skip_build_finished=False, packages_skip_by_dep=None, packages_skip_regex=None, packages_skip_test_passed=False, packages_skip_up_to=None, packages_start=None, packages_up_to=None, packages_up_to_regex=None, parallel_workers=8, paths=None, symlink_install=True, test_result_base=None, verb_extension=<colcon_core.verb.build.BuildVerb object at 0xffff8c7f9ca0>, verb_name='build', verb_parser=<colcon_defaults.argument_parser.defaults.DefaultArgumentsDecorator object at 0xffff8c46f7f0>)
[6.870s] Level 1:colcon.colcon_core.package_discovery:discover_packages(colcon_meta) check parameters
[6.871s] Level 1:colcon.colcon_core.package_discovery:discover_packages(recursive) check parameters
[6.871s] Level 1:colcon.colcon_core.package_discovery:discover_packages(ignore) check parameters
[6.871s] Level 1:colcon.colcon_core.package_discovery:discover_packages(path) check parameters
[6.871s] Level 1:colcon.colcon_core.package_discovery:discover_packages(colcon_meta) discover
[6.871s] Level 1:colcon.colcon_core.package_discovery:discover_packages(recursive) discover
[6.871s] INFO:colcon.colcon_core.package_discovery:Crawling recursively for packages in '/home/nvidia/ros2_catkin_ws'
[6.871s] Level 1:colcon.colcon_core.package_identification:_identify(.) by extensions ['ignore', 'ignore_ament_install']
[6.872s] Level 1:colcon.colcon_core.package_identification:_identify(.) by extension 'ignore'
[6.872s] Level 1:colcon.colcon_core.package_identification:_identify(.) by extension 'ignore_ament_install'
[6.872s] Level 1:colcon.colcon_core.package_identification:_identify(.) by extensions ['colcon_pkg']
[6.872s] Level 1:colcon.colcon_core.package_identification:_identify(.) by extension 'colcon_pkg'
[6.872s] Level 1:colcon.colcon_core.package_identification:_identify(.) by extensions ['colcon_meta']
[6.872s] Level 1:colcon.colcon_core.package_identification:_identify(.) by extension 'colcon_meta'
[6.872s] Level 1:colcon.colcon_core.package_identification:_identify(.) by extensions ['ros']
[6.872s] Level 1:colcon.colcon_core.package_identification:_identify(.) by extension 'ros'
[6.892s] Level 1:colcon.colcon_core.package_identification:_identify(.) by extensions ['cmake', 'python']
[6.892s] Level 1:colcon.colcon_core.package_identification:_identify(.) by extension 'cmake'
[6.892s] Level 1:colcon.colcon_core.package_identification:_identify(.) by extension 'python'
[6.892s] Level 1:colcon.colcon_core.package_identification:_identify(.) by extensions ['python_setup_py']
[6.892s] Level 1:colcon.colcon_core.package_identification:_identify(.) by extension 'python_setup_py'
[6.892s] Level 1:colcon.colcon_core.package_identification:_identify(backup) by extensions ['ignore', 'ignore_ament_install']
[6.892s] Level 1:colcon.colcon_core.package_identification:_identify(backup) by extension 'ignore'
[6.893s] Level 1:colcon.colcon_core.package_identification:_identify(backup) by extension 'ignore_ament_install'
[6.893s] Level 1:colcon.colcon_core.package_identification:_identify(backup) by extensions ['colcon_pkg']
[6.893s] Level 1:colcon.colcon_core.package_identification:_identify(backup) by extension 'colcon_pkg'
[6.893s] Level 1:colcon.colcon_core.package_identification:_identify(backup) by extensions ['colcon_meta']
[6.893s] Level 1:colcon.colcon_core.package_identification:_identify(backup) by extension 'colcon_meta'
[6.893s] Level 1:colcon.colcon_core.package_identification:_identify(backup) by extensions ['ros']
[6.893s] Level 1:colcon.colcon_core.package_identification:_identify(backup) by extension 'ros'
[6.893s] Level 1:colcon.colcon_core.package_identification:_identify(backup) by extensions ['cmake', 'python']
[6.893s] Level 1:colcon.colcon_core.package_identification:_identify(backup) by extension 'cmake'
[6.893s] Level 1:colcon.colcon_core.package_identification:_identify(backup) by extension 'python'
[6.893s] Level 1:colcon.colcon_core.package_identification:_identify(backup) by extensions ['python_setup_py']
[6.893s] Level 1:colcon.colcon_core.package_identification:_identify(backup) by extension 'python_setup_py'
[6.894s] Level 1:colcon.colcon_core.package_identification:_identify(backup/build) by extensions ['ignore', 'ignore_ament_install']
[6.894s] Level 1:colcon.colcon_core.package_identification:_identify(backup/build) by extension 'ignore'
[6.894s] Level 1:colcon.colcon_core.package_identification:_identify(backup/build) ignored
[6.894s] Level 1:colcon.colcon_core.package_identification:_identify(backup/install) by extensions ['ignore', 'ignore_ament_install']
[6.895s] Level 1:colcon.colcon_core.package_identification:_identify(backup/install) by extension 'ignore'
[6.895s] Level 1:colcon.colcon_core.package_identification:_identify(backup/install) ignored
[6.895s] Level 1:colcon.colcon_core.package_identification:_identify(backup/log) by extensions ['ignore', 'ignore_ament_install']
[6.895s] Level 1:colcon.colcon_core.package_identification:_identify(backup/log) by extension 'ignore'
[6.895s] Level 1:colcon.colcon_core.package_identification:_identify(backup/log) ignored
[6.895s] Level 1:colcon.colcon_core.package_identification:_identify(build) by extensions ['ignore', 'ignore_ament_install']
[6.895s] Level 1:colcon.colcon_core.package_identification:_identify(build) by extension 'ignore'
[6.896s] Level 1:colcon.colcon_core.package_identification:_identify(build) ignored
[6.896s] Level 1:colcon.colcon_core.package_identification:_identify(install) by extensions ['ignore', 'ignore_ament_install']
[6.896s] Level 1:colcon.colcon_core.package_identification:_identify(install) by extension 'ignore'
[6.896s] Level 1:colcon.colcon_core.package_identification:_identify(install) ignored
[6.896s] Level 1:colcon.colcon_core.package_identification:_identify(log) by extensions ['ignore', 'ignore_ament_install']
[6.896s] Level 1:colcon.colcon_core.package_identification:_identify(log) by extension 'ignore'
[6.896s] Level 1:colcon.colcon_core.package_identification:_identify(log) ignored
[6.896s] Level 1:colcon.colcon_core.package_identification:_identify(src) by extensions ['ignore', 'ignore_ament_install']
[6.897s] Level 1:colcon.colcon_core.package_identification:_identify(src) by extension 'ignore'
[6.897s] Level 1:colcon.colcon_core.package_identification:_identify(src) by extension 'ignore_ament_install'
[6.897s] Level 1:colcon.colcon_core.package_identification:_identify(src) by extensions ['colcon_pkg']
[6.897s] Level 1:colcon.colcon_core.package_identification:_identify(src) by extension 'colcon_pkg'
[6.897s] Level 1:colcon.colcon_core.package_identification:_identify(src) by extensions ['colcon_meta']
[6.897s] Level 1:colcon.colcon_core.package_identification:_identify(src) by extension 'colcon_meta'
[6.897s] Level 1:colcon.colcon_core.package_identification:_identify(src) by extensions ['ros']
[6.897s] Level 1:colcon.colcon_core.package_identification:_identify(src) by extension 'ros'
[6.897s] Level 1:colcon.colcon_core.package_identification:_identify(src) by extensions ['cmake', 'python']
[6.897s] Level 1:colcon.colcon_core.package_identification:_identify(src) by extension 'cmake'
[6.897s] Level 1:colcon.colcon_core.package_identification:_identify(src) by extension 'python'
[6.897s] Level 1:colcon.colcon_core.package_identification:_identify(src) by extensions ['python_setup_py']
[6.897s] Level 1:colcon.colcon_core.package_identification:_identify(src) by extension 'python_setup_py'
[6.898s] Level 1:colcon.colcon_core.package_identification:_identify(src/deliverybot_bringup) by extensions ['ignore', 'ignore_ament_install']
[6.898s] Level 1:colcon.colcon_core.package_identification:_identify(src/deliverybot_bringup) by extension 'ignore'
[6.898s] Level 1:colcon.colcon_core.package_identification:_identify(src/deliverybot_bringup) by extension 'ignore_ament_install'
[6.898s] Level 1:colcon.colcon_core.package_identification:_identify(src/deliverybot_bringup) by extensions ['colcon_pkg']
[6.898s] Level 1:colcon.colcon_core.package_identification:_identify(src/deliverybot_bringup) by extension 'colcon_pkg'
[6.898s] Level 1:colcon.colcon_core.package_identification:_identify(src/deliverybot_bringup) by extensions ['colcon_meta']
[6.898s] Level 1:colcon.colcon_core.package_identification:_identify(src/deliverybot_bringup) by extension 'colcon_meta'
[6.898s] Level 1:colcon.colcon_core.package_identification:_identify(src/deliverybot_bringup) by extensions ['ros']
[6.898s] Level 1:colcon.colcon_core.package_identification:_identify(src/deliverybot_bringup) by extension 'ros'
[6.903s] DEBUG:colcon.colcon_core.package_identification:Package 'src/deliverybot_bringup' with type 'ros.ament_cmake' and name 'deliverybot_bringup'
[6.903s] Level 1:colcon.colcon_core.package_identification:_identify(src/deliverybot_description) by extensions ['ignore', 'ignore_ament_install']
[6.903s] Level 1:colcon.colcon_core.package_identification:_identify(src/deliverybot_description) by extension 'ignore'
[6.903s] Level 1:colcon.colcon_core.package_identification:_identify(src/deliverybot_description) by extension 'ignore_ament_install'
[6.904s] Level 1:colcon.colcon_core.package_identification:_identify(src/deliverybot_description) by extensions ['colcon_pkg']
[6.904s] Level 1:colcon.colcon_core.package_identification:_identify(src/deliverybot_description) by extension 'colcon_pkg'
[6.904s] Level 1:colcon.colcon_core.package_identification:_identify(src/deliverybot_description) by extensions ['colcon_meta']
[6.904s] Level 1:colcon.colcon_core.package_identification:_identify(src/deliverybot_description) by extension 'colcon_meta'
[6.904s] Level 1:colcon.colcon_core.package_identification:_identify(src/deliverybot_description) by extensions ['ros']
[6.904s] Level 1:colcon.colcon_core.package_identification:_identify(src/deliverybot_description) by extension 'ros'
[6.905s] DEBUG:colcon.colcon_core.package_identification:Package 'src/deliverybot_description' with type 'ros.ament_cmake' and name 'deliverybot_description'
[6.905s] Level 1:colcon.colcon_core.package_identification:_identify(src/depthimage_to_laserscan) by extensions ['ignore', 'ignore_ament_install']
[6.905s] Level 1:colcon.colcon_core.package_identification:_identify(src/depthimage_to_laserscan) by extension 'ignore'
[6.905s] Level 1:colcon.colcon_core.package_identification:_identify(src/depthimage_to_laserscan) by extension 'ignore_ament_install'
[6.906s] Level 1:colcon.colcon_core.package_identification:_identify(src/depthimage_to_laserscan) by extensions ['colcon_pkg']
[6.906s] Level 1:colcon.colcon_core.package_identification:_identify(src/depthimage_to_laserscan) by extension 'colcon_pkg'
[6.906s] Level 1:colcon.colcon_core.package_identification:_identify(src/depthimage_to_laserscan) by extensions ['colcon_meta']
[6.906s] Level 1:colcon.colcon_core.package_identification:_identify(src/depthimage_to_laserscan) by extension 'colcon_meta'
[6.906s] Level 1:colcon.colcon_core.package_identification:_identify(src/depthimage_to_laserscan) by extensions ['ros']
[6.906s] Level 1:colcon.colcon_core.package_identification:_identify(src/depthimage_to_laserscan) by extension 'ros'
[6.907s] DEBUG:colcon.colcon_core.package_identification:Package 'src/depthimage_to_laserscan' with type 'ros.ament_cmake' and name 'depthimage_to_laserscan'
[6.907s] Level 1:colcon.colcon_core.package_identification:_identify(src/laser_filters) by extensions ['ignore', 'ignore_ament_install']
[6.908s] Level 1:colcon.colcon_core.package_identification:_identify(src/laser_filters) by extension 'ignore'
[6.908s] Level 1:colcon.colcon_core.package_identification:_identify(src/laser_filters) by extension 'ignore_ament_install'
[6.908s] Level 1:colcon.colcon_core.package_identification:_identify(src/laser_filters) by extensions ['colcon_pkg']
[6.908s] Level 1:colcon.colcon_core.package_identification:_identify(src/laser_filters) by extension 'colcon_pkg'
[6.908s] Level 1:colcon.colcon_core.package_identification:_identify(src/laser_filters) by extensions ['colcon_meta']
[6.908s] Level 1:colcon.colcon_core.package_identification:_identify(src/laser_filters) by extension 'colcon_meta'
[6.908s] Level 1:colcon.colcon_core.package_identification:_identify(src/laser_filters) by extensions ['ros']
[6.908s] Level 1:colcon.colcon_core.package_identification:_identify(src/laser_filters) by extension 'ros'
[6.910s] DEBUG:colcon.colcon_core.package_identification:Package 'src/laser_filters' with type 'ros.ament_cmake' and name 'laser_filters'
[6.910s] Level 1:colcon.colcon_core.package_identification:_identify(src/livox_frame_remap) by extensions ['ignore', 'ignore_ament_install']
[6.910s] Level 1:colcon.colcon_core.package_identification:_identify(src/livox_frame_remap) by extension 'ignore'
[6.910s] Level 1:colcon.colcon_core.package_identification:_identify(src/livox_frame_remap) by extension 'ignore_ament_install'
[6.911s] Level 1:colcon.colcon_core.package_identification:_identify(src/livox_frame_remap) by extensions ['colcon_pkg']
[6.911s] Level 1:colcon.colcon_core.package_identification:_identify(src/livox_frame_remap) by extension 'colcon_pkg'
[6.911s] Level 1:colcon.colcon_core.package_identification:_identify(src/livox_frame_remap) by extensions ['colcon_meta']
[6.911s] Level 1:colcon.colcon_core.package_identification:_identify(src/livox_frame_remap) by extension 'colcon_meta'
[6.911s] Level 1:colcon.colcon_core.package_identification:_identify(src/livox_frame_remap) by extensions ['ros']
[6.911s] Level 1:colcon.colcon_core.package_identification:_identify(src/livox_frame_remap) by extension 'ros'
[6.912s] DEBUG:colcon.colcon_core.package_identification:Package 'src/livox_frame_remap' with type 'ros.ament_python' and name 'livox_frame_remap'
[6.912s] Level 1:colcon.colcon_core.package_identification:_identify(src/pointcloud_to_laserscan) by extensions ['ignore', 'ignore_ament_install']
[6.912s] Level 1:colcon.colcon_core.package_identification:_identify(src/pointcloud_to_laserscan) by extension 'ignore'
[6.912s] Level 1:colcon.colcon_core.package_identification:_identify(src/pointcloud_to_laserscan) by extension 'ignore_ament_install'
[6.912s] Level 1:colcon.colcon_core.package_identification:_identify(src/pointcloud_to_laserscan) by extensions ['colcon_pkg']
[6.912s] Level 1:colcon.colcon_core.package_identification:_identify(src/pointcloud_to_laserscan) by extension 'colcon_pkg'
[6.912s] Level 1:colcon.colcon_core.package_identification:_identify(src/pointcloud_to_laserscan) by extensions ['colcon_meta']
[6.912s] Level 1:colcon.colcon_core.package_identification:_identify(src/pointcloud_to_laserscan) by extension 'colcon_meta'
[6.913s] Level 1:colcon.colcon_core.package_identification:_identify(src/pointcloud_to_laserscan) by extensions ['ros']
[6.913s] Level 1:colcon.colcon_core.package_identification:_identify(src/pointcloud_to_laserscan) by extension 'ros'
[6.915s] DEBUG:colcon.colcon_core.package_identification:Package 'src/pointcloud_to_laserscan' with type 'ros.ament_cmake' and name 'pointcloud_to_laserscan'
[6.915s] Level 1:colcon.colcon_core.package_identification:_identify(src/scout_nav2) by extensions ['ignore', 'ignore_ament_install']
[6.915s] Level 1:colcon.colcon_core.package_identification:_identify(src/scout_nav2) by extension 'ignore'
[6.915s] Level 1:colcon.colcon_core.package_identification:_identify(src/scout_nav2) by extension 'ignore_ament_install'
[6.915s] Level 1:colcon.colcon_core.package_identification:_identify(src/scout_nav2) by extensions ['colcon_pkg']
[6.915s] Level 1:colcon.colcon_core.package_identification:_identify(src/scout_nav2) by extension 'colcon_pkg'
[6.915s] Level 1:colcon.colcon_core.package_identification:_identify(src/scout_nav2) by extensions ['colcon_meta']
[6.915s] Level 1:colcon.colcon_core.package_identification:_identify(src/scout_nav2) by extension 'colcon_meta'
[6.915s] Level 1:colcon.colcon_core.package_identification:_identify(src/scout_nav2) by extensions ['ros']
[6.915s] Level 1:colcon.colcon_core.package_identification:_identify(src/scout_nav2) by extension 'ros'
[6.916s] Level 1:colcon.colcon_core.package_identification:_identify(src/scout_nav2) by extensions ['cmake', 'python']
[6.916s] Level 1:colcon.colcon_core.package_identification:_identify(src/scout_nav2) by extension 'cmake'
[6.916s] Level 1:colcon.colcon_core.package_identification:_identify(src/scout_nav2) by extension 'python'
[6.916s] Level 1:colcon.colcon_core.package_identification:_identify(src/scout_nav2) by extensions ['python_setup_py']
[6.916s] Level 1:colcon.colcon_core.package_identification:_identify(src/scout_nav2) by extension 'python_setup_py'
[6.916s] Level 1:colcon.colcon_core.package_identification:_identify(src/scout_nav2/agilex_scout) by extensions ['ignore', 'ignore_ament_install']
[6.916s] Level 1:colcon.colcon_core.package_identification:_identify(src/scout_nav2/agilex_scout) by extension 'ignore'
[6.917s] Level 1:colcon.colcon_core.package_identification:_identify(src/scout_nav2/agilex_scout) by extension 'ignore_ament_install'
[6.917s] Level 1:colcon.colcon_core.package_identification:_identify(src/scout_nav2/agilex_scout) by extensions ['colcon_pkg']
[6.917s] Level 1:colcon.colcon_core.package_identification:_identify(src/scout_nav2/agilex_scout) by extension 'colcon_pkg'
[6.917s] Level 1:colcon.colcon_core.package_identification:_identify(src/scout_nav2/agilex_scout) by extensions ['colcon_meta']
[6.917s] Level 1:colcon.colcon_core.package_identification:_identify(src/scout_nav2/agilex_scout) by extension 'colcon_meta'
[6.917s] Level 1:colcon.colcon_core.package_identification:_identify(src/scout_nav2/agilex_scout) by extensions ['ros']
[6.917s] Level 1:colcon.colcon_core.package_identification:_identify(src/scout_nav2/agilex_scout) by extension 'ros'
[6.918s] DEBUG:colcon.colcon_core.package_identification:Package 'src/scout_nav2/agilex_scout' with type 'ros.ament_cmake' and name 'agilex_scout'
[6.919s] Level 1:colcon.colcon_core.package_identification:_identify(src/scout_nav2/aws-robomaker-small-warehouse-world) by extensions ['ignore', 'ignore_ament_install']
[6.919s] Level 1:colcon.colcon_core.package_identification:_identify(src/scout_nav2/aws-robomaker-small-warehouse-world) by extension 'ignore'
[6.919s] Level 1:colcon.colcon_core.package_identification:_identify(src/scout_nav2/aws-robomaker-small-warehouse-world) by extension 'ignore_ament_install'
[6.919s] Level 1:colcon.colcon_core.package_identification:_identify(src/scout_nav2/aws-robomaker-small-warehouse-world) by extensions ['colcon_pkg']
[6.919s] Level 1:colcon.colcon_core.package_identification:_identify(src/scout_nav2/aws-robomaker-small-warehouse-world) by extension 'colcon_pkg'
[6.919s] Level 1:colcon.colcon_core.package_identification:_identify(src/scout_nav2/aws-robomaker-small-warehouse-world) by extensions ['colcon_meta']
[6.919s] Level 1:colcon.colcon_core.package_identification:_identify(src/scout_nav2/aws-robomaker-small-warehouse-world) by extension 'colcon_meta'
[6.919s] Level 1:colcon.colcon_core.package_identification:_identify(src/scout_nav2/aws-robomaker-small-warehouse-world) by extensions ['ros']
[6.919s] Level 1:colcon.colcon_core.package_identification:_identify(src/scout_nav2/aws-robomaker-small-warehouse-world) by extension 'ros'
[6.920s] DEBUG:colcon.colcon_core.package_identification:Package 'src/scout_nav2/aws-robomaker-small-warehouse-world' with type 'ros.ament_cmake' and name 'aws_robomaker_small_warehouse_world'
[6.921s] Level 1:colcon.colcon_core.package_identification:_identify(src/scout_nav2/nav2_bringup) by extensions ['ignore', 'ignore_ament_install']
[6.921s] Level 1:colcon.colcon_core.package_identification:_identify(src/scout_nav2/nav2_bringup) by extension 'ignore'
[6.921s] Level 1:colcon.colcon_core.package_identification:_identify(src/scout_nav2/nav2_bringup) by extension 'ignore_ament_install'
[6.921s] Level 1:colcon.colcon_core.package_identification:_identify(src/scout_nav2/nav2_bringup) by extensions ['colcon_pkg']
[6.921s] Level 1:colcon.colcon_core.package_identification:_identify(src/scout_nav2/nav2_bringup) by extension 'colcon_pkg'
[6.921s] Level 1:colcon.colcon_core.package_identification:_identify(src/scout_nav2/nav2_bringup) by extensions ['colcon_meta']
[6.921s] Level 1:colcon.colcon_core.package_identification:_identify(src/scout_nav2/nav2_bringup) by extension 'colcon_meta'
[6.921s] Level 1:colcon.colcon_core.package_identification:_identify(src/scout_nav2/nav2_bringup) by extensions ['ros']
[6.921s] Level 1:colcon.colcon_core.package_identification:_identify(src/scout_nav2/nav2_bringup) by extension 'ros'
[6.922s] DEBUG:colcon.colcon_core.package_identification:Package 'src/scout_nav2/nav2_bringup' with type 'ros.ament_cmake' and name 'nav2_bringup_custom'
[6.923s] Level 1:colcon.colcon_core.package_identification:_identify(src/scout_nav2/scout_nav2) by extensions ['ignore', 'ignore_ament_install']
[6.923s] Level 1:colcon.colcon_core.package_identification:_identify(src/scout_nav2/scout_nav2) by extension 'ignore'
[6.923s] Level 1:colcon.colcon_core.package_identification:_identify(src/scout_nav2/scout_nav2) by extension 'ignore_ament_install'
[6.923s] Level 1:colcon.colcon_core.package_identification:_identify(src/scout_nav2/scout_nav2) by extensions ['colcon_pkg']
[6.923s] Level 1:colcon.colcon_core.package_identification:_identify(src/scout_nav2/scout_nav2) by extension 'colcon_pkg'
[6.923s] Level 1:colcon.colcon_core.package_identification:_identify(src/scout_nav2/scout_nav2) by extensions ['colcon_meta']
[6.923s] Level 1:colcon.colcon_core.package_identification:_identify(src/scout_nav2/scout_nav2) by extension 'colcon_meta'
[6.923s] Level 1:colcon.colcon_core.package_identification:_identify(src/scout_nav2/scout_nav2) by extensions ['ros']
[6.923s] Level 1:colcon.colcon_core.package_identification:_identify(src/scout_nav2/scout_nav2) by extension 'ros'
[6.925s] DEBUG:colcon.colcon_core.package_identification:Package 'src/scout_nav2/scout_nav2' with type 'ros.ament_python' and name 'scout_nav2'
[6.925s] Level 1:colcon.colcon_core.package_discovery:discover_packages(recursive) using defaults
[6.925s] Level 1:colcon.colcon_core.package_discovery:discover_packages(ignore) discover
[6.925s] Level 1:colcon.colcon_core.package_discovery:discover_packages(ignore) using defaults
[6.925s] Level 1:colcon.colcon_core.package_discovery:discover_packages(path) discover
[6.925s] Level 1:colcon.colcon_core.package_discovery:discover_packages(path) using defaults
[7.539s] Level 1:colcon.colcon_core.package_discovery:discover_packages(prefix_path) check parameters
[7.539s] Level 1:colcon.colcon_core.package_discovery:discover_packages(prefix_path) discover
[7.657s] Level 1:colcon.colcon_core.package_discovery:discover_packages(prefix_path) using defaults
[7.892s] Level 5:colcon.colcon_core.verb:set package 'agilex_scout' build argument 'cmake_args' from command line to 'None'
[7.893s] Level 5:colcon.colcon_core.verb:set package 'agilex_scout' build argument 'cmake_target' from command line to 'None'
[7.893s] Level 5:colcon.colcon_core.verb:set package 'agilex_scout' build argument 'cmake_target_skip_unavailable' from command line to 'False'
[7.893s] Level 5:colcon.colcon_core.verb:set package 'agilex_scout' build argument 'cmake_clean_cache' from command line to 'False'
[7.893s] Level 5:colcon.colcon_core.verb:set package 'agilex_scout' build argument 'cmake_clean_first' from command line to 'False'
[7.893s] Level 5:colcon.colcon_core.verb:set package 'agilex_scout' build argument 'cmake_force_configure' from command line to 'False'
[7.893s] Level 5:colcon.colcon_core.verb:set package 'agilex_scout' build argument 'ament_cmake_args' from command line to 'None'
[7.893s] Level 5:colcon.colcon_core.verb:set package 'agilex_scout' build argument 'catkin_cmake_args' from command line to 'None'
[7.893s] Level 5:colcon.colcon_core.verb:set package 'agilex_scout' build argument 'catkin_skip_building_tests' from command line to 'False'
[7.893s] DEBUG:colcon.colcon_core.verb:Building package 'agilex_scout' with the following arguments: {'ament_cmake_args': None, 'build_base': '/home/nvidia/ros2_catkin_ws/build/agilex_scout', 'catkin_cmake_args': None, 'catkin_skip_building_tests': False, 'cmake_args': None, 'cmake_clean_cache': False, 'cmake_clean_first': False, 'cmake_force_configure': False, 'cmake_target': None, 'cmake_target_skip_unavailable': False, 'install_base': '/home/nvidia/ros2_catkin_ws/install/agilex_scout', 'merge_install': False, 'path': '/home/nvidia/ros2_catkin_ws/src/scout_nav2/agilex_scout', 'symlink_install': True, 'test_result_base': None}
[8.010s] Level 5:colcon.colcon_core.verb:set package 'aws_robomaker_small_warehouse_world' build argument 'cmake_args' from command line to 'None'
[8.010s] Level 5:colcon.colcon_core.verb:set package 'aws_robomaker_small_warehouse_world' build argument 'cmake_target' from command line to 'None'
[8.010s] Level 5:colcon.colcon_core.verb:set package 'aws_robomaker_small_warehouse_world' build argument 'cmake_target_skip_unavailable' from command line to 'False'
[8.010s] Level 5:colcon.colcon_core.verb:set package 'aws_robomaker_small_warehouse_world' build argument 'cmake_clean_cache' from command line to 'False'
[8.010s] Level 5:colcon.colcon_core.verb:set package 'aws_robomaker_small_warehouse_world' build argument 'cmake_clean_first' from command line to 'False'
[8.010s] Level 5:colcon.colcon_core.verb:set package 'aws_robomaker_small_warehouse_world' build argument 'cmake_force_configure' from command line to 'False'
[8.010s] Level 5:colcon.colcon_core.verb:set package 'aws_robomaker_small_warehouse_world' build argument 'ament_cmake_args' from command line to 'None'
[8.010s] Level 5:colcon.colcon_core.verb:set package 'aws_robomaker_small_warehouse_world' build argument 'catkin_cmake_args' from command line to 'None'
[8.010s] Level 5:colcon.colcon_core.verb:set package 'aws_robomaker_small_warehouse_world' build argument 'catkin_skip_building_tests' from command line to 'False'
[8.010s] DEBUG:colcon.colcon_core.verb:Building package 'aws_robomaker_small_warehouse_world' with the following arguments: {'ament_cmake_args': None, 'build_base': '/home/nvidia/ros2_catkin_ws/build/aws_robomaker_small_warehouse_world', 'catkin_cmake_args': None, 'catkin_skip_building_tests': False, 'cmake_args': None, 'cmake_clean_cache': False, 'cmake_clean_first': False, 'cmake_force_configure': False, 'cmake_target': None, 'cmake_target_skip_unavailable': False, 'install_base': '/home/nvidia/ros2_catkin_ws/install/aws_robomaker_small_warehouse_world', 'merge_install': False, 'path': '/home/nvidia/ros2_catkin_ws/src/scout_nav2/aws-robomaker-small-warehouse-world', 'symlink_install': True, 'test_result_base': None}
[8.127s] Level 5:colcon.colcon_core.verb:set package 'deliverybot_bringup' build argument 'cmake_args' from command line to 'None'
[8.128s] Level 5:colcon.colcon_core.verb:set package 'deliverybot_bringup' build argument 'cmake_target' from command line to 'None'
[8.128s] Level 5:colcon.colcon_core.verb:set package 'deliverybot_bringup' build argument 'cmake_target_skip_unavailable' from command line to 'False'
[8.128s] Level 5:colcon.colcon_core.verb:set package 'deliverybot_bringup' build argument 'cmake_clean_cache' from command line to 'False'
[8.128s] Level 5:colcon.colcon_core.verb:set package 'deliverybot_bringup' build argument 'cmake_clean_first' from command line to 'False'
[8.128s] Level 5:colcon.colcon_core.verb:set package 'deliverybot_bringup' build argument 'cmake_force_configure' from command line to 'False'
[8.128s] Level 5:colcon.colcon_core.verb:set package 'deliverybot_bringup' build argument 'ament_cmake_args' from command line to 'None'
[8.128s] Level 5:colcon.colcon_core.verb:set package 'deliverybot_bringup' build argument 'catkin_cmake_args' from command line to 'None'
[8.128s] Level 5:colcon.colcon_core.verb:set package 'deliverybot_bringup' build argument 'catkin_skip_building_tests' from command line to 'False'
[8.128s] DEBUG:colcon.colcon_core.verb:Building package 'deliverybot_bringup' with the following arguments: {'ament_cmake_args': None, 'build_base': '/home/nvidia/ros2_catkin_ws/build/deliverybot_bringup', 'catkin_cmake_args': None, 'catkin_skip_building_tests': False, 'cmake_args': None, 'cmake_clean_cache': False, 'cmake_clean_first': False, 'cmake_force_configure': False, 'cmake_target': None, 'cmake_target_skip_unavailable': False, 'install_base': '/home/nvidia/ros2_catkin_ws/install/deliverybot_bringup', 'merge_install': False, 'path': '/home/nvidia/ros2_catkin_ws/src/deliverybot_bringup', 'symlink_install': True, 'test_result_base': None}
[8.244s] Level 5:colcon.colcon_core.verb:set package 'deliverybot_description' build argument 'cmake_args' from command line to 'None'
[8.244s] Level 5:colcon.colcon_core.verb:set package 'deliverybot_description' build argument 'cmake_target' from command line to 'None'
[8.245s] Level 5:colcon.colcon_core.verb:set package 'deliverybot_description' build argument 'cmake_target_skip_unavailable' from command line to 'False'
[8.245s] Level 5:colcon.colcon_core.verb:set package 'deliverybot_description' build argument 'cmake_clean_cache' from command line to 'False'
[8.245s] Level 5:colcon.colcon_core.verb:set package 'deliverybot_description' build argument 'cmake_clean_first' from command line to 'False'
[8.245s] Level 5:colcon.colcon_core.verb:set package 'deliverybot_description' build argument 'cmake_force_configure' from command line to 'False'
[8.245s] Level 5:colcon.colcon_core.verb:set package 'deliverybot_description' build argument 'ament_cmake_args' from command line to 'None'
[8.245s] Level 5:colcon.colcon_core.verb:set package 'deliverybot_description' build argument 'catkin_cmake_args' from command line to 'None'
[8.245s] Level 5:colcon.colcon_core.verb:set package 'deliverybot_description' build argument 'catkin_skip_building_tests' from command line to 'False'
[8.245s] DEBUG:colcon.colcon_core.verb:Building package 'deliverybot_description' with the following arguments: {'ament_cmake_args': None, 'build_base': '/home/nvidia/ros2_catkin_ws/build/deliverybot_description', 'catkin_cmake_args': None, 'catkin_skip_building_tests': False, 'cmake_args': None, 'cmake_clean_cache': False, 'cmake_clean_first': False, 'cmake_force_configure': False, 'cmake_target': None, 'cmake_target_skip_unavailable': False, 'install_base': '/home/nvidia/ros2_catkin_ws/install/deliverybot_description', 'merge_install': False, 'path': '/home/nvidia/ros2_catkin_ws/src/deliverybot_description', 'symlink_install': True, 'test_result_base': None}
[8.362s] Level 5:colcon.colcon_core.verb:set package 'depthimage_to_laserscan' build argument 'cmake_args' from command line to 'None'
[8.362s] Level 5:colcon.colcon_core.verb:set package 'depthimage_to_laserscan' build argument 'cmake_target' from command line to 'None'
[8.362s] Level 5:colcon.colcon_core.verb:set package 'depthimage_to_laserscan' build argument 'cmake_target_skip_unavailable' from command line to 'False'
[8.362s] Level 5:colcon.colcon_core.verb:set package 'depthimage_to_laserscan' build argument 'cmake_clean_cache' from command line to 'False'
[8.362s] Level 5:colcon.colcon_core.verb:set package 'depthimage_to_laserscan' build argument 'cmake_clean_first' from command line to 'False'
[8.362s] Level 5:colcon.colcon_core.verb:set package 'depthimage_to_laserscan' build argument 'cmake_force_configure' from command line to 'False'
[8.362s] Level 5:colcon.colcon_core.verb:set package 'depthimage_to_laserscan' build argument 'ament_cmake_args' from command line to 'None'
[8.362s] Level 5:colcon.colcon_core.verb:set package 'depthimage_to_laserscan' build argument 'catkin_cmake_args' from command line to 'None'
[8.362s] Level 5:colcon.colcon_core.verb:set package 'depthimage_to_laserscan' build argument 'catkin_skip_building_tests' from command line to 'False'
[8.362s] DEBUG:colcon.colcon_core.verb:Building package 'depthimage_to_laserscan' with the following arguments: {'ament_cmake_args': None, 'build_base': '/home/nvidia/ros2_catkin_ws/build/depthimage_to_laserscan', 'catkin_cmake_args': None, 'catkin_skip_building_tests': False, 'cmake_args': None, 'cmake_clean_cache': False, 'cmake_clean_first': False, 'cmake_force_configure': False, 'cmake_target': None, 'cmake_target_skip_unavailable': False, 'install_base': '/home/nvidia/ros2_catkin_ws/install/depthimage_to_laserscan', 'merge_install': False, 'path': '/home/nvidia/ros2_catkin_ws/src/depthimage_to_laserscan', 'symlink_install': True, 'test_result_base': None}
[8.479s] Level 5:colcon.colcon_core.verb:set package 'laser_filters' build argument 'cmake_args' from command line to 'None'
[8.479s] Level 5:colcon.colcon_core.verb:set package 'laser_filters' build argument 'cmake_target' from command line to 'None'
[8.479s] Level 5:colcon.colcon_core.verb:set package 'laser_filters' build argument 'cmake_target_skip_unavailable' from command line to 'False'
[8.479s] Level 5:colcon.colcon_core.verb:set package 'laser_filters' build argument 'cmake_clean_cache' from command line to 'False'
[8.479s] Level 5:colcon.colcon_core.verb:set package 'laser_filters' build argument 'cmake_clean_first' from command line to 'False'
[8.479s] Level 5:colcon.colcon_core.verb:set package 'laser_filters' build argument 'cmake_force_configure' from command line to 'False'
[8.479s] Level 5:colcon.colcon_core.verb:set package 'laser_filters' build argument 'ament_cmake_args' from command line to 'None'
[8.479s] Level 5:colcon.colcon_core.verb:set package 'laser_filters' build argument 'catkin_cmake_args' from command line to 'None'
[8.479s] Level 5:colcon.colcon_core.verb:set package 'laser_filters' build argument 'catkin_skip_building_tests' from command line to 'False'
[8.479s] DEBUG:colcon.colcon_core.verb:Building package 'laser_filters' with the following arguments: {'ament_cmake_args': None, 'build_base': '/home/nvidia/ros2_catkin_ws/build/laser_filters', 'catkin_cmake_args': None, 'catkin_skip_building_tests': False, 'cmake_args': None, 'cmake_clean_cache': False, 'cmake_clean_first': False, 'cmake_force_configure': False, 'cmake_target': None, 'cmake_target_skip_unavailable': False, 'install_base': '/home/nvidia/ros2_catkin_ws/install/laser_filters', 'merge_install': False, 'path': '/home/nvidia/ros2_catkin_ws/src/laser_filters', 'symlink_install': True, 'test_result_base': None}
[8.596s] Level 5:colcon.colcon_core.verb:set package 'livox_frame_remap' build argument 'cmake_args' from command line to 'None'
[8.596s] Level 5:colcon.colcon_core.verb:set package 'livox_frame_remap' build argument 'cmake_target' from command line to 'None'
[8.596s] Level 5:colcon.colcon_core.verb:set package 'livox_frame_remap' build argument 'cmake_target_skip_unavailable' from command line to 'False'
[8.596s] Level 5:colcon.colcon_core.verb:set package 'livox_frame_remap' build argument 'cmake_clean_cache' from command line to 'False'
[8.596s] Level 5:colcon.colcon_core.verb:set package 'livox_frame_remap' build argument 'cmake_clean_first' from command line to 'False'
[8.596s] Level 5:colcon.colcon_core.verb:set package 'livox_frame_remap' build argument 'cmake_force_configure' from command line to 'False'
[8.596s] Level 5:colcon.colcon_core.verb:set package 'livox_frame_remap' build argument 'ament_cmake_args' from command line to 'None'
[8.596s] Level 5:colcon.colcon_core.verb:set package 'livox_frame_remap' build argument 'catkin_cmake_args' from command line to 'None'
[8.596s] Level 5:colcon.colcon_core.verb:set package 'livox_frame_remap' build argument 'catkin_skip_building_tests' from command line to 'False'
[8.596s] DEBUG:colcon.colcon_core.verb:Building package 'livox_frame_remap' with the following arguments: {'ament_cmake_args': None, 'build_base': '/home/nvidia/ros2_catkin_ws/build/livox_frame_remap', 'catkin_cmake_args': None, 'catkin_skip_building_tests': False, 'cmake_args': None, 'cmake_clean_cache': False, 'cmake_clean_first': False, 'cmake_force_configure': False, 'cmake_target': None, 'cmake_target_skip_unavailable': False, 'install_base': '/home/nvidia/ros2_catkin_ws/install/livox_frame_remap', 'merge_install': False, 'path': '/home/nvidia/ros2_catkin_ws/src/livox_frame_remap', 'symlink_install': True, 'test_result_base': None}
[8.713s] Level 5:colcon.colcon_core.verb:set package 'nav2_bringup_custom' build argument 'cmake_args' from command line to 'None'
[8.713s] Level 5:colcon.colcon_core.verb:set package 'nav2_bringup_custom' build argument 'cmake_target' from command line to 'None'
[8.713s] Level 5:colcon.colcon_core.verb:set package 'nav2_bringup_custom' build argument 'cmake_target_skip_unavailable' from command line to 'False'
[8.713s] Level 5:colcon.colcon_core.verb:set package 'nav2_bringup_custom' build argument 'cmake_clean_cache' from command line to 'False'
[8.713s] Level 5:colcon.colcon_core.verb:set package 'nav2_bringup_custom' build argument 'cmake_clean_first' from command line to 'False'
[8.713s] Level 5:colcon.colcon_core.verb:set package 'nav2_bringup_custom' build argument 'cmake_force_configure' from command line to 'False'
[8.714s] Level 5:colcon.colcon_core.verb:set package 'nav2_bringup_custom' build argument 'ament_cmake_args' from command line to 'None'
[8.714s] Level 5:colcon.colcon_core.verb:set package 'nav2_bringup_custom' build argument 'catkin_cmake_args' from command line to 'None'
[8.714s] Level 5:colcon.colcon_core.verb:set package 'nav2_bringup_custom' build argument 'catkin_skip_building_tests' from command line to 'False'
[8.714s] DEBUG:colcon.colcon_core.verb:Building package 'nav2_bringup_custom' with the following arguments: {'ament_cmake_args': None, 'build_base': '/home/nvidia/ros2_catkin_ws/build/nav2_bringup_custom', 'catkin_cmake_args': None, 'catkin_skip_building_tests': False, 'cmake_args': None, 'cmake_clean_cache': False, 'cmake_clean_first': False, 'cmake_force_configure': False, 'cmake_target': None, 'cmake_target_skip_unavailable': False, 'install_base': '/home/nvidia/ros2_catkin_ws/install/nav2_bringup_custom', 'merge_install': False, 'path': '/home/nvidia/ros2_catkin_ws/src/scout_nav2/nav2_bringup', 'symlink_install': True, 'test_result_base': None}
[8.831s] Level 5:colcon.colcon_core.verb:set package 'pointcloud_to_laserscan' build argument 'cmake_args' from command line to 'None'
[8.831s] Level 5:colcon.colcon_core.verb:set package 'pointcloud_to_laserscan' build argument 'cmake_target' from command line to 'None'
[8.831s] Level 5:colcon.colcon_core.verb:set package 'pointcloud_to_laserscan' build argument 'cmake_target_skip_unavailable' from command line to 'False'
[8.831s] Level 5:colcon.colcon_core.verb:set package 'pointcloud_to_laserscan' build argument 'cmake_clean_cache' from command line to 'False'
[8.831s] Level 5:colcon.colcon_core.verb:set package 'pointcloud_to_laserscan' build argument 'cmake_clean_first' from command line to 'False'
[8.831s] Level 5:colcon.colcon_core.verb:set package 'pointcloud_to_laserscan' build argument 'cmake_force_configure' from command line to 'False'
[8.831s] Level 5:colcon.colcon_core.verb:set package 'pointcloud_to_laserscan' build argument 'ament_cmake_args' from command line to 'None'
[8.831s] Level 5:colcon.colcon_core.verb:set package 'pointcloud_to_laserscan' build argument 'catkin_cmake_args' from command line to 'None'
[8.831s] Level 5:colcon.colcon_core.verb:set package 'pointcloud_to_laserscan' build argument 'catkin_skip_building_tests' from command line to 'False'
[8.831s] DEBUG:colcon.colcon_core.verb:Building package 'pointcloud_to_laserscan' with the following arguments: {'ament_cmake_args': None, 'build_base': '/home/nvidia/ros2_catkin_ws/build/pointcloud_to_laserscan', 'catkin_cmake_args': None, 'catkin_skip_building_tests': False, 'cmake_args': None, 'cmake_clean_cache': False, 'cmake_clean_first': False, 'cmake_force_configure': False, 'cmake_target': None, 'cmake_target_skip_unavailable': False, 'install_base': '/home/nvidia/ros2_catkin_ws/install/pointcloud_to_laserscan', 'merge_install': False, 'path': '/home/nvidia/ros2_catkin_ws/src/pointcloud_to_laserscan', 'symlink_install': True, 'test_result_base': None}
[8.948s] Level 5:colcon.colcon_core.verb:set package 'scout_nav2' build argument 'cmake_args' from command line to 'None'
[8.948s] Level 5:colcon.colcon_core.verb:set package 'scout_nav2' build argument 'cmake_target' from command line to 'None'
[8.948s] Level 5:colcon.colcon_core.verb:set package 'scout_nav2' build argument 'cmake_target_skip_unavailable' from command line to 'False'
[8.948s] Level 5:colcon.colcon_core.verb:set package 'scout_nav2' build argument 'cmake_clean_cache' from command line to 'False'
[8.948s] Level 5:colcon.colcon_core.verb:set package 'scout_nav2' build argument 'cmake_clean_first' from command line to 'False'
[8.948s] Level 5:colcon.colcon_core.verb:set package 'scout_nav2' build argument 'cmake_force_configure' from command line to 'False'
[8.948s] Level 5:colcon.colcon_core.verb:set package 'scout_nav2' build argument 'ament_cmake_args' from command line to 'None'
[8.948s] Level 5:colcon.colcon_core.verb:set package 'scout_nav2' build argument 'catkin_cmake_args' from command line to 'None'
[8.948s] Level 5:colcon.colcon_core.verb:set package 'scout_nav2' build argument 'catkin_skip_building_tests' from command line to 'False'
[8.948s] DEBUG:colcon.colcon_core.verb:Building package 'scout_nav2' with the following arguments: {'ament_cmake_args': None, 'build_base': '/home/nvidia/ros2_catkin_ws/build/scout_nav2', 'catkin_cmake_args': None, 'catkin_skip_building_tests': False, 'cmake_args': None, 'cmake_clean_cache': False, 'cmake_clean_first': False, 'cmake_force_configure': False, 'cmake_target': None, 'cmake_target_skip_unavailable': False, 'install_base': '/home/nvidia/ros2_catkin_ws/install/scout_nav2', 'merge_install': False, 'path': '/home/nvidia/ros2_catkin_ws/src/scout_nav2/scout_nav2', 'symlink_install': True, 'test_result_base': None}
[9.090s] INFO:colcon.colcon_core.executor:Executing jobs using 'parallel' executor
[9.210s] DEBUG:colcon.colcon_parallel_executor.executor.parallel:run_until_complete
[9.210s] INFO:colcon.colcon_ros.task.ament_cmake.build:Building ROS package in '/home/nvidia/ros2_catkin_ws/src/scout_nav2/agilex_scout' with build type 'ament_cmake'
[9.211s] INFO:colcon.colcon_cmake.task.cmake.build:Building CMake package in '/home/nvidia/ros2_catkin_ws/src/scout_nav2/agilex_scout'
[9.334s] INFO:colcon.colcon_core.plugin_system:Skipping extension 'colcon_core.shell.bat': Not used on non-Windows systems
[9.335s] INFO:colcon.colcon_core.shell:Skip shell extension 'powershell' for command environment: Not usable outside of PowerShell
[9.335s] DEBUG:colcon.colcon_core.shell:Skip shell extension 'dsv' for command environment
[9.463s] INFO:colcon.colcon_ros.task.ament_cmake.build:Building ROS package in '/home/nvidia/ros2_catkin_ws/src/scout_nav2/aws-robomaker-small-warehouse-world' with build type 'ament_cmake'
[9.463s] INFO:colcon.colcon_cmake.task.cmake.build:Building CMake package in '/home/nvidia/ros2_catkin_ws/src/scout_nav2/aws-robomaker-small-warehouse-world'
[9.586s] INFO:colcon.colcon_core.shell:Skip shell extension 'powershell' for command environment: Not usable outside of PowerShell
[9.586s] DEBUG:colcon.colcon_core.shell:Skip shell extension 'dsv' for command environment
[9.711s] INFO:colcon.colcon_ros.task.ament_cmake.build:Building ROS package in '/home/nvidia/ros2_catkin_ws/src/deliverybot_bringup' with build type 'ament_cmake'
[9.712s] INFO:colcon.colcon_cmake.task.cmake.build:Building CMake package in '/home/nvidia/ros2_catkin_ws/src/deliverybot_bringup'
[9.833s] INFO:colcon.colcon_core.shell:Skip shell extension 'powershell' for command environment: Not usable outside of PowerShell
[9.833s] DEBUG:colcon.colcon_core.shell:Skip shell extension 'dsv' for command environment
[9.959s] INFO:colcon.colcon_ros.task.ament_cmake.build:Building ROS package in '/home/nvidia/ros2_catkin_ws/src/deliverybot_description' with build type 'ament_cmake'
[9.960s] INFO:colcon.colcon_cmake.task.cmake.build:Building CMake package in '/home/nvidia/ros2_catkin_ws/src/deliverybot_description'
[10.083s] INFO:colcon.colcon_core.shell:Skip shell extension 'powershell' for command environment: Not usable outside of PowerShell
[10.083s] DEBUG:colcon.colcon_core.shell:Skip shell extension 'dsv' for command environment
[10.210s] INFO:colcon.colcon_ros.task.ament_cmake.build:Building ROS package in '/home/nvidia/ros2_catkin_ws/src/depthimage_to_laserscan' with build type 'ament_cmake'
[10.211s] INFO:colcon.colcon_cmake.task.cmake.build:Building CMake package in '/home/nvidia/ros2_catkin_ws/src/depthimage_to_laserscan'
[10.333s] INFO:colcon.colcon_core.shell:Skip shell extension 'powershell' for command environment: Not usable outside of PowerShell
[10.333s] DEBUG:colcon.colcon_core.shell:Skip shell extension 'dsv' for command environment
[10.463s] INFO:colcon.colcon_ros.task.ament_cmake.build:Building ROS package in '/home/nvidia/ros2_catkin_ws/src/laser_filters' with build type 'ament_cmake'
[10.463s] INFO:colcon.colcon_cmake.task.cmake.build:Building CMake package in '/home/nvidia/ros2_catkin_ws/src/laser_filters'
[10.586s] INFO:colcon.colcon_core.shell:Skip shell extension 'powershell' for command environment: Not usable outside of PowerShell
[10.586s] DEBUG:colcon.colcon_core.shell:Skip shell extension 'dsv' for command environment
[10.714s] INFO:colcon.colcon_ros.task.ament_python.build:Building ROS package in '/home/nvidia/ros2_catkin_ws/src/livox_frame_remap' with build type 'ament_python'
[10.715s] Level 1:colcon.colcon_core.shell:create_environment_hook('livox_frame_remap', 'ament_prefix_path')
[10.839s] INFO:colcon.colcon_core.shell:Creating environment hook '/home/nvidia/ros2_catkin_ws/install/livox_frame_remap/share/livox_frame_remap/hook/ament_prefix_path.ps1'
[10.841s] INFO:colcon.colcon_core.shell:Creating environment descriptor '/home/nvidia/ros2_catkin_ws/install/livox_frame_remap/share/livox_frame_remap/hook/ament_prefix_path.dsv'
[10.842s] INFO:colcon.colcon_core.shell:Creating environment hook '/home/nvidia/ros2_catkin_ws/install/livox_frame_remap/share/livox_frame_remap/hook/ament_prefix_path.sh'
[10.962s] INFO:colcon.colcon_core.shell:Skip shell extension 'powershell' for command environment: Not usable outside of PowerShell
[10.962s] DEBUG:colcon.colcon_core.shell:Skip shell extension 'dsv' for command environment
[11.089s] INFO:colcon.colcon_ros.task.ament_cmake.build:Building ROS package in '/home/nvidia/ros2_catkin_ws/src/scout_nav2/nav2_bringup' with build type 'ament_cmake'
[11.090s] INFO:colcon.colcon_cmake.task.cmake.build:Building CMake package in '/home/nvidia/ros2_catkin_ws/src/scout_nav2/nav2_bringup'
[11.212s] INFO:colcon.colcon_core.shell:Skip shell extension 'powershell' for command environment: Not usable outside of PowerShell
[11.212s] DEBUG:colcon.colcon_core.shell:Skip shell extension 'dsv' for command environment
[11.353s] DEBUG:colcon.colcon_core.event_handler.log_command:Invoking command in '/home/nvidia/ros2_catkin_ws/build/agilex_scout': /usr/bin/cmake /home/nvidia/ros2_catkin_ws/src/scout_nav2/agilex_scout -DAMENT_CMAKE_SYMLINK_INSTALL=1 -DCMAKE_INSTALL_PREFIX=/home/nvidia/ros2_catkin_ws/install/agilex_scout
[11.362s] DEBUG:colcon.colcon_core.event_handler.log_command:Invoking command in '/home/nvidia/ros2_catkin_ws/build/aws_robomaker_small_warehouse_world': /usr/bin/cmake /home/nvidia/ros2_catkin_ws/src/scout_nav2/aws-robomaker-small-warehouse-world -DAMENT_CMAKE_SYMLINK_INSTALL=1 -DCMAKE_INSTALL_PREFIX=/home/nvidia/ros2_catkin_ws/install/aws_robomaker_small_warehouse_world
[11.370s] DEBUG:colcon.colcon_core.event_handler.log_command:Invoking command in '/home/nvidia/ros2_catkin_ws/build/deliverybot_bringup': /usr/bin/cmake /home/nvidia/ros2_catkin_ws/src/deliverybot_bringup -DAMENT_CMAKE_SYMLINK_INSTALL=1 -DCMAKE_INSTALL_PREFIX=/home/nvidia/ros2_catkin_ws/install/deliverybot_bringup
[11.378s] DEBUG:colcon.colcon_core.event_handler.log_command:Invoking command in '/home/nvidia/ros2_catkin_ws/build/deliverybot_description': /usr/bin/cmake /home/nvidia/ros2_catkin_ws/src/deliverybot_description -DAMENT_CMAKE_SYMLINK_INSTALL=1 -DCMAKE_INSTALL_PREFIX=/home/nvidia/ros2_catkin_ws/install/deliverybot_description
[11.387s] DEBUG:colcon.colcon_core.event_handler.log_command:Invoking command in '/home/nvidia/ros2_catkin_ws/build/depthimage_to_laserscan': /usr/bin/cmake /home/nvidia/ros2_catkin_ws/src/depthimage_to_laserscan -DAMENT_CMAKE_SYMLINK_INSTALL=1 -DCMAKE_INSTALL_PREFIX=/home/nvidia/ros2_catkin_ws/install/depthimage_to_laserscan
[11.397s] DEBUG:colcon.colcon_core.event_handler.log_command:Invoking command in '/home/nvidia/ros2_catkin_ws/build/laser_filters': /usr/bin/cmake /home/nvidia/ros2_catkin_ws/src/laser_filters -DAMENT_CMAKE_SYMLINK_INSTALL=1 -DCMAKE_INSTALL_PREFIX=/home/nvidia/ros2_catkin_ws/install/laser_filters
[11.822s] INFO:colcon.colcon_core.task.python.build:Building Python package in '/home/nvidia/ros2_catkin_ws/src/livox_frame_remap'
[11.953s] INFO:colcon.colcon_core.shell:Skip shell extension 'powershell' for command environment: Not usable outside of PowerShell
[11.953s] DEBUG:colcon.colcon_core.shell:Skip shell extension 'dsv' for command environment
[12.089s] DEBUG:colcon.colcon_core.event_handler.log_command:Invoking command in '/home/nvidia/ros2_catkin_ws/build/nav2_bringup_custom': /usr/bin/cmake /home/nvidia/ros2_catkin_ws/src/scout_nav2/nav2_bringup -DAMENT_CMAKE_SYMLINK_INSTALL=1 -DCMAKE_INSTALL_PREFIX=/home/nvidia/ros2_catkin_ws/install/nav2_bringup_custom
[12.149s] DEBUG:colcon.colcon_core.event_handler.log_command:Invoked command in '/home/nvidia/ros2_catkin_ws/build/agilex_scout' returned '1': /usr/bin/cmake /home/nvidia/ros2_catkin_ws/src/scout_nav2/agilex_scout -DAMENT_CMAKE_SYMLINK_INSTALL=1 -DCMAKE_INSTALL_PREFIX=/home/nvidia/ros2_catkin_ws/install/agilex_scout
[12.150s] DEBUG:colcon.colcon_core.event_handler.log_command:Invoked command in '/home/nvidia/ros2_catkin_ws/build/aws_robomaker_small_warehouse_world' returned '1': /usr/bin/cmake /home/nvidia/ros2_catkin_ws/src/scout_nav2/aws-robomaker-small-warehouse-world -DAMENT_CMAKE_SYMLINK_INSTALL=1 -DCMAKE_INSTALL_PREFIX=/home/nvidia/ros2_catkin_ws/install/aws_robomaker_small_warehouse_world
[12.151s] DEBUG:colcon.colcon_core.event_handler.log_command:Invoked command in '/home/nvidia/ros2_catkin_ws/build/deliverybot_bringup' returned '1': /usr/bin/cmake /home/nvidia/ros2_catkin_ws/src/deliverybot_bringup -DAMENT_CMAKE_SYMLINK_INSTALL=1 -DCMAKE_INSTALL_PREFIX=/home/nvidia/ros2_catkin_ws/install/deliverybot_bringup
[12.155s] DEBUG:colcon.colcon_core.event_handler.log_command:Invoked command in '/home/nvidia/ros2_catkin_ws/build/deliverybot_description' returned '1': /usr/bin/cmake /home/nvidia/ros2_catkin_ws/src/deliverybot_description -DAMENT_CMAKE_SYMLINK_INSTALL=1 -DCMAKE_INSTALL_PREFIX=/home/nvidia/ros2_catkin_ws/install/deliverybot_description
[12.157s] DEBUG:colcon.colcon_core.event_handler.log_command:Invoked command in '/home/nvidia/ros2_catkin_ws/build/depthimage_to_laserscan' returned '1': /usr/bin/cmake /home/nvidia/ros2_catkin_ws/src/depthimage_to_laserscan -DAMENT_CMAKE_SYMLINK_INSTALL=1 -DCMAKE_INSTALL_PREFIX=/home/nvidia/ros2_catkin_ws/install/depthimage_to_laserscan
[12.158s] DEBUG:colcon.colcon_core.event_handler.log_command:Invoked command in '/home/nvidia/ros2_catkin_ws/build/laser_filters' returned '1': /usr/bin/cmake /home/nvidia/ros2_catkin_ws/src/laser_filters -DAMENT_CMAKE_SYMLINK_INSTALL=1 -DCMAKE_INSTALL_PREFIX=/home/nvidia/ros2_catkin_ws/install/laser_filters
[12.161s] Level 1:colcon.colcon_core.environment:create_environment_scripts_only(agilex_scout)
[12.297s] Level 1:colcon.colcon_core.environment:checking '/home/nvidia/ros2_catkin_ws/install/agilex_scout' for CMake module files
[12.299s] Level 1:colcon.colcon_core.environment:checking '/home/nvidia/ros2_catkin_ws/install/agilex_scout' for CMake config files
[12.300s] Level 1:colcon.colcon_core.shell:create_environment_hook('agilex_scout', 'cmake_prefix_path')
[12.428s] INFO:colcon.colcon_core.shell:Creating environment hook '/home/nvidia/ros2_catkin_ws/install/agilex_scout/share/agilex_scout/hook/cmake_prefix_path.ps1'
[12.430s] INFO:colcon.colcon_core.shell:Creating environment descriptor '/home/nvidia/ros2_catkin_ws/install/agilex_scout/share/agilex_scout/hook/cmake_prefix_path.dsv'
[12.431s] INFO:colcon.colcon_core.shell:Creating environment hook '/home/nvidia/ros2_catkin_ws/install/agilex_scout/share/agilex_scout/hook/cmake_prefix_path.sh'
[12.433s] Level 1:colcon.colcon_core.environment:checking '/home/nvidia/ros2_catkin_ws/install/agilex_scout/bin'
[12.434s] Level 1:colcon.colcon_core.environment:checking '/home/nvidia/ros2_catkin_ws/install/agilex_scout/lib/pkgconfig/agilex_scout.pc'
[12.434s] Level 1:colcon.colcon_core.environment:checking '/home/nvidia/ros2_catkin_ws/install/agilex_scout/lib/python3.8/site-packages'
[12.435s] Level 1:colcon.colcon_core.environment:checking '/home/nvidia/ros2_catkin_ws/install/agilex_scout/bin'
[12.556s] INFO:colcon.colcon_core.shell:Creating package script '/home/nvidia/ros2_catkin_ws/install/agilex_scout/share/agilex_scout/package.ps1'
[12.558s] INFO:colcon.colcon_core.shell:Creating package descriptor '/home/nvidia/ros2_catkin_ws/install/agilex_scout/share/agilex_scout/package.dsv'
[12.559s] INFO:colcon.colcon_core.shell:Creating package script '/home/nvidia/ros2_catkin_ws/install/agilex_scout/share/agilex_scout/package.sh'
[12.560s] INFO:colcon.colcon_core.shell:Creating package script '/home/nvidia/ros2_catkin_ws/install/agilex_scout/share/agilex_scout/package.bash'
[12.561s] INFO:colcon.colcon_core.shell:Creating package script '/home/nvidia/ros2_catkin_ws/install/agilex_scout/share/agilex_scout/package.zsh'
[12.562s] Level 1:colcon.colcon_core.environment:create_file_with_runtime_dependencies(/home/nvidia/ros2_catkin_ws/install/agilex_scout/share/colcon-core/packages/agilex_scout)
[12.563s] Level 1:colcon.colcon_core.environment:create_environment_scripts_only(aws_robomaker_small_warehouse_world)
[12.686s] Level 1:colcon.colcon_core.environment:checking '/home/nvidia/ros2_catkin_ws/install/aws_robomaker_small_warehouse_world' for CMake module files
[12.689s] Level 1:colcon.colcon_core.environment:checking '/home/nvidia/ros2_catkin_ws/install/aws_robomaker_small_warehouse_world' for CMake config files
[12.692s] Level 1:colcon.colcon_core.shell:create_environment_hook('aws_robomaker_small_warehouse_world', 'cmake_prefix_path')
[12.813s] INFO:colcon.colcon_core.shell:Creating environment hook '/home/nvidia/ros2_catkin_ws/install/aws_robomaker_small_warehouse_world/share/aws_robomaker_small_warehouse_world/hook/cmake_prefix_path.ps1'
[12.814s] INFO:colcon.colcon_core.shell:Creating environment descriptor '/home/nvidia/ros2_catkin_ws/install/aws_robomaker_small_warehouse_world/share/aws_robomaker_small_warehouse_world/hook/cmake_prefix_path.dsv'
[12.815s] INFO:colcon.colcon_core.shell:Creating environment hook '/home/nvidia/ros2_catkin_ws/install/aws_robomaker_small_warehouse_world/share/aws_robomaker_small_warehouse_world/hook/cmake_prefix_path.sh'
[12.816s] Level 1:colcon.colcon_core.environment:checking '/home/nvidia/ros2_catkin_ws/install/aws_robomaker_small_warehouse_world/bin'
[12.816s] Level 1:colcon.colcon_core.environment:checking '/home/nvidia/ros2_catkin_ws/install/aws_robomaker_small_warehouse_world/lib/pkgconfig/aws_robomaker_small_warehouse_world.pc'
[12.816s] Level 1:colcon.colcon_core.environment:checking '/home/nvidia/ros2_catkin_ws/install/aws_robomaker_small_warehouse_world/lib/python3.8/site-packages'
[12.816s] Level 1:colcon.colcon_core.environment:checking '/home/nvidia/ros2_catkin_ws/install/aws_robomaker_small_warehouse_world/bin'
[12.938s] INFO:colcon.colcon_core.shell:Creating package script '/home/nvidia/ros2_catkin_ws/install/aws_robomaker_small_warehouse_world/share/aws_robomaker_small_warehouse_world/package.ps1'
[12.940s] INFO:colcon.colcon_core.shell:Creating package descriptor '/home/nvidia/ros2_catkin_ws/install/aws_robomaker_small_warehouse_world/share/aws_robomaker_small_warehouse_world/package.dsv'
[12.941s] INFO:colcon.colcon_core.shell:Creating package script '/home/nvidia/ros2_catkin_ws/install/aws_robomaker_small_warehouse_world/share/aws_robomaker_small_warehouse_world/package.sh'
[12.941s] INFO:colcon.colcon_core.shell:Creating package script '/home/nvidia/ros2_catkin_ws/install/aws_robomaker_small_warehouse_world/share/aws_robomaker_small_warehouse_world/package.bash'
[12.942s] INFO:colcon.colcon_core.shell:Creating package script '/home/nvidia/ros2_catkin_ws/install/aws_robomaker_small_warehouse_world/share/aws_robomaker_small_warehouse_world/package.zsh'
[12.942s] Level 1:colcon.colcon_core.environment:create_file_with_runtime_dependencies(/home/nvidia/ros2_catkin_ws/install/aws_robomaker_small_warehouse_world/share/colcon-core/packages/aws_robomaker_small_warehouse_world)
[12.943s] Level 1:colcon.colcon_core.environment:create_environment_scripts_only(deliverybot_bringup)
[13.064s] Level 1:colcon.colcon_core.environment:checking '/home/nvidia/ros2_catkin_ws/install/deliverybot_bringup' for CMake module files
[13.067s] Level 1:colcon.colcon_core.environment:checking '/home/nvidia/ros2_catkin_ws/install/deliverybot_bringup' for CMake config files
[13.069s] Level 1:colcon.colcon_core.shell:create_environment_hook('deliverybot_bringup', 'cmake_prefix_path')
[13.189s] INFO:colcon.colcon_core.shell:Creating environment hook '/home/nvidia/ros2_catkin_ws/install/deliverybot_bringup/share/deliverybot_bringup/hook/cmake_prefix_path.ps1'
[13.191s] INFO:colcon.colcon_core.shell:Creating environment descriptor '/home/nvidia/ros2_catkin_ws/install/deliverybot_bringup/share/deliverybot_bringup/hook/cmake_prefix_path.dsv'
[13.191s] INFO:colcon.colcon_core.shell:Creating environment hook '/home/nvidia/ros2_catkin_ws/install/deliverybot_bringup/share/deliverybot_bringup/hook/cmake_prefix_path.sh'
[13.192s] Level 1:colcon.colcon_core.environment:checking '/home/nvidia/ros2_catkin_ws/install/deliverybot_bringup/bin'
[13.192s] Level 1:colcon.colcon_core.environment:checking '/home/nvidia/ros2_catkin_ws/install/deliverybot_bringup/lib/pkgconfig/deliverybot_bringup.pc'
[13.193s] Level 1:colcon.colcon_core.environment:checking '/home/nvidia/ros2_catkin_ws/install/deliverybot_bringup/lib/python3.8/site-packages'
[13.193s] Level 1:colcon.colcon_core.environment:checking '/home/nvidia/ros2_catkin_ws/install/deliverybot_bringup/bin'
[13.314s] INFO:colcon.colcon_core.shell:Creating package script '/home/nvidia/ros2_catkin_ws/install/deliverybot_bringup/share/deliverybot_bringup/package.ps1'
[13.315s] INFO:colcon.colcon_core.shell:Creating package descriptor '/home/nvidia/ros2_catkin_ws/install/deliverybot_bringup/share/deliverybot_bringup/package.dsv'
[13.316s] INFO:colcon.colcon_core.shell:Creating package script '/home/nvidia/ros2_catkin_ws/install/deliverybot_bringup/share/deliverybot_bringup/package.sh'
[13.316s] INFO:colcon.colcon_core.shell:Creating package script '/home/nvidia/ros2_catkin_ws/install/deliverybot_bringup/share/deliverybot_bringup/package.bash'
[13.317s] INFO:colcon.colcon_core.shell:Creating package script '/home/nvidia/ros2_catkin_ws/install/deliverybot_bringup/share/deliverybot_bringup/package.zsh'
[13.317s] Level 1:colcon.colcon_core.environment:create_file_with_runtime_dependencies(/home/nvidia/ros2_catkin_ws/install/deliverybot_bringup/share/colcon-core/packages/deliverybot_bringup)
[13.318s] Level 1:colcon.colcon_core.environment:create_environment_scripts_only(deliverybot_description)
[13.439s] Level 1:colcon.colcon_core.environment:checking '/home/nvidia/ros2_catkin_ws/install/deliverybot_description' for CMake module files
[13.442s] Level 1:colcon.colcon_core.environment:checking '/home/nvidia/ros2_catkin_ws/install/deliverybot_description' for CMake config files
[13.443s] Level 1:colcon.colcon_core.shell:create_environment_hook('deliverybot_description', 'cmake_prefix_path')
[13.563s] INFO:colcon.colcon_core.shell:Creating environment hook '/home/nvidia/ros2_catkin_ws/install/deliverybot_description/share/deliverybot_description/hook/cmake_prefix_path.ps1'
[13.565s] INFO:colcon.colcon_core.shell:Creating environment descriptor '/home/nvidia/ros2_catkin_ws/install/deliverybot_description/share/deliverybot_description/hook/cmake_prefix_path.dsv'
[13.565s] INFO:colcon.colcon_core.shell:Creating environment hook '/home/nvidia/ros2_catkin_ws/install/deliverybot_description/share/deliverybot_description/hook/cmake_prefix_path.sh'
[13.566s] Level 1:colcon.colcon_core.environment:checking '/home/nvidia/ros2_catkin_ws/install/deliverybot_description/bin'
[13.566s] Level 1:colcon.colcon_core.environment:checking '/home/nvidia/ros2_catkin_ws/install/deliverybot_description/lib/pkgconfig/deliverybot_description.pc'
[13.567s] Level 1:colcon.colcon_core.environment:checking '/home/nvidia/ros2_catkin_ws/install/deliverybot_description/lib/python3.8/site-packages'
[13.567s] Level 1:colcon.colcon_core.environment:checking '/home/nvidia/ros2_catkin_ws/install/deliverybot_description/bin'
[13.688s] INFO:colcon.colcon_core.shell:Creating package script '/home/nvidia/ros2_catkin_ws/install/deliverybot_description/share/deliverybot_description/package.ps1'
[13.689s] INFO:colcon.colcon_core.shell:Creating package descriptor '/home/nvidia/ros2_catkin_ws/install/deliverybot_description/share/deliverybot_description/package.dsv'
[13.690s] INFO:colcon.colcon_core.shell:Creating package script '/home/nvidia/ros2_catkin_ws/install/deliverybot_description/share/deliverybot_description/package.sh'
[13.690s] INFO:colcon.colcon_core.shell:Creating package script '/home/nvidia/ros2_catkin_ws/install/deliverybot_description/share/deliverybot_description/package.bash'
[13.691s] INFO:colcon.colcon_core.shell:Creating package script '/home/nvidia/ros2_catkin_ws/install/deliverybot_description/share/deliverybot_description/package.zsh'
[13.691s] Level 1:colcon.colcon_core.environment:create_file_with_runtime_dependencies(/home/nvidia/ros2_catkin_ws/install/deliverybot_description/share/colcon-core/packages/deliverybot_description)
[13.693s] Level 1:colcon.colcon_core.environment:create_environment_scripts_only(depthimage_to_laserscan)
[13.814s] Level 1:colcon.colcon_core.environment:checking '/home/nvidia/ros2_catkin_ws/install/depthimage_to_laserscan' for CMake module files
[13.817s] Level 1:colcon.colcon_core.environment:checking '/home/nvidia/ros2_catkin_ws/install/depthimage_to_laserscan' for CMake config files
[13.821s] Level 1:colcon.colcon_core.shell:create_environment_hook('depthimage_to_laserscan', 'cmake_prefix_path')
[13.941s] INFO:colcon.colcon_core.shell:Creating environment hook '/home/nvidia/ros2_catkin_ws/install/depthimage_to_laserscan/share/depthimage_to_laserscan/hook/cmake_prefix_path.ps1'
[13.942s] INFO:colcon.colcon_core.shell:Creating environment descriptor '/home/nvidia/ros2_catkin_ws/install/depthimage_to_laserscan/share/depthimage_to_laserscan/hook/cmake_prefix_path.dsv'
[13.943s] INFO:colcon.colcon_core.shell:Creating environment hook '/home/nvidia/ros2_catkin_ws/install/depthimage_to_laserscan/share/depthimage_to_laserscan/hook/cmake_prefix_path.sh'
[13.944s] Level 1:colcon.colcon_core.environment:checking '/home/nvidia/ros2_catkin_ws/install/depthimage_to_laserscan/lib'
[13.944s] Level 1:colcon.colcon_core.shell:create_environment_hook('depthimage_to_laserscan', 'ld_library_path_lib')
[14.065s] INFO:colcon.colcon_core.shell:Creating environment hook '/home/nvidia/ros2_catkin_ws/install/depthimage_to_laserscan/share/depthimage_to_laserscan/hook/ld_library_path_lib.ps1'
[14.066s] INFO:colcon.colcon_core.shell:Creating environment descriptor '/home/nvidia/ros2_catkin_ws/install/depthimage_to_laserscan/share/depthimage_to_laserscan/hook/ld_library_path_lib.dsv'
[14.067s] INFO:colcon.colcon_core.shell:Creating environment hook '/home/nvidia/ros2_catkin_ws/install/depthimage_to_laserscan/share/depthimage_to_laserscan/hook/ld_library_path_lib.sh'
[14.067s] Level 1:colcon.colcon_core.environment:checking '/home/nvidia/ros2_catkin_ws/install/depthimage_to_laserscan/bin'
[14.067s] Level 1:colcon.colcon_core.environment:checking '/home/nvidia/ros2_catkin_ws/install/depthimage_to_laserscan/lib/pkgconfig/depthimage_to_laserscan.pc'
[14.068s] Level 1:colcon.colcon_core.environment:checking '/home/nvidia/ros2_catkin_ws/install/depthimage_to_laserscan/lib/python3.8/site-packages'
[14.068s] Level 1:colcon.colcon_core.environment:checking '/home/nvidia/ros2_catkin_ws/install/depthimage_to_laserscan/bin'
[14.192s] INFO:colcon.colcon_core.shell:Creating package script '/home/nvidia/ros2_catkin_ws/install/depthimage_to_laserscan/share/depthimage_to_laserscan/package.ps1'
[14.194s] INFO:colcon.colcon_core.shell:Creating package descriptor '/home/nvidia/ros2_catkin_ws/install/depthimage_to_laserscan/share/depthimage_to_laserscan/package.dsv'
[14.195s] INFO:colcon.colcon_core.shell:Creating package script '/home/nvidia/ros2_catkin_ws/install/depthimage_to_laserscan/share/depthimage_to_laserscan/package.sh'
[14.195s] INFO:colcon.colcon_core.shell:Creating package script '/home/nvidia/ros2_catkin_ws/install/depthimage_to_laserscan/share/depthimage_to_laserscan/package.bash'
[14.196s] INFO:colcon.colcon_core.shell:Creating package script '/home/nvidia/ros2_catkin_ws/install/depthimage_to_laserscan/share/depthimage_to_laserscan/package.zsh'
[14.196s] Level 1:colcon.colcon_core.environment:create_file_with_runtime_dependencies(/home/nvidia/ros2_catkin_ws/install/depthimage_to_laserscan/share/colcon-core/packages/depthimage_to_laserscan)
[14.197s] Level 1:colcon.colcon_core.environment:create_environment_scripts_only(laser_filters)
[14.323s] Level 1:colcon.colcon_core.environment:checking '/home/nvidia/ros2_catkin_ws/install/laser_filters' for CMake module files
[14.327s] Level 1:colcon.colcon_core.environment:checking '/home/nvidia/ros2_catkin_ws/install/laser_filters' for CMake config files
[14.332s] Level 1:colcon.colcon_core.shell:create_environment_hook('laser_filters', 'cmake_prefix_path')
[14.452s] INFO:colcon.colcon_core.shell:Creating environment hook '/home/nvidia/ros2_catkin_ws/install/laser_filters/share/laser_filters/hook/cmake_prefix_path.ps1'
[14.453s] INFO:colcon.colcon_core.shell:Creating environment descriptor '/home/nvidia/ros2_catkin_ws/install/laser_filters/share/laser_filters/hook/cmake_prefix_path.dsv'
[14.454s] INFO:colcon.colcon_core.shell:Creating environment hook '/home/nvidia/ros2_catkin_ws/install/laser_filters/share/laser_filters/hook/cmake_prefix_path.sh'
[14.455s] Level 1:colcon.colcon_core.environment:checking '/home/nvidia/ros2_catkin_ws/install/laser_filters/lib'
[14.455s] Level 1:colcon.colcon_core.shell:create_environment_hook('laser_filters', 'ld_library_path_lib')
[14.576s] INFO:colcon.colcon_core.shell:Creating environment hook '/home/nvidia/ros2_catkin_ws/install/laser_filters/share/laser_filters/hook/ld_library_path_lib.ps1'
[14.577s] INFO:colcon.colcon_core.shell:Creating environment descriptor '/home/nvidia/ros2_catkin_ws/install/laser_filters/share/laser_filters/hook/ld_library_path_lib.dsv'
[14.577s] INFO:colcon.colcon_core.shell:Creating environment hook '/home/nvidia/ros2_catkin_ws/install/laser_filters/share/laser_filters/hook/ld_library_path_lib.sh'
[14.578s] Level 1:colcon.colcon_core.environment:checking '/home/nvidia/ros2_catkin_ws/install/laser_filters/bin'
[14.578s] Level 1:colcon.colcon_core.environment:checking '/home/nvidia/ros2_catkin_ws/install/laser_filters/lib/pkgconfig/laser_filters.pc'
[14.578s] Level 1:colcon.colcon_core.environment:checking '/home/nvidia/ros2_catkin_ws/install/laser_filters/lib/python3.8/site-packages'
[14.579s] Level 1:colcon.colcon_core.environment:checking '/home/nvidia/ros2_catkin_ws/install/laser_filters/bin'
[14.699s] INFO:colcon.colcon_core.shell:Creating package script '/home/nvidia/ros2_catkin_ws/install/laser_filters/share/laser_filters/package.ps1'
[14.701s] INFO:colcon.colcon_core.shell:Creating package descriptor '/home/nvidia/ros2_catkin_ws/install/laser_filters/share/laser_filters/package.dsv'
[14.701s] INFO:colcon.colcon_core.shell:Creating package script '/home/nvidia/ros2_catkin_ws/install/laser_filters/share/laser_filters/package.sh'
[14.702s] INFO:colcon.colcon_core.shell:Creating package script '/home/nvidia/ros2_catkin_ws/install/laser_filters/share/laser_filters/package.bash'
[14.702s] INFO:colcon.colcon_core.shell:Creating package script '/home/nvidia/ros2_catkin_ws/install/laser_filters/share/laser_filters/package.zsh'
[14.703s] Level 1:colcon.colcon_core.environment:create_file_with_runtime_dependencies(/home/nvidia/ros2_catkin_ws/install/laser_filters/share/colcon-core/packages/laser_filters)
[14.716s] DEBUG:colcon.colcon_parallel_executor.executor.parallel:closing loop
[14.717s] DEBUG:colcon.colcon_parallel_executor.executor.parallel:loop closed
[14.717s] DEBUG:colcon.colcon_parallel_executor.executor.parallel:run_until_complete finished with '1'
[14.717s] DEBUG:colcon.colcon_core.event_reactor:joining thread
[14.848s] INFO:colcon.colcon_core.plugin_system:Skipping extension 'colcon_notification.desktop_notification.terminal_notifier': Not used on non-Darwin systems
[14.848s] INFO:colcon.colcon_core.plugin_system:Skipping extension 'colcon_notification.desktop_notification.win32': Not used on non-Windows systems
[14.848s] INFO:colcon.colcon_notification.desktop_notification:Sending desktop notification using 'notify2'
[14.897s] DEBUG:colcon.colcon_core.event_reactor:joined thread
[15.020s] INFO:colcon.colcon_core.shell:Creating prefix script '/home/nvidia/ros2_catkin_ws/install/local_setup.ps1'
[15.022s] INFO:colcon.colcon_core.shell:Creating prefix util module '/home/nvidia/ros2_catkin_ws/install/_local_setup_util_ps1.py'
[15.024s] INFO:colcon.colcon_core.shell:Creating prefix chain script '/home/nvidia/ros2_catkin_ws/install/setup.ps1'
[15.146s] INFO:colcon.colcon_core.shell:Creating prefix script '/home/nvidia/ros2_catkin_ws/install/local_setup.sh'
[15.147s] INFO:colcon.colcon_core.shell:Creating prefix util module '/home/nvidia/ros2_catkin_ws/install/_local_setup_util_sh.py'
[15.148s] INFO:colcon.colcon_core.shell:Creating prefix chain script '/home/nvidia/ros2_catkin_ws/install/setup.sh'
[15.269s] INFO:colcon.colcon_core.shell:Creating prefix script '/home/nvidia/ros2_catkin_ws/install/local_setup.bash'
[15.270s] INFO:colcon.colcon_core.shell:Creating prefix chain script '/home/nvidia/ros2_catkin_ws/install/setup.bash'
[15.390s] INFO:colcon.colcon_core.shell:Creating prefix script '/home/nvidia/ros2_catkin_ws/install/local_setup.zsh'
[15.391s] INFO:colcon.colcon_core.shell:Creating prefix chain script '/home/nvidia/ros2_catkin_ws/install/setup.zsh'
