[1.898s] Invoking command in '/home/nvidia/ros2_catkin_ws/build/aws_robomaker_small_warehouse_world': /usr/bin/cmake /home/nvidia/ros2_catkin_ws/src/scout_nav2/aws-robomaker-small-warehouse-world -DAMENT_CMAKE_SYMLINK_INSTALL=1 -DCMAKE_INSTALL_PREFIX=/home/nvidia/ros2_catkin_ws/install/aws_robomaker_small_warehouse_world
[2.643s] -- Found ament_cmake: 0.9.12 (/opt/ros/foxy/share/ament_cmake/cmake)
[2.643s] -- Using PYTHON_EXECUTABLE: /usr/bin/python3
[2.644s] -- Configuring incomplete, errors occurred!
[2.646s] See also "/home/nvidia/ros2_catkin_ws/build/aws_robomaker_small_warehouse_world/CMakeFiles/CMakeOutput.log".
[2.646s] Traceback (most recent call last):
[2.647s]   File "/opt/ros/foxy/share/ament_cmake_core/cmake/package_templates/templates_2_cmake.py", line 21, in <module>
[2.647s]     from ament_package.templates import get_environment_hook_template_path
[2.647s] ModuleNotFoundError: No module named 'ament_package'
[2.647s] CMake Error at /opt/ros/foxy/share/ament_cmake_core/cmake/ament_cmake_package_templates-extras.cmake:41 (message):
[2.648s]   execute_process(/usr/bin/python3
[2.648s]   /opt/ros/foxy/share/ament_cmake_core/cmake/package_templates/templates_2_cmake.py
[2.649s]   /home/nvidia/ros2_catkin_ws/build/aws_robomaker_small_warehouse_world/ament_cmake_package_templates/templates.cmake)
[2.649s]   returned error code 1
[2.649s] Call Stack (most recent call first):
[2.652s]   /opt/ros/foxy/share/ament_cmake_core/cmake/ament_cmake_coreConfig.cmake:41 (include)
[2.652s]   /opt/ros/foxy/share/ament_cmake/cmake/ament_cmake_export_dependencies-extras.cmake:15 (find_package)
[2.652s]   /opt/ros/foxy/share/ament_cmake/cmake/ament_cmakeConfig.cmake:41 (include)
[2.652s]   CMakeLists.txt:4 (find_package)
[2.653s] 
[2.654s] 
[2.687s] Invoked command in '/home/nvidia/ros2_catkin_ws/build/aws_robomaker_small_warehouse_world' returned '1': /usr/bin/cmake /home/nvidia/ros2_catkin_ws/src/scout_nav2/aws-robomaker-small-warehouse-world -DAMENT_CMAKE_SYMLINK_INSTALL=1 -DCMAKE_INSTALL_PREFIX=/home/nvidia/ros2_catkin_ws/install/aws_robomaker_small_warehouse_world
