[2.551s] Invoking command in '/home/nvidia/ros2_catkin_ws/build/deliverybot_description': CMAKE_PREFIX_PATH=/opt/ros/foxy /usr/bin/cmake /home/nvidia/ros2_catkin_ws/src/deliverybot_description -DAMENT_CMAKE_SYMLINK_INSTALL=1 -DCMAKE_INSTALL_PREFIX=/home/nvidia/ros2_catkin_ws/install/deliverybot_description
[3.512s] -- The C compiler identification is GNU 9.4.0
[3.512s] -- The CXX compiler identification is GNU 9.4.0
[3.512s] -- Check for working C compiler: /usr/bin/cc
[3.512s] -- Check for working C compiler: /usr/bin/cc -- works
[3.512s] -- Detecting C compiler ABI info
[3.512s] -- Detecting C compiler ABI info - done
[3.512s] -- Detecting C compile features
[3.513s] -- Detecting C compile features - done
[3.513s] -- Check for working CXX compiler: /usr/bin/c++
[3.513s] -- Check for working CXX compiler: /usr/bin/c++ -- works
[3.513s] -- Detecting CXX compiler ABI info
[3.513s] -- Detecting CXX compiler ABI info - done
[3.513s] -- Detecting CXX compile features
[3.513s] -- Detecting CXX compile features - done
[3.513s] -- Found ament_cmake: 0.9.12 (/opt/ros/foxy/share/ament_cmake/cmake)
[3.513s] -- Found PythonInterp: /usr/bin/python3 (found suitable version "3.8.10", minimum required is "3") 
[3.513s] -- Using PYTHON_EXECUTABLE: /usr/bin/python3
[3.624s] -- Override CMake install command with custom implementation using symlinks instead of copying resources
[3.661s] -- Found ament_lint_auto: 0.9.8 (/opt/ros/foxy/share/ament_lint_auto/cmake)
[3.795s] -- Added test 'copyright' to check source files copyright and LICENSE
[3.812s] -- Added test 'flake8' to check Python code syntax and style conventions
[3.812s] -- Added test 'lint_cmake' to check CMake code style
[3.814s] -- Added test 'pep257' to check Python code against some of the style conventions in PEP 257
[3.817s] -- Added test 'xmllint' to check XML markup files
[3.821s] -- Configuring done
[3.825s] -- Generating done
[3.826s] -- Build files have been written to: /home/nvidia/ros2_catkin_ws/build/deliverybot_description
[3.835s] Invoked command in '/home/nvidia/ros2_catkin_ws/build/deliverybot_description' returned '0': CMAKE_PREFIX_PATH=/opt/ros/foxy /usr/bin/cmake /home/nvidia/ros2_catkin_ws/src/deliverybot_description -DAMENT_CMAKE_SYMLINK_INSTALL=1 -DCMAKE_INSTALL_PREFIX=/home/nvidia/ros2_catkin_ws/install/deliverybot_description
[3.841s] Invoking command in '/home/nvidia/ros2_catkin_ws/build/deliverybot_description': CMAKE_PREFIX_PATH=/opt/ros/foxy /usr/bin/cmake --build /home/nvidia/ros2_catkin_ws/build/deliverybot_description -- -j8 -l8
[3.924s] Invoked command in '/home/nvidia/ros2_catkin_ws/build/deliverybot_description' returned '0': CMAKE_PREFIX_PATH=/opt/ros/foxy /usr/bin/cmake --build /home/nvidia/ros2_catkin_ws/build/deliverybot_description -- -j8 -l8
[3.963s] Invoking command in '/home/nvidia/ros2_catkin_ws/build/deliverybot_description': CMAKE_PREFIX_PATH=/opt/ros/foxy /usr/bin/cmake --install /home/nvidia/ros2_catkin_ws/build/deliverybot_description
[3.981s] -- Install configuration: ""
[3.981s] -- Execute custom install script
[3.982s] -- Symlinking: /home/nvidia/ros2_catkin_ws/install/deliverybot_description/share/deliverybot_description/config/ball_tracker_params_robot.yaml
[3.999s] -- Symlinking: /home/nvidia/ros2_catkin_ws/install/deliverybot_description/share/deliverybot_description/config/ball_tracker_params_sim.yaml
[4.015s] -- Symlinking: /home/nvidia/ros2_catkin_ws/install/deliverybot_description/share/deliverybot_description/config/drive_bot.rviz
[4.030s] -- Symlinking: /home/nvidia/ros2_catkin_ws/install/deliverybot_description/share/deliverybot_description/config/empty.yaml
[4.048s] -- Symlinking: /home/nvidia/ros2_catkin_ws/install/deliverybot_description/share/deliverybot_description/config/gaz_ros2_ctl_use_sim.yaml
[4.065s] -- Symlinking: /home/nvidia/ros2_catkin_ws/install/deliverybot_description/share/deliverybot_description/config/gazebo_params.yaml
[4.081s] -- Symlinking: /home/nvidia/ros2_catkin_ws/install/deliverybot_description/share/deliverybot_description/config/joystick.yaml
[4.097s] -- Symlinking: /home/nvidia/ros2_catkin_ws/install/deliverybot_description/share/deliverybot_description/config/main.rviz
[4.113s] -- Symlinking: /home/nvidia/ros2_catkin_ws/install/deliverybot_description/share/deliverybot_description/config/map.rviz
[4.130s] -- Symlinking: /home/nvidia/ros2_catkin_ws/install/deliverybot_description/share/deliverybot_description/config/mapper_params_online_async.yaml
[4.146s] -- Symlinking: /home/nvidia/ros2_catkin_ws/install/deliverybot_description/share/deliverybot_description/config/my_controllers.yaml
[4.165s] -- Symlinking: /home/nvidia/ros2_catkin_ws/install/deliverybot_description/share/deliverybot_description/config/nav2_params.yaml
[4.181s] -- Symlinking: /home/nvidia/ros2_catkin_ws/install/deliverybot_description/share/deliverybot_description/config/twist_mux.yaml
[4.199s] -- Symlinking: /home/nvidia/ros2_catkin_ws/install/deliverybot_description/share/deliverybot_description/config/view_bot.rviz
[4.216s] -- Symlinking: /home/nvidia/ros2_catkin_ws/install/deliverybot_description/share/deliverybot_description/description/camera.xacro
[4.230s] -- Symlinking: /home/nvidia/ros2_catkin_ws/install/deliverybot_description/share/deliverybot_description/description/common_properties.xacro
[4.248s] -- Symlinking: /home/nvidia/ros2_catkin_ws/install/deliverybot_description/share/deliverybot_description/description/deliverybot.urdf.xacro
[4.261s] -- Symlinking: /home/nvidia/ros2_catkin_ws/install/deliverybot_description/share/deliverybot_description/description/deliverybot_core.xacro
[4.280s] -- Symlinking: /home/nvidia/ros2_catkin_ws/install/deliverybot_description/share/deliverybot_description/description/depth_camera.xacro
[4.299s] -- Symlinking: /home/nvidia/ros2_catkin_ws/install/deliverybot_description/share/deliverybot_description/description/face.xacro
[4.315s] -- Symlinking: /home/nvidia/ros2_catkin_ws/install/deliverybot_description/share/deliverybot_description/description/gazebo_control.xacro
[4.335s] -- Symlinking: /home/nvidia/ros2_catkin_ws/install/deliverybot_description/share/deliverybot_description/description/inertial_macros.xacro
[4.351s] -- Symlinking: /home/nvidia/ros2_catkin_ws/install/deliverybot_description/share/deliverybot_description/description/lidar.xacro
[4.367s] -- Symlinking: /home/nvidia/ros2_catkin_ws/install/deliverybot_description/share/deliverybot_description/description/robot.urdf.xacro
[4.383s] -- Symlinking: /home/nvidia/ros2_catkin_ws/install/deliverybot_description/share/deliverybot_description/description/robot_core.xacro
[4.398s] -- Symlinking: /home/nvidia/ros2_catkin_ws/install/deliverybot_description/share/deliverybot_description/description/ros2_control.xacro
[4.417s] -- Symlinking: /home/nvidia/ros2_catkin_ws/install/deliverybot_description/share/deliverybot_description/launch/ball_tracker.launch.py
[4.434s] -- Symlinking: /home/nvidia/ros2_catkin_ws/install/deliverybot_description/share/deliverybot_description/launch/camera.launch.py
[4.449s] -- Symlinking: /home/nvidia/ros2_catkin_ws/install/deliverybot_description/share/deliverybot_description/launch/joystick.launch.py
[4.464s] -- Symlinking: /home/nvidia/ros2_catkin_ws/install/deliverybot_description/share/deliverybot_description/launch/launch_deliverybot.launch.py
[4.481s] -- Symlinking: /home/nvidia/ros2_catkin_ws/install/deliverybot_description/share/deliverybot_description/launch/launch_robot.launch.py
[4.498s] -- Symlinking: /home/nvidia/ros2_catkin_ws/install/deliverybot_description/share/deliverybot_description/launch/launch_sim.launch.py
[4.512s] -- Symlinking: /home/nvidia/ros2_catkin_ws/install/deliverybot_description/share/deliverybot_description/launch/localization_launch.py
[4.533s] -- Symlinking: /home/nvidia/ros2_catkin_ws/install/deliverybot_description/share/deliverybot_description/launch/navigation_launch.py
[4.549s] -- Symlinking: /home/nvidia/ros2_catkin_ws/install/deliverybot_description/share/deliverybot_description/launch/online_async_launch.py
[4.567s] -- Symlinking: /home/nvidia/ros2_catkin_ws/install/deliverybot_description/share/deliverybot_description/launch/rplidar.launch.py
[4.582s] -- Symlinking: /home/nvidia/ros2_catkin_ws/install/deliverybot_description/share/deliverybot_description/launch/rsp.launch.py
[4.598s] -- Symlinking: /home/nvidia/ros2_catkin_ws/install/deliverybot_description/share/deliverybot_description/worlds/empty.world
[4.614s] -- Symlinking: /home/nvidia/ros2_catkin_ws/install/deliverybot_description/share/deliverybot_description/worlds/obstacles.world
[4.631s] -- Symlinking: /home/nvidia/ros2_catkin_ws/install/deliverybot_description/share/ament_index/resource_index/package_run_dependencies/deliverybot_description
[4.647s] -- Symlinking: /home/nvidia/ros2_catkin_ws/install/deliverybot_description/share/ament_index/resource_index/parent_prefix_path/deliverybot_description
[4.664s] -- Symlinking: /home/nvidia/ros2_catkin_ws/install/deliverybot_description/share/deliverybot_description/environment/ament_prefix_path.sh
[4.682s] -- Symlinking: /home/nvidia/ros2_catkin_ws/install/deliverybot_description/share/deliverybot_description/environment/ament_prefix_path.dsv
[4.696s] -- Symlinking: /home/nvidia/ros2_catkin_ws/install/deliverybot_description/share/deliverybot_description/environment/path.sh
[4.711s] -- Symlinking: /home/nvidia/ros2_catkin_ws/install/deliverybot_description/share/deliverybot_description/environment/path.dsv
[4.727s] -- Symlinking: /home/nvidia/ros2_catkin_ws/install/deliverybot_description/share/deliverybot_description/local_setup.bash
[4.743s] -- Symlinking: /home/nvidia/ros2_catkin_ws/install/deliverybot_description/share/deliverybot_description/local_setup.sh
[4.760s] -- Symlinking: /home/nvidia/ros2_catkin_ws/install/deliverybot_description/share/deliverybot_description/local_setup.zsh
[4.777s] -- Symlinking: /home/nvidia/ros2_catkin_ws/install/deliverybot_description/share/deliverybot_description/local_setup.dsv
[4.793s] -- Symlinking: /home/nvidia/ros2_catkin_ws/install/deliverybot_description/share/deliverybot_description/package.dsv
[4.808s] -- Symlinking: /home/nvidia/ros2_catkin_ws/install/deliverybot_description/share/ament_index/resource_index/packages/deliverybot_description
[4.825s] -- Symlinking: /home/nvidia/ros2_catkin_ws/install/deliverybot_description/share/deliverybot_description/cmake/deliverybot_descriptionConfig.cmake
[4.841s] -- Symlinking: /home/nvidia/ros2_catkin_ws/install/deliverybot_description/share/deliverybot_description/cmake/deliverybot_descriptionConfig-version.cmake
[4.860s] -- Symlinking: /home/nvidia/ros2_catkin_ws/install/deliverybot_description/share/deliverybot_description/package.xml
[5.073s] Invoked command in '/home/nvidia/ros2_catkin_ws/build/deliverybot_description' returned '0': CMAKE_PREFIX_PATH=/opt/ros/foxy /usr/bin/cmake --install /home/nvidia/ros2_catkin_ws/build/deliverybot_description
