[6.599s] DEBUG:colcon:Command line arguments: ['/usr/bin/colcon', 'build', '--symlink-install']
[6.599s] DEBUG:colcon:Parsed command line arguments: Namespace(allow_overriding=[], ament_cmake_args=None, base_paths=['.'], build_base='build', catkin_cmake_args=None, catkin_skip_building_tests=False, cmake_args=None, cmake_clean_cache=False, cmake_clean_first=False, cmake_force_configure=False, cmake_target=None, cmake_target_skip_unavailable=False, continue_on_error=False, event_handlers=None, executor='parallel', ignore_user_meta=False, install_base='install', log_base=None, log_level=None, main=<bound method BuildVerb.main of <colcon_core.verb.build.BuildVerb object at 0xffffa50941f0>>, merge_install=False, metas=['./colcon.meta'], packages_above=None, packages_above_and_dependencies=None, packages_above_depth=None, packages_end=None, packages_ignore=None, packages_ignore_regex=None, packages_select=None, packages_select_build_failed=False, packages_select_by_dep=None, packages_select_regex=None, packages_select_test_failures=False, packages_skip=None, packages_skip_build_finished=False, packages_skip_by_dep=None, packages_skip_regex=None, packages_skip_test_passed=False, packages_skip_up_to=None, packages_start=None, packages_up_to=None, packages_up_to_regex=None, parallel_workers=8, paths=None, symlink_install=True, test_result_base=None, verb_extension=<colcon_core.verb.build.BuildVerb object at 0xffffa50941f0>, verb_name='build', verb_parser=<colcon_defaults.argument_parser.defaults.DefaultArgumentsDecorator object at 0xffffa4bfa550>)
[6.866s] Level 1:colcon.colcon_core.package_discovery:discover_packages(colcon_meta) check parameters
[6.866s] Level 1:colcon.colcon_core.package_discovery:discover_packages(recursive) check parameters
[6.866s] Level 1:colcon.colcon_core.package_discovery:discover_packages(ignore) check parameters
[6.866s] Level 1:colcon.colcon_core.package_discovery:discover_packages(path) check parameters
[6.866s] Level 1:colcon.colcon_core.package_discovery:discover_packages(colcon_meta) discover
[6.866s] Level 1:colcon.colcon_core.package_discovery:discover_packages(recursive) discover
[6.866s] INFO:colcon.colcon_core.package_discovery:Crawling recursively for packages in '/home/nvidia/ros2_catkin_ws'
[6.866s] Level 1:colcon.colcon_core.package_identification:_identify(.) by extensions ['ignore', 'ignore_ament_install']
[6.867s] Level 1:colcon.colcon_core.package_identification:_identify(.) by extension 'ignore'
[6.867s] Level 1:colcon.colcon_core.package_identification:_identify(.) by extension 'ignore_ament_install'
[6.867s] Level 1:colcon.colcon_core.package_identification:_identify(.) by extensions ['colcon_pkg']
[6.867s] Level 1:colcon.colcon_core.package_identification:_identify(.) by extension 'colcon_pkg'
[6.867s] Level 1:colcon.colcon_core.package_identification:_identify(.) by extensions ['colcon_meta']
[6.867s] Level 1:colcon.colcon_core.package_identification:_identify(.) by extension 'colcon_meta'
[6.867s] Level 1:colcon.colcon_core.package_identification:_identify(.) by extensions ['ros']
[6.867s] Level 1:colcon.colcon_core.package_identification:_identify(.) by extension 'ros'
[6.905s] Level 1:colcon.colcon_core.package_identification:_identify(.) by extensions ['cmake', 'python']
[6.905s] Level 1:colcon.colcon_core.package_identification:_identify(.) by extension 'cmake'
[6.905s] Level 1:colcon.colcon_core.package_identification:_identify(.) by extension 'python'
[6.906s] Level 1:colcon.colcon_core.package_identification:_identify(.) by extensions ['python_setup_py']
[6.906s] Level 1:colcon.colcon_core.package_identification:_identify(.) by extension 'python_setup_py'
[6.906s] Level 1:colcon.colcon_core.package_identification:_identify(backup) by extensions ['ignore', 'ignore_ament_install']
[6.906s] Level 1:colcon.colcon_core.package_identification:_identify(backup) by extension 'ignore'
[6.906s] Level 1:colcon.colcon_core.package_identification:_identify(backup) by extension 'ignore_ament_install'
[6.906s] Level 1:colcon.colcon_core.package_identification:_identify(backup) by extensions ['colcon_pkg']
[6.906s] Level 1:colcon.colcon_core.package_identification:_identify(backup) by extension 'colcon_pkg'
[6.906s] Level 1:colcon.colcon_core.package_identification:_identify(backup) by extensions ['colcon_meta']
[6.906s] Level 1:colcon.colcon_core.package_identification:_identify(backup) by extension 'colcon_meta'
[6.907s] Level 1:colcon.colcon_core.package_identification:_identify(backup) by extensions ['ros']
[6.907s] Level 1:colcon.colcon_core.package_identification:_identify(backup) by extension 'ros'
[6.907s] Level 1:colcon.colcon_core.package_identification:_identify(backup) by extensions ['cmake', 'python']
[6.907s] Level 1:colcon.colcon_core.package_identification:_identify(backup) by extension 'cmake'
[6.907s] Level 1:colcon.colcon_core.package_identification:_identify(backup) by extension 'python'
[6.907s] Level 1:colcon.colcon_core.package_identification:_identify(backup) by extensions ['python_setup_py']
[6.907s] Level 1:colcon.colcon_core.package_identification:_identify(backup) by extension 'python_setup_py'
[6.907s] Level 1:colcon.colcon_core.package_identification:_identify(backup/build) by extensions ['ignore', 'ignore_ament_install']
[6.907s] Level 1:colcon.colcon_core.package_identification:_identify(backup/build) by extension 'ignore'
[6.907s] Level 1:colcon.colcon_core.package_identification:_identify(backup/build) ignored
[6.908s] Level 1:colcon.colcon_core.package_identification:_identify(backup/install) by extensions ['ignore', 'ignore_ament_install']
[6.908s] Level 1:colcon.colcon_core.package_identification:_identify(backup/install) by extension 'ignore'
[6.908s] Level 1:colcon.colcon_core.package_identification:_identify(backup/install) ignored
[6.908s] Level 1:colcon.colcon_core.package_identification:_identify(backup/log) by extensions ['ignore', 'ignore_ament_install']
[6.908s] Level 1:colcon.colcon_core.package_identification:_identify(backup/log) by extension 'ignore'
[6.908s] Level 1:colcon.colcon_core.package_identification:_identify(backup/log) ignored
[6.908s] Level 1:colcon.colcon_core.package_identification:_identify(build) by extensions ['ignore', 'ignore_ament_install']
[6.909s] Level 1:colcon.colcon_core.package_identification:_identify(build) by extension 'ignore'
[6.909s] Level 1:colcon.colcon_core.package_identification:_identify(build) ignored
[6.909s] Level 1:colcon.colcon_core.package_identification:_identify(install) by extensions ['ignore', 'ignore_ament_install']
[6.909s] Level 1:colcon.colcon_core.package_identification:_identify(install) by extension 'ignore'
[6.909s] Level 1:colcon.colcon_core.package_identification:_identify(install) ignored
[6.909s] Level 1:colcon.colcon_core.package_identification:_identify(log) by extensions ['ignore', 'ignore_ament_install']
[6.909s] Level 1:colcon.colcon_core.package_identification:_identify(log) by extension 'ignore'
[6.909s] Level 1:colcon.colcon_core.package_identification:_identify(log) ignored
[6.909s] Level 1:colcon.colcon_core.package_identification:_identify(src) by extensions ['ignore', 'ignore_ament_install']
[6.910s] Level 1:colcon.colcon_core.package_identification:_identify(src) by extension 'ignore'
[6.910s] Level 1:colcon.colcon_core.package_identification:_identify(src) by extension 'ignore_ament_install'
[6.910s] Level 1:colcon.colcon_core.package_identification:_identify(src) by extensions ['colcon_pkg']
[6.910s] Level 1:colcon.colcon_core.package_identification:_identify(src) by extension 'colcon_pkg'
[6.910s] Level 1:colcon.colcon_core.package_identification:_identify(src) by extensions ['colcon_meta']
[6.910s] Level 1:colcon.colcon_core.package_identification:_identify(src) by extension 'colcon_meta'
[6.910s] Level 1:colcon.colcon_core.package_identification:_identify(src) by extensions ['ros']
[6.910s] Level 1:colcon.colcon_core.package_identification:_identify(src) by extension 'ros'
[6.910s] Level 1:colcon.colcon_core.package_identification:_identify(src) by extensions ['cmake', 'python']
[6.910s] Level 1:colcon.colcon_core.package_identification:_identify(src) by extension 'cmake'
[6.910s] Level 1:colcon.colcon_core.package_identification:_identify(src) by extension 'python'
[6.910s] Level 1:colcon.colcon_core.package_identification:_identify(src) by extensions ['python_setup_py']
[6.910s] Level 1:colcon.colcon_core.package_identification:_identify(src) by extension 'python_setup_py'
[6.911s] Level 1:colcon.colcon_core.package_identification:_identify(src/deliverybot_bringup) by extensions ['ignore', 'ignore_ament_install']
[6.911s] Level 1:colcon.colcon_core.package_identification:_identify(src/deliverybot_bringup) by extension 'ignore'
[6.911s] Level 1:colcon.colcon_core.package_identification:_identify(src/deliverybot_bringup) by extension 'ignore_ament_install'
[6.911s] Level 1:colcon.colcon_core.package_identification:_identify(src/deliverybot_bringup) by extensions ['colcon_pkg']
[6.911s] Level 1:colcon.colcon_core.package_identification:_identify(src/deliverybot_bringup) by extension 'colcon_pkg'
[6.911s] Level 1:colcon.colcon_core.package_identification:_identify(src/deliverybot_bringup) by extensions ['colcon_meta']
[6.911s] Level 1:colcon.colcon_core.package_identification:_identify(src/deliverybot_bringup) by extension 'colcon_meta'
[6.911s] Level 1:colcon.colcon_core.package_identification:_identify(src/deliverybot_bringup) by extensions ['ros']
[6.911s] Level 1:colcon.colcon_core.package_identification:_identify(src/deliverybot_bringup) by extension 'ros'
[6.915s] DEBUG:colcon.colcon_core.package_identification:Package 'src/deliverybot_bringup' with type 'ros.ament_cmake' and name 'deliverybot_bringup'
[6.916s] Level 1:colcon.colcon_core.package_identification:_identify(src/deliverybot_description) by extensions ['ignore', 'ignore_ament_install']
[6.916s] Level 1:colcon.colcon_core.package_identification:_identify(src/deliverybot_description) by extension 'ignore'
[6.916s] Level 1:colcon.colcon_core.package_identification:_identify(src/deliverybot_description) by extension 'ignore_ament_install'
[6.916s] Level 1:colcon.colcon_core.package_identification:_identify(src/deliverybot_description) by extensions ['colcon_pkg']
[6.916s] Level 1:colcon.colcon_core.package_identification:_identify(src/deliverybot_description) by extension 'colcon_pkg'
[6.916s] Level 1:colcon.colcon_core.package_identification:_identify(src/deliverybot_description) by extensions ['colcon_meta']
[6.916s] Level 1:colcon.colcon_core.package_identification:_identify(src/deliverybot_description) by extension 'colcon_meta'
[6.916s] Level 1:colcon.colcon_core.package_identification:_identify(src/deliverybot_description) by extensions ['ros']
[6.916s] Level 1:colcon.colcon_core.package_identification:_identify(src/deliverybot_description) by extension 'ros'
[6.917s] DEBUG:colcon.colcon_core.package_identification:Package 'src/deliverybot_description' with type 'ros.ament_cmake' and name 'deliverybot_description'
[6.917s] Level 1:colcon.colcon_core.package_identification:_identify(src/depthimage_to_laserscan) by extensions ['ignore', 'ignore_ament_install']
[6.917s] Level 1:colcon.colcon_core.package_identification:_identify(src/depthimage_to_laserscan) by extension 'ignore'
[6.918s] Level 1:colcon.colcon_core.package_identification:_identify(src/depthimage_to_laserscan) by extension 'ignore_ament_install'
[6.918s] Level 1:colcon.colcon_core.package_identification:_identify(src/depthimage_to_laserscan) by extensions ['colcon_pkg']
[6.918s] Level 1:colcon.colcon_core.package_identification:_identify(src/depthimage_to_laserscan) by extension 'colcon_pkg'
[6.918s] Level 1:colcon.colcon_core.package_identification:_identify(src/depthimage_to_laserscan) by extensions ['colcon_meta']
[6.918s] Level 1:colcon.colcon_core.package_identification:_identify(src/depthimage_to_laserscan) by extension 'colcon_meta'
[6.918s] Level 1:colcon.colcon_core.package_identification:_identify(src/depthimage_to_laserscan) by extensions ['ros']
[6.918s] Level 1:colcon.colcon_core.package_identification:_identify(src/depthimage_to_laserscan) by extension 'ros'
[6.919s] DEBUG:colcon.colcon_core.package_identification:Package 'src/depthimage_to_laserscan' with type 'ros.ament_cmake' and name 'depthimage_to_laserscan'
[6.919s] Level 1:colcon.colcon_core.package_identification:_identify(src/laser_filters) by extensions ['ignore', 'ignore_ament_install']
[6.920s] Level 1:colcon.colcon_core.package_identification:_identify(src/laser_filters) by extension 'ignore'
[6.920s] Level 1:colcon.colcon_core.package_identification:_identify(src/laser_filters) by extension 'ignore_ament_install'
[6.920s] Level 1:colcon.colcon_core.package_identification:_identify(src/laser_filters) by extensions ['colcon_pkg']
[6.920s] Level 1:colcon.colcon_core.package_identification:_identify(src/laser_filters) by extension 'colcon_pkg'
[6.920s] Level 1:colcon.colcon_core.package_identification:_identify(src/laser_filters) by extensions ['colcon_meta']
[6.920s] Level 1:colcon.colcon_core.package_identification:_identify(src/laser_filters) by extension 'colcon_meta'
[6.920s] Level 1:colcon.colcon_core.package_identification:_identify(src/laser_filters) by extensions ['ros']
[6.920s] Level 1:colcon.colcon_core.package_identification:_identify(src/laser_filters) by extension 'ros'
[6.922s] DEBUG:colcon.colcon_core.package_identification:Package 'src/laser_filters' with type 'ros.ament_cmake' and name 'laser_filters'
[6.922s] Level 1:colcon.colcon_core.package_identification:_identify(src/livox_frame_remap) by extensions ['ignore', 'ignore_ament_install']
[6.922s] Level 1:colcon.colcon_core.package_identification:_identify(src/livox_frame_remap) by extension 'ignore'
[6.922s] Level 1:colcon.colcon_core.package_identification:_identify(src/livox_frame_remap) by extension 'ignore_ament_install'
[6.922s] Level 1:colcon.colcon_core.package_identification:_identify(src/livox_frame_remap) by extensions ['colcon_pkg']
[6.922s] Level 1:colcon.colcon_core.package_identification:_identify(src/livox_frame_remap) by extension 'colcon_pkg'
[6.922s] Level 1:colcon.colcon_core.package_identification:_identify(src/livox_frame_remap) by extensions ['colcon_meta']
[6.922s] Level 1:colcon.colcon_core.package_identification:_identify(src/livox_frame_remap) by extension 'colcon_meta'
[6.922s] Level 1:colcon.colcon_core.package_identification:_identify(src/livox_frame_remap) by extensions ['ros']
[6.923s] Level 1:colcon.colcon_core.package_identification:_identify(src/livox_frame_remap) by extension 'ros'
[6.923s] DEBUG:colcon.colcon_core.package_identification:Package 'src/livox_frame_remap' with type 'ros.ament_python' and name 'livox_frame_remap'
[6.923s] Level 1:colcon.colcon_core.package_identification:_identify(src/pointcloud_to_laserscan) by extensions ['ignore', 'ignore_ament_install']
[6.923s] Level 1:colcon.colcon_core.package_identification:_identify(src/pointcloud_to_laserscan) by extension 'ignore'
[6.924s] Level 1:colcon.colcon_core.package_identification:_identify(src/pointcloud_to_laserscan) by extension 'ignore_ament_install'
[6.924s] Level 1:colcon.colcon_core.package_identification:_identify(src/pointcloud_to_laserscan) by extensions ['colcon_pkg']
[6.924s] Level 1:colcon.colcon_core.package_identification:_identify(src/pointcloud_to_laserscan) by extension 'colcon_pkg'
[6.924s] Level 1:colcon.colcon_core.package_identification:_identify(src/pointcloud_to_laserscan) by extensions ['colcon_meta']
[6.924s] Level 1:colcon.colcon_core.package_identification:_identify(src/pointcloud_to_laserscan) by extension 'colcon_meta'
[6.924s] Level 1:colcon.colcon_core.package_identification:_identify(src/pointcloud_to_laserscan) by extensions ['ros']
[6.924s] Level 1:colcon.colcon_core.package_identification:_identify(src/pointcloud_to_laserscan) by extension 'ros'
[6.926s] DEBUG:colcon.colcon_core.package_identification:Package 'src/pointcloud_to_laserscan' with type 'ros.ament_cmake' and name 'pointcloud_to_laserscan'
[6.926s] Level 1:colcon.colcon_core.package_identification:_identify(src/scout_nav2) by extensions ['ignore', 'ignore_ament_install']
[6.926s] Level 1:colcon.colcon_core.package_identification:_identify(src/scout_nav2) by extension 'ignore'
[6.926s] Level 1:colcon.colcon_core.package_identification:_identify(src/scout_nav2) by extension 'ignore_ament_install'
[6.926s] Level 1:colcon.colcon_core.package_identification:_identify(src/scout_nav2) by extensions ['colcon_pkg']
[6.926s] Level 1:colcon.colcon_core.package_identification:_identify(src/scout_nav2) by extension 'colcon_pkg'
[6.926s] Level 1:colcon.colcon_core.package_identification:_identify(src/scout_nav2) by extensions ['colcon_meta']
[6.926s] Level 1:colcon.colcon_core.package_identification:_identify(src/scout_nav2) by extension 'colcon_meta'
[6.927s] Level 1:colcon.colcon_core.package_identification:_identify(src/scout_nav2) by extensions ['ros']
[6.927s] Level 1:colcon.colcon_core.package_identification:_identify(src/scout_nav2) by extension 'ros'
[6.927s] Level 1:colcon.colcon_core.package_identification:_identify(src/scout_nav2) by extensions ['cmake', 'python']
[6.927s] Level 1:colcon.colcon_core.package_identification:_identify(src/scout_nav2) by extension 'cmake'
[6.927s] Level 1:colcon.colcon_core.package_identification:_identify(src/scout_nav2) by extension 'python'
[6.927s] Level 1:colcon.colcon_core.package_identification:_identify(src/scout_nav2) by extensions ['python_setup_py']
[6.927s] Level 1:colcon.colcon_core.package_identification:_identify(src/scout_nav2) by extension 'python_setup_py'
[6.927s] Level 1:colcon.colcon_core.package_identification:_identify(src/scout_nav2/agilex_scout) by extensions ['ignore', 'ignore_ament_install']
[6.927s] Level 1:colcon.colcon_core.package_identification:_identify(src/scout_nav2/agilex_scout) by extension 'ignore'
[6.927s] Level 1:colcon.colcon_core.package_identification:_identify(src/scout_nav2/agilex_scout) by extension 'ignore_ament_install'
[6.927s] Level 1:colcon.colcon_core.package_identification:_identify(src/scout_nav2/agilex_scout) by extensions ['colcon_pkg']
[6.928s] Level 1:colcon.colcon_core.package_identification:_identify(src/scout_nav2/agilex_scout) by extension 'colcon_pkg'
[6.928s] Level 1:colcon.colcon_core.package_identification:_identify(src/scout_nav2/agilex_scout) by extensions ['colcon_meta']
[6.928s] Level 1:colcon.colcon_core.package_identification:_identify(src/scout_nav2/agilex_scout) by extension 'colcon_meta'
[6.928s] Level 1:colcon.colcon_core.package_identification:_identify(src/scout_nav2/agilex_scout) by extensions ['ros']
[6.928s] Level 1:colcon.colcon_core.package_identification:_identify(src/scout_nav2/agilex_scout) by extension 'ros'
[6.929s] DEBUG:colcon.colcon_core.package_identification:Package 'src/scout_nav2/agilex_scout' with type 'ros.ament_cmake' and name 'agilex_scout'
[6.929s] Level 1:colcon.colcon_core.package_identification:_identify(src/scout_nav2/aws-robomaker-small-warehouse-world) by extensions ['ignore', 'ignore_ament_install']
[6.929s] Level 1:colcon.colcon_core.package_identification:_identify(src/scout_nav2/aws-robomaker-small-warehouse-world) by extension 'ignore'
[6.929s] Level 1:colcon.colcon_core.package_identification:_identify(src/scout_nav2/aws-robomaker-small-warehouse-world) by extension 'ignore_ament_install'
[6.929s] Level 1:colcon.colcon_core.package_identification:_identify(src/scout_nav2/aws-robomaker-small-warehouse-world) by extensions ['colcon_pkg']
[6.929s] Level 1:colcon.colcon_core.package_identification:_identify(src/scout_nav2/aws-robomaker-small-warehouse-world) by extension 'colcon_pkg'
[6.929s] Level 1:colcon.colcon_core.package_identification:_identify(src/scout_nav2/aws-robomaker-small-warehouse-world) by extensions ['colcon_meta']
[6.929s] Level 1:colcon.colcon_core.package_identification:_identify(src/scout_nav2/aws-robomaker-small-warehouse-world) by extension 'colcon_meta'
[6.930s] Level 1:colcon.colcon_core.package_identification:_identify(src/scout_nav2/aws-robomaker-small-warehouse-world) by extensions ['ros']
[6.930s] Level 1:colcon.colcon_core.package_identification:_identify(src/scout_nav2/aws-robomaker-small-warehouse-world) by extension 'ros'
[6.930s] DEBUG:colcon.colcon_core.package_identification:Package 'src/scout_nav2/aws-robomaker-small-warehouse-world' with type 'ros.ament_cmake' and name 'aws_robomaker_small_warehouse_world'
[6.931s] Level 1:colcon.colcon_core.package_identification:_identify(src/scout_nav2/nav2_bringup) by extensions ['ignore', 'ignore_ament_install']
[6.931s] Level 1:colcon.colcon_core.package_identification:_identify(src/scout_nav2/nav2_bringup) by extension 'ignore'
[6.931s] Level 1:colcon.colcon_core.package_identification:_identify(src/scout_nav2/nav2_bringup) by extension 'ignore_ament_install'
[6.931s] Level 1:colcon.colcon_core.package_identification:_identify(src/scout_nav2/nav2_bringup) by extensions ['colcon_pkg']
[6.931s] Level 1:colcon.colcon_core.package_identification:_identify(src/scout_nav2/nav2_bringup) by extension 'colcon_pkg'
[6.931s] Level 1:colcon.colcon_core.package_identification:_identify(src/scout_nav2/nav2_bringup) by extensions ['colcon_meta']
[6.931s] Level 1:colcon.colcon_core.package_identification:_identify(src/scout_nav2/nav2_bringup) by extension 'colcon_meta'
[6.931s] Level 1:colcon.colcon_core.package_identification:_identify(src/scout_nav2/nav2_bringup) by extensions ['ros']
[6.931s] Level 1:colcon.colcon_core.package_identification:_identify(src/scout_nav2/nav2_bringup) by extension 'ros'
[6.932s] DEBUG:colcon.colcon_core.package_identification:Package 'src/scout_nav2/nav2_bringup' with type 'ros.ament_cmake' and name 'nav2_bringup_custom'
[6.932s] Level 1:colcon.colcon_core.package_identification:_identify(src/scout_nav2/scout_nav2) by extensions ['ignore', 'ignore_ament_install']
[6.932s] Level 1:colcon.colcon_core.package_identification:_identify(src/scout_nav2/scout_nav2) by extension 'ignore'
[6.932s] Level 1:colcon.colcon_core.package_identification:_identify(src/scout_nav2/scout_nav2) by extension 'ignore_ament_install'
[6.933s] Level 1:colcon.colcon_core.package_identification:_identify(src/scout_nav2/scout_nav2) by extensions ['colcon_pkg']
[6.933s] Level 1:colcon.colcon_core.package_identification:_identify(src/scout_nav2/scout_nav2) by extension 'colcon_pkg'
[6.933s] Level 1:colcon.colcon_core.package_identification:_identify(src/scout_nav2/scout_nav2) by extensions ['colcon_meta']
[6.933s] Level 1:colcon.colcon_core.package_identification:_identify(src/scout_nav2/scout_nav2) by extension 'colcon_meta'
[6.933s] Level 1:colcon.colcon_core.package_identification:_identify(src/scout_nav2/scout_nav2) by extensions ['ros']
[6.933s] Level 1:colcon.colcon_core.package_identification:_identify(src/scout_nav2/scout_nav2) by extension 'ros'
[6.934s] DEBUG:colcon.colcon_core.package_identification:Package 'src/scout_nav2/scout_nav2' with type 'ros.ament_python' and name 'scout_nav2'
[6.934s] Level 1:colcon.colcon_core.package_discovery:discover_packages(recursive) using defaults
[6.934s] Level 1:colcon.colcon_core.package_discovery:discover_packages(ignore) discover
[6.934s] Level 1:colcon.colcon_core.package_discovery:discover_packages(ignore) using defaults
[6.934s] Level 1:colcon.colcon_core.package_discovery:discover_packages(path) discover
[6.934s] Level 1:colcon.colcon_core.package_discovery:discover_packages(path) using defaults
[7.549s] Level 1:colcon.colcon_core.package_discovery:discover_packages(prefix_path) check parameters
[7.549s] Level 1:colcon.colcon_core.package_discovery:discover_packages(prefix_path) discover
[7.785s] DEBUG:colcon.colcon_installed_package_information.package_discovery:Found 10 installed packages in /home/nvidia/ros2_catkin_ws/install
[7.786s] Level 1:colcon.colcon_core.package_discovery:discover_packages(prefix_path) using defaults
[8.022s] Level 5:colcon.colcon_core.verb:set package 'agilex_scout' build argument 'cmake_args' from command line to 'None'
[8.022s] Level 5:colcon.colcon_core.verb:set package 'agilex_scout' build argument 'cmake_target' from command line to 'None'
[8.022s] Level 5:colcon.colcon_core.verb:set package 'agilex_scout' build argument 'cmake_target_skip_unavailable' from command line to 'False'
[8.022s] Level 5:colcon.colcon_core.verb:set package 'agilex_scout' build argument 'cmake_clean_cache' from command line to 'False'
[8.022s] Level 5:colcon.colcon_core.verb:set package 'agilex_scout' build argument 'cmake_clean_first' from command line to 'False'
[8.022s] Level 5:colcon.colcon_core.verb:set package 'agilex_scout' build argument 'cmake_force_configure' from command line to 'False'
[8.022s] Level 5:colcon.colcon_core.verb:set package 'agilex_scout' build argument 'ament_cmake_args' from command line to 'None'
[8.022s] Level 5:colcon.colcon_core.verb:set package 'agilex_scout' build argument 'catkin_cmake_args' from command line to 'None'
[8.022s] Level 5:colcon.colcon_core.verb:set package 'agilex_scout' build argument 'catkin_skip_building_tests' from command line to 'False'
[8.022s] DEBUG:colcon.colcon_core.verb:Building package 'agilex_scout' with the following arguments: {'ament_cmake_args': None, 'build_base': '/home/nvidia/ros2_catkin_ws/build/agilex_scout', 'catkin_cmake_args': None, 'catkin_skip_building_tests': False, 'cmake_args': None, 'cmake_clean_cache': False, 'cmake_clean_first': False, 'cmake_force_configure': False, 'cmake_target': None, 'cmake_target_skip_unavailable': False, 'install_base': '/home/nvidia/ros2_catkin_ws/install/agilex_scout', 'merge_install': False, 'path': '/home/nvidia/ros2_catkin_ws/src/scout_nav2/agilex_scout', 'symlink_install': True, 'test_result_base': None}
[8.139s] Level 5:colcon.colcon_core.verb:set package 'aws_robomaker_small_warehouse_world' build argument 'cmake_args' from command line to 'None'
[8.139s] Level 5:colcon.colcon_core.verb:set package 'aws_robomaker_small_warehouse_world' build argument 'cmake_target' from command line to 'None'
[8.139s] Level 5:colcon.colcon_core.verb:set package 'aws_robomaker_small_warehouse_world' build argument 'cmake_target_skip_unavailable' from command line to 'False'
[8.139s] Level 5:colcon.colcon_core.verb:set package 'aws_robomaker_small_warehouse_world' build argument 'cmake_clean_cache' from command line to 'False'
[8.139s] Level 5:colcon.colcon_core.verb:set package 'aws_robomaker_small_warehouse_world' build argument 'cmake_clean_first' from command line to 'False'
[8.139s] Level 5:colcon.colcon_core.verb:set package 'aws_robomaker_small_warehouse_world' build argument 'cmake_force_configure' from command line to 'False'
[8.139s] Level 5:colcon.colcon_core.verb:set package 'aws_robomaker_small_warehouse_world' build argument 'ament_cmake_args' from command line to 'None'
[8.139s] Level 5:colcon.colcon_core.verb:set package 'aws_robomaker_small_warehouse_world' build argument 'catkin_cmake_args' from command line to 'None'
[8.139s] Level 5:colcon.colcon_core.verb:set package 'aws_robomaker_small_warehouse_world' build argument 'catkin_skip_building_tests' from command line to 'False'
[8.139s] DEBUG:colcon.colcon_core.verb:Building package 'aws_robomaker_small_warehouse_world' with the following arguments: {'ament_cmake_args': None, 'build_base': '/home/nvidia/ros2_catkin_ws/build/aws_robomaker_small_warehouse_world', 'catkin_cmake_args': None, 'catkin_skip_building_tests': False, 'cmake_args': None, 'cmake_clean_cache': False, 'cmake_clean_first': False, 'cmake_force_configure': False, 'cmake_target': None, 'cmake_target_skip_unavailable': False, 'install_base': '/home/nvidia/ros2_catkin_ws/install/aws_robomaker_small_warehouse_world', 'merge_install': False, 'path': '/home/nvidia/ros2_catkin_ws/src/scout_nav2/aws-robomaker-small-warehouse-world', 'symlink_install': True, 'test_result_base': None}
[8.257s] Level 5:colcon.colcon_core.verb:set package 'deliverybot_bringup' build argument 'cmake_args' from command line to 'None'
[8.257s] Level 5:colcon.colcon_core.verb:set package 'deliverybot_bringup' build argument 'cmake_target' from command line to 'None'
[8.257s] Level 5:colcon.colcon_core.verb:set package 'deliverybot_bringup' build argument 'cmake_target_skip_unavailable' from command line to 'False'
[8.257s] Level 5:colcon.colcon_core.verb:set package 'deliverybot_bringup' build argument 'cmake_clean_cache' from command line to 'False'
[8.257s] Level 5:colcon.colcon_core.verb:set package 'deliverybot_bringup' build argument 'cmake_clean_first' from command line to 'False'
[8.257s] Level 5:colcon.colcon_core.verb:set package 'deliverybot_bringup' build argument 'cmake_force_configure' from command line to 'False'
[8.257s] Level 5:colcon.colcon_core.verb:set package 'deliverybot_bringup' build argument 'ament_cmake_args' from command line to 'None'
[8.257s] Level 5:colcon.colcon_core.verb:set package 'deliverybot_bringup' build argument 'catkin_cmake_args' from command line to 'None'
[8.257s] Level 5:colcon.colcon_core.verb:set package 'deliverybot_bringup' build argument 'catkin_skip_building_tests' from command line to 'False'
[8.257s] DEBUG:colcon.colcon_core.verb:Building package 'deliverybot_bringup' with the following arguments: {'ament_cmake_args': None, 'build_base': '/home/nvidia/ros2_catkin_ws/build/deliverybot_bringup', 'catkin_cmake_args': None, 'catkin_skip_building_tests': False, 'cmake_args': None, 'cmake_clean_cache': False, 'cmake_clean_first': False, 'cmake_force_configure': False, 'cmake_target': None, 'cmake_target_skip_unavailable': False, 'install_base': '/home/nvidia/ros2_catkin_ws/install/deliverybot_bringup', 'merge_install': False, 'path': '/home/nvidia/ros2_catkin_ws/src/deliverybot_bringup', 'symlink_install': True, 'test_result_base': None}
[8.374s] Level 5:colcon.colcon_core.verb:set package 'deliverybot_description' build argument 'cmake_args' from command line to 'None'
[8.375s] Level 5:colcon.colcon_core.verb:set package 'deliverybot_description' build argument 'cmake_target' from command line to 'None'
[8.375s] Level 5:colcon.colcon_core.verb:set package 'deliverybot_description' build argument 'cmake_target_skip_unavailable' from command line to 'False'
[8.375s] Level 5:colcon.colcon_core.verb:set package 'deliverybot_description' build argument 'cmake_clean_cache' from command line to 'False'
[8.375s] Level 5:colcon.colcon_core.verb:set package 'deliverybot_description' build argument 'cmake_clean_first' from command line to 'False'
[8.375s] Level 5:colcon.colcon_core.verb:set package 'deliverybot_description' build argument 'cmake_force_configure' from command line to 'False'
[8.375s] Level 5:colcon.colcon_core.verb:set package 'deliverybot_description' build argument 'ament_cmake_args' from command line to 'None'
[8.375s] Level 5:colcon.colcon_core.verb:set package 'deliverybot_description' build argument 'catkin_cmake_args' from command line to 'None'
[8.375s] Level 5:colcon.colcon_core.verb:set package 'deliverybot_description' build argument 'catkin_skip_building_tests' from command line to 'False'
[8.375s] DEBUG:colcon.colcon_core.verb:Building package 'deliverybot_description' with the following arguments: {'ament_cmake_args': None, 'build_base': '/home/nvidia/ros2_catkin_ws/build/deliverybot_description', 'catkin_cmake_args': None, 'catkin_skip_building_tests': False, 'cmake_args': None, 'cmake_clean_cache': False, 'cmake_clean_first': False, 'cmake_force_configure': False, 'cmake_target': None, 'cmake_target_skip_unavailable': False, 'install_base': '/home/nvidia/ros2_catkin_ws/install/deliverybot_description', 'merge_install': False, 'path': '/home/nvidia/ros2_catkin_ws/src/deliverybot_description', 'symlink_install': True, 'test_result_base': None}
[8.492s] Level 5:colcon.colcon_core.verb:set package 'depthimage_to_laserscan' build argument 'cmake_args' from command line to 'None'
[8.493s] Level 5:colcon.colcon_core.verb:set package 'depthimage_to_laserscan' build argument 'cmake_target' from command line to 'None'
[8.493s] Level 5:colcon.colcon_core.verb:set package 'depthimage_to_laserscan' build argument 'cmake_target_skip_unavailable' from command line to 'False'
[8.493s] Level 5:colcon.colcon_core.verb:set package 'depthimage_to_laserscan' build argument 'cmake_clean_cache' from command line to 'False'
[8.493s] Level 5:colcon.colcon_core.verb:set package 'depthimage_to_laserscan' build argument 'cmake_clean_first' from command line to 'False'
[8.493s] Level 5:colcon.colcon_core.verb:set package 'depthimage_to_laserscan' build argument 'cmake_force_configure' from command line to 'False'
[8.493s] Level 5:colcon.colcon_core.verb:set package 'depthimage_to_laserscan' build argument 'ament_cmake_args' from command line to 'None'
[8.493s] Level 5:colcon.colcon_core.verb:set package 'depthimage_to_laserscan' build argument 'catkin_cmake_args' from command line to 'None'
[8.493s] Level 5:colcon.colcon_core.verb:set package 'depthimage_to_laserscan' build argument 'catkin_skip_building_tests' from command line to 'False'
[8.493s] DEBUG:colcon.colcon_core.verb:Building package 'depthimage_to_laserscan' with the following arguments: {'ament_cmake_args': None, 'build_base': '/home/nvidia/ros2_catkin_ws/build/depthimage_to_laserscan', 'catkin_cmake_args': None, 'catkin_skip_building_tests': False, 'cmake_args': None, 'cmake_clean_cache': False, 'cmake_clean_first': False, 'cmake_force_configure': False, 'cmake_target': None, 'cmake_target_skip_unavailable': False, 'install_base': '/home/nvidia/ros2_catkin_ws/install/depthimage_to_laserscan', 'merge_install': False, 'path': '/home/nvidia/ros2_catkin_ws/src/depthimage_to_laserscan', 'symlink_install': True, 'test_result_base': None}
[8.610s] Level 5:colcon.colcon_core.verb:set package 'laser_filters' build argument 'cmake_args' from command line to 'None'
[8.610s] Level 5:colcon.colcon_core.verb:set package 'laser_filters' build argument 'cmake_target' from command line to 'None'
[8.610s] Level 5:colcon.colcon_core.verb:set package 'laser_filters' build argument 'cmake_target_skip_unavailable' from command line to 'False'
[8.610s] Level 5:colcon.colcon_core.verb:set package 'laser_filters' build argument 'cmake_clean_cache' from command line to 'False'
[8.610s] Level 5:colcon.colcon_core.verb:set package 'laser_filters' build argument 'cmake_clean_first' from command line to 'False'
[8.610s] Level 5:colcon.colcon_core.verb:set package 'laser_filters' build argument 'cmake_force_configure' from command line to 'False'
[8.610s] Level 5:colcon.colcon_core.verb:set package 'laser_filters' build argument 'ament_cmake_args' from command line to 'None'
[8.610s] Level 5:colcon.colcon_core.verb:set package 'laser_filters' build argument 'catkin_cmake_args' from command line to 'None'
[8.610s] Level 5:colcon.colcon_core.verb:set package 'laser_filters' build argument 'catkin_skip_building_tests' from command line to 'False'
[8.610s] DEBUG:colcon.colcon_core.verb:Building package 'laser_filters' with the following arguments: {'ament_cmake_args': None, 'build_base': '/home/nvidia/ros2_catkin_ws/build/laser_filters', 'catkin_cmake_args': None, 'catkin_skip_building_tests': False, 'cmake_args': None, 'cmake_clean_cache': False, 'cmake_clean_first': False, 'cmake_force_configure': False, 'cmake_target': None, 'cmake_target_skip_unavailable': False, 'install_base': '/home/nvidia/ros2_catkin_ws/install/laser_filters', 'merge_install': False, 'path': '/home/nvidia/ros2_catkin_ws/src/laser_filters', 'symlink_install': True, 'test_result_base': None}
[8.727s] Level 5:colcon.colcon_core.verb:set package 'livox_frame_remap' build argument 'cmake_args' from command line to 'None'
[8.727s] Level 5:colcon.colcon_core.verb:set package 'livox_frame_remap' build argument 'cmake_target' from command line to 'None'
[8.727s] Level 5:colcon.colcon_core.verb:set package 'livox_frame_remap' build argument 'cmake_target_skip_unavailable' from command line to 'False'
[8.727s] Level 5:colcon.colcon_core.verb:set package 'livox_frame_remap' build argument 'cmake_clean_cache' from command line to 'False'
[8.727s] Level 5:colcon.colcon_core.verb:set package 'livox_frame_remap' build argument 'cmake_clean_first' from command line to 'False'
[8.727s] Level 5:colcon.colcon_core.verb:set package 'livox_frame_remap' build argument 'cmake_force_configure' from command line to 'False'
[8.727s] Level 5:colcon.colcon_core.verb:set package 'livox_frame_remap' build argument 'ament_cmake_args' from command line to 'None'
[8.727s] Level 5:colcon.colcon_core.verb:set package 'livox_frame_remap' build argument 'catkin_cmake_args' from command line to 'None'
[8.727s] Level 5:colcon.colcon_core.verb:set package 'livox_frame_remap' build argument 'catkin_skip_building_tests' from command line to 'False'
[8.727s] DEBUG:colcon.colcon_core.verb:Building package 'livox_frame_remap' with the following arguments: {'ament_cmake_args': None, 'build_base': '/home/nvidia/ros2_catkin_ws/build/livox_frame_remap', 'catkin_cmake_args': None, 'catkin_skip_building_tests': False, 'cmake_args': None, 'cmake_clean_cache': False, 'cmake_clean_first': False, 'cmake_force_configure': False, 'cmake_target': None, 'cmake_target_skip_unavailable': False, 'install_base': '/home/nvidia/ros2_catkin_ws/install/livox_frame_remap', 'merge_install': False, 'path': '/home/nvidia/ros2_catkin_ws/src/livox_frame_remap', 'symlink_install': True, 'test_result_base': None}
[8.844s] Level 5:colcon.colcon_core.verb:set package 'nav2_bringup_custom' build argument 'cmake_args' from command line to 'None'
[8.844s] Level 5:colcon.colcon_core.verb:set package 'nav2_bringup_custom' build argument 'cmake_target' from command line to 'None'
[8.844s] Level 5:colcon.colcon_core.verb:set package 'nav2_bringup_custom' build argument 'cmake_target_skip_unavailable' from command line to 'False'
[8.844s] Level 5:colcon.colcon_core.verb:set package 'nav2_bringup_custom' build argument 'cmake_clean_cache' from command line to 'False'
[8.844s] Level 5:colcon.colcon_core.verb:set package 'nav2_bringup_custom' build argument 'cmake_clean_first' from command line to 'False'
[8.845s] Level 5:colcon.colcon_core.verb:set package 'nav2_bringup_custom' build argument 'cmake_force_configure' from command line to 'False'
[8.845s] Level 5:colcon.colcon_core.verb:set package 'nav2_bringup_custom' build argument 'ament_cmake_args' from command line to 'None'
[8.845s] Level 5:colcon.colcon_core.verb:set package 'nav2_bringup_custom' build argument 'catkin_cmake_args' from command line to 'None'
[8.845s] Level 5:colcon.colcon_core.verb:set package 'nav2_bringup_custom' build argument 'catkin_skip_building_tests' from command line to 'False'
[8.845s] DEBUG:colcon.colcon_core.verb:Building package 'nav2_bringup_custom' with the following arguments: {'ament_cmake_args': None, 'build_base': '/home/nvidia/ros2_catkin_ws/build/nav2_bringup_custom', 'catkin_cmake_args': None, 'catkin_skip_building_tests': False, 'cmake_args': None, 'cmake_clean_cache': False, 'cmake_clean_first': False, 'cmake_force_configure': False, 'cmake_target': None, 'cmake_target_skip_unavailable': False, 'install_base': '/home/nvidia/ros2_catkin_ws/install/nav2_bringup_custom', 'merge_install': False, 'path': '/home/nvidia/ros2_catkin_ws/src/scout_nav2/nav2_bringup', 'symlink_install': True, 'test_result_base': None}
[8.962s] Level 5:colcon.colcon_core.verb:set package 'pointcloud_to_laserscan' build argument 'cmake_args' from command line to 'None'
[8.962s] Level 5:colcon.colcon_core.verb:set package 'pointcloud_to_laserscan' build argument 'cmake_target' from command line to 'None'
[8.962s] Level 5:colcon.colcon_core.verb:set package 'pointcloud_to_laserscan' build argument 'cmake_target_skip_unavailable' from command line to 'False'
[8.962s] Level 5:colcon.colcon_core.verb:set package 'pointcloud_to_laserscan' build argument 'cmake_clean_cache' from command line to 'False'
[8.962s] Level 5:colcon.colcon_core.verb:set package 'pointcloud_to_laserscan' build argument 'cmake_clean_first' from command line to 'False'
[8.962s] Level 5:colcon.colcon_core.verb:set package 'pointcloud_to_laserscan' build argument 'cmake_force_configure' from command line to 'False'
[8.962s] Level 5:colcon.colcon_core.verb:set package 'pointcloud_to_laserscan' build argument 'ament_cmake_args' from command line to 'None'
[8.962s] Level 5:colcon.colcon_core.verb:set package 'pointcloud_to_laserscan' build argument 'catkin_cmake_args' from command line to 'None'
[8.962s] Level 5:colcon.colcon_core.verb:set package 'pointcloud_to_laserscan' build argument 'catkin_skip_building_tests' from command line to 'False'
[8.962s] DEBUG:colcon.colcon_core.verb:Building package 'pointcloud_to_laserscan' with the following arguments: {'ament_cmake_args': None, 'build_base': '/home/nvidia/ros2_catkin_ws/build/pointcloud_to_laserscan', 'catkin_cmake_args': None, 'catkin_skip_building_tests': False, 'cmake_args': None, 'cmake_clean_cache': False, 'cmake_clean_first': False, 'cmake_force_configure': False, 'cmake_target': None, 'cmake_target_skip_unavailable': False, 'install_base': '/home/nvidia/ros2_catkin_ws/install/pointcloud_to_laserscan', 'merge_install': False, 'path': '/home/nvidia/ros2_catkin_ws/src/pointcloud_to_laserscan', 'symlink_install': True, 'test_result_base': None}
[9.079s] Level 5:colcon.colcon_core.verb:set package 'scout_nav2' build argument 'cmake_args' from command line to 'None'
[9.079s] Level 5:colcon.colcon_core.verb:set package 'scout_nav2' build argument 'cmake_target' from command line to 'None'
[9.079s] Level 5:colcon.colcon_core.verb:set package 'scout_nav2' build argument 'cmake_target_skip_unavailable' from command line to 'False'
[9.079s] Level 5:colcon.colcon_core.verb:set package 'scout_nav2' build argument 'cmake_clean_cache' from command line to 'False'
[9.079s] Level 5:colcon.colcon_core.verb:set package 'scout_nav2' build argument 'cmake_clean_first' from command line to 'False'
[9.079s] Level 5:colcon.colcon_core.verb:set package 'scout_nav2' build argument 'cmake_force_configure' from command line to 'False'
[9.079s] Level 5:colcon.colcon_core.verb:set package 'scout_nav2' build argument 'ament_cmake_args' from command line to 'None'
[9.079s] Level 5:colcon.colcon_core.verb:set package 'scout_nav2' build argument 'catkin_cmake_args' from command line to 'None'
[9.079s] Level 5:colcon.colcon_core.verb:set package 'scout_nav2' build argument 'catkin_skip_building_tests' from command line to 'False'
[9.079s] DEBUG:colcon.colcon_core.verb:Building package 'scout_nav2' with the following arguments: {'ament_cmake_args': None, 'build_base': '/home/nvidia/ros2_catkin_ws/build/scout_nav2', 'catkin_cmake_args': None, 'catkin_skip_building_tests': False, 'cmake_args': None, 'cmake_clean_cache': False, 'cmake_clean_first': False, 'cmake_force_configure': False, 'cmake_target': None, 'cmake_target_skip_unavailable': False, 'install_base': '/home/nvidia/ros2_catkin_ws/install/scout_nav2', 'merge_install': False, 'path': '/home/nvidia/ros2_catkin_ws/src/scout_nav2/scout_nav2', 'symlink_install': True, 'test_result_base': None}
[9.195s] INFO:colcon.colcon_core.executor:Executing jobs using 'parallel' executor
[9.314s] DEBUG:colcon.colcon_parallel_executor.executor.parallel:run_until_complete
[9.315s] INFO:colcon.colcon_ros.task.ament_cmake.build:Building ROS package in '/home/nvidia/ros2_catkin_ws/src/scout_nav2/agilex_scout' with build type 'ament_cmake'
[9.315s] INFO:colcon.colcon_cmake.task.cmake.build:Building CMake package in '/home/nvidia/ros2_catkin_ws/src/scout_nav2/agilex_scout'
[9.438s] INFO:colcon.colcon_core.plugin_system:Skipping extension 'colcon_core.shell.bat': Not used on non-Windows systems
[9.439s] INFO:colcon.colcon_core.shell:Skip shell extension 'powershell' for command environment: Not usable outside of PowerShell
[9.439s] DEBUG:colcon.colcon_core.shell:Skip shell extension 'dsv' for command environment
[9.686s] INFO:colcon.colcon_ros.task.ament_cmake.build:Building ROS package in '/home/nvidia/ros2_catkin_ws/src/scout_nav2/aws-robomaker-small-warehouse-world' with build type 'ament_cmake'
[9.687s] INFO:colcon.colcon_cmake.task.cmake.build:Building CMake package in '/home/nvidia/ros2_catkin_ws/src/scout_nav2/aws-robomaker-small-warehouse-world'
[9.810s] INFO:colcon.colcon_core.shell:Skip shell extension 'powershell' for command environment: Not usable outside of PowerShell
[9.810s] DEBUG:colcon.colcon_core.shell:Skip shell extension 'dsv' for command environment
[10.058s] INFO:colcon.colcon_ros.task.ament_cmake.build:Building ROS package in '/home/nvidia/ros2_catkin_ws/src/deliverybot_bringup' with build type 'ament_cmake'
[10.059s] INFO:colcon.colcon_cmake.task.cmake.build:Building CMake package in '/home/nvidia/ros2_catkin_ws/src/deliverybot_bringup'
[10.185s] INFO:colcon.colcon_core.shell:Skip shell extension 'powershell' for command environment: Not usable outside of PowerShell
[10.185s] DEBUG:colcon.colcon_core.shell:Skip shell extension 'dsv' for command environment
[10.470s] INFO:colcon.colcon_ros.task.ament_cmake.build:Building ROS package in '/home/nvidia/ros2_catkin_ws/src/deliverybot_description' with build type 'ament_cmake'
[10.470s] INFO:colcon.colcon_cmake.task.cmake.build:Building CMake package in '/home/nvidia/ros2_catkin_ws/src/deliverybot_description'
[10.599s] INFO:colcon.colcon_core.shell:Skip shell extension 'powershell' for command environment: Not usable outside of PowerShell
[10.599s] DEBUG:colcon.colcon_core.shell:Skip shell extension 'dsv' for command environment
[10.853s] INFO:colcon.colcon_ros.task.ament_cmake.build:Building ROS package in '/home/nvidia/ros2_catkin_ws/src/depthimage_to_laserscan' with build type 'ament_cmake'
[10.854s] INFO:colcon.colcon_cmake.task.cmake.build:Building CMake package in '/home/nvidia/ros2_catkin_ws/src/depthimage_to_laserscan'
[10.980s] INFO:colcon.colcon_core.shell:Skip shell extension 'powershell' for command environment: Not usable outside of PowerShell
[10.980s] DEBUG:colcon.colcon_core.shell:Skip shell extension 'dsv' for command environment
[11.228s] INFO:colcon.colcon_ros.task.ament_cmake.build:Building ROS package in '/home/nvidia/ros2_catkin_ws/src/laser_filters' with build type 'ament_cmake'
[11.229s] INFO:colcon.colcon_cmake.task.cmake.build:Building CMake package in '/home/nvidia/ros2_catkin_ws/src/laser_filters'
[11.351s] INFO:colcon.colcon_core.shell:Skip shell extension 'powershell' for command environment: Not usable outside of PowerShell
[11.351s] DEBUG:colcon.colcon_core.shell:Skip shell extension 'dsv' for command environment
[11.599s] INFO:colcon.colcon_ros.task.ament_python.build:Building ROS package in '/home/nvidia/ros2_catkin_ws/src/livox_frame_remap' with build type 'ament_python'
[11.600s] Level 1:colcon.colcon_core.shell:create_environment_hook('livox_frame_remap', 'ament_prefix_path')
[11.723s] INFO:colcon.colcon_core.shell:Creating environment hook '/home/nvidia/ros2_catkin_ws/install/livox_frame_remap/share/livox_frame_remap/hook/ament_prefix_path.ps1'
[11.725s] INFO:colcon.colcon_core.shell:Creating environment descriptor '/home/nvidia/ros2_catkin_ws/install/livox_frame_remap/share/livox_frame_remap/hook/ament_prefix_path.dsv'
[11.725s] INFO:colcon.colcon_core.shell:Creating environment hook '/home/nvidia/ros2_catkin_ws/install/livox_frame_remap/share/livox_frame_remap/hook/ament_prefix_path.sh'
[11.846s] INFO:colcon.colcon_core.shell:Skip shell extension 'powershell' for command environment: Not usable outside of PowerShell
[11.846s] DEBUG:colcon.colcon_core.shell:Skip shell extension 'dsv' for command environment
[12.093s] INFO:colcon.colcon_ros.task.ament_cmake.build:Building ROS package in '/home/nvidia/ros2_catkin_ws/src/scout_nav2/nav2_bringup' with build type 'ament_cmake'
[12.094s] INFO:colcon.colcon_cmake.task.cmake.build:Building CMake package in '/home/nvidia/ros2_catkin_ws/src/scout_nav2/nav2_bringup'
[12.217s] INFO:colcon.colcon_core.shell:Skip shell extension 'powershell' for command environment: Not usable outside of PowerShell
[12.217s] DEBUG:colcon.colcon_core.shell:Skip shell extension 'dsv' for command environment
[12.475s] DEBUG:colcon.colcon_core.event_handler.log_command:Invoking command in '/home/nvidia/ros2_catkin_ws/build/agilex_scout': CMAKE_PREFIX_PATH=${CMAKE_PREFIX_PATH}:/home/nvidia/ros2_catkin_ws/install/scout_nav2:/home/nvidia/ros2_catkin_ws/install/livox_frame_remap /usr/bin/cmake /home/nvidia/ros2_catkin_ws/src/scout_nav2/agilex_scout -DAMENT_CMAKE_SYMLINK_INSTALL=1 -DCMAKE_INSTALL_PREFIX=/home/nvidia/ros2_catkin_ws/install/agilex_scout
[12.488s] DEBUG:colcon.colcon_core.event_handler.log_command:Invoking command in '/home/nvidia/ros2_catkin_ws/build/aws_robomaker_small_warehouse_world': CMAKE_PREFIX_PATH=${CMAKE_PREFIX_PATH}:/home/nvidia/ros2_catkin_ws/install/scout_nav2:/home/nvidia/ros2_catkin_ws/install/livox_frame_remap /usr/bin/cmake /home/nvidia/ros2_catkin_ws/src/scout_nav2/aws-robomaker-small-warehouse-world -DAMENT_CMAKE_SYMLINK_INSTALL=1 -DCMAKE_INSTALL_PREFIX=/home/nvidia/ros2_catkin_ws/install/aws_robomaker_small_warehouse_world
[12.495s] DEBUG:colcon.colcon_core.event_handler.log_command:Invoking command in '/home/nvidia/ros2_catkin_ws/build/deliverybot_bringup': CMAKE_PREFIX_PATH=${CMAKE_PREFIX_PATH}:/home/nvidia/ros2_catkin_ws/install/scout_nav2:/home/nvidia/ros2_catkin_ws/install/livox_frame_remap /usr/bin/cmake /home/nvidia/ros2_catkin_ws/src/deliverybot_bringup -DAMENT_CMAKE_SYMLINK_INSTALL=1 -DCMAKE_INSTALL_PREFIX=/home/nvidia/ros2_catkin_ws/install/deliverybot_bringup
[12.503s] DEBUG:colcon.colcon_core.event_handler.log_command:Invoking command in '/home/nvidia/ros2_catkin_ws/build/deliverybot_description': CMAKE_PREFIX_PATH=${CMAKE_PREFIX_PATH}:/home/nvidia/ros2_catkin_ws/install/scout_nav2:/home/nvidia/ros2_catkin_ws/install/livox_frame_remap /usr/bin/cmake /home/nvidia/ros2_catkin_ws/src/deliverybot_description -DAMENT_CMAKE_SYMLINK_INSTALL=1 -DCMAKE_INSTALL_PREFIX=/home/nvidia/ros2_catkin_ws/install/deliverybot_description
[12.511s] DEBUG:colcon.colcon_core.event_handler.log_command:Invoking command in '/home/nvidia/ros2_catkin_ws/build/depthimage_to_laserscan': CMAKE_PREFIX_PATH=${CMAKE_PREFIX_PATH}:/home/nvidia/ros2_catkin_ws/install/scout_nav2:/home/nvidia/ros2_catkin_ws/install/livox_frame_remap /usr/bin/cmake /home/nvidia/ros2_catkin_ws/src/depthimage_to_laserscan -DAMENT_CMAKE_SYMLINK_INSTALL=1 -DCMAKE_INSTALL_PREFIX=/home/nvidia/ros2_catkin_ws/install/depthimage_to_laserscan
[12.520s] DEBUG:colcon.colcon_core.event_handler.log_command:Invoking command in '/home/nvidia/ros2_catkin_ws/build/laser_filters': CMAKE_PREFIX_PATH=${CMAKE_PREFIX_PATH}:/home/nvidia/ros2_catkin_ws/install/scout_nav2:/home/nvidia/ros2_catkin_ws/install/livox_frame_remap /usr/bin/cmake /home/nvidia/ros2_catkin_ws/src/laser_filters -DAMENT_CMAKE_SYMLINK_INSTALL=1 -DCMAKE_INSTALL_PREFIX=/home/nvidia/ros2_catkin_ws/install/laser_filters
[12.937s] INFO:colcon.colcon_core.task.python.build:Building Python package in '/home/nvidia/ros2_catkin_ws/src/livox_frame_remap'
[13.069s] INFO:colcon.colcon_core.shell:Skip shell extension 'powershell' for command environment: Not usable outside of PowerShell
[13.070s] DEBUG:colcon.colcon_core.shell:Skip shell extension 'dsv' for command environment
[13.332s] DEBUG:colcon.colcon_core.event_handler.log_command:Invoking command in '/home/nvidia/ros2_catkin_ws/build/nav2_bringup_custom': CMAKE_PREFIX_PATH=${CMAKE_PREFIX_PATH}:/home/nvidia/ros2_catkin_ws/install/scout_nav2:/home/nvidia/ros2_catkin_ws/install/livox_frame_remap /usr/bin/cmake --build /home/nvidia/ros2_catkin_ws/build/nav2_bringup_custom -- -j8 -l8
[13.402s] DEBUG:colcon.colcon_core.event_handler.log_command:Invoked command in '/home/nvidia/ros2_catkin_ws/build/agilex_scout' returned '1': CMAKE_PREFIX_PATH=${CMAKE_PREFIX_PATH}:/home/nvidia/ros2_catkin_ws/install/scout_nav2:/home/nvidia/ros2_catkin_ws/install/livox_frame_remap /usr/bin/cmake /home/nvidia/ros2_catkin_ws/src/scout_nav2/agilex_scout -DAMENT_CMAKE_SYMLINK_INSTALL=1 -DCMAKE_INSTALL_PREFIX=/home/nvidia/ros2_catkin_ws/install/agilex_scout
[13.403s] DEBUG:colcon.colcon_core.event_handler.log_command:Invoked command in '/home/nvidia/ros2_catkin_ws/build/aws_robomaker_small_warehouse_world' returned '1': CMAKE_PREFIX_PATH=${CMAKE_PREFIX_PATH}:/home/nvidia/ros2_catkin_ws/install/scout_nav2:/home/nvidia/ros2_catkin_ws/install/livox_frame_remap /usr/bin/cmake /home/nvidia/ros2_catkin_ws/src/scout_nav2/aws-robomaker-small-warehouse-world -DAMENT_CMAKE_SYMLINK_INSTALL=1 -DCMAKE_INSTALL_PREFIX=/home/nvidia/ros2_catkin_ws/install/aws_robomaker_small_warehouse_world
[13.404s] DEBUG:colcon.colcon_core.event_handler.log_command:Invoked command in '/home/nvidia/ros2_catkin_ws/build/deliverybot_bringup' returned '1': CMAKE_PREFIX_PATH=${CMAKE_PREFIX_PATH}:/home/nvidia/ros2_catkin_ws/install/scout_nav2:/home/nvidia/ros2_catkin_ws/install/livox_frame_remap /usr/bin/cmake /home/nvidia/ros2_catkin_ws/src/deliverybot_bringup -DAMENT_CMAKE_SYMLINK_INSTALL=1 -DCMAKE_INSTALL_PREFIX=/home/nvidia/ros2_catkin_ws/install/deliverybot_bringup
[13.405s] DEBUG:colcon.colcon_core.event_handler.log_command:Invoked command in '/home/nvidia/ros2_catkin_ws/build/depthimage_to_laserscan' returned '1': CMAKE_PREFIX_PATH=${CMAKE_PREFIX_PATH}:/home/nvidia/ros2_catkin_ws/install/scout_nav2:/home/nvidia/ros2_catkin_ws/install/livox_frame_remap /usr/bin/cmake /home/nvidia/ros2_catkin_ws/src/depthimage_to_laserscan -DAMENT_CMAKE_SYMLINK_INSTALL=1 -DCMAKE_INSTALL_PREFIX=/home/nvidia/ros2_catkin_ws/install/depthimage_to_laserscan
[13.406s] DEBUG:colcon.colcon_core.event_handler.log_command:Invoked command in '/home/nvidia/ros2_catkin_ws/build/deliverybot_description' returned '1': CMAKE_PREFIX_PATH=${CMAKE_PREFIX_PATH}:/home/nvidia/ros2_catkin_ws/install/scout_nav2:/home/nvidia/ros2_catkin_ws/install/livox_frame_remap /usr/bin/cmake /home/nvidia/ros2_catkin_ws/src/deliverybot_description -DAMENT_CMAKE_SYMLINK_INSTALL=1 -DCMAKE_INSTALL_PREFIX=/home/nvidia/ros2_catkin_ws/install/deliverybot_description
[13.407s] DEBUG:colcon.colcon_core.event_handler.log_command:Invoked command in '/home/nvidia/ros2_catkin_ws/build/laser_filters' returned '1': CMAKE_PREFIX_PATH=${CMAKE_PREFIX_PATH}:/home/nvidia/ros2_catkin_ws/install/scout_nav2:/home/nvidia/ros2_catkin_ws/install/livox_frame_remap /usr/bin/cmake /home/nvidia/ros2_catkin_ws/src/laser_filters -DAMENT_CMAKE_SYMLINK_INSTALL=1 -DCMAKE_INSTALL_PREFIX=/home/nvidia/ros2_catkin_ws/install/laser_filters
[13.408s] Level 1:colcon.colcon_core.environment:create_environment_scripts_only(agilex_scout)
[13.543s] Level 1:colcon.colcon_core.environment:checking '/home/nvidia/ros2_catkin_ws/install/agilex_scout' for CMake module files
[13.544s] Level 1:colcon.colcon_core.environment:checking '/home/nvidia/ros2_catkin_ws/install/agilex_scout' for CMake config files
[13.544s] Level 1:colcon.colcon_core.shell:create_environment_hook('agilex_scout', 'cmake_prefix_path')
[13.675s] INFO:colcon.colcon_core.shell:Creating environment hook '/home/nvidia/ros2_catkin_ws/install/agilex_scout/share/agilex_scout/hook/cmake_prefix_path.ps1'
[13.676s] INFO:colcon.colcon_core.shell:Creating environment descriptor '/home/nvidia/ros2_catkin_ws/install/agilex_scout/share/agilex_scout/hook/cmake_prefix_path.dsv'
[13.677s] INFO:colcon.colcon_core.shell:Creating environment hook '/home/nvidia/ros2_catkin_ws/install/agilex_scout/share/agilex_scout/hook/cmake_prefix_path.sh'
[13.678s] Level 1:colcon.colcon_core.environment:checking '/home/nvidia/ros2_catkin_ws/install/agilex_scout/bin'
[13.679s] Level 1:colcon.colcon_core.environment:checking '/home/nvidia/ros2_catkin_ws/install/agilex_scout/lib/pkgconfig/agilex_scout.pc'
[13.679s] Level 1:colcon.colcon_core.environment:checking '/home/nvidia/ros2_catkin_ws/install/agilex_scout/lib/python3.8/site-packages'
[13.679s] Level 1:colcon.colcon_core.environment:checking '/home/nvidia/ros2_catkin_ws/install/agilex_scout/bin'
[13.806s] INFO:colcon.colcon_core.shell:Creating package script '/home/nvidia/ros2_catkin_ws/install/agilex_scout/share/agilex_scout/package.ps1'
[13.808s] INFO:colcon.colcon_core.shell:Creating package descriptor '/home/nvidia/ros2_catkin_ws/install/agilex_scout/share/agilex_scout/package.dsv'
[13.809s] INFO:colcon.colcon_core.shell:Creating package script '/home/nvidia/ros2_catkin_ws/install/agilex_scout/share/agilex_scout/package.sh'
[13.810s] INFO:colcon.colcon_core.shell:Creating package script '/home/nvidia/ros2_catkin_ws/install/agilex_scout/share/agilex_scout/package.bash'
[13.811s] INFO:colcon.colcon_core.shell:Creating package script '/home/nvidia/ros2_catkin_ws/install/agilex_scout/share/agilex_scout/package.zsh'
[13.812s] Level 1:colcon.colcon_core.environment:create_file_with_runtime_dependencies(/home/nvidia/ros2_catkin_ws/install/agilex_scout/share/colcon-core/packages/agilex_scout)
[13.813s] Level 1:colcon.colcon_core.environment:create_environment_scripts_only(aws_robomaker_small_warehouse_world)
[13.935s] Level 1:colcon.colcon_core.environment:checking '/home/nvidia/ros2_catkin_ws/install/aws_robomaker_small_warehouse_world' for CMake module files
[13.937s] Level 1:colcon.colcon_core.environment:checking '/home/nvidia/ros2_catkin_ws/install/aws_robomaker_small_warehouse_world' for CMake config files
[13.937s] Level 1:colcon.colcon_core.shell:create_environment_hook('aws_robomaker_small_warehouse_world', 'cmake_prefix_path')
[14.060s] INFO:colcon.colcon_core.shell:Creating environment hook '/home/nvidia/ros2_catkin_ws/install/aws_robomaker_small_warehouse_world/share/aws_robomaker_small_warehouse_world/hook/cmake_prefix_path.ps1'
[14.061s] INFO:colcon.colcon_core.shell:Creating environment descriptor '/home/nvidia/ros2_catkin_ws/install/aws_robomaker_small_warehouse_world/share/aws_robomaker_small_warehouse_world/hook/cmake_prefix_path.dsv'
[14.062s] INFO:colcon.colcon_core.shell:Creating environment hook '/home/nvidia/ros2_catkin_ws/install/aws_robomaker_small_warehouse_world/share/aws_robomaker_small_warehouse_world/hook/cmake_prefix_path.sh'
[14.062s] Level 1:colcon.colcon_core.environment:checking '/home/nvidia/ros2_catkin_ws/install/aws_robomaker_small_warehouse_world/bin'
[14.063s] Level 1:colcon.colcon_core.environment:checking '/home/nvidia/ros2_catkin_ws/install/aws_robomaker_small_warehouse_world/lib/pkgconfig/aws_robomaker_small_warehouse_world.pc'
[14.063s] Level 1:colcon.colcon_core.environment:checking '/home/nvidia/ros2_catkin_ws/install/aws_robomaker_small_warehouse_world/lib/python3.8/site-packages'
[14.063s] Level 1:colcon.colcon_core.environment:checking '/home/nvidia/ros2_catkin_ws/install/aws_robomaker_small_warehouse_world/bin'
[14.184s] INFO:colcon.colcon_core.shell:Creating package script '/home/nvidia/ros2_catkin_ws/install/aws_robomaker_small_warehouse_world/share/aws_robomaker_small_warehouse_world/package.ps1'
[14.185s] INFO:colcon.colcon_core.shell:Creating package descriptor '/home/nvidia/ros2_catkin_ws/install/aws_robomaker_small_warehouse_world/share/aws_robomaker_small_warehouse_world/package.dsv'
[14.186s] INFO:colcon.colcon_core.shell:Creating package script '/home/nvidia/ros2_catkin_ws/install/aws_robomaker_small_warehouse_world/share/aws_robomaker_small_warehouse_world/package.sh'
[14.186s] INFO:colcon.colcon_core.shell:Creating package script '/home/nvidia/ros2_catkin_ws/install/aws_robomaker_small_warehouse_world/share/aws_robomaker_small_warehouse_world/package.bash'
[14.187s] INFO:colcon.colcon_core.shell:Creating package script '/home/nvidia/ros2_catkin_ws/install/aws_robomaker_small_warehouse_world/share/aws_robomaker_small_warehouse_world/package.zsh'
[14.187s] Level 1:colcon.colcon_core.environment:create_file_with_runtime_dependencies(/home/nvidia/ros2_catkin_ws/install/aws_robomaker_small_warehouse_world/share/colcon-core/packages/aws_robomaker_small_warehouse_world)
[14.188s] Level 1:colcon.colcon_core.environment:create_environment_scripts_only(deliverybot_bringup)
[14.309s] Level 1:colcon.colcon_core.environment:checking '/home/nvidia/ros2_catkin_ws/install/deliverybot_bringup' for CMake module files
[14.310s] Level 1:colcon.colcon_core.environment:checking '/home/nvidia/ros2_catkin_ws/install/deliverybot_bringup' for CMake config files
[14.310s] Level 1:colcon.colcon_core.shell:create_environment_hook('deliverybot_bringup', 'cmake_prefix_path')
[14.430s] INFO:colcon.colcon_core.shell:Creating environment hook '/home/nvidia/ros2_catkin_ws/install/deliverybot_bringup/share/deliverybot_bringup/hook/cmake_prefix_path.ps1'
[14.431s] INFO:colcon.colcon_core.shell:Creating environment descriptor '/home/nvidia/ros2_catkin_ws/install/deliverybot_bringup/share/deliverybot_bringup/hook/cmake_prefix_path.dsv'
[14.431s] INFO:colcon.colcon_core.shell:Creating environment hook '/home/nvidia/ros2_catkin_ws/install/deliverybot_bringup/share/deliverybot_bringup/hook/cmake_prefix_path.sh'
[14.432s] Level 1:colcon.colcon_core.environment:checking '/home/nvidia/ros2_catkin_ws/install/deliverybot_bringup/bin'
[14.433s] Level 1:colcon.colcon_core.environment:checking '/home/nvidia/ros2_catkin_ws/install/deliverybot_bringup/lib/pkgconfig/deliverybot_bringup.pc'
[14.433s] Level 1:colcon.colcon_core.environment:checking '/home/nvidia/ros2_catkin_ws/install/deliverybot_bringup/lib/python3.8/site-packages'
[14.433s] Level 1:colcon.colcon_core.environment:checking '/home/nvidia/ros2_catkin_ws/install/deliverybot_bringup/bin'
[14.553s] INFO:colcon.colcon_core.shell:Creating package script '/home/nvidia/ros2_catkin_ws/install/deliverybot_bringup/share/deliverybot_bringup/package.ps1'
[14.554s] INFO:colcon.colcon_core.shell:Creating package descriptor '/home/nvidia/ros2_catkin_ws/install/deliverybot_bringup/share/deliverybot_bringup/package.dsv'
[14.555s] INFO:colcon.colcon_core.shell:Creating package script '/home/nvidia/ros2_catkin_ws/install/deliverybot_bringup/share/deliverybot_bringup/package.sh'
[14.556s] INFO:colcon.colcon_core.shell:Creating package script '/home/nvidia/ros2_catkin_ws/install/deliverybot_bringup/share/deliverybot_bringup/package.bash'
[14.556s] INFO:colcon.colcon_core.shell:Creating package script '/home/nvidia/ros2_catkin_ws/install/deliverybot_bringup/share/deliverybot_bringup/package.zsh'
[14.557s] Level 1:colcon.colcon_core.environment:create_file_with_runtime_dependencies(/home/nvidia/ros2_catkin_ws/install/deliverybot_bringup/share/colcon-core/packages/deliverybot_bringup)
[14.557s] Level 1:colcon.colcon_core.environment:create_environment_scripts_only(depthimage_to_laserscan)
[14.678s] Level 1:colcon.colcon_core.environment:checking '/home/nvidia/ros2_catkin_ws/install/depthimage_to_laserscan' for CMake module files
[14.679s] Level 1:colcon.colcon_core.environment:checking '/home/nvidia/ros2_catkin_ws/install/depthimage_to_laserscan' for CMake config files
[14.680s] Level 1:colcon.colcon_core.shell:create_environment_hook('depthimage_to_laserscan', 'cmake_prefix_path')
[14.800s] INFO:colcon.colcon_core.shell:Creating environment hook '/home/nvidia/ros2_catkin_ws/install/depthimage_to_laserscan/share/depthimage_to_laserscan/hook/cmake_prefix_path.ps1'
[14.802s] INFO:colcon.colcon_core.shell:Creating environment descriptor '/home/nvidia/ros2_catkin_ws/install/depthimage_to_laserscan/share/depthimage_to_laserscan/hook/cmake_prefix_path.dsv'
[14.802s] INFO:colcon.colcon_core.shell:Creating environment hook '/home/nvidia/ros2_catkin_ws/install/depthimage_to_laserscan/share/depthimage_to_laserscan/hook/cmake_prefix_path.sh'
[14.803s] Level 1:colcon.colcon_core.environment:checking '/home/nvidia/ros2_catkin_ws/install/depthimage_to_laserscan/lib'
[14.804s] Level 1:colcon.colcon_core.shell:create_environment_hook('depthimage_to_laserscan', 'ld_library_path_lib')
[14.923s] INFO:colcon.colcon_core.shell:Creating environment hook '/home/nvidia/ros2_catkin_ws/install/depthimage_to_laserscan/share/depthimage_to_laserscan/hook/ld_library_path_lib.ps1'
[14.924s] INFO:colcon.colcon_core.shell:Creating environment descriptor '/home/nvidia/ros2_catkin_ws/install/depthimage_to_laserscan/share/depthimage_to_laserscan/hook/ld_library_path_lib.dsv'
[14.925s] INFO:colcon.colcon_core.shell:Creating environment hook '/home/nvidia/ros2_catkin_ws/install/depthimage_to_laserscan/share/depthimage_to_laserscan/hook/ld_library_path_lib.sh'
[14.925s] Level 1:colcon.colcon_core.environment:checking '/home/nvidia/ros2_catkin_ws/install/depthimage_to_laserscan/bin'
[14.925s] Level 1:colcon.colcon_core.environment:checking '/home/nvidia/ros2_catkin_ws/install/depthimage_to_laserscan/lib/pkgconfig/depthimage_to_laserscan.pc'
[14.926s] Level 1:colcon.colcon_core.environment:checking '/home/nvidia/ros2_catkin_ws/install/depthimage_to_laserscan/lib/python3.8/site-packages'
[14.926s] Level 1:colcon.colcon_core.environment:checking '/home/nvidia/ros2_catkin_ws/install/depthimage_to_laserscan/bin'
[15.046s] INFO:colcon.colcon_core.shell:Creating package script '/home/nvidia/ros2_catkin_ws/install/depthimage_to_laserscan/share/depthimage_to_laserscan/package.ps1'
[15.047s] INFO:colcon.colcon_core.shell:Creating package descriptor '/home/nvidia/ros2_catkin_ws/install/depthimage_to_laserscan/share/depthimage_to_laserscan/package.dsv'
[15.048s] INFO:colcon.colcon_core.shell:Creating package script '/home/nvidia/ros2_catkin_ws/install/depthimage_to_laserscan/share/depthimage_to_laserscan/package.sh'
[15.049s] INFO:colcon.colcon_core.shell:Creating package script '/home/nvidia/ros2_catkin_ws/install/depthimage_to_laserscan/share/depthimage_to_laserscan/package.bash'
[15.049s] INFO:colcon.colcon_core.shell:Creating package script '/home/nvidia/ros2_catkin_ws/install/depthimage_to_laserscan/share/depthimage_to_laserscan/package.zsh'
[15.050s] Level 1:colcon.colcon_core.environment:create_file_with_runtime_dependencies(/home/nvidia/ros2_catkin_ws/install/depthimage_to_laserscan/share/colcon-core/packages/depthimage_to_laserscan)
[15.050s] Level 1:colcon.colcon_core.environment:create_environment_scripts_only(deliverybot_description)
[15.172s] Level 1:colcon.colcon_core.environment:checking '/home/nvidia/ros2_catkin_ws/install/deliverybot_description' for CMake module files
[15.172s] Level 1:colcon.colcon_core.environment:checking '/home/nvidia/ros2_catkin_ws/install/deliverybot_description' for CMake config files
[15.173s] Level 1:colcon.colcon_core.shell:create_environment_hook('deliverybot_description', 'cmake_prefix_path')
[15.293s] INFO:colcon.colcon_core.shell:Creating environment hook '/home/nvidia/ros2_catkin_ws/install/deliverybot_description/share/deliverybot_description/hook/cmake_prefix_path.ps1'
[15.294s] INFO:colcon.colcon_core.shell:Creating environment descriptor '/home/nvidia/ros2_catkin_ws/install/deliverybot_description/share/deliverybot_description/hook/cmake_prefix_path.dsv'
[15.295s] INFO:colcon.colcon_core.shell:Creating environment hook '/home/nvidia/ros2_catkin_ws/install/deliverybot_description/share/deliverybot_description/hook/cmake_prefix_path.sh'
[15.296s] Level 1:colcon.colcon_core.environment:checking '/home/nvidia/ros2_catkin_ws/install/deliverybot_description/bin'
[15.296s] Level 1:colcon.colcon_core.environment:checking '/home/nvidia/ros2_catkin_ws/install/deliverybot_description/lib/pkgconfig/deliverybot_description.pc'
[15.296s] Level 1:colcon.colcon_core.environment:checking '/home/nvidia/ros2_catkin_ws/install/deliverybot_description/lib/python3.8/site-packages'
[15.296s] Level 1:colcon.colcon_core.environment:checking '/home/nvidia/ros2_catkin_ws/install/deliverybot_description/bin'
[15.416s] INFO:colcon.colcon_core.shell:Creating package script '/home/nvidia/ros2_catkin_ws/install/deliverybot_description/share/deliverybot_description/package.ps1'
[15.417s] INFO:colcon.colcon_core.shell:Creating package descriptor '/home/nvidia/ros2_catkin_ws/install/deliverybot_description/share/deliverybot_description/package.dsv'
[15.418s] INFO:colcon.colcon_core.shell:Creating package script '/home/nvidia/ros2_catkin_ws/install/deliverybot_description/share/deliverybot_description/package.sh'
[15.418s] INFO:colcon.colcon_core.shell:Creating package script '/home/nvidia/ros2_catkin_ws/install/deliverybot_description/share/deliverybot_description/package.bash'
[15.419s] INFO:colcon.colcon_core.shell:Creating package script '/home/nvidia/ros2_catkin_ws/install/deliverybot_description/share/deliverybot_description/package.zsh'
[15.419s] Level 1:colcon.colcon_core.environment:create_file_with_runtime_dependencies(/home/nvidia/ros2_catkin_ws/install/deliverybot_description/share/colcon-core/packages/deliverybot_description)
[15.420s] Level 1:colcon.colcon_core.environment:create_environment_scripts_only(laser_filters)
[15.542s] Level 1:colcon.colcon_core.environment:checking '/home/nvidia/ros2_catkin_ws/install/laser_filters' for CMake module files
[15.543s] Level 1:colcon.colcon_core.environment:checking '/home/nvidia/ros2_catkin_ws/install/laser_filters' for CMake config files
[15.544s] Level 1:colcon.colcon_core.shell:create_environment_hook('laser_filters', 'cmake_prefix_path')
[15.664s] INFO:colcon.colcon_core.shell:Creating environment hook '/home/nvidia/ros2_catkin_ws/install/laser_filters/share/laser_filters/hook/cmake_prefix_path.ps1'
[15.665s] INFO:colcon.colcon_core.shell:Creating environment descriptor '/home/nvidia/ros2_catkin_ws/install/laser_filters/share/laser_filters/hook/cmake_prefix_path.dsv'
[15.665s] INFO:colcon.colcon_core.shell:Creating environment hook '/home/nvidia/ros2_catkin_ws/install/laser_filters/share/laser_filters/hook/cmake_prefix_path.sh'
[15.666s] Level 1:colcon.colcon_core.environment:checking '/home/nvidia/ros2_catkin_ws/install/laser_filters/lib'
[15.667s] Level 1:colcon.colcon_core.shell:create_environment_hook('laser_filters', 'ld_library_path_lib')
[15.787s] INFO:colcon.colcon_core.shell:Creating environment hook '/home/nvidia/ros2_catkin_ws/install/laser_filters/share/laser_filters/hook/ld_library_path_lib.ps1'
[15.788s] INFO:colcon.colcon_core.shell:Creating environment descriptor '/home/nvidia/ros2_catkin_ws/install/laser_filters/share/laser_filters/hook/ld_library_path_lib.dsv'
[15.788s] INFO:colcon.colcon_core.shell:Creating environment hook '/home/nvidia/ros2_catkin_ws/install/laser_filters/share/laser_filters/hook/ld_library_path_lib.sh'
[15.789s] Level 1:colcon.colcon_core.environment:checking '/home/nvidia/ros2_catkin_ws/install/laser_filters/bin'
[15.789s] Level 1:colcon.colcon_core.environment:checking '/home/nvidia/ros2_catkin_ws/install/laser_filters/lib/pkgconfig/laser_filters.pc'
[15.789s] Level 1:colcon.colcon_core.environment:checking '/home/nvidia/ros2_catkin_ws/install/laser_filters/lib/python3.8/site-packages'
[15.790s] Level 1:colcon.colcon_core.environment:checking '/home/nvidia/ros2_catkin_ws/install/laser_filters/bin'
[15.911s] INFO:colcon.colcon_core.shell:Creating package script '/home/nvidia/ros2_catkin_ws/install/laser_filters/share/laser_filters/package.ps1'
[15.913s] INFO:colcon.colcon_core.shell:Creating package descriptor '/home/nvidia/ros2_catkin_ws/install/laser_filters/share/laser_filters/package.dsv'
[15.913s] INFO:colcon.colcon_core.shell:Creating package script '/home/nvidia/ros2_catkin_ws/install/laser_filters/share/laser_filters/package.sh'
[15.914s] INFO:colcon.colcon_core.shell:Creating package script '/home/nvidia/ros2_catkin_ws/install/laser_filters/share/laser_filters/package.bash'
[15.915s] INFO:colcon.colcon_core.shell:Creating package script '/home/nvidia/ros2_catkin_ws/install/laser_filters/share/laser_filters/package.zsh'
[15.915s] Level 1:colcon.colcon_core.environment:create_file_with_runtime_dependencies(/home/nvidia/ros2_catkin_ws/install/laser_filters/share/colcon-core/packages/laser_filters)
[15.928s] DEBUG:colcon.colcon_parallel_executor.executor.parallel:closing loop
[15.929s] DEBUG:colcon.colcon_parallel_executor.executor.parallel:loop closed
[15.929s] DEBUG:colcon.colcon_parallel_executor.executor.parallel:run_until_complete finished with '1'
[15.929s] DEBUG:colcon.colcon_core.event_reactor:joining thread
[16.083s] INFO:colcon.colcon_core.plugin_system:Skipping extension 'colcon_notification.desktop_notification.terminal_notifier': Not used on non-Darwin systems
[16.083s] INFO:colcon.colcon_core.plugin_system:Skipping extension 'colcon_notification.desktop_notification.win32': Not used on non-Windows systems
[16.084s] INFO:colcon.colcon_notification.desktop_notification:Sending desktop notification using 'notify2'
[16.126s] DEBUG:colcon.colcon_core.event_reactor:joined thread
[16.257s] INFO:colcon.colcon_core.shell:Creating prefix script '/home/nvidia/ros2_catkin_ws/install/local_setup.ps1'
[16.259s] INFO:colcon.colcon_core.shell:Creating prefix util module '/home/nvidia/ros2_catkin_ws/install/_local_setup_util_ps1.py'
[16.261s] INFO:colcon.colcon_core.shell:Creating prefix chain script '/home/nvidia/ros2_catkin_ws/install/setup.ps1'
[16.387s] INFO:colcon.colcon_core.shell:Creating prefix script '/home/nvidia/ros2_catkin_ws/install/local_setup.sh'
[16.388s] INFO:colcon.colcon_core.shell:Creating prefix util module '/home/nvidia/ros2_catkin_ws/install/_local_setup_util_sh.py'
[16.389s] INFO:colcon.colcon_core.shell:Creating prefix chain script '/home/nvidia/ros2_catkin_ws/install/setup.sh'
[16.515s] INFO:colcon.colcon_core.shell:Creating prefix script '/home/nvidia/ros2_catkin_ws/install/local_setup.bash'
[16.515s] INFO:colcon.colcon_core.shell:Creating prefix chain script '/home/nvidia/ros2_catkin_ws/install/setup.bash'
[16.637s] INFO:colcon.colcon_core.shell:Creating prefix script '/home/nvidia/ros2_catkin_ws/install/local_setup.zsh'
[16.638s] INFO:colcon.colcon_core.shell:Creating prefix chain script '/home/nvidia/ros2_catkin_ws/install/setup.zsh'
