[4.130s] Invoking command in '/home/nvidia/ros2_catkin_ws/build/deliverybot_bringup': CMAKE_PREFIX_PATH=${CMAKE_PREFIX_PATH}:/home/nvidia/ros2_catkin_ws/install/scout_nav2:/home/nvidia/ros2_catkin_ws/install/livox_frame_remap:/opt/ros/foxy /usr/bin/cmake /home/nvidia/ros2_catkin_ws/src/deliverybot_bringup -DCMAKE_INSTALL_PREFIX=/home/nvidia/ros2_catkin_ws/install/deliverybot_bringup
[5.366s] -- Found ament_cmake: 0.9.12 (/opt/ros/foxy/share/ament_cmake/cmake)
[5.371s] -- Using PYTHON_EXECUTABLE: /usr/bin/python3
[5.372s] -- Override CMake install command with custom implementation using symlinks instead of copying resources
[5.372s] -- Found nav2_common: 0.4.7 (/opt/ros/foxy/share/nav2_common/cmake)
[5.373s] -- Found navigation2: 0.4.7 (/opt/ros/foxy/share/navigation2/cmake)
[5.373s] -- Configuring done
[5.373s] -- Generating done
[5.373s] -- Build files have been written to: /home/nvidia/ros2_catkin_ws/build/deliverybot_bringup
[5.398s] Invoked command in '/home/nvidia/ros2_catkin_ws/build/deliverybot_bringup' returned '0': CMAKE_PREFIX_PATH=${CMAKE_PREFIX_PATH}:/home/nvidia/ros2_catkin_ws/install/scout_nav2:/home/nvidia/ros2_catkin_ws/install/livox_frame_remap:/opt/ros/foxy /usr/bin/cmake /home/nvidia/ros2_catkin_ws/src/deliverybot_bringup -DCMAKE_INSTALL_PREFIX=/home/nvidia/ros2_catkin_ws/install/deliverybot_bringup
[5.402s] Invoking command in '/home/nvidia/ros2_catkin_ws/build/deliverybot_bringup': CMAKE_PREFIX_PATH=${CMAKE_PREFIX_PATH}:/home/nvidia/ros2_catkin_ws/install/scout_nav2:/home/nvidia/ros2_catkin_ws/install/livox_frame_remap:/opt/ros/foxy /usr/bin/cmake --build /home/nvidia/ros2_catkin_ws/build/deliverybot_bringup -- -j8 -l8
[5.545s] Invoked command in '/home/nvidia/ros2_catkin_ws/build/deliverybot_bringup' returned '0': CMAKE_PREFIX_PATH=${CMAKE_PREFIX_PATH}:/home/nvidia/ros2_catkin_ws/install/scout_nav2:/home/nvidia/ros2_catkin_ws/install/livox_frame_remap:/opt/ros/foxy /usr/bin/cmake --build /home/nvidia/ros2_catkin_ws/build/deliverybot_bringup -- -j8 -l8
[5.652s] Invoking command in '/home/nvidia/ros2_catkin_ws/build/deliverybot_bringup': CMAKE_PREFIX_PATH=${CMAKE_PREFIX_PATH}:/home/nvidia/ros2_catkin_ws/install/scout_nav2:/home/nvidia/ros2_catkin_ws/install/livox_frame_remap:/opt/ros/foxy /usr/bin/cmake --install /home/nvidia/ros2_catkin_ws/build/deliverybot_bringup
[5.725s] -- Install configuration: ""
[5.725s] -- Execute custom install script
[5.725s] -- Up-to-date symlink: /home/nvidia/ros2_catkin_ws/install/deliverybot_bringup/share/deliverybot_bringup/launch/robot.launch.py
[5.725s] -- Up-to-date symlink: /home/nvidia/ros2_catkin_ws/install/deliverybot_bringup/share/deliverybot_bringup/launch/robot_copy.launch.py
[5.725s] -- Up-to-date symlink: /home/nvidia/ros2_catkin_ws/install/deliverybot_bringup/share/deliverybot_bringup/launch/rviz2.launch.py
[5.726s] -- Up-to-date symlink: /home/nvidia/ros2_catkin_ws/install/deliverybot_bringup/share/deliverybot_bringup/launch/seungwon/(keep)sw_navigation_launch.py
[5.726s] -- Up-to-date symlink: /home/nvidia/ros2_catkin_ws/install/deliverybot_bringup/share/deliverybot_bringup/launch/seungwon/articulated_robotics_nav2.launch.py
[5.726s] -- Up-to-date symlink: /home/nvidia/ros2_catkin_ws/install/deliverybot_bringup/share/deliverybot_bringup/launch/sw_navigation_launch.py
[5.726s] -- Up-to-date symlink: /home/nvidia/ros2_catkin_ws/install/deliverybot_bringup/share/deliverybot_bringup/launch/sw_robot.launch.py
[5.726s] -- Up-to-date symlink: /home/nvidia/ros2_catkin_ws/install/deliverybot_bringup/share/deliverybot_bringup/launch/turtlebot3_state_publisher.launch.py
[5.727s] -- Up-to-date symlink: /home/nvidia/ros2_catkin_ws/install/deliverybot_bringup/share/deliverybot_bringup/param/articu_nav2_params.yml
[5.727s] -- Up-to-date symlink: /home/nvidia/ros2_catkin_ws/install/deliverybot_bringup/share/deliverybot_bringup/param/backup/sw_nav2_params.yaml
[5.728s] -- Up-to-date symlink: /home/nvidia/ros2_catkin_ws/install/deliverybot_bringup/share/deliverybot_bringup/param/burger.yaml
[5.728s] -- Up-to-date symlink: /home/nvidia/ros2_catkin_ws/install/deliverybot_bringup/share/deliverybot_bringup/param/sw_nav2_params.yaml
[5.729s] -- Up-to-date symlink: /home/nvidia/ros2_catkin_ws/install/deliverybot_bringup/share/deliverybot_bringup/param/waffle.yaml
[5.729s] -- Up-to-date symlink: /home/nvidia/ros2_catkin_ws/install/deliverybot_bringup/share/deliverybot_bringup/param/waffle_pi.yaml
[5.730s] -- Up-to-date symlink: /home/nvidia/ros2_catkin_ws/install/deliverybot_bringup/share/deliverybot_bringup/script/99-deliverybot-cdc.rules
[5.730s] -- Up-to-date symlink: /home/nvidia/ros2_catkin_ws/install/deliverybot_bringup/share/deliverybot_bringup/script/create_udev_rules
[5.731s] -- Up-to-date symlink: /home/nvidia/ros2_catkin_ws/install/deliverybot_bringup/share/deliverybot_bringup/script/pub_odom.py
[5.732s] -- Up-to-date symlink: /home/nvidia/ros2_catkin_ws/install/deliverybot_bringup/share/ament_index/resource_index/package_run_dependencies/deliverybot_bringup
[5.733s] -- Up-to-date symlink: /home/nvidia/ros2_catkin_ws/install/deliverybot_bringup/share/ament_index/resource_index/parent_prefix_path/deliverybot_bringup
[5.733s] -- Up-to-date symlink: /home/nvidia/ros2_catkin_ws/install/deliverybot_bringup/share/deliverybot_bringup/environment/ament_prefix_path.sh
[5.734s] -- Up-to-date symlink: /home/nvidia/ros2_catkin_ws/install/deliverybot_bringup/share/deliverybot_bringup/environment/ament_prefix_path.dsv
[5.734s] -- Up-to-date symlink: /home/nvidia/ros2_catkin_ws/install/deliverybot_bringup/share/deliverybot_bringup/environment/path.sh
[5.735s] -- Up-to-date symlink: /home/nvidia/ros2_catkin_ws/install/deliverybot_bringup/share/deliverybot_bringup/environment/path.dsv
[5.736s] -- Up-to-date symlink: /home/nvidia/ros2_catkin_ws/install/deliverybot_bringup/share/deliverybot_bringup/local_setup.bash
[5.736s] -- Up-to-date symlink: /home/nvidia/ros2_catkin_ws/install/deliverybot_bringup/share/deliverybot_bringup/local_setup.sh
[5.736s] -- Up-to-date symlink: /home/nvidia/ros2_catkin_ws/install/deliverybot_bringup/share/deliverybot_bringup/local_setup.zsh
[5.736s] -- Up-to-date symlink: /home/nvidia/ros2_catkin_ws/install/deliverybot_bringup/share/deliverybot_bringup/local_setup.dsv
[5.737s] -- Symlinking: /home/nvidia/ros2_catkin_ws/install/deliverybot_bringup/share/deliverybot_bringup/package.dsv
[5.739s] -- Up-to-date symlink: /home/nvidia/ros2_catkin_ws/install/deliverybot_bringup/share/ament_index/resource_index/packages/deliverybot_bringup
[5.739s] -- Up-to-date symlink: /home/nvidia/ros2_catkin_ws/install/deliverybot_bringup/share/deliverybot_bringup/cmake/deliverybot_bringupConfig.cmake
[5.741s] -- Up-to-date symlink: /home/nvidia/ros2_catkin_ws/install/deliverybot_bringup/share/deliverybot_bringup/cmake/deliverybot_bringupConfig-version.cmake
[5.741s] -- Up-to-date symlink: /home/nvidia/ros2_catkin_ws/install/deliverybot_bringup/share/deliverybot_bringup/package.xml
[6.287s] Invoked command in '/home/nvidia/ros2_catkin_ws/build/deliverybot_bringup' returned '0': CMAKE_PREFIX_PATH=${CMAKE_PREFIX_PATH}:/home/nvidia/ros2_catkin_ws/install/scout_nav2:/home/nvidia/ros2_catkin_ws/install/livox_frame_remap:/opt/ros/foxy /usr/bin/cmake --install /home/nvidia/ros2_catkin_ws/build/deliverybot_bringup
