[6.789s] Invoking command in '/home/nvidia/ros2_catkin_ws/build/livox_frame_remap': PYTHONPATH=/home/nvidia/ros2_catkin_ws/build/livox_frame_remap/prefix_override:/home/nvidia/ros2_catkin_ws/install/livox_frame_remap/lib/python3.8/site-packages:${PYTHONPATH} /usr/bin/python3 setup.py develop --editable --build-directory /home/nvidia/ros2_catkin_ws/build/livox_frame_remap/build --no-deps install_data
[7.666s] running develop
[7.666s] running egg_info
[7.666s] creating livox_frame_remap.egg-info
[7.666s] writing livox_frame_remap.egg-info/PKG-INFO
[7.666s] writing dependency_links to livox_frame_remap.egg-info/dependency_links.txt
[7.667s] writing entry points to livox_frame_remap.egg-info/entry_points.txt
[7.667s] writing requirements to livox_frame_remap.egg-info/requires.txt
[7.667s] writing top-level names to livox_frame_remap.egg-info/top_level.txt
[7.667s] writing manifest file 'livox_frame_remap.egg-info/SOURCES.txt'
[7.668s] reading manifest file 'livox_frame_remap.egg-info/SOURCES.txt'
[7.670s] writing manifest file 'livox_frame_remap.egg-info/SOURCES.txt'
[7.749s] running build_ext
[7.750s] Creating /home/nvidia/ros2_catkin_ws/install/livox_frame_remap/lib/python3.8/site-packages/site.py
[7.754s] Creating /home/nvidia/ros2_catkin_ws/install/livox_frame_remap/lib/python3.8/site-packages/livox-frame-remap.egg-link (link to .)
[7.756s] Installing livox_frame_remap_node script to /home/nvidia/ros2_catkin_ws/install/livox_frame_remap/lib/livox_frame_remap
[7.758s] 
[7.758s] Installed /home/nvidia/ros2_catkin_ws/build/livox_frame_remap
[7.759s] running install_data
[7.760s] creating /home/nvidia/ros2_catkin_ws/install/livox_frame_remap/share/ament_index
[7.760s] creating /home/nvidia/ros2_catkin_ws/install/livox_frame_remap/share/ament_index/resource_index
[7.761s] creating /home/nvidia/ros2_catkin_ws/install/livox_frame_remap/share/ament_index/resource_index/packages
[7.764s] copying resource/livox_frame_remap -> /home/nvidia/ros2_catkin_ws/install/livox_frame_remap/share/ament_index/resource_index/packages
[7.765s] copying package.xml -> /home/nvidia/ros2_catkin_ws/install/livox_frame_remap/share/livox_frame_remap
[11.855s] Invoked command in '/home/nvidia/ros2_catkin_ws/build/livox_frame_remap' returned '0': PYTHONPATH=/home/nvidia/ros2_catkin_ws/build/livox_frame_remap/prefix_override:/home/nvidia/ros2_catkin_ws/install/livox_frame_remap/lib/python3.8/site-packages:${PYTHONPATH} /usr/bin/python3 setup.py develop --editable --build-directory /home/nvidia/ros2_catkin_ws/build/livox_frame_remap/build --no-deps install_data
