[5.845s] Invoking command in '/home/nvidia/ros2_catkin_ws/build/aws_robomaker_small_warehouse_world': CMAKE_PREFIX_PATH=${CMAKE_PREFIX_PATH}:/home/nvidia/ros2_catkin_ws/install/livox_frame_remap:/opt/ros/foxy /usr/bin/cmake --build /home/nvidia/ros2_catkin_ws/build/aws_robomaker_small_warehouse_world -- -j8 -l8
[7.323s] Invoked command in '/home/nvidia/ros2_catkin_ws/build/aws_robomaker_small_warehouse_world' returned '0': CMAKE_PREFIX_PATH=${CMAKE_PREFIX_PATH}:/home/nvidia/ros2_catkin_ws/install/livox_frame_remap:/opt/ros/foxy /usr/bin/cmake --build /home/nvidia/ros2_catkin_ws/build/aws_robomaker_small_warehouse_world -- -j8 -l8
[7.476s] Invoking command in '/home/nvidia/ros2_catkin_ws/build/aws_robomaker_small_warehouse_world': CMAKE_PREFIX_PATH=${CMAKE_PREFIX_PATH}:/home/nvidia/ros2_catkin_ws/install/livox_frame_remap:/opt/ros/foxy /usr/bin/cmake --install /home/nvidia/ros2_catkin_ws/build/aws_robomaker_small_warehouse_world
[7.506s] -- Install configuration: ""
[7.506s] -- Execute custom install script
[7.506s] -- Up-to-date symlink: /home/nvidia/ros2_catkin_ws/install/aws_robomaker_small_warehouse_world/share/aws_robomaker_small_warehouse_world/launch/no_roof_small_warehouse.launch.py
[7.506s] -- Up-to-date symlink: /home/nvidia/ros2_catkin_ws/install/aws_robomaker_small_warehouse_world/share/aws_robomaker_small_warehouse_world/launch/small_warehouse.launch.py
[7.507s] -- Up-to-date symlink: /home/nvidia/ros2_catkin_ws/install/aws_robomaker_small_warehouse_world/share/aws_robomaker_small_warehouse_world/gui/gazebo_gui.config
[7.507s] -- Up-to-date symlink: /home/nvidia/ros2_catkin_ws/install/aws_robomaker_small_warehouse_world/share/aws_robomaker_small_warehouse_world/worlds/no_roof_small_warehouse/no_roof_small_warehouse.world
[7.507s] -- Up-to-date symlink: /home/nvidia/ros2_catkin_ws/install/aws_robomaker_small_warehouse_world/share/aws_robomaker_small_warehouse_world/worlds/small_warehouse/small_warehouse.world
[7.516s] -- Up-to-date symlink: /home/nvidia/ros2_catkin_ws/install/aws_robomaker_small_warehouse_world/share/aws_robomaker_small_warehouse_world/models/.DS_Store
[7.516s] -- Up-to-date symlink: /home/nvidia/ros2_catkin_ws/install/aws_robomaker_small_warehouse_world/share/aws_robomaker_small_warehouse_world/models/aws_robomaker_warehouse_Bucket_01/.DS_Store
[7.516s] -- Up-to-date symlink: /home/nvidia/ros2_catkin_ws/install/aws_robomaker_small_warehouse_world/share/aws_robomaker_small_warehouse_world/models/aws_robomaker_warehouse_Bucket_01/materials/.DS_Store
[7.516s] -- Up-to-date symlink: /home/nvidia/ros2_catkin_ws/install/aws_robomaker_small_warehouse_world/share/aws_robomaker_small_warehouse_world/models/aws_robomaker_warehouse_Bucket_01/materials/textures/aws_robomaker_warehouse_Bucket_01.png
[7.517s] -- Up-to-date symlink: /home/nvidia/ros2_catkin_ws/install/aws_robomaker_small_warehouse_world/share/aws_robomaker_small_warehouse_world/models/aws_robomaker_warehouse_Bucket_01/meshes/aws_robomaker_warehouse_Bucket_01_collision.DAE
[7.517s] -- Up-to-date symlink: /home/nvidia/ros2_catkin_ws/install/aws_robomaker_small_warehouse_world/share/aws_robomaker_small_warehouse_world/models/aws_robomaker_warehouse_Bucket_01/meshes/aws_robomaker_warehouse_Bucket_01_visual.DAE
[7.517s] -- Up-to-date symlink: /home/nvidia/ros2_catkin_ws/install/aws_robomaker_small_warehouse_world/share/aws_robomaker_small_warehouse_world/models/aws_robomaker_warehouse_Bucket_01/model.config
[7.518s] -- Up-to-date symlink: /home/nvidia/ros2_catkin_ws/install/aws_robomaker_small_warehouse_world/share/aws_robomaker_small_warehouse_world/models/aws_robomaker_warehouse_Bucket_01/model.sdf
[7.518s] -- Up-to-date symlink: /home/nvidia/ros2_catkin_ws/install/aws_robomaker_small_warehouse_world/share/aws_robomaker_small_warehouse_world/models/aws_robomaker_warehouse_ClutteringA_01/.DS_Store
[7.518s] -- Up-to-date symlink: /home/nvidia/ros2_catkin_ws/install/aws_robomaker_small_warehouse_world/share/aws_robomaker_small_warehouse_world/models/aws_robomaker_warehouse_ClutteringA_01/materials/.DS_Store
[7.518s] -- Up-to-date symlink: /home/nvidia/ros2_catkin_ws/install/aws_robomaker_small_warehouse_world/share/aws_robomaker_small_warehouse_world/models/aws_robomaker_warehouse_ClutteringA_01/materials/textures/.DS_Store
[7.518s] -- Up-to-date symlink: /home/nvidia/ros2_catkin_ws/install/aws_robomaker_small_warehouse_world/share/aws_robomaker_small_warehouse_world/models/aws_robomaker_warehouse_ClutteringA_01/materials/textures/aws_robomaker_warehouse_ClutteringA_01.png
[7.519s] -- Up-to-date symlink: /home/nvidia/ros2_catkin_ws/install/aws_robomaker_small_warehouse_world/share/aws_robomaker_small_warehouse_world/models/aws_robomaker_warehouse_ClutteringA_01/materials/textures/aws_robomaker_warehouse_ClutteringA_02.png
[7.519s] -- Up-to-date symlink: /home/nvidia/ros2_catkin_ws/install/aws_robomaker_small_warehouse_world/share/aws_robomaker_small_warehouse_world/models/aws_robomaker_warehouse_ClutteringA_01/materials/textures/aws_robomaker_warehouse_ClutteringA_03.png
[7.519s] -- Up-to-date symlink: /home/nvidia/ros2_catkin_ws/install/aws_robomaker_small_warehouse_world/share/aws_robomaker_small_warehouse_world/models/aws_robomaker_warehouse_ClutteringA_01/meshes/aws_robomaker_warehouse_ClutteringA_01_collision.DAE
[7.519s] -- Up-to-date symlink: /home/nvidia/ros2_catkin_ws/install/aws_robomaker_small_warehouse_world/share/aws_robomaker_small_warehouse_world/models/aws_robomaker_warehouse_ClutteringA_01/meshes/aws_robomaker_warehouse_ClutteringA_01_visual.DAE
[7.519s] -- Up-to-date symlink: /home/nvidia/ros2_catkin_ws/install/aws_robomaker_small_warehouse_world/share/aws_robomaker_small_warehouse_world/models/aws_robomaker_warehouse_ClutteringA_01/model.config
[7.519s] -- Up-to-date symlink: /home/nvidia/ros2_catkin_ws/install/aws_robomaker_small_warehouse_world/share/aws_robomaker_small_warehouse_world/models/aws_robomaker_warehouse_ClutteringA_01/model.sdf
[7.519s] -- Up-to-date symlink: /home/nvidia/ros2_catkin_ws/install/aws_robomaker_small_warehouse_world/share/aws_robomaker_small_warehouse_world/models/aws_robomaker_warehouse_ClutteringC_01/materials/textures/aws_robomaker_warehouse_ClutteringC_01.png
[7.519s] -- Up-to-date symlink: /home/nvidia/ros2_catkin_ws/install/aws_robomaker_small_warehouse_world/share/aws_robomaker_small_warehouse_world/models/aws_robomaker_warehouse_ClutteringC_01/materials/textures/aws_robomaker_warehouse_ClutteringC_02.png
[7.519s] -- Up-to-date symlink: /home/nvidia/ros2_catkin_ws/install/aws_robomaker_small_warehouse_world/share/aws_robomaker_small_warehouse_world/models/aws_robomaker_warehouse_ClutteringC_01/meshes/aws_robomaker_warehouse_ClutteringC_01_collision.DAE
[7.519s] -- Up-to-date symlink: /home/nvidia/ros2_catkin_ws/install/aws_robomaker_small_warehouse_world/share/aws_robomaker_small_warehouse_world/models/aws_robomaker_warehouse_ClutteringC_01/meshes/aws_robomaker_warehouse_ClutteringC_01_visual.DAE
[7.520s] -- Up-to-date symlink: /home/nvidia/ros2_catkin_ws/install/aws_robomaker_small_warehouse_world/share/aws_robomaker_small_warehouse_world/models/aws_robomaker_warehouse_ClutteringC_01/model.config
[7.520s] -- Up-to-date symlink: /home/nvidia/ros2_catkin_ws/install/aws_robomaker_small_warehouse_world/share/aws_robomaker_small_warehouse_world/models/aws_robomaker_warehouse_ClutteringC_01/model.sdf
[7.520s] -- Up-to-date symlink: /home/nvidia/ros2_catkin_ws/install/aws_robomaker_small_warehouse_world/share/aws_robomaker_small_warehouse_world/models/aws_robomaker_warehouse_ClutteringD_01/materials/textures/aws_robomaker_warehouse_ClutteringD_01.png
[7.520s] -- Up-to-date symlink: /home/nvidia/ros2_catkin_ws/install/aws_robomaker_small_warehouse_world/share/aws_robomaker_small_warehouse_world/models/aws_robomaker_warehouse_ClutteringD_01/materials/textures/aws_robomaker_warehouse_ClutteringD_02.png
[7.520s] -- Up-to-date symlink: /home/nvidia/ros2_catkin_ws/install/aws_robomaker_small_warehouse_world/share/aws_robomaker_small_warehouse_world/models/aws_robomaker_warehouse_ClutteringD_01/meshes/aws_robomaker_warehouse_ClutteringD_01_collision.DAE
[7.520s] -- Up-to-date symlink: /home/nvidia/ros2_catkin_ws/install/aws_robomaker_small_warehouse_world/share/aws_robomaker_small_warehouse_world/models/aws_robomaker_warehouse_ClutteringD_01/meshes/aws_robomaker_warehouse_ClutteringD_01_visual.DAE
[7.521s] -- Up-to-date symlink: /home/nvidia/ros2_catkin_ws/install/aws_robomaker_small_warehouse_world/share/aws_robomaker_small_warehouse_world/models/aws_robomaker_warehouse_ClutteringD_01/model.config
[7.521s] -- Up-to-date symlink: /home/nvidia/ros2_catkin_ws/install/aws_robomaker_small_warehouse_world/share/aws_robomaker_small_warehouse_world/models/aws_robomaker_warehouse_ClutteringD_01/model.sdf
[7.521s] -- Up-to-date symlink: /home/nvidia/ros2_catkin_ws/install/aws_robomaker_small_warehouse_world/share/aws_robomaker_small_warehouse_world/models/aws_robomaker_warehouse_DeskC_01/materials/.DS_Store
[7.521s] -- Up-to-date symlink: /home/nvidia/ros2_catkin_ws/install/aws_robomaker_small_warehouse_world/share/aws_robomaker_small_warehouse_world/models/aws_robomaker_warehouse_DeskC_01/materials/textures/aws_robomaker_warehouse_DeskC_01.png
[7.521s] -- Up-to-date symlink: /home/nvidia/ros2_catkin_ws/install/aws_robomaker_small_warehouse_world/share/aws_robomaker_small_warehouse_world/models/aws_robomaker_warehouse_DeskC_01/materials/textures/aws_robomaker_warehouse_DeskC_02.png
[7.521s] -- Up-to-date symlink: /home/nvidia/ros2_catkin_ws/install/aws_robomaker_small_warehouse_world/share/aws_robomaker_small_warehouse_world/models/aws_robomaker_warehouse_DeskC_01/materials/textures/aws_robomaker_warehouse_DeskC_03.png
[7.522s] -- Up-to-date symlink: /home/nvidia/ros2_catkin_ws/install/aws_robomaker_small_warehouse_world/share/aws_robomaker_small_warehouse_world/models/aws_robomaker_warehouse_DeskC_01/materials/textures/aws_robomaker_warehouse_DeskC_03.psd
[7.522s] -- Up-to-date symlink: /home/nvidia/ros2_catkin_ws/install/aws_robomaker_small_warehouse_world/share/aws_robomaker_small_warehouse_world/models/aws_robomaker_warehouse_DeskC_01/materials/textures/aws_robomaker_warehouse_DeskC_04.png
[7.522s] -- Up-to-date symlink: /home/nvidia/ros2_catkin_ws/install/aws_robomaker_small_warehouse_world/share/aws_robomaker_small_warehouse_world/models/aws_robomaker_warehouse_DeskC_01/meshes/aws_robomaker_warehouse_DeskC_01_collision.DAE
[7.523s] -- Up-to-date symlink: /home/nvidia/ros2_catkin_ws/install/aws_robomaker_small_warehouse_world/share/aws_robomaker_small_warehouse_world/models/aws_robomaker_warehouse_DeskC_01/meshes/aws_robomaker_warehouse_DeskC_01_visual.DAE
[7.523s] -- Up-to-date symlink: /home/nvidia/ros2_catkin_ws/install/aws_robomaker_small_warehouse_world/share/aws_robomaker_small_warehouse_world/models/aws_robomaker_warehouse_DeskC_01/model.config
[7.524s] -- Up-to-date symlink: /home/nvidia/ros2_catkin_ws/install/aws_robomaker_small_warehouse_world/share/aws_robomaker_small_warehouse_world/models/aws_robomaker_warehouse_DeskC_01/model.sdf
[7.526s] -- Up-to-date symlink: /home/nvidia/ros2_catkin_ws/install/aws_robomaker_small_warehouse_world/share/aws_robomaker_small_warehouse_world/models/aws_robomaker_warehouse_GroundB_01/materials/textures/aws_robomaker_warehouse_GroundB_01.png
[7.527s] -- Up-to-date symlink: /home/nvidia/ros2_catkin_ws/install/aws_robomaker_small_warehouse_world/share/aws_robomaker_small_warehouse_world/models/aws_robomaker_warehouse_GroundB_01/materials/textures/aws_robomaker_warehouse_GroundB_02.png
[7.528s] -- Up-to-date symlink: /home/nvidia/ros2_catkin_ws/install/aws_robomaker_small_warehouse_world/share/aws_robomaker_small_warehouse_world/models/aws_robomaker_warehouse_GroundB_01/meshes/aws_robomaker_warehouse_GroundB_01_collision.DAE
[7.529s] -- Up-to-date symlink: /home/nvidia/ros2_catkin_ws/install/aws_robomaker_small_warehouse_world/share/aws_robomaker_small_warehouse_world/models/aws_robomaker_warehouse_GroundB_01/meshes/aws_robomaker_warehouse_GroundB_01_visual.DAE
[7.530s] -- Up-to-date symlink: /home/nvidia/ros2_catkin_ws/install/aws_robomaker_small_warehouse_world/share/aws_robomaker_small_warehouse_world/models/aws_robomaker_warehouse_GroundB_01/model.config
[7.530s] -- Up-to-date symlink: /home/nvidia/ros2_catkin_ws/install/aws_robomaker_small_warehouse_world/share/aws_robomaker_small_warehouse_world/models/aws_robomaker_warehouse_GroundB_01/model.sdf
[7.531s] -- Up-to-date symlink: /home/nvidia/ros2_catkin_ws/install/aws_robomaker_small_warehouse_world/share/aws_robomaker_small_warehouse_world/models/aws_robomaker_warehouse_Lamp_01/materials/textures/aws_robomaker_warehouse_Lamp_01.png
[7.532s] -- Up-to-date symlink: /home/nvidia/ros2_catkin_ws/install/aws_robomaker_small_warehouse_world/share/aws_robomaker_small_warehouse_world/models/aws_robomaker_warehouse_Lamp_01/meshes/aws_robomaker_warehouse_Lamp_01_collision.DAE
[7.533s] -- Up-to-date symlink: /home/nvidia/ros2_catkin_ws/install/aws_robomaker_small_warehouse_world/share/aws_robomaker_small_warehouse_world/models/aws_robomaker_warehouse_Lamp_01/meshes/aws_robomaker_warehouse_Lamp_01_visual.DAE
[7.534s] -- Up-to-date symlink: /home/nvidia/ros2_catkin_ws/install/aws_robomaker_small_warehouse_world/share/aws_robomaker_small_warehouse_world/models/aws_robomaker_warehouse_Lamp_01/model.config
[7.535s] -- Up-to-date symlink: /home/nvidia/ros2_catkin_ws/install/aws_robomaker_small_warehouse_world/share/aws_robomaker_small_warehouse_world/models/aws_robomaker_warehouse_Lamp_01/model.sdf
[7.535s] -- Up-to-date symlink: /home/nvidia/ros2_catkin_ws/install/aws_robomaker_small_warehouse_world/share/aws_robomaker_small_warehouse_world/models/aws_robomaker_warehouse_PalletJackB_01/.DS_Store
[7.536s] -- Up-to-date symlink: /home/nvidia/ros2_catkin_ws/install/aws_robomaker_small_warehouse_world/share/aws_robomaker_small_warehouse_world/models/aws_robomaker_warehouse_PalletJackB_01/materials/.DS_Store
[7.537s] -- Up-to-date symlink: /home/nvidia/ros2_catkin_ws/install/aws_robomaker_small_warehouse_world/share/aws_robomaker_small_warehouse_world/models/aws_robomaker_warehouse_PalletJackB_01/materials/textures/aws_robomaker_warehouse_PalletJackB_01.png
[7.538s] -- Up-to-date symlink: /home/nvidia/ros2_catkin_ws/install/aws_robomaker_small_warehouse_world/share/aws_robomaker_small_warehouse_world/models/aws_robomaker_warehouse_PalletJackB_01/materials/textures/aws_robomaker_warehouse_PalletJackB_02.png
[7.539s] -- Up-to-date symlink: /home/nvidia/ros2_catkin_ws/install/aws_robomaker_small_warehouse_world/share/aws_robomaker_small_warehouse_world/models/aws_robomaker_warehouse_PalletJackB_01/meshes/aws_robomaker_warehouse_PalletJackB_01_collision.DAE
[7.550s] -- Up-to-date symlink: /home/nvidia/ros2_catkin_ws/install/aws_robomaker_small_warehouse_world/share/aws_robomaker_small_warehouse_world/models/aws_robomaker_warehouse_PalletJackB_01/meshes/aws_robomaker_warehouse_PalletJackB_01_visual.DAE
[7.550s] -- Up-to-date symlink: /home/nvidia/ros2_catkin_ws/install/aws_robomaker_small_warehouse_world/share/aws_robomaker_small_warehouse_world/models/aws_robomaker_warehouse_PalletJackB_01/model.config
[7.550s] -- Up-to-date symlink: /home/nvidia/ros2_catkin_ws/install/aws_robomaker_small_warehouse_world/share/aws_robomaker_small_warehouse_world/models/aws_robomaker_warehouse_PalletJackB_01/model.sdf
[7.550s] -- Up-to-date symlink: /home/nvidia/ros2_catkin_ws/install/aws_robomaker_small_warehouse_world/share/aws_robomaker_small_warehouse_world/models/aws_robomaker_warehouse_RoofB_01/materials/textures/aws_robomaker_warehouse_RoofB_01.png
[7.550s] -- Up-to-date symlink: /home/nvidia/ros2_catkin_ws/install/aws_robomaker_small_warehouse_world/share/aws_robomaker_small_warehouse_world/models/aws_robomaker_warehouse_RoofB_01/meshes/aws_robomaker_warehouse_RoofB_01_collision.DAE
[7.551s] -- Up-to-date symlink: /home/nvidia/ros2_catkin_ws/install/aws_robomaker_small_warehouse_world/share/aws_robomaker_small_warehouse_world/models/aws_robomaker_warehouse_RoofB_01/meshes/aws_robomaker_warehouse_RoofB_01_visual.DAE
[7.551s] -- Up-to-date symlink: /home/nvidia/ros2_catkin_ws/install/aws_robomaker_small_warehouse_world/share/aws_robomaker_small_warehouse_world/models/aws_robomaker_warehouse_RoofB_01/model.config
[7.551s] -- Up-to-date symlink: /home/nvidia/ros2_catkin_ws/install/aws_robomaker_small_warehouse_world/share/aws_robomaker_small_warehouse_world/models/aws_robomaker_warehouse_RoofB_01/model.sdf
[7.551s] -- Up-to-date symlink: /home/nvidia/ros2_catkin_ws/install/aws_robomaker_small_warehouse_world/share/aws_robomaker_small_warehouse_world/models/aws_robomaker_warehouse_ShelfD_01/materials/textures/aws_robomaker_warehouse_ShelfD_01.png
[7.551s] -- Up-to-date symlink: /home/nvidia/ros2_catkin_ws/install/aws_robomaker_small_warehouse_world/share/aws_robomaker_small_warehouse_world/models/aws_robomaker_warehouse_ShelfD_01/materials/textures/aws_robomaker_warehouse_ShelfD_02.png
[7.551s] -- Up-to-date symlink: /home/nvidia/ros2_catkin_ws/install/aws_robomaker_small_warehouse_world/share/aws_robomaker_small_warehouse_world/models/aws_robomaker_warehouse_ShelfD_01/materials/textures/aws_robomaker_warehouse_ShelfD_03.png
[7.551s] -- Up-to-date symlink: /home/nvidia/ros2_catkin_ws/install/aws_robomaker_small_warehouse_world/share/aws_robomaker_small_warehouse_world/models/aws_robomaker_warehouse_ShelfD_01/materials/textures/aws_robomaker_warehouse_ShelfD_04.png
[7.551s] -- Up-to-date symlink: /home/nvidia/ros2_catkin_ws/install/aws_robomaker_small_warehouse_world/share/aws_robomaker_small_warehouse_world/models/aws_robomaker_warehouse_ShelfD_01/meshes/aws_robomaker_warehouse_ShelfD_01_collision.DAE
[7.552s] -- Up-to-date symlink: /home/nvidia/ros2_catkin_ws/install/aws_robomaker_small_warehouse_world/share/aws_robomaker_small_warehouse_world/models/aws_robomaker_warehouse_ShelfD_01/meshes/aws_robomaker_warehouse_ShelfD_01_visual.DAE
[7.552s] -- Up-to-date symlink: /home/nvidia/ros2_catkin_ws/install/aws_robomaker_small_warehouse_world/share/aws_robomaker_small_warehouse_world/models/aws_robomaker_warehouse_ShelfD_01/model.config
[7.552s] -- Up-to-date symlink: /home/nvidia/ros2_catkin_ws/install/aws_robomaker_small_warehouse_world/share/aws_robomaker_small_warehouse_world/models/aws_robomaker_warehouse_ShelfD_01/model.sdf
[7.552s] -- Up-to-date symlink: /home/nvidia/ros2_catkin_ws/install/aws_robomaker_small_warehouse_world/share/aws_robomaker_small_warehouse_world/models/aws_robomaker_warehouse_ShelfE_01/.DS_Store
[7.553s] -- Up-to-date symlink: /home/nvidia/ros2_catkin_ws/install/aws_robomaker_small_warehouse_world/share/aws_robomaker_small_warehouse_world/models/aws_robomaker_warehouse_ShelfE_01/materials/.DS_Store
[7.553s] -- Up-to-date symlink: /home/nvidia/ros2_catkin_ws/install/aws_robomaker_small_warehouse_world/share/aws_robomaker_small_warehouse_world/models/aws_robomaker_warehouse_ShelfE_01/materials/textures/aws_robomaker_warehouse_ShelfE_01.png
[7.554s] -- Up-to-date symlink: /home/nvidia/ros2_catkin_ws/install/aws_robomaker_small_warehouse_world/share/aws_robomaker_small_warehouse_world/models/aws_robomaker_warehouse_ShelfE_01/materials/textures/aws_robomaker_warehouse_ShelfE_02.png
[7.554s] -- Up-to-date symlink: /home/nvidia/ros2_catkin_ws/install/aws_robomaker_small_warehouse_world/share/aws_robomaker_small_warehouse_world/models/aws_robomaker_warehouse_ShelfE_01/materials/textures/aws_robomaker_warehouse_ShelfE_03.png
[7.554s] -- Up-to-date symlink: /home/nvidia/ros2_catkin_ws/install/aws_robomaker_small_warehouse_world/share/aws_robomaker_small_warehouse_world/models/aws_robomaker_warehouse_ShelfE_01/materials/textures/aws_robomaker_warehouse_ShelfE_04.png
[7.554s] -- Up-to-date symlink: /home/nvidia/ros2_catkin_ws/install/aws_robomaker_small_warehouse_world/share/aws_robomaker_small_warehouse_world/models/aws_robomaker_warehouse_ShelfE_01/meshes/aws_robomaker_warehouse_ShelfE_01_collision.DAE
[7.554s] -- Up-to-date symlink: /home/nvidia/ros2_catkin_ws/install/aws_robomaker_small_warehouse_world/share/aws_robomaker_small_warehouse_world/models/aws_robomaker_warehouse_ShelfE_01/meshes/aws_robomaker_warehouse_ShelfE_01_visual.DAE
[7.554s] -- Up-to-date symlink: /home/nvidia/ros2_catkin_ws/install/aws_robomaker_small_warehouse_world/share/aws_robomaker_small_warehouse_world/models/aws_robomaker_warehouse_ShelfE_01/model.config
[7.554s] -- Up-to-date symlink: /home/nvidia/ros2_catkin_ws/install/aws_robomaker_small_warehouse_world/share/aws_robomaker_small_warehouse_world/models/aws_robomaker_warehouse_ShelfE_01/model.sdf
[7.555s] -- Up-to-date symlink: /home/nvidia/ros2_catkin_ws/install/aws_robomaker_small_warehouse_world/share/aws_robomaker_small_warehouse_world/models/aws_robomaker_warehouse_ShelfF_01/materials/textures/aws_robomaker_warehouse_ShelfF_01.png
[7.555s] -- Up-to-date symlink: /home/nvidia/ros2_catkin_ws/install/aws_robomaker_small_warehouse_world/share/aws_robomaker_small_warehouse_world/models/aws_robomaker_warehouse_ShelfF_01/materials/textures/aws_robomaker_warehouse_ShelfF_02.png
[7.555s] -- Up-to-date symlink: /home/nvidia/ros2_catkin_ws/install/aws_robomaker_small_warehouse_world/share/aws_robomaker_small_warehouse_world/models/aws_robomaker_warehouse_ShelfF_01/materials/textures/aws_robomaker_warehouse_ShelfF_03.png
[7.555s] -- Up-to-date symlink: /home/nvidia/ros2_catkin_ws/install/aws_robomaker_small_warehouse_world/share/aws_robomaker_small_warehouse_world/models/aws_robomaker_warehouse_ShelfF_01/meshes/aws_robomaker_warehouse_ShelfF_01_collision.DAE
[7.555s] -- Up-to-date symlink: /home/nvidia/ros2_catkin_ws/install/aws_robomaker_small_warehouse_world/share/aws_robomaker_small_warehouse_world/models/aws_robomaker_warehouse_ShelfF_01/meshes/aws_robomaker_warehouse_ShelfF_01_visual.DAE
[7.555s] -- Up-to-date symlink: /home/nvidia/ros2_catkin_ws/install/aws_robomaker_small_warehouse_world/share/aws_robomaker_small_warehouse_world/models/aws_robomaker_warehouse_ShelfF_01/model.config
[7.555s] -- Up-to-date symlink: /home/nvidia/ros2_catkin_ws/install/aws_robomaker_small_warehouse_world/share/aws_robomaker_small_warehouse_world/models/aws_robomaker_warehouse_ShelfF_01/model.sdf
[7.556s] -- Up-to-date symlink: /home/nvidia/ros2_catkin_ws/install/aws_robomaker_small_warehouse_world/share/aws_robomaker_small_warehouse_world/models/aws_robomaker_warehouse_TrashCanC_01/materials/textures/aws_robomaker_warehouse_TrashCanC_01.png
[7.556s] -- Up-to-date symlink: /home/nvidia/ros2_catkin_ws/install/aws_robomaker_small_warehouse_world/share/aws_robomaker_small_warehouse_world/models/aws_robomaker_warehouse_TrashCanC_01/meshes/aws_robomaker_warehouse_TrashCanC_01_collision.DAE
[7.556s] -- Up-to-date symlink: /home/nvidia/ros2_catkin_ws/install/aws_robomaker_small_warehouse_world/share/aws_robomaker_small_warehouse_world/models/aws_robomaker_warehouse_TrashCanC_01/meshes/aws_robomaker_warehouse_TrashCanC_01_visual.DAE
[7.556s] -- Up-to-date symlink: /home/nvidia/ros2_catkin_ws/install/aws_robomaker_small_warehouse_world/share/aws_robomaker_small_warehouse_world/models/aws_robomaker_warehouse_TrashCanC_01/model.config
[7.556s] -- Up-to-date symlink: /home/nvidia/ros2_catkin_ws/install/aws_robomaker_small_warehouse_world/share/aws_robomaker_small_warehouse_world/models/aws_robomaker_warehouse_TrashCanC_01/model.sdf
[7.556s] -- Up-to-date symlink: /home/nvidia/ros2_catkin_ws/install/aws_robomaker_small_warehouse_world/share/aws_robomaker_small_warehouse_world/models/aws_robomaker_warehouse_WallB_01/materials/textures/aws_robomaker_warehouse_WallB_01.png
[7.556s] -- Up-to-date symlink: /home/nvidia/ros2_catkin_ws/install/aws_robomaker_small_warehouse_world/share/aws_robomaker_small_warehouse_world/models/aws_robomaker_warehouse_WallB_01/meshes/aws_robomaker_warehouse_WallB_01_collision.DAE
[7.556s] -- Up-to-date symlink: /home/nvidia/ros2_catkin_ws/install/aws_robomaker_small_warehouse_world/share/aws_robomaker_small_warehouse_world/models/aws_robomaker_warehouse_WallB_01/meshes/aws_robomaker_warehouse_WallB_01_visual.DAE
[7.557s] -- Up-to-date symlink: /home/nvidia/ros2_catkin_ws/install/aws_robomaker_small_warehouse_world/share/aws_robomaker_small_warehouse_world/models/aws_robomaker_warehouse_WallB_01/model.config
[7.557s] -- Up-to-date symlink: /home/nvidia/ros2_catkin_ws/install/aws_robomaker_small_warehouse_world/share/aws_robomaker_small_warehouse_world/models/aws_robomaker_warehouse_WallB_01/model.sdf
[7.557s] -- Up-to-date symlink: /home/nvidia/ros2_catkin_ws/install/aws_robomaker_small_warehouse_world/share/aws_robomaker_small_warehouse_world/maps/.DS_Store
[7.557s] -- Up-to-date symlink: /home/nvidia/ros2_catkin_ws/install/aws_robomaker_small_warehouse_world/share/aws_robomaker_small_warehouse_world/maps/002/map.pgm
[7.557s] -- Up-to-date symlink: /home/nvidia/ros2_catkin_ws/install/aws_robomaker_small_warehouse_world/share/aws_robomaker_small_warehouse_world/maps/002/map.yaml
[7.558s] -- Up-to-date symlink: /home/nvidia/ros2_catkin_ws/install/aws_robomaker_small_warehouse_world/share/aws_robomaker_small_warehouse_world/maps/005/map.pgm
[7.559s] -- Up-to-date symlink: /home/nvidia/ros2_catkin_ws/install/aws_robomaker_small_warehouse_world/share/aws_robomaker_small_warehouse_world/maps/005/map.yaml
[7.559s] -- Up-to-date symlink: /home/nvidia/ros2_catkin_ws/install/aws_robomaker_small_warehouse_world/share/aws_robomaker_small_warehouse_world/maps/005/map_rotated.pgm
[7.559s] -- Up-to-date symlink: /home/nvidia/ros2_catkin_ws/install/aws_robomaker_small_warehouse_world/share/aws_robomaker_small_warehouse_world/maps/005/map_rotated.png
[7.559s] -- Up-to-date symlink: /home/nvidia/ros2_catkin_ws/install/aws_robomaker_small_warehouse_world/share/aws_robomaker_small_warehouse_world/environment/aws_robomaker_small_warehouse_world.dsv
[7.560s] -- Up-to-date symlink: /home/nvidia/ros2_catkin_ws/install/aws_robomaker_small_warehouse_world/share/ament_index/resource_index/package_run_dependencies/aws_robomaker_small_warehouse_world
[7.560s] -- Up-to-date symlink: /home/nvidia/ros2_catkin_ws/install/aws_robomaker_small_warehouse_world/share/ament_index/resource_index/parent_prefix_path/aws_robomaker_small_warehouse_world
[7.561s] -- Up-to-date symlink: /home/nvidia/ros2_catkin_ws/install/aws_robomaker_small_warehouse_world/share/aws_robomaker_small_warehouse_world/environment/ament_prefix_path.sh
[7.561s] -- Up-to-date symlink: /home/nvidia/ros2_catkin_ws/install/aws_robomaker_small_warehouse_world/share/aws_robomaker_small_warehouse_world/environment/ament_prefix_path.dsv
[7.562s] -- Up-to-date symlink: /home/nvidia/ros2_catkin_ws/install/aws_robomaker_small_warehouse_world/share/aws_robomaker_small_warehouse_world/environment/path.sh
[7.562s] -- Up-to-date symlink: /home/nvidia/ros2_catkin_ws/install/aws_robomaker_small_warehouse_world/share/aws_robomaker_small_warehouse_world/environment/path.dsv
[7.563s] -- Up-to-date symlink: /home/nvidia/ros2_catkin_ws/install/aws_robomaker_small_warehouse_world/share/aws_robomaker_small_warehouse_world/local_setup.bash
[7.563s] -- Up-to-date symlink: /home/nvidia/ros2_catkin_ws/install/aws_robomaker_small_warehouse_world/share/aws_robomaker_small_warehouse_world/local_setup.sh
[7.572s] -- Up-to-date symlink: /home/nvidia/ros2_catkin_ws/install/aws_robomaker_small_warehouse_world/share/aws_robomaker_small_warehouse_world/local_setup.zsh
[7.573s] -- Up-to-date symlink: /home/nvidia/ros2_catkin_ws/install/aws_robomaker_small_warehouse_world/share/aws_robomaker_small_warehouse_world/local_setup.dsv
[7.575s] -- Up-to-date symlink: /home/nvidia/ros2_catkin_ws/install/aws_robomaker_small_warehouse_world/share/aws_robomaker_small_warehouse_world/package.dsv
[7.575s] -- Up-to-date symlink: /home/nvidia/ros2_catkin_ws/install/aws_robomaker_small_warehouse_world/share/ament_index/resource_index/packages/aws_robomaker_small_warehouse_world
[7.575s] -- Up-to-date symlink: /home/nvidia/ros2_catkin_ws/install/aws_robomaker_small_warehouse_world/share/aws_robomaker_small_warehouse_world/cmake/ament_cmake_export_dependencies-extras.cmake
[7.575s] -- Up-to-date symlink: /home/nvidia/ros2_catkin_ws/install/aws_robomaker_small_warehouse_world/share/aws_robomaker_small_warehouse_world/cmake/aws_robomaker_small_warehouse_worldConfig.cmake
[7.575s] -- Up-to-date symlink: /home/nvidia/ros2_catkin_ws/install/aws_robomaker_small_warehouse_world/share/aws_robomaker_small_warehouse_world/cmake/aws_robomaker_small_warehouse_worldConfig-version.cmake
[7.576s] -- Up-to-date symlink: /home/nvidia/ros2_catkin_ws/install/aws_robomaker_small_warehouse_world/share/aws_robomaker_small_warehouse_world/package.xml
[8.345s] Invoked command in '/home/nvidia/ros2_catkin_ws/build/aws_robomaker_small_warehouse_world' returned '0': CMAKE_PREFIX_PATH=${CMAKE_PREFIX_PATH}:/home/nvidia/ros2_catkin_ws/install/livox_frame_remap:/opt/ros/foxy /usr/bin/cmake --install /home/nvidia/ros2_catkin_ws/build/aws_robomaker_small_warehouse_world
