[35m[1mScanning dependencies of target gtest_main[0m
[35m[1mScanning dependencies of target gtest[0m
[35m[1mScanning dependencies of target DepthImageToLaserScan[0m
[ 16%] [32mBuilding CXX object gtest/CMakeFiles/gtest.dir/src/gtest-all.cc.o[0m
[ 16%] [32mBuilding CXX object gtest/CMakeFiles/gtest_main.dir/src/gtest_main.cc.o[0m
[ 25%] [32mBuilding CXX object CMakeFiles/DepthImageToLaserScan.dir/src/DepthImageToLaserScan.cpp.o[0m
[ 33%] [32m[1mLinking CXX static library libgtest_main.a[0m
[ 33%] Built target gtest_main
[ 41%] [32m[1mLinking CXX shared library libDepthImageToLaserScan.so[0m
[ 41%] Built target DepthImageToLaserScan
[35m[1mScanning dependencies of target DepthImageToLaserScanROS[0m
[ 50%] [32mBuilding CXX object CMakeFiles/DepthImageToLaserScanROS.dir/src/DepthImageToLaserScanROS.cpp.o[0m
[ 58%] [32m[1mLinking CXX static library libgtest.a[0m
[ 58%] Built target gtest
[35m[1mScanning dependencies of target depthimage_to_laserscan-test[0m
[ 66%] [32mBuilding CXX object CMakeFiles/depthimage_to_laserscan-test.dir/test/DepthImageToLaserScanTest.cpp.o[0m
[ 75%] [32m[1mLinking CXX executable depthimage_to_laserscan-test[0m
[ 75%] Built target depthimage_to_laserscan-test
[ 83%] [32m[1mLinking CXX shared library libDepthImageToLaserScanROS.so[0m
[ 83%] Built target DepthImageToLaserScanROS
[35m[1mScanning dependencies of target depthimage_to_laserscan_node[0m
[ 91%] [32mBuilding CXX object CMakeFiles/depthimage_to_laserscan_node.dir/src/depthimage_to_laserscan.cpp.o[0m
[100%] [32m[1mLinking CXX executable depthimage_to_laserscan_node[0m
[100%] Built target depthimage_to_laserscan_node
-- Install configuration: ""
-- Execute custom install script
-- Symlinking: /home/nvidia/ros2_catkin_ws/install/depthimage_to_laserscan/include/depthimage_to_laserscan/DepthImageToLaserScan.hpp
-- Symlinking: /home/nvidia/ros2_catkin_ws/install/depthimage_to_laserscan/include/depthimage_to_laserscan/DepthImageToLaserScanROS.hpp
-- Symlinking: /home/nvidia/ros2_catkin_ws/install/depthimage_to_laserscan/include/depthimage_to_laserscan/depth_traits.hpp
-- Symlinking: /home/nvidia/ros2_catkin_ws/install/depthimage_to_laserscan/share/depthimage_to_laserscan//launch/depthimage_to_laserscan-launch.py
-- Symlinking: /home/nvidia/ros2_catkin_ws/install/depthimage_to_laserscan/share/depthimage_to_laserscan//launch/depthimage_to_laserscan_composed-launch.py
-- Symlinking: /home/nvidia/ros2_catkin_ws/install/depthimage_to_laserscan/share/depthimage_to_laserscan//cfg/param.yaml
-- Symlinking: /home/nvidia/ros2_catkin_ws/install/depthimage_to_laserscan/lib/libDepthImageToLaserScan.so
-- Symlinking: /home/nvidia/ros2_catkin_ws/install/depthimage_to_laserscan/lib/libDepthImageToLaserScanROS.so
-- Symlinking: /home/nvidia/ros2_catkin_ws/install/depthimage_to_laserscan/lib/depthimage_to_laserscan/depthimage_to_laserscan_node
-- Symlinking: /home/nvidia/ros2_catkin_ws/install/depthimage_to_laserscan/include/depthimage_to_laserscan/DepthImageToLaserScan_export.h
-- Symlinking: /home/nvidia/ros2_catkin_ws/install/depthimage_to_laserscan/include/depthimage_to_laserscan/DepthImageToLaserScanROS_export.h
-- Symlinking: /home/nvidia/ros2_catkin_ws/install/depthimage_to_laserscan/share/depthimage_to_laserscan/environment/library_path.sh
-- Symlinking: /home/nvidia/ros2_catkin_ws/install/depthimage_to_laserscan/share/depthimage_to_laserscan/environment/library_path.dsv
-- Symlinking: /home/nvidia/ros2_catkin_ws/install/depthimage_to_laserscan/share/ament_index/resource_index/package_run_dependencies/depthimage_to_laserscan
-- Symlinking: /home/nvidia/ros2_catkin_ws/install/depthimage_to_laserscan/share/ament_index/resource_index/parent_prefix_path/depthimage_to_laserscan
-- Symlinking: /home/nvidia/ros2_catkin_ws/install/depthimage_to_laserscan/share/depthimage_to_laserscan/environment/ament_prefix_path.sh
-- Symlinking: /home/nvidia/ros2_catkin_ws/install/depthimage_to_laserscan/share/depthimage_to_laserscan/environment/ament_prefix_path.dsv
-- Symlinking: /home/nvidia/ros2_catkin_ws/install/depthimage_to_laserscan/share/depthimage_to_laserscan/environment/path.sh
-- Symlinking: /home/nvidia/ros2_catkin_ws/install/depthimage_to_laserscan/share/depthimage_to_laserscan/environment/path.dsv
-- Symlinking: /home/nvidia/ros2_catkin_ws/install/depthimage_to_laserscan/share/depthimage_to_laserscan/local_setup.bash
-- Symlinking: /home/nvidia/ros2_catkin_ws/install/depthimage_to_laserscan/share/depthimage_to_laserscan/local_setup.sh
-- Symlinking: /home/nvidia/ros2_catkin_ws/install/depthimage_to_laserscan/share/depthimage_to_laserscan/local_setup.zsh
-- Symlinking: /home/nvidia/ros2_catkin_ws/install/depthimage_to_laserscan/share/depthimage_to_laserscan/local_setup.dsv
-- Symlinking: /home/nvidia/ros2_catkin_ws/install/depthimage_to_laserscan/share/depthimage_to_laserscan/package.dsv
-- Symlinking: /home/nvidia/ros2_catkin_ws/install/depthimage_to_laserscan/share/ament_index/resource_index/packages/depthimage_to_laserscan
-- Symlinking: /home/nvidia/ros2_catkin_ws/install/depthimage_to_laserscan/share/ament_index/resource_index/rclcpp_components/depthimage_to_laserscan
-- Symlinking: /home/nvidia/ros2_catkin_ws/install/depthimage_to_laserscan/share/depthimage_to_laserscan/cmake/ament_cmake_export_include_directories-extras.cmake
-- Symlinking: /home/nvidia/ros2_catkin_ws/install/depthimage_to_laserscan/share/depthimage_to_laserscan/cmake/ament_cmake_export_libraries-extras.cmake
-- Symlinking: /home/nvidia/ros2_catkin_ws/install/depthimage_to_laserscan/share/depthimage_to_laserscan/cmake/depthimage_to_laserscanConfig.cmake
-- Symlinking: /home/nvidia/ros2_catkin_ws/install/depthimage_to_laserscan/share/depthimage_to_laserscan/cmake/depthimage_to_laserscanConfig-version.cmake
-- Symlinking: /home/nvidia/ros2_catkin_ws/install/depthimage_to_laserscan/share/depthimage_to_laserscan/package.xml
