[5.516s] Invoking command in '/home/nvidia/ros2_catkin_ws/build/agilex_scout': CMAKE_PREFIX_PATH=${CMAKE_PREFIX_PATH}:/home/nvidia/ros2_catkin_ws/install/scout_nav2:/home/nvidia/ros2_catkin_ws/install/livox_frame_remap:/opt/ros/foxy /usr/bin/cmake --build /home/nvidia/ros2_catkin_ws/build/agilex_scout -- -j8 -l8
[6.700s] Invoked command in '/home/nvidia/ros2_catkin_ws/build/agilex_scout' returned '0': CMAKE_PREFIX_PATH=${CMAKE_PREFIX_PATH}:/home/nvidia/ros2_catkin_ws/install/scout_nav2:/home/nvidia/ros2_catkin_ws/install/livox_frame_remap:/opt/ros/foxy /usr/bin/cmake --build /home/nvidia/ros2_catkin_ws/build/agilex_scout -- -j8 -l8
[6.809s] Invoking command in '/home/nvidia/ros2_catkin_ws/build/agilex_scout': CMAKE_PREFIX_PATH=${CMAKE_PREFIX_PATH}:/home/nvidia/ros2_catkin_ws/install/scout_nav2:/home/nvidia/ros2_catkin_ws/install/livox_frame_remap:/opt/ros/foxy /usr/bin/cmake --install /home/nvidia/ros2_catkin_ws/build/agilex_scout
[6.861s] -- Install configuration: ""
[6.862s] -- Execute custom install script
[6.862s] -- Up-to-date symlink: /home/nvidia/ros2_catkin_ws/install/agilex_scout/share/agilex_scout/meshes/mobile_robot/1_Link.STL
[6.862s] -- Up-to-date symlink: /home/nvidia/ros2_catkin_ws/install/agilex_scout/share/agilex_scout/meshes/mobile_robot/2_Link.STL
[6.862s] -- Up-to-date symlink: /home/nvidia/ros2_catkin_ws/install/agilex_scout/share/agilex_scout/meshes/mobile_robot/3_Link.STL
[6.862s] -- Up-to-date symlink: /home/nvidia/ros2_catkin_ws/install/agilex_scout/share/agilex_scout/meshes/mobile_robot/4_Link.STL
[6.862s] -- Up-to-date symlink: /home/nvidia/ros2_catkin_ws/install/agilex_scout/share/agilex_scout/meshes/mobile_robot/mobile_robot_base_link.dae
[6.862s] -- Up-to-date symlink: /home/nvidia/ros2_catkin_ws/install/agilex_scout/share/agilex_scout/meshes/mobile_robot/scout_mini_base_link.STL
[6.862s] -- Up-to-date symlink: /home/nvidia/ros2_catkin_ws/install/agilex_scout/share/agilex_scout/meshes/mobile_robot/scout_mini_base_link.dae
[6.863s] -- Up-to-date symlink: /home/nvidia/ros2_catkin_ws/install/agilex_scout/share/agilex_scout/meshes/mobile_robot/wheel.dae
[6.863s] -- Up-to-date symlink: /home/nvidia/ros2_catkin_ws/install/agilex_scout/share/agilex_scout/meshes/mobile_robot/wheel_type1.dae
[6.863s] -- Up-to-date symlink: /home/nvidia/ros2_catkin_ws/install/agilex_scout/share/agilex_scout/meshes/mobile_robot/wheel_type2.dae
[6.863s] -- Up-to-date symlink: /home/nvidia/ros2_catkin_ws/install/agilex_scout/share/agilex_scout/meshes/sensors/laser_link.stl
[6.863s] -- Up-to-date symlink: /home/nvidia/ros2_catkin_ws/install/agilex_scout/share/agilex_scout/launch/costmap_example.launch
[6.863s] -- Up-to-date symlink: /home/nvidia/ros2_catkin_ws/install/agilex_scout/share/agilex_scout/launch/example_params.yaml
[6.863s] -- Up-to-date symlink: /home/nvidia/ros2_catkin_ws/install/agilex_scout/share/agilex_scout/launch/scout_robot_lidar.launch.py
[6.863s] -- Up-to-date symlink: /home/nvidia/ros2_catkin_ws/install/agilex_scout/share/agilex_scout/launch/simulate_control_gazebo.launch.py
[6.863s] -- Up-to-date symlink: /home/nvidia/ros2_catkin_ws/install/agilex_scout/share/agilex_scout/urdf/mobile_robot/scout_v2.gazebo
[6.863s] -- Up-to-date symlink: /home/nvidia/ros2_catkin_ws/install/agilex_scout/share/agilex_scout/urdf/mobile_robot/scout_v2.urdf.xacro
[6.863s] -- Up-to-date symlink: /home/nvidia/ros2_catkin_ws/install/agilex_scout/share/agilex_scout/urdf/mobile_robot/scout_wheel_type1.xacro
[6.864s] -- Up-to-date symlink: /home/nvidia/ros2_catkin_ws/install/agilex_scout/share/agilex_scout/urdf/mobile_robot/scout_wheel_type2.xacro
[6.864s] -- Up-to-date symlink: /home/nvidia/ros2_catkin_ws/install/agilex_scout/share/agilex_scout/urdf/robot.urdf.xacro
[6.864s] -- Up-to-date symlink: /home/nvidia/ros2_catkin_ws/install/agilex_scout/share/agilex_scout/urdf/sensors/os1.urdf
[6.864s] -- Up-to-date symlink: /home/nvidia/ros2_catkin_ws/install/agilex_scout/share/agilex_scout/rviz/model_display.rviz
[6.864s] -- Up-to-date symlink: /home/nvidia/ros2_catkin_ws/install/agilex_scout/share/agilex_scout/rviz/real_scout_display.rviz
[6.864s] -- Up-to-date symlink: /home/nvidia/ros2_catkin_ws/install/agilex_scout/share/agilex_scout/config/ros2_gz_bridge_config.yaml
[6.864s] -- Up-to-date symlink: /home/nvidia/ros2_catkin_ws/install/agilex_scout/share/agilex_scout/config/tb3_cartographer.lua
[6.864s] -- Up-to-date symlink: /home/nvidia/ros2_catkin_ws/install/agilex_scout/share/ament_index/resource_index/package_run_dependencies/agilex_scout
[6.864s] -- Up-to-date symlink: /home/nvidia/ros2_catkin_ws/install/agilex_scout/share/ament_index/resource_index/parent_prefix_path/agilex_scout
[6.864s] -- Up-to-date symlink: /home/nvidia/ros2_catkin_ws/install/agilex_scout/share/agilex_scout/environment/ament_prefix_path.sh
[6.865s] -- Up-to-date symlink: /home/nvidia/ros2_catkin_ws/install/agilex_scout/share/agilex_scout/environment/ament_prefix_path.dsv
[6.865s] -- Up-to-date symlink: /home/nvidia/ros2_catkin_ws/install/agilex_scout/share/agilex_scout/environment/path.sh
[6.865s] -- Up-to-date symlink: /home/nvidia/ros2_catkin_ws/install/agilex_scout/share/agilex_scout/environment/path.dsv
[6.865s] -- Up-to-date symlink: /home/nvidia/ros2_catkin_ws/install/agilex_scout/share/agilex_scout/local_setup.bash
[6.865s] -- Up-to-date symlink: /home/nvidia/ros2_catkin_ws/install/agilex_scout/share/agilex_scout/local_setup.sh
[6.865s] -- Up-to-date symlink: /home/nvidia/ros2_catkin_ws/install/agilex_scout/share/agilex_scout/local_setup.zsh
[6.865s] -- Up-to-date symlink: /home/nvidia/ros2_catkin_ws/install/agilex_scout/share/agilex_scout/local_setup.dsv
[6.865s] -- Symlinking: /home/nvidia/ros2_catkin_ws/install/agilex_scout/share/agilex_scout/package.dsv
[6.899s] -- Up-to-date symlink: /home/nvidia/ros2_catkin_ws/install/agilex_scout/share/ament_index/resource_index/packages/agilex_scout
[6.899s] -- Up-to-date symlink: /home/nvidia/ros2_catkin_ws/install/agilex_scout/share/agilex_scout/cmake/agilex_scoutConfig.cmake
[6.899s] -- Up-to-date symlink: /home/nvidia/ros2_catkin_ws/install/agilex_scout/share/agilex_scout/cmake/agilex_scoutConfig-version.cmake
[6.900s] -- Up-to-date symlink: /home/nvidia/ros2_catkin_ws/install/agilex_scout/share/agilex_scout/package.xml
[7.989s] Invoked command in '/home/nvidia/ros2_catkin_ws/build/agilex_scout' returned '0': CMAKE_PREFIX_PATH=${CMAKE_PREFIX_PATH}:/home/nvidia/ros2_catkin_ws/install/scout_nav2:/home/nvidia/ros2_catkin_ws/install/livox_frame_remap:/opt/ros/foxy /usr/bin/cmake --install /home/nvidia/ros2_catkin_ws/build/agilex_scout
