[6.395s] Invoking command in '/home/nvidia/ros2_catkin_ws/build/scout_nav2': PYTHONPATH=/home/nvidia/ros2_catkin_ws/build/scout_nav2/prefix_override:/home/nvidia/ros2_catkin_ws/install/scout_nav2/lib/python3.8/site-packages:${PYTHONPATH} /usr/bin/python3 setup.py develop --editable --build-directory /home/nvidia/ros2_catkin_ws/build/scout_nav2/build --no-deps install_data
[6.807s] running develop
[7.033s] running egg_info
[7.033s] creating scout_nav2.egg-info
[7.033s] writing scout_nav2.egg-info/PKG-INFO
[7.034s] writing dependency_links to scout_nav2.egg-info/dependency_links.txt
[7.034s] writing entry points to scout_nav2.egg-info/entry_points.txt
[7.034s] writing requirements to scout_nav2.egg-info/requires.txt
[7.034s] writing top-level names to scout_nav2.egg-info/top_level.txt
[7.037s] writing manifest file 'scout_nav2.egg-info/SOURCES.txt'
[7.085s] reading manifest file 'scout_nav2.egg-info/SOURCES.txt'
[7.086s] writing manifest file 'scout_nav2.egg-info/SOURCES.txt'
[7.146s] running build_ext
[7.146s] Creating /home/nvidia/ros2_catkin_ws/install/scout_nav2/lib/python3.8/site-packages/site.py
[7.149s] Creating /home/nvidia/ros2_catkin_ws/install/scout_nav2/lib/python3.8/site-packages/scout-nav2.egg-link (link to .)
[7.151s] Installing example_navigate_to_pose script to /home/nvidia/ros2_catkin_ws/install/scout_nav2/lib/scout_nav2
[7.151s] Installing park_robot script to /home/nvidia/ros2_catkin_ws/install/scout_nav2/lib/scout_nav2
[7.152s] 
[7.152s] Installed /home/nvidia/ros2_catkin_ws/build/scout_nav2
[7.152s] running install_data
[7.152s] creating /home/nvidia/ros2_catkin_ws/install/scout_nav2/share/ament_index
[7.152s] creating /home/nvidia/ros2_catkin_ws/install/scout_nav2/share/ament_index/resource_index
[7.152s] creating /home/nvidia/ros2_catkin_ws/install/scout_nav2/share/ament_index/resource_index/packages
[7.153s] copying resource/scout_nav2 -> /home/nvidia/ros2_catkin_ws/install/scout_nav2/share/ament_index/resource_index/packages
[7.153s] copying package.xml -> /home/nvidia/ros2_catkin_ws/install/scout_nav2/share/scout_nav2
[7.153s] creating /home/nvidia/ros2_catkin_ws/install/scout_nav2/share/scout_nav2/launch
[7.153s] copying launch/nav2.launch.py -> /home/nvidia/ros2_catkin_ws/install/scout_nav2/share/scout_nav2/launch
[7.153s] copying launch/parking.launch.py -> /home/nvidia/ros2_catkin_ws/install/scout_nav2/share/scout_nav2/launch
[7.153s] creating /home/nvidia/ros2_catkin_ws/install/scout_nav2/share/scout_nav2/maps
[7.153s] creating /home/nvidia/ros2_catkin_ws/install/scout_nav2/share/scout_nav2/maps/warehouse
[7.154s] copying maps/warehouse/map_slam.yaml -> /home/nvidia/ros2_catkin_ws/install/scout_nav2/share/scout_nav2/maps/warehouse
[7.154s] copying maps/warehouse/map_slam.pgm -> /home/nvidia/ros2_catkin_ws/install/scout_nav2/share/scout_nav2/maps/warehouse
[7.154s] copying maps/warehouse/map_slam_cleaned.png -> /home/nvidia/ros2_catkin_ws/install/scout_nav2/share/scout_nav2/maps/warehouse
[7.155s] copying maps/warehouse/map_slam_cleaned.pgm -> /home/nvidia/ros2_catkin_ws/install/scout_nav2/share/scout_nav2/maps/warehouse
[7.156s] creating /home/nvidia/ros2_catkin_ws/install/scout_nav2/share/scout_nav2/maps/airlab
[7.156s] copying maps/airlab/map_lidar3d_v2.pgm -> /home/nvidia/ros2_catkin_ws/install/scout_nav2/share/scout_nav2/maps/airlab
[7.156s] copying maps/airlab/map_lidar2d.yaml -> /home/nvidia/ros2_catkin_ws/install/scout_nav2/share/scout_nav2/maps/airlab
[7.157s] copying maps/airlab/map_lidar3d.pgm -> /home/nvidia/ros2_catkin_ws/install/scout_nav2/share/scout_nav2/maps/airlab
[7.157s] copying maps/airlab/map_lidar2d.pgm -> /home/nvidia/ros2_catkin_ws/install/scout_nav2/share/scout_nav2/maps/airlab
[7.158s] copying maps/airlab/map_lidar3d_v2.yaml -> /home/nvidia/ros2_catkin_ws/install/scout_nav2/share/scout_nav2/maps/airlab
[7.158s] copying maps/airlab/map_lidar3d.yaml -> /home/nvidia/ros2_catkin_ws/install/scout_nav2/share/scout_nav2/maps/airlab
[7.158s] creating /home/nvidia/ros2_catkin_ws/install/scout_nav2/share/scout_nav2/params
[7.158s] copying params/nav2_params_lidar2d.yaml -> /home/nvidia/ros2_catkin_ws/install/scout_nav2/share/scout_nav2/params
[7.159s] copying params/nav2_params_scout.yaml -> /home/nvidia/ros2_catkin_ws/install/scout_nav2/share/scout_nav2/params
[7.159s] copying params/nav2_params_lidar3d.yaml -> /home/nvidia/ros2_catkin_ws/install/scout_nav2/share/scout_nav2/params
[7.159s] copying params/bt_nav2pose.xml -> /home/nvidia/ros2_catkin_ws/install/scout_nav2/share/scout_nav2/params
[7.159s] creating /home/nvidia/ros2_catkin_ws/install/scout_nav2/share/scout_nav2/rviz
[7.159s] copying rviz/nav2.rviz -> /home/nvidia/ros2_catkin_ws/install/scout_nav2/share/scout_nav2/rviz
[7.241s] Invoked command in '/home/nvidia/ros2_catkin_ws/build/scout_nav2' returned '0': PYTHONPATH=/home/nvidia/ros2_catkin_ws/build/scout_nav2/prefix_override:/home/nvidia/ros2_catkin_ws/install/scout_nav2/lib/python3.8/site-packages:${PYTHONPATH} /usr/bin/python3 setup.py develop --editable --build-directory /home/nvidia/ros2_catkin_ws/build/scout_nav2/build --no-deps install_data
