-- Found ament_cmake: 0.9.12 (/opt/ros/foxy/share/ament_cmake/cmake)
-- Using PYTHON_EXECUTABLE: /usr/bin/python3
-- Override CMake install command with custom implementation using symlinks instead of copying resources
-- Found ament_lint_auto: 0.9.8 (/opt/ros/foxy/share/ament_lint_auto/cmake)
-- Added test 'copyright' to check source files copyright and LICENSE
-- Added test 'flake8' to check Python code syntax and style conventions
-- Added test 'lint_cmake' to check CMake code style
-- Added test 'pep257' to check Python code against some of the style conventions in PEP 257
-- Added test 'xmllint' to check XML markup files
-- Configuring done
-- Generating done
-- Build files have been written to: /home/nvidia/ros2_catkin_ws/build/agilex_scout
-- Install configuration: ""
-- Execute custom install script
-- Up-to-date symlink: /home/nvidia/ros2_catkin_ws/install/agilex_scout/share/agilex_scout/meshes/mobile_robot/1_Link.STL
-- Up-to-date symlink: /home/nvidia/ros2_catkin_ws/install/agilex_scout/share/agilex_scout/meshes/mobile_robot/2_Link.STL
-- Up-to-date symlink: /home/nvidia/ros2_catkin_ws/install/agilex_scout/share/agilex_scout/meshes/mobile_robot/3_Link.STL
-- Up-to-date symlink: /home/nvidia/ros2_catkin_ws/install/agilex_scout/share/agilex_scout/meshes/mobile_robot/4_Link.STL
-- Up-to-date symlink: /home/nvidia/ros2_catkin_ws/install/agilex_scout/share/agilex_scout/meshes/mobile_robot/mobile_robot_base_link.dae
-- Up-to-date symlink: /home/nvidia/ros2_catkin_ws/install/agilex_scout/share/agilex_scout/meshes/mobile_robot/scout_mini_base_link.STL
-- Up-to-date symlink: /home/nvidia/ros2_catkin_ws/install/agilex_scout/share/agilex_scout/meshes/mobile_robot/scout_mini_base_link.dae
-- Up-to-date symlink: /home/nvidia/ros2_catkin_ws/install/agilex_scout/share/agilex_scout/meshes/mobile_robot/wheel.dae
-- Up-to-date symlink: /home/nvidia/ros2_catkin_ws/install/agilex_scout/share/agilex_scout/meshes/mobile_robot/wheel_type1.dae
-- Up-to-date symlink: /home/nvidia/ros2_catkin_ws/install/agilex_scout/share/agilex_scout/meshes/mobile_robot/wheel_type2.dae
-- Up-to-date symlink: /home/nvidia/ros2_catkin_ws/install/agilex_scout/share/agilex_scout/meshes/sensors/laser_link.stl
-- Up-to-date symlink: /home/nvidia/ros2_catkin_ws/install/agilex_scout/share/agilex_scout/launch/costmap_example.launch
-- Up-to-date symlink: /home/nvidia/ros2_catkin_ws/install/agilex_scout/share/agilex_scout/launch/example_params.yaml
-- Up-to-date symlink: /home/nvidia/ros2_catkin_ws/install/agilex_scout/share/agilex_scout/launch/scout_robot_lidar.launch.py
-- Up-to-date symlink: /home/nvidia/ros2_catkin_ws/install/agilex_scout/share/agilex_scout/launch/simulate_control_gazebo.launch.py
-- Up-to-date symlink: /home/nvidia/ros2_catkin_ws/install/agilex_scout/share/agilex_scout/urdf/mobile_robot/scout_v2.gazebo
-- Up-to-date symlink: /home/nvidia/ros2_catkin_ws/install/agilex_scout/share/agilex_scout/urdf/mobile_robot/scout_v2.urdf.xacro
-- Up-to-date symlink: /home/nvidia/ros2_catkin_ws/install/agilex_scout/share/agilex_scout/urdf/mobile_robot/scout_wheel_type1.xacro
-- Up-to-date symlink: /home/nvidia/ros2_catkin_ws/install/agilex_scout/share/agilex_scout/urdf/mobile_robot/scout_wheel_type2.xacro
-- Up-to-date symlink: /home/nvidia/ros2_catkin_ws/install/agilex_scout/share/agilex_scout/urdf/robot.urdf.xacro
-- Up-to-date symlink: /home/nvidia/ros2_catkin_ws/install/agilex_scout/share/agilex_scout/urdf/sensors/os1.urdf
-- Up-to-date symlink: /home/nvidia/ros2_catkin_ws/install/agilex_scout/share/agilex_scout/rviz/model_display.rviz
-- Up-to-date symlink: /home/nvidia/ros2_catkin_ws/install/agilex_scout/share/agilex_scout/rviz/real_scout_display.rviz
-- Up-to-date symlink: /home/nvidia/ros2_catkin_ws/install/agilex_scout/share/agilex_scout/config/ros2_gz_bridge_config.yaml
-- Up-to-date symlink: /home/nvidia/ros2_catkin_ws/install/agilex_scout/share/agilex_scout/config/tb3_cartographer.lua
-- Up-to-date symlink: /home/nvidia/ros2_catkin_ws/install/agilex_scout/share/ament_index/resource_index/package_run_dependencies/agilex_scout
-- Up-to-date symlink: /home/nvidia/ros2_catkin_ws/install/agilex_scout/share/ament_index/resource_index/parent_prefix_path/agilex_scout
-- Up-to-date symlink: /home/nvidia/ros2_catkin_ws/install/agilex_scout/share/agilex_scout/environment/ament_prefix_path.sh
-- Up-to-date symlink: /home/nvidia/ros2_catkin_ws/install/agilex_scout/share/agilex_scout/environment/ament_prefix_path.dsv
-- Up-to-date symlink: /home/nvidia/ros2_catkin_ws/install/agilex_scout/share/agilex_scout/environment/path.sh
-- Up-to-date symlink: /home/nvidia/ros2_catkin_ws/install/agilex_scout/share/agilex_scout/environment/path.dsv
-- Up-to-date symlink: /home/nvidia/ros2_catkin_ws/install/agilex_scout/share/agilex_scout/local_setup.bash
-- Up-to-date symlink: /home/nvidia/ros2_catkin_ws/install/agilex_scout/share/agilex_scout/local_setup.sh
-- Up-to-date symlink: /home/nvidia/ros2_catkin_ws/install/agilex_scout/share/agilex_scout/local_setup.zsh
-- Up-to-date symlink: /home/nvidia/ros2_catkin_ws/install/agilex_scout/share/agilex_scout/local_setup.dsv
-- Symlinking: /home/nvidia/ros2_catkin_ws/install/agilex_scout/share/agilex_scout/package.dsv
-- Up-to-date symlink: /home/nvidia/ros2_catkin_ws/install/agilex_scout/share/ament_index/resource_index/packages/agilex_scout
-- Up-to-date symlink: /home/nvidia/ros2_catkin_ws/install/agilex_scout/share/agilex_scout/cmake/agilex_scoutConfig.cmake
-- Up-to-date symlink: /home/nvidia/ros2_catkin_ws/install/agilex_scout/share/agilex_scout/cmake/agilex_scoutConfig-version.cmake
-- Up-to-date symlink: /home/nvidia/ros2_catkin_ws/install/agilex_scout/share/agilex_scout/package.xml
