[0.000000] (-) TimerEvent: {}
[0.000469] (agilex_scout) JobQueued: {'identifier': 'agilex_scout', 'dependencies': OrderedDict()}
[0.000832] (aws_robomaker_small_warehouse_world) JobQueued: {'identifier': 'aws_robomaker_small_warehouse_world', 'dependencies': OrderedDict()}
[0.001010] (deliverybot_bringup) JobQueued: {'identifier': 'deliverybot_bringup', 'dependencies': OrderedDict()}
[0.001521] (deliverybot_description) JobQueued: {'identifier': 'deliverybot_description', 'dependencies': OrderedDict()}
[0.001805] (depthimage_to_laserscan) JobQueued: {'identifier': 'depthimage_to_laserscan', 'dependencies': OrderedDict()}
[0.001952] (laser_filters) JobQueued: {'identifier': 'laser_filters', 'dependencies': OrderedDict()}
[0.001992] (livox_frame_remap) JobQueued: {'identifier': 'livox_frame_remap', 'dependencies': OrderedDict()}
[0.002022] (nav2_bringup_custom) JobQueued: {'identifier': 'nav2_bringup_custom', 'dependencies': OrderedDict()}
[0.002049] (pointcloud_to_laserscan) JobQueued: {'identifier': 'pointcloud_to_laserscan', 'dependencies': OrderedDict()}
[0.002077] (scout_nav2) JobQueued: {'identifier': 'scout_nav2', 'dependencies': OrderedDict()}
[0.002106] (agilex_scout) JobStarted: {'identifier': 'agilex_scout'}
[0.099245] (-) TimerEvent: {}
[0.199830] (-) TimerEvent: {}
[0.300442] (-) TimerEvent: {}
[0.401398] (-) TimerEvent: {}
[0.466032] (aws_robomaker_small_warehouse_world) JobStarted: {'identifier': 'aws_robomaker_small_warehouse_world'}
[0.501612] (-) TimerEvent: {}
[0.602260] (-) TimerEvent: {}
[0.702964] (-) TimerEvent: {}
[0.804058] (-) TimerEvent: {}
[0.904837] (-) TimerEvent: {}
[0.934774] (deliverybot_bringup) JobStarted: {'identifier': 'deliverybot_bringup'}
[1.005101] (-) TimerEvent: {}
[1.105817] (-) TimerEvent: {}
[1.206685] (-) TimerEvent: {}
[1.307352] (-) TimerEvent: {}
[1.394478] (deliverybot_description) JobStarted: {'identifier': 'deliverybot_description'}
[1.407484] (-) TimerEvent: {}
[1.507996] (-) TimerEvent: {}
[1.608814] (-) TimerEvent: {}
[1.709437] (-) TimerEvent: {}
[1.810176] (-) TimerEvent: {}
[1.852275] (depthimage_to_laserscan) JobStarted: {'identifier': 'depthimage_to_laserscan'}
[1.910347] (-) TimerEvent: {}
[2.010923] (-) TimerEvent: {}
[2.112049] (-) TimerEvent: {}
[2.212729] (-) TimerEvent: {}
[2.313016] (laser_filters) JobStarted: {'identifier': 'laser_filters'}
[2.313976] (-) TimerEvent: {}
[2.414554] (-) TimerEvent: {}
[2.515347] (-) TimerEvent: {}
[2.616068] (-) TimerEvent: {}
[2.716560] (-) TimerEvent: {}
[2.774104] (livox_frame_remap) JobStarted: {'identifier': 'livox_frame_remap'}
[2.816790] (-) TimerEvent: {}
[2.917480] (-) TimerEvent: {}
[3.018115] (-) TimerEvent: {}
[3.118890] (-) TimerEvent: {}
[3.219641] (-) TimerEvent: {}
[3.320286] (-) TimerEvent: {}
[3.358056] (livox_frame_remap) JobEnded: {'identifier': 'livox_frame_remap', 'rc': 0}
[3.359751] (nav2_bringup_custom) JobStarted: {'identifier': 'nav2_bringup_custom'}
[3.420411] (-) TimerEvent: {}
[3.521200] (-) TimerEvent: {}
[3.621798] (-) TimerEvent: {}
[3.722593] (-) TimerEvent: {}
[3.822019] (agilex_scout) JobEnded: {'identifier': 'agilex_scout', 'rc': 'SIGINT'}
[3.823638] (-) TimerEvent: {}
[3.823970] (aws_robomaker_small_warehouse_world) JobEnded: {'identifier': 'aws_robomaker_small_warehouse_world', 'rc': 'SIGINT'}
[3.825000] (deliverybot_bringup) JobEnded: {'identifier': 'deliverybot_bringup', 'rc': 'SIGINT'}
[3.825654] (deliverybot_description) JobEnded: {'identifier': 'deliverybot_description', 'rc': 'SIGINT'}
[3.826036] (depthimage_to_laserscan) JobEnded: {'identifier': 'depthimage_to_laserscan', 'rc': 'SIGINT'}
[3.826458] (laser_filters) JobEnded: {'identifier': 'laser_filters', 'rc': 'SIGINT'}
[3.826857] (nav2_bringup_custom) JobEnded: {'identifier': 'nav2_bringup_custom', 'rc': 'SIGINT'}
[3.836395] (pointcloud_to_laserscan) JobSkipped: {'identifier': 'pointcloud_to_laserscan'}
[3.836510] (scout_nav2) JobSkipped: {'identifier': 'scout_nav2'}
[3.836551] (-) EventReactorShutdown: {}
