[8.096s] DEBUG:colcon:Command line arguments: ['/usr/bin/colcon', 'build', '--symlink-install']
[8.096s] DEBUG:colcon:Parsed command line arguments: Namespace(allow_overriding=[], ament_cmake_args=None, base_paths=['.'], build_base='build', catkin_cmake_args=None, catkin_skip_building_tests=False, cmake_args=None, cmake_clean_cache=False, cmake_clean_first=False, cmake_force_configure=False, cmake_target=None, cmake_target_skip_unavailable=False, continue_on_error=False, event_handlers=None, executor='parallel', ignore_user_meta=False, install_base='install', log_base=None, log_level=None, main=<bound method BuildVerb.main of <colcon_core.verb.build.BuildVerb object at 0xffffb2a8d9a0>>, merge_install=False, metas=['./colcon.meta'], packages_above=None, packages_above_and_dependencies=None, packages_above_depth=None, packages_end=None, packages_ignore=None, packages_ignore_regex=None, packages_select=None, packages_select_build_failed=False, packages_select_by_dep=None, packages_select_regex=None, packages_select_test_failures=False, packages_skip=None, packages_skip_build_finished=False, packages_skip_by_dep=None, packages_skip_regex=None, packages_skip_test_passed=False, packages_skip_up_to=None, packages_start=None, packages_up_to=None, packages_up_to_regex=None, parallel_workers=8, paths=None, symlink_install=True, test_result_base=None, verb_extension=<colcon_core.verb.build.BuildVerb object at 0xffffb2a8d9a0>, verb_name='build', verb_parser=<colcon_defaults.argument_parser.defaults.DefaultArgumentsDecorator object at 0xffffb2728e50>)
[8.441s] Level 1:colcon.colcon_core.package_discovery:discover_packages(colcon_meta) check parameters
[8.441s] Level 1:colcon.colcon_core.package_discovery:discover_packages(recursive) check parameters
[8.442s] Level 1:colcon.colcon_core.package_discovery:discover_packages(ignore) check parameters
[8.442s] Level 1:colcon.colcon_core.package_discovery:discover_packages(path) check parameters
[8.442s] Level 1:colcon.colcon_core.package_discovery:discover_packages(colcon_meta) discover
[8.442s] Level 1:colcon.colcon_core.package_discovery:discover_packages(recursive) discover
[8.442s] INFO:colcon.colcon_core.package_discovery:Crawling recursively for packages in '/home/nvidia/ros2_catkin_ws'
[8.442s] Level 1:colcon.colcon_core.package_identification:_identify(.) by extensions ['ignore', 'ignore_ament_install']
[8.442s] Level 1:colcon.colcon_core.package_identification:_identify(.) by extension 'ignore'
[8.442s] Level 1:colcon.colcon_core.package_identification:_identify(.) by extension 'ignore_ament_install'
[8.442s] Level 1:colcon.colcon_core.package_identification:_identify(.) by extensions ['colcon_pkg']
[8.443s] Level 1:colcon.colcon_core.package_identification:_identify(.) by extension 'colcon_pkg'
[8.443s] Level 1:colcon.colcon_core.package_identification:_identify(.) by extensions ['colcon_meta']
[8.443s] Level 1:colcon.colcon_core.package_identification:_identify(.) by extension 'colcon_meta'
[8.443s] Level 1:colcon.colcon_core.package_identification:_identify(.) by extensions ['ros']
[8.443s] Level 1:colcon.colcon_core.package_identification:_identify(.) by extension 'ros'
[8.460s] Level 1:colcon.colcon_core.package_identification:_identify(.) by extensions ['cmake', 'python']
[8.460s] Level 1:colcon.colcon_core.package_identification:_identify(.) by extension 'cmake'
[8.460s] Level 1:colcon.colcon_core.package_identification:_identify(.) by extension 'python'
[8.460s] Level 1:colcon.colcon_core.package_identification:_identify(.) by extensions ['python_setup_py']
[8.461s] Level 1:colcon.colcon_core.package_identification:_identify(.) by extension 'python_setup_py'
[8.461s] Level 1:colcon.colcon_core.package_identification:_identify(backup) by extensions ['ignore', 'ignore_ament_install']
[8.461s] Level 1:colcon.colcon_core.package_identification:_identify(backup) by extension 'ignore'
[8.461s] Level 1:colcon.colcon_core.package_identification:_identify(backup) by extension 'ignore_ament_install'
[8.461s] Level 1:colcon.colcon_core.package_identification:_identify(backup) by extensions ['colcon_pkg']
[8.461s] Level 1:colcon.colcon_core.package_identification:_identify(backup) by extension 'colcon_pkg'
[8.461s] Level 1:colcon.colcon_core.package_identification:_identify(backup) by extensions ['colcon_meta']
[8.461s] Level 1:colcon.colcon_core.package_identification:_identify(backup) by extension 'colcon_meta'
[8.461s] Level 1:colcon.colcon_core.package_identification:_identify(backup) by extensions ['ros']
[8.461s] Level 1:colcon.colcon_core.package_identification:_identify(backup) by extension 'ros'
[8.462s] Level 1:colcon.colcon_core.package_identification:_identify(backup) by extensions ['cmake', 'python']
[8.462s] Level 1:colcon.colcon_core.package_identification:_identify(backup) by extension 'cmake'
[8.462s] Level 1:colcon.colcon_core.package_identification:_identify(backup) by extension 'python'
[8.462s] Level 1:colcon.colcon_core.package_identification:_identify(backup) by extensions ['python_setup_py']
[8.462s] Level 1:colcon.colcon_core.package_identification:_identify(backup) by extension 'python_setup_py'
[8.462s] Level 1:colcon.colcon_core.package_identification:_identify(backup/build) by extensions ['ignore', 'ignore_ament_install']
[8.462s] Level 1:colcon.colcon_core.package_identification:_identify(backup/build) by extension 'ignore'
[8.462s] Level 1:colcon.colcon_core.package_identification:_identify(backup/build) ignored
[8.463s] Level 1:colcon.colcon_core.package_identification:_identify(backup/install) by extensions ['ignore', 'ignore_ament_install']
[8.463s] Level 1:colcon.colcon_core.package_identification:_identify(backup/install) by extension 'ignore'
[8.463s] Level 1:colcon.colcon_core.package_identification:_identify(backup/install) ignored
[8.463s] Level 1:colcon.colcon_core.package_identification:_identify(backup/log) by extensions ['ignore', 'ignore_ament_install']
[8.463s] Level 1:colcon.colcon_core.package_identification:_identify(backup/log) by extension 'ignore'
[8.463s] Level 1:colcon.colcon_core.package_identification:_identify(backup/log) ignored
[8.463s] Level 1:colcon.colcon_core.package_identification:_identify(build) by extensions ['ignore', 'ignore_ament_install']
[8.463s] Level 1:colcon.colcon_core.package_identification:_identify(build) by extension 'ignore'
[8.463s] Level 1:colcon.colcon_core.package_identification:_identify(build) ignored
[8.464s] Level 1:colcon.colcon_core.package_identification:_identify(install) by extensions ['ignore', 'ignore_ament_install']
[8.464s] Level 1:colcon.colcon_core.package_identification:_identify(install) by extension 'ignore'
[8.464s] Level 1:colcon.colcon_core.package_identification:_identify(install) ignored
[8.464s] Level 1:colcon.colcon_core.package_identification:_identify(log) by extensions ['ignore', 'ignore_ament_install']
[8.464s] Level 1:colcon.colcon_core.package_identification:_identify(log) by extension 'ignore'
[8.464s] Level 1:colcon.colcon_core.package_identification:_identify(log) ignored
[8.464s] Level 1:colcon.colcon_core.package_identification:_identify(src) by extensions ['ignore', 'ignore_ament_install']
[8.464s] Level 1:colcon.colcon_core.package_identification:_identify(src) by extension 'ignore'
[8.465s] Level 1:colcon.colcon_core.package_identification:_identify(src) by extension 'ignore_ament_install'
[8.465s] Level 1:colcon.colcon_core.package_identification:_identify(src) by extensions ['colcon_pkg']
[8.465s] Level 1:colcon.colcon_core.package_identification:_identify(src) by extension 'colcon_pkg'
[8.465s] Level 1:colcon.colcon_core.package_identification:_identify(src) by extensions ['colcon_meta']
[8.465s] Level 1:colcon.colcon_core.package_identification:_identify(src) by extension 'colcon_meta'
[8.465s] Level 1:colcon.colcon_core.package_identification:_identify(src) by extensions ['ros']
[8.465s] Level 1:colcon.colcon_core.package_identification:_identify(src) by extension 'ros'
[8.465s] Level 1:colcon.colcon_core.package_identification:_identify(src) by extensions ['cmake', 'python']
[8.465s] Level 1:colcon.colcon_core.package_identification:_identify(src) by extension 'cmake'
[8.465s] Level 1:colcon.colcon_core.package_identification:_identify(src) by extension 'python'
[8.465s] Level 1:colcon.colcon_core.package_identification:_identify(src) by extensions ['python_setup_py']
[8.465s] Level 1:colcon.colcon_core.package_identification:_identify(src) by extension 'python_setup_py'
[8.465s] Level 1:colcon.colcon_core.package_identification:_identify(src/deliverybot_bringup) by extensions ['ignore', 'ignore_ament_install']
[8.466s] Level 1:colcon.colcon_core.package_identification:_identify(src/deliverybot_bringup) by extension 'ignore'
[8.466s] Level 1:colcon.colcon_core.package_identification:_identify(src/deliverybot_bringup) by extension 'ignore_ament_install'
[8.466s] Level 1:colcon.colcon_core.package_identification:_identify(src/deliverybot_bringup) by extensions ['colcon_pkg']
[8.466s] Level 1:colcon.colcon_core.package_identification:_identify(src/deliverybot_bringup) by extension 'colcon_pkg'
[8.466s] Level 1:colcon.colcon_core.package_identification:_identify(src/deliverybot_bringup) by extensions ['colcon_meta']
[8.466s] Level 1:colcon.colcon_core.package_identification:_identify(src/deliverybot_bringup) by extension 'colcon_meta'
[8.466s] Level 1:colcon.colcon_core.package_identification:_identify(src/deliverybot_bringup) by extensions ['ros']
[8.466s] Level 1:colcon.colcon_core.package_identification:_identify(src/deliverybot_bringup) by extension 'ros'
[8.470s] DEBUG:colcon.colcon_core.package_identification:Package 'src/deliverybot_bringup' with type 'ros.ament_cmake' and name 'deliverybot_bringup'
[8.470s] Level 1:colcon.colcon_core.package_identification:_identify(src/deliverybot_description) by extensions ['ignore', 'ignore_ament_install']
[8.471s] Level 1:colcon.colcon_core.package_identification:_identify(src/deliverybot_description) by extension 'ignore'
[8.471s] Level 1:colcon.colcon_core.package_identification:_identify(src/deliverybot_description) by extension 'ignore_ament_install'
[8.471s] Level 1:colcon.colcon_core.package_identification:_identify(src/deliverybot_description) by extensions ['colcon_pkg']
[8.471s] Level 1:colcon.colcon_core.package_identification:_identify(src/deliverybot_description) by extension 'colcon_pkg'
[8.471s] Level 1:colcon.colcon_core.package_identification:_identify(src/deliverybot_description) by extensions ['colcon_meta']
[8.471s] Level 1:colcon.colcon_core.package_identification:_identify(src/deliverybot_description) by extension 'colcon_meta'
[8.471s] Level 1:colcon.colcon_core.package_identification:_identify(src/deliverybot_description) by extensions ['ros']
[8.471s] Level 1:colcon.colcon_core.package_identification:_identify(src/deliverybot_description) by extension 'ros'
[8.472s] DEBUG:colcon.colcon_core.package_identification:Package 'src/deliverybot_description' with type 'ros.ament_cmake' and name 'deliverybot_description'
[8.472s] Level 1:colcon.colcon_core.package_identification:_identify(src/depthimage_to_laserscan) by extensions ['ignore', 'ignore_ament_install']
[8.472s] Level 1:colcon.colcon_core.package_identification:_identify(src/depthimage_to_laserscan) by extension 'ignore'
[8.472s] Level 1:colcon.colcon_core.package_identification:_identify(src/depthimage_to_laserscan) by extension 'ignore_ament_install'
[8.472s] Level 1:colcon.colcon_core.package_identification:_identify(src/depthimage_to_laserscan) by extensions ['colcon_pkg']
[8.472s] Level 1:colcon.colcon_core.package_identification:_identify(src/depthimage_to_laserscan) by extension 'colcon_pkg'
[8.472s] Level 1:colcon.colcon_core.package_identification:_identify(src/depthimage_to_laserscan) by extensions ['colcon_meta']
[8.472s] Level 1:colcon.colcon_core.package_identification:_identify(src/depthimage_to_laserscan) by extension 'colcon_meta'
[8.473s] Level 1:colcon.colcon_core.package_identification:_identify(src/depthimage_to_laserscan) by extensions ['ros']
[8.473s] Level 1:colcon.colcon_core.package_identification:_identify(src/depthimage_to_laserscan) by extension 'ros'
[8.474s] DEBUG:colcon.colcon_core.package_identification:Package 'src/depthimage_to_laserscan' with type 'ros.ament_cmake' and name 'depthimage_to_laserscan'
[8.474s] Level 1:colcon.colcon_core.package_identification:_identify(src/laser_filters) by extensions ['ignore', 'ignore_ament_install']
[8.474s] Level 1:colcon.colcon_core.package_identification:_identify(src/laser_filters) by extension 'ignore'
[8.474s] Level 1:colcon.colcon_core.package_identification:_identify(src/laser_filters) by extension 'ignore_ament_install'
[8.475s] Level 1:colcon.colcon_core.package_identification:_identify(src/laser_filters) by extensions ['colcon_pkg']
[8.475s] Level 1:colcon.colcon_core.package_identification:_identify(src/laser_filters) by extension 'colcon_pkg'
[8.475s] Level 1:colcon.colcon_core.package_identification:_identify(src/laser_filters) by extensions ['colcon_meta']
[8.475s] Level 1:colcon.colcon_core.package_identification:_identify(src/laser_filters) by extension 'colcon_meta'
[8.475s] Level 1:colcon.colcon_core.package_identification:_identify(src/laser_filters) by extensions ['ros']
[8.475s] Level 1:colcon.colcon_core.package_identification:_identify(src/laser_filters) by extension 'ros'
[8.476s] DEBUG:colcon.colcon_core.package_identification:Package 'src/laser_filters' with type 'ros.ament_cmake' and name 'laser_filters'
[8.477s] Level 1:colcon.colcon_core.package_identification:_identify(src/livox_frame_remap) by extensions ['ignore', 'ignore_ament_install']
[8.477s] Level 1:colcon.colcon_core.package_identification:_identify(src/livox_frame_remap) by extension 'ignore'
[8.477s] Level 1:colcon.colcon_core.package_identification:_identify(src/livox_frame_remap) by extension 'ignore_ament_install'
[8.477s] Level 1:colcon.colcon_core.package_identification:_identify(src/livox_frame_remap) by extensions ['colcon_pkg']
[8.477s] Level 1:colcon.colcon_core.package_identification:_identify(src/livox_frame_remap) by extension 'colcon_pkg'
[8.477s] Level 1:colcon.colcon_core.package_identification:_identify(src/livox_frame_remap) by extensions ['colcon_meta']
[8.477s] Level 1:colcon.colcon_core.package_identification:_identify(src/livox_frame_remap) by extension 'colcon_meta'
[8.477s] Level 1:colcon.colcon_core.package_identification:_identify(src/livox_frame_remap) by extensions ['ros']
[8.477s] Level 1:colcon.colcon_core.package_identification:_identify(src/livox_frame_remap) by extension 'ros'
[8.478s] DEBUG:colcon.colcon_core.package_identification:Package 'src/livox_frame_remap' with type 'ros.ament_python' and name 'livox_frame_remap'
[8.478s] Level 1:colcon.colcon_core.package_identification:_identify(src/pointcloud_to_laserscan) by extensions ['ignore', 'ignore_ament_install']
[8.478s] Level 1:colcon.colcon_core.package_identification:_identify(src/pointcloud_to_laserscan) by extension 'ignore'
[8.478s] Level 1:colcon.colcon_core.package_identification:_identify(src/pointcloud_to_laserscan) by extension 'ignore_ament_install'
[8.478s] Level 1:colcon.colcon_core.package_identification:_identify(src/pointcloud_to_laserscan) by extensions ['colcon_pkg']
[8.479s] Level 1:colcon.colcon_core.package_identification:_identify(src/pointcloud_to_laserscan) by extension 'colcon_pkg'
[8.479s] Level 1:colcon.colcon_core.package_identification:_identify(src/pointcloud_to_laserscan) by extensions ['colcon_meta']
[8.479s] Level 1:colcon.colcon_core.package_identification:_identify(src/pointcloud_to_laserscan) by extension 'colcon_meta'
[8.479s] Level 1:colcon.colcon_core.package_identification:_identify(src/pointcloud_to_laserscan) by extensions ['ros']
[8.479s] Level 1:colcon.colcon_core.package_identification:_identify(src/pointcloud_to_laserscan) by extension 'ros'
[8.480s] DEBUG:colcon.colcon_core.package_identification:Package 'src/pointcloud_to_laserscan' with type 'ros.ament_cmake' and name 'pointcloud_to_laserscan'
[8.481s] Level 1:colcon.colcon_core.package_identification:_identify(src/scout_nav2) by extensions ['ignore', 'ignore_ament_install']
[8.481s] Level 1:colcon.colcon_core.package_identification:_identify(src/scout_nav2) by extension 'ignore'
[8.481s] Level 1:colcon.colcon_core.package_identification:_identify(src/scout_nav2) by extension 'ignore_ament_install'
[8.481s] Level 1:colcon.colcon_core.package_identification:_identify(src/scout_nav2) by extensions ['colcon_pkg']
[8.481s] Level 1:colcon.colcon_core.package_identification:_identify(src/scout_nav2) by extension 'colcon_pkg'
[8.481s] Level 1:colcon.colcon_core.package_identification:_identify(src/scout_nav2) by extensions ['colcon_meta']
[8.481s] Level 1:colcon.colcon_core.package_identification:_identify(src/scout_nav2) by extension 'colcon_meta'
[8.481s] Level 1:colcon.colcon_core.package_identification:_identify(src/scout_nav2) by extensions ['ros']
[8.481s] Level 1:colcon.colcon_core.package_identification:_identify(src/scout_nav2) by extension 'ros'
[8.481s] Level 1:colcon.colcon_core.package_identification:_identify(src/scout_nav2) by extensions ['cmake', 'python']
[8.482s] Level 1:colcon.colcon_core.package_identification:_identify(src/scout_nav2) by extension 'cmake'
[8.482s] Level 1:colcon.colcon_core.package_identification:_identify(src/scout_nav2) by extension 'python'
[8.482s] Level 1:colcon.colcon_core.package_identification:_identify(src/scout_nav2) by extensions ['python_setup_py']
[8.482s] Level 1:colcon.colcon_core.package_identification:_identify(src/scout_nav2) by extension 'python_setup_py'
[8.482s] Level 1:colcon.colcon_core.package_identification:_identify(src/scout_nav2/agilex_scout) by extensions ['ignore', 'ignore_ament_install']
[8.482s] Level 1:colcon.colcon_core.package_identification:_identify(src/scout_nav2/agilex_scout) by extension 'ignore'
[8.482s] Level 1:colcon.colcon_core.package_identification:_identify(src/scout_nav2/agilex_scout) by extension 'ignore_ament_install'
[8.482s] Level 1:colcon.colcon_core.package_identification:_identify(src/scout_nav2/agilex_scout) by extensions ['colcon_pkg']
[8.482s] Level 1:colcon.colcon_core.package_identification:_identify(src/scout_nav2/agilex_scout) by extension 'colcon_pkg'
[8.482s] Level 1:colcon.colcon_core.package_identification:_identify(src/scout_nav2/agilex_scout) by extensions ['colcon_meta']
[8.482s] Level 1:colcon.colcon_core.package_identification:_identify(src/scout_nav2/agilex_scout) by extension 'colcon_meta'
[8.482s] Level 1:colcon.colcon_core.package_identification:_identify(src/scout_nav2/agilex_scout) by extensions ['ros']
[8.482s] Level 1:colcon.colcon_core.package_identification:_identify(src/scout_nav2/agilex_scout) by extension 'ros'
[8.484s] DEBUG:colcon.colcon_core.package_identification:Package 'src/scout_nav2/agilex_scout' with type 'ros.ament_cmake' and name 'agilex_scout'
[8.484s] Level 1:colcon.colcon_core.package_identification:_identify(src/scout_nav2/aws-robomaker-small-warehouse-world) by extensions ['ignore', 'ignore_ament_install']
[8.484s] Level 1:colcon.colcon_core.package_identification:_identify(src/scout_nav2/aws-robomaker-small-warehouse-world) by extension 'ignore'
[8.484s] Level 1:colcon.colcon_core.package_identification:_identify(src/scout_nav2/aws-robomaker-small-warehouse-world) by extension 'ignore_ament_install'
[8.484s] Level 1:colcon.colcon_core.package_identification:_identify(src/scout_nav2/aws-robomaker-small-warehouse-world) by extensions ['colcon_pkg']
[8.484s] Level 1:colcon.colcon_core.package_identification:_identify(src/scout_nav2/aws-robomaker-small-warehouse-world) by extension 'colcon_pkg'
[8.484s] Level 1:colcon.colcon_core.package_identification:_identify(src/scout_nav2/aws-robomaker-small-warehouse-world) by extensions ['colcon_meta']
[8.484s] Level 1:colcon.colcon_core.package_identification:_identify(src/scout_nav2/aws-robomaker-small-warehouse-world) by extension 'colcon_meta'
[8.484s] Level 1:colcon.colcon_core.package_identification:_identify(src/scout_nav2/aws-robomaker-small-warehouse-world) by extensions ['ros']
[8.485s] Level 1:colcon.colcon_core.package_identification:_identify(src/scout_nav2/aws-robomaker-small-warehouse-world) by extension 'ros'
[8.485s] DEBUG:colcon.colcon_core.package_identification:Package 'src/scout_nav2/aws-robomaker-small-warehouse-world' with type 'ros.ament_cmake' and name 'aws_robomaker_small_warehouse_world'
[8.485s] Level 1:colcon.colcon_core.package_identification:_identify(src/scout_nav2/nav2_bringup) by extensions ['ignore', 'ignore_ament_install']
[8.486s] Level 1:colcon.colcon_core.package_identification:_identify(src/scout_nav2/nav2_bringup) by extension 'ignore'
[8.486s] Level 1:colcon.colcon_core.package_identification:_identify(src/scout_nav2/nav2_bringup) by extension 'ignore_ament_install'
[8.486s] Level 1:colcon.colcon_core.package_identification:_identify(src/scout_nav2/nav2_bringup) by extensions ['colcon_pkg']
[8.486s] Level 1:colcon.colcon_core.package_identification:_identify(src/scout_nav2/nav2_bringup) by extension 'colcon_pkg'
[8.486s] Level 1:colcon.colcon_core.package_identification:_identify(src/scout_nav2/nav2_bringup) by extensions ['colcon_meta']
[8.486s] Level 1:colcon.colcon_core.package_identification:_identify(src/scout_nav2/nav2_bringup) by extension 'colcon_meta'
[8.486s] Level 1:colcon.colcon_core.package_identification:_identify(src/scout_nav2/nav2_bringup) by extensions ['ros']
[8.486s] Level 1:colcon.colcon_core.package_identification:_identify(src/scout_nav2/nav2_bringup) by extension 'ros'
[8.487s] DEBUG:colcon.colcon_core.package_identification:Package 'src/scout_nav2/nav2_bringup' with type 'ros.ament_cmake' and name 'nav2_bringup_custom'
[8.487s] Level 1:colcon.colcon_core.package_identification:_identify(src/scout_nav2/scout_nav2) by extensions ['ignore', 'ignore_ament_install']
[8.487s] Level 1:colcon.colcon_core.package_identification:_identify(src/scout_nav2/scout_nav2) by extension 'ignore'
[8.487s] Level 1:colcon.colcon_core.package_identification:_identify(src/scout_nav2/scout_nav2) by extension 'ignore_ament_install'
[8.487s] Level 1:colcon.colcon_core.package_identification:_identify(src/scout_nav2/scout_nav2) by extensions ['colcon_pkg']
[8.488s] Level 1:colcon.colcon_core.package_identification:_identify(src/scout_nav2/scout_nav2) by extension 'colcon_pkg'
[8.488s] Level 1:colcon.colcon_core.package_identification:_identify(src/scout_nav2/scout_nav2) by extensions ['colcon_meta']
[8.488s] Level 1:colcon.colcon_core.package_identification:_identify(src/scout_nav2/scout_nav2) by extension 'colcon_meta'
[8.488s] Level 1:colcon.colcon_core.package_identification:_identify(src/scout_nav2/scout_nav2) by extensions ['ros']
[8.488s] Level 1:colcon.colcon_core.package_identification:_identify(src/scout_nav2/scout_nav2) by extension 'ros'
[8.489s] DEBUG:colcon.colcon_core.package_identification:Package 'src/scout_nav2/scout_nav2' with type 'ros.ament_python' and name 'scout_nav2'
[8.489s] Level 1:colcon.colcon_core.package_discovery:discover_packages(recursive) using defaults
[8.489s] Level 1:colcon.colcon_core.package_discovery:discover_packages(ignore) discover
[8.489s] Level 1:colcon.colcon_core.package_discovery:discover_packages(ignore) using defaults
[8.489s] Level 1:colcon.colcon_core.package_discovery:discover_packages(path) discover
[8.489s] Level 1:colcon.colcon_core.package_discovery:discover_packages(path) using defaults
[9.244s] Level 1:colcon.colcon_core.package_discovery:discover_packages(prefix_path) check parameters
[9.244s] Level 1:colcon.colcon_core.package_discovery:discover_packages(prefix_path) discover
[9.537s] DEBUG:colcon.colcon_installed_package_information.package_discovery:Found 304 installed packages in /opt/ros/foxy
[9.539s] Level 1:colcon.colcon_core.package_discovery:discover_packages(prefix_path) using defaults
[9.824s] WARNING:colcon.colcon_core.package_selection:Some selected packages are already built in one or more underlay workspaces:
	'depthimage_to_laserscan' is in: /opt/ros/foxy
If a package in a merged underlay workspace is overridden and it installs headers, then all packages in the overlay must sort their include directories by workspace order. Failure to do so may result in build failures or undefined behavior at run time.
If the overridden package is used by another package in any underlay, then the overriding package in the overlay must be API and ABI compatible or undefined behavior at run time may occur.

If you understand the risks and want to override a package anyways, add the following to the command line:
	--allow-overriding depthimage_to_laserscan

This may be promoted to an error in a future release of colcon-override-check.
[9.972s] Level 5:colcon.colcon_core.verb:set package 'agilex_scout' build argument 'cmake_args' from command line to 'None'
[9.972s] Level 5:colcon.colcon_core.verb:set package 'agilex_scout' build argument 'cmake_target' from command line to 'None'
[9.972s] Level 5:colcon.colcon_core.verb:set package 'agilex_scout' build argument 'cmake_target_skip_unavailable' from command line to 'False'
[9.972s] Level 5:colcon.colcon_core.verb:set package 'agilex_scout' build argument 'cmake_clean_cache' from command line to 'False'
[9.972s] Level 5:colcon.colcon_core.verb:set package 'agilex_scout' build argument 'cmake_clean_first' from command line to 'False'
[9.972s] Level 5:colcon.colcon_core.verb:set package 'agilex_scout' build argument 'cmake_force_configure' from command line to 'False'
[9.973s] Level 5:colcon.colcon_core.verb:set package 'agilex_scout' build argument 'ament_cmake_args' from command line to 'None'
[9.973s] Level 5:colcon.colcon_core.verb:set package 'agilex_scout' build argument 'catkin_cmake_args' from command line to 'None'
[9.973s] Level 5:colcon.colcon_core.verb:set package 'agilex_scout' build argument 'catkin_skip_building_tests' from command line to 'False'
[9.973s] DEBUG:colcon.colcon_core.verb:Building package 'agilex_scout' with the following arguments: {'ament_cmake_args': None, 'build_base': '/home/nvidia/ros2_catkin_ws/build/agilex_scout', 'catkin_cmake_args': None, 'catkin_skip_building_tests': False, 'cmake_args': None, 'cmake_clean_cache': False, 'cmake_clean_first': False, 'cmake_force_configure': False, 'cmake_target': None, 'cmake_target_skip_unavailable': False, 'install_base': '/home/nvidia/ros2_catkin_ws/install/agilex_scout', 'merge_install': False, 'path': '/home/nvidia/ros2_catkin_ws/src/scout_nav2/agilex_scout', 'symlink_install': True, 'test_result_base': None}
[10.118s] Level 5:colcon.colcon_core.verb:set package 'aws_robomaker_small_warehouse_world' build argument 'cmake_args' from command line to 'None'
[10.118s] Level 5:colcon.colcon_core.verb:set package 'aws_robomaker_small_warehouse_world' build argument 'cmake_target' from command line to 'None'
[10.118s] Level 5:colcon.colcon_core.verb:set package 'aws_robomaker_small_warehouse_world' build argument 'cmake_target_skip_unavailable' from command line to 'False'
[10.118s] Level 5:colcon.colcon_core.verb:set package 'aws_robomaker_small_warehouse_world' build argument 'cmake_clean_cache' from command line to 'False'
[10.119s] Level 5:colcon.colcon_core.verb:set package 'aws_robomaker_small_warehouse_world' build argument 'cmake_clean_first' from command line to 'False'
[10.119s] Level 5:colcon.colcon_core.verb:set package 'aws_robomaker_small_warehouse_world' build argument 'cmake_force_configure' from command line to 'False'
[10.119s] Level 5:colcon.colcon_core.verb:set package 'aws_robomaker_small_warehouse_world' build argument 'ament_cmake_args' from command line to 'None'
[10.119s] Level 5:colcon.colcon_core.verb:set package 'aws_robomaker_small_warehouse_world' build argument 'catkin_cmake_args' from command line to 'None'
[10.119s] Level 5:colcon.colcon_core.verb:set package 'aws_robomaker_small_warehouse_world' build argument 'catkin_skip_building_tests' from command line to 'False'
[10.119s] DEBUG:colcon.colcon_core.verb:Building package 'aws_robomaker_small_warehouse_world' with the following arguments: {'ament_cmake_args': None, 'build_base': '/home/nvidia/ros2_catkin_ws/build/aws_robomaker_small_warehouse_world', 'catkin_cmake_args': None, 'catkin_skip_building_tests': False, 'cmake_args': None, 'cmake_clean_cache': False, 'cmake_clean_first': False, 'cmake_force_configure': False, 'cmake_target': None, 'cmake_target_skip_unavailable': False, 'install_base': '/home/nvidia/ros2_catkin_ws/install/aws_robomaker_small_warehouse_world', 'merge_install': False, 'path': '/home/nvidia/ros2_catkin_ws/src/scout_nav2/aws-robomaker-small-warehouse-world', 'symlink_install': True, 'test_result_base': None}
[10.265s] Level 5:colcon.colcon_core.verb:set package 'deliverybot_bringup' build argument 'cmake_args' from command line to 'None'
[10.265s] Level 5:colcon.colcon_core.verb:set package 'deliverybot_bringup' build argument 'cmake_target' from command line to 'None'
[10.265s] Level 5:colcon.colcon_core.verb:set package 'deliverybot_bringup' build argument 'cmake_target_skip_unavailable' from command line to 'False'
[10.265s] Level 5:colcon.colcon_core.verb:set package 'deliverybot_bringup' build argument 'cmake_clean_cache' from command line to 'False'
[10.265s] Level 5:colcon.colcon_core.verb:set package 'deliverybot_bringup' build argument 'cmake_clean_first' from command line to 'False'
[10.265s] Level 5:colcon.colcon_core.verb:set package 'deliverybot_bringup' build argument 'cmake_force_configure' from command line to 'False'
[10.265s] Level 5:colcon.colcon_core.verb:set package 'deliverybot_bringup' build argument 'ament_cmake_args' from command line to 'None'
[10.265s] Level 5:colcon.colcon_core.verb:set package 'deliverybot_bringup' build argument 'catkin_cmake_args' from command line to 'None'
[10.265s] Level 5:colcon.colcon_core.verb:set package 'deliverybot_bringup' build argument 'catkin_skip_building_tests' from command line to 'False'
[10.265s] DEBUG:colcon.colcon_core.verb:Building package 'deliverybot_bringup' with the following arguments: {'ament_cmake_args': None, 'build_base': '/home/nvidia/ros2_catkin_ws/build/deliverybot_bringup', 'catkin_cmake_args': None, 'catkin_skip_building_tests': False, 'cmake_args': None, 'cmake_clean_cache': False, 'cmake_clean_first': False, 'cmake_force_configure': False, 'cmake_target': None, 'cmake_target_skip_unavailable': False, 'install_base': '/home/nvidia/ros2_catkin_ws/install/deliverybot_bringup', 'merge_install': False, 'path': '/home/nvidia/ros2_catkin_ws/src/deliverybot_bringup', 'symlink_install': True, 'test_result_base': None}
[10.412s] Level 5:colcon.colcon_core.verb:set package 'deliverybot_description' build argument 'cmake_args' from command line to 'None'
[10.412s] Level 5:colcon.colcon_core.verb:set package 'deliverybot_description' build argument 'cmake_target' from command line to 'None'
[10.412s] Level 5:colcon.colcon_core.verb:set package 'deliverybot_description' build argument 'cmake_target_skip_unavailable' from command line to 'False'
[10.412s] Level 5:colcon.colcon_core.verb:set package 'deliverybot_description' build argument 'cmake_clean_cache' from command line to 'False'
[10.412s] Level 5:colcon.colcon_core.verb:set package 'deliverybot_description' build argument 'cmake_clean_first' from command line to 'False'
[10.412s] Level 5:colcon.colcon_core.verb:set package 'deliverybot_description' build argument 'cmake_force_configure' from command line to 'False'
[10.412s] Level 5:colcon.colcon_core.verb:set package 'deliverybot_description' build argument 'ament_cmake_args' from command line to 'None'
[10.412s] Level 5:colcon.colcon_core.verb:set package 'deliverybot_description' build argument 'catkin_cmake_args' from command line to 'None'
[10.412s] Level 5:colcon.colcon_core.verb:set package 'deliverybot_description' build argument 'catkin_skip_building_tests' from command line to 'False'
[10.412s] DEBUG:colcon.colcon_core.verb:Building package 'deliverybot_description' with the following arguments: {'ament_cmake_args': None, 'build_base': '/home/nvidia/ros2_catkin_ws/build/deliverybot_description', 'catkin_cmake_args': None, 'catkin_skip_building_tests': False, 'cmake_args': None, 'cmake_clean_cache': False, 'cmake_clean_first': False, 'cmake_force_configure': False, 'cmake_target': None, 'cmake_target_skip_unavailable': False, 'install_base': '/home/nvidia/ros2_catkin_ws/install/deliverybot_description', 'merge_install': False, 'path': '/home/nvidia/ros2_catkin_ws/src/deliverybot_description', 'symlink_install': True, 'test_result_base': None}
[10.558s] Level 5:colcon.colcon_core.verb:set package 'depthimage_to_laserscan' build argument 'cmake_args' from command line to 'None'
[10.558s] Level 5:colcon.colcon_core.verb:set package 'depthimage_to_laserscan' build argument 'cmake_target' from command line to 'None'
[10.558s] Level 5:colcon.colcon_core.verb:set package 'depthimage_to_laserscan' build argument 'cmake_target_skip_unavailable' from command line to 'False'
[10.558s] Level 5:colcon.colcon_core.verb:set package 'depthimage_to_laserscan' build argument 'cmake_clean_cache' from command line to 'False'
[10.558s] Level 5:colcon.colcon_core.verb:set package 'depthimage_to_laserscan' build argument 'cmake_clean_first' from command line to 'False'
[10.559s] Level 5:colcon.colcon_core.verb:set package 'depthimage_to_laserscan' build argument 'cmake_force_configure' from command line to 'False'
[10.559s] Level 5:colcon.colcon_core.verb:set package 'depthimage_to_laserscan' build argument 'ament_cmake_args' from command line to 'None'
[10.559s] Level 5:colcon.colcon_core.verb:set package 'depthimage_to_laserscan' build argument 'catkin_cmake_args' from command line to 'None'
[10.559s] Level 5:colcon.colcon_core.verb:set package 'depthimage_to_laserscan' build argument 'catkin_skip_building_tests' from command line to 'False'
[10.559s] DEBUG:colcon.colcon_core.verb:Building package 'depthimage_to_laserscan' with the following arguments: {'ament_cmake_args': None, 'build_base': '/home/nvidia/ros2_catkin_ws/build/depthimage_to_laserscan', 'catkin_cmake_args': None, 'catkin_skip_building_tests': False, 'cmake_args': None, 'cmake_clean_cache': False, 'cmake_clean_first': False, 'cmake_force_configure': False, 'cmake_target': None, 'cmake_target_skip_unavailable': False, 'install_base': '/home/nvidia/ros2_catkin_ws/install/depthimage_to_laserscan', 'merge_install': False, 'path': '/home/nvidia/ros2_catkin_ws/src/depthimage_to_laserscan', 'symlink_install': True, 'test_result_base': None}
[10.704s] Level 5:colcon.colcon_core.verb:set package 'laser_filters' build argument 'cmake_args' from command line to 'None'
[10.704s] Level 5:colcon.colcon_core.verb:set package 'laser_filters' build argument 'cmake_target' from command line to 'None'
[10.704s] Level 5:colcon.colcon_core.verb:set package 'laser_filters' build argument 'cmake_target_skip_unavailable' from command line to 'False'
[10.704s] Level 5:colcon.colcon_core.verb:set package 'laser_filters' build argument 'cmake_clean_cache' from command line to 'False'
[10.704s] Level 5:colcon.colcon_core.verb:set package 'laser_filters' build argument 'cmake_clean_first' from command line to 'False'
[10.704s] Level 5:colcon.colcon_core.verb:set package 'laser_filters' build argument 'cmake_force_configure' from command line to 'False'
[10.704s] Level 5:colcon.colcon_core.verb:set package 'laser_filters' build argument 'ament_cmake_args' from command line to 'None'
[10.704s] Level 5:colcon.colcon_core.verb:set package 'laser_filters' build argument 'catkin_cmake_args' from command line to 'None'
[10.704s] Level 5:colcon.colcon_core.verb:set package 'laser_filters' build argument 'catkin_skip_building_tests' from command line to 'False'
[10.704s] DEBUG:colcon.colcon_core.verb:Building package 'laser_filters' with the following arguments: {'ament_cmake_args': None, 'build_base': '/home/nvidia/ros2_catkin_ws/build/laser_filters', 'catkin_cmake_args': None, 'catkin_skip_building_tests': False, 'cmake_args': None, 'cmake_clean_cache': False, 'cmake_clean_first': False, 'cmake_force_configure': False, 'cmake_target': None, 'cmake_target_skip_unavailable': False, 'install_base': '/home/nvidia/ros2_catkin_ws/install/laser_filters', 'merge_install': False, 'path': '/home/nvidia/ros2_catkin_ws/src/laser_filters', 'symlink_install': True, 'test_result_base': None}
[10.851s] Level 5:colcon.colcon_core.verb:set package 'livox_frame_remap' build argument 'cmake_args' from command line to 'None'
[10.851s] Level 5:colcon.colcon_core.verb:set package 'livox_frame_remap' build argument 'cmake_target' from command line to 'None'
[10.851s] Level 5:colcon.colcon_core.verb:set package 'livox_frame_remap' build argument 'cmake_target_skip_unavailable' from command line to 'False'
[10.851s] Level 5:colcon.colcon_core.verb:set package 'livox_frame_remap' build argument 'cmake_clean_cache' from command line to 'False'
[10.851s] Level 5:colcon.colcon_core.verb:set package 'livox_frame_remap' build argument 'cmake_clean_first' from command line to 'False'
[10.851s] Level 5:colcon.colcon_core.verb:set package 'livox_frame_remap' build argument 'cmake_force_configure' from command line to 'False'
[10.851s] Level 5:colcon.colcon_core.verb:set package 'livox_frame_remap' build argument 'ament_cmake_args' from command line to 'None'
[10.851s] Level 5:colcon.colcon_core.verb:set package 'livox_frame_remap' build argument 'catkin_cmake_args' from command line to 'None'
[10.851s] Level 5:colcon.colcon_core.verb:set package 'livox_frame_remap' build argument 'catkin_skip_building_tests' from command line to 'False'
[10.851s] DEBUG:colcon.colcon_core.verb:Building package 'livox_frame_remap' with the following arguments: {'ament_cmake_args': None, 'build_base': '/home/nvidia/ros2_catkin_ws/build/livox_frame_remap', 'catkin_cmake_args': None, 'catkin_skip_building_tests': False, 'cmake_args': None, 'cmake_clean_cache': False, 'cmake_clean_first': False, 'cmake_force_configure': False, 'cmake_target': None, 'cmake_target_skip_unavailable': False, 'install_base': '/home/nvidia/ros2_catkin_ws/install/livox_frame_remap', 'merge_install': False, 'path': '/home/nvidia/ros2_catkin_ws/src/livox_frame_remap', 'symlink_install': True, 'test_result_base': None}
[11.000s] Level 5:colcon.colcon_core.verb:set package 'nav2_bringup_custom' build argument 'cmake_args' from command line to 'None'
[11.000s] Level 5:colcon.colcon_core.verb:set package 'nav2_bringup_custom' build argument 'cmake_target' from command line to 'None'
[11.000s] Level 5:colcon.colcon_core.verb:set package 'nav2_bringup_custom' build argument 'cmake_target_skip_unavailable' from command line to 'False'
[11.000s] Level 5:colcon.colcon_core.verb:set package 'nav2_bringup_custom' build argument 'cmake_clean_cache' from command line to 'False'
[11.000s] Level 5:colcon.colcon_core.verb:set package 'nav2_bringup_custom' build argument 'cmake_clean_first' from command line to 'False'
[11.000s] Level 5:colcon.colcon_core.verb:set package 'nav2_bringup_custom' build argument 'cmake_force_configure' from command line to 'False'
[11.000s] Level 5:colcon.colcon_core.verb:set package 'nav2_bringup_custom' build argument 'ament_cmake_args' from command line to 'None'
[11.000s] Level 5:colcon.colcon_core.verb:set package 'nav2_bringup_custom' build argument 'catkin_cmake_args' from command line to 'None'
[11.000s] Level 5:colcon.colcon_core.verb:set package 'nav2_bringup_custom' build argument 'catkin_skip_building_tests' from command line to 'False'
[11.000s] DEBUG:colcon.colcon_core.verb:Building package 'nav2_bringup_custom' with the following arguments: {'ament_cmake_args': None, 'build_base': '/home/nvidia/ros2_catkin_ws/build/nav2_bringup_custom', 'catkin_cmake_args': None, 'catkin_skip_building_tests': False, 'cmake_args': None, 'cmake_clean_cache': False, 'cmake_clean_first': False, 'cmake_force_configure': False, 'cmake_target': None, 'cmake_target_skip_unavailable': False, 'install_base': '/home/nvidia/ros2_catkin_ws/install/nav2_bringup_custom', 'merge_install': False, 'path': '/home/nvidia/ros2_catkin_ws/src/scout_nav2/nav2_bringup', 'symlink_install': True, 'test_result_base': None}
[11.146s] Level 5:colcon.colcon_core.verb:set package 'pointcloud_to_laserscan' build argument 'cmake_args' from command line to 'None'
[11.146s] Level 5:colcon.colcon_core.verb:set package 'pointcloud_to_laserscan' build argument 'cmake_target' from command line to 'None'
[11.146s] Level 5:colcon.colcon_core.verb:set package 'pointcloud_to_laserscan' build argument 'cmake_target_skip_unavailable' from command line to 'False'
[11.146s] Level 5:colcon.colcon_core.verb:set package 'pointcloud_to_laserscan' build argument 'cmake_clean_cache' from command line to 'False'
[11.146s] Level 5:colcon.colcon_core.verb:set package 'pointcloud_to_laserscan' build argument 'cmake_clean_first' from command line to 'False'
[11.146s] Level 5:colcon.colcon_core.verb:set package 'pointcloud_to_laserscan' build argument 'cmake_force_configure' from command line to 'False'
[11.146s] Level 5:colcon.colcon_core.verb:set package 'pointcloud_to_laserscan' build argument 'ament_cmake_args' from command line to 'None'
[11.146s] Level 5:colcon.colcon_core.verb:set package 'pointcloud_to_laserscan' build argument 'catkin_cmake_args' from command line to 'None'
[11.146s] Level 5:colcon.colcon_core.verb:set package 'pointcloud_to_laserscan' build argument 'catkin_skip_building_tests' from command line to 'False'
[11.146s] DEBUG:colcon.colcon_core.verb:Building package 'pointcloud_to_laserscan' with the following arguments: {'ament_cmake_args': None, 'build_base': '/home/nvidia/ros2_catkin_ws/build/pointcloud_to_laserscan', 'catkin_cmake_args': None, 'catkin_skip_building_tests': False, 'cmake_args': None, 'cmake_clean_cache': False, 'cmake_clean_first': False, 'cmake_force_configure': False, 'cmake_target': None, 'cmake_target_skip_unavailable': False, 'install_base': '/home/nvidia/ros2_catkin_ws/install/pointcloud_to_laserscan', 'merge_install': False, 'path': '/home/nvidia/ros2_catkin_ws/src/pointcloud_to_laserscan', 'symlink_install': True, 'test_result_base': None}
[11.292s] Level 5:colcon.colcon_core.verb:set package 'scout_nav2' build argument 'cmake_args' from command line to 'None'
[11.292s] Level 5:colcon.colcon_core.verb:set package 'scout_nav2' build argument 'cmake_target' from command line to 'None'
[11.292s] Level 5:colcon.colcon_core.verb:set package 'scout_nav2' build argument 'cmake_target_skip_unavailable' from command line to 'False'
[11.292s] Level 5:colcon.colcon_core.verb:set package 'scout_nav2' build argument 'cmake_clean_cache' from command line to 'False'
[11.292s] Level 5:colcon.colcon_core.verb:set package 'scout_nav2' build argument 'cmake_clean_first' from command line to 'False'
[11.293s] Level 5:colcon.colcon_core.verb:set package 'scout_nav2' build argument 'cmake_force_configure' from command line to 'False'
[11.293s] Level 5:colcon.colcon_core.verb:set package 'scout_nav2' build argument 'ament_cmake_args' from command line to 'None'
[11.293s] Level 5:colcon.colcon_core.verb:set package 'scout_nav2' build argument 'catkin_cmake_args' from command line to 'None'
[11.293s] Level 5:colcon.colcon_core.verb:set package 'scout_nav2' build argument 'catkin_skip_building_tests' from command line to 'False'
[11.293s] DEBUG:colcon.colcon_core.verb:Building package 'scout_nav2' with the following arguments: {'ament_cmake_args': None, 'build_base': '/home/nvidia/ros2_catkin_ws/build/scout_nav2', 'catkin_cmake_args': None, 'catkin_skip_building_tests': False, 'cmake_args': None, 'cmake_clean_cache': False, 'cmake_clean_first': False, 'cmake_force_configure': False, 'cmake_target': None, 'cmake_target_skip_unavailable': False, 'install_base': '/home/nvidia/ros2_catkin_ws/install/scout_nav2', 'merge_install': False, 'path': '/home/nvidia/ros2_catkin_ws/src/scout_nav2/scout_nav2', 'symlink_install': True, 'test_result_base': None}
[11.439s] INFO:colcon.colcon_core.executor:Executing jobs using 'parallel' executor
[11.589s] DEBUG:colcon.colcon_parallel_executor.executor.parallel:run_until_complete
[11.590s] INFO:colcon.colcon_ros.task.ament_cmake.build:Building ROS package in '/home/nvidia/ros2_catkin_ws/src/scout_nav2/agilex_scout' with build type 'ament_cmake'
[11.590s] INFO:colcon.colcon_cmake.task.cmake.build:Building CMake package in '/home/nvidia/ros2_catkin_ws/src/scout_nav2/agilex_scout'
[11.745s] INFO:colcon.colcon_core.plugin_system:Skipping extension 'colcon_core.shell.bat': Not used on non-Windows systems
[11.745s] INFO:colcon.colcon_core.shell:Skip shell extension 'powershell' for command environment: Not usable outside of PowerShell
[11.745s] DEBUG:colcon.colcon_core.shell:Skip shell extension 'dsv' for command environment
[12.054s] INFO:colcon.colcon_ros.task.ament_cmake.build:Building ROS package in '/home/nvidia/ros2_catkin_ws/src/scout_nav2/aws-robomaker-small-warehouse-world' with build type 'ament_cmake'
[12.055s] INFO:colcon.colcon_cmake.task.cmake.build:Building CMake package in '/home/nvidia/ros2_catkin_ws/src/scout_nav2/aws-robomaker-small-warehouse-world'
[12.208s] INFO:colcon.colcon_core.shell:Skip shell extension 'powershell' for command environment: Not usable outside of PowerShell
[12.208s] DEBUG:colcon.colcon_core.shell:Skip shell extension 'dsv' for command environment
[12.523s] INFO:colcon.colcon_ros.task.ament_cmake.build:Building ROS package in '/home/nvidia/ros2_catkin_ws/src/deliverybot_bringup' with build type 'ament_cmake'
[12.524s] INFO:colcon.colcon_cmake.task.cmake.build:Building CMake package in '/home/nvidia/ros2_catkin_ws/src/deliverybot_bringup'
[12.675s] INFO:colcon.colcon_core.shell:Skip shell extension 'powershell' for command environment: Not usable outside of PowerShell
[12.675s] DEBUG:colcon.colcon_core.shell:Skip shell extension 'dsv' for command environment
[12.982s] INFO:colcon.colcon_ros.task.ament_cmake.build:Building ROS package in '/home/nvidia/ros2_catkin_ws/src/deliverybot_description' with build type 'ament_cmake'
[12.983s] INFO:colcon.colcon_cmake.task.cmake.build:Building CMake package in '/home/nvidia/ros2_catkin_ws/src/deliverybot_description'
[13.135s] INFO:colcon.colcon_core.shell:Skip shell extension 'powershell' for command environment: Not usable outside of PowerShell
[13.135s] DEBUG:colcon.colcon_core.shell:Skip shell extension 'dsv' for command environment
[13.440s] INFO:colcon.colcon_ros.task.ament_cmake.build:Building ROS package in '/home/nvidia/ros2_catkin_ws/src/depthimage_to_laserscan' with build type 'ament_cmake'
[13.441s] INFO:colcon.colcon_cmake.task.cmake.build:Building CMake package in '/home/nvidia/ros2_catkin_ws/src/depthimage_to_laserscan'
[13.593s] INFO:colcon.colcon_core.shell:Skip shell extension 'powershell' for command environment: Not usable outside of PowerShell
[13.593s] DEBUG:colcon.colcon_core.shell:Skip shell extension 'dsv' for command environment
[13.901s] INFO:colcon.colcon_ros.task.ament_cmake.build:Building ROS package in '/home/nvidia/ros2_catkin_ws/src/laser_filters' with build type 'ament_cmake'
[13.902s] INFO:colcon.colcon_cmake.task.cmake.build:Building CMake package in '/home/nvidia/ros2_catkin_ws/src/laser_filters'
[14.054s] INFO:colcon.colcon_core.shell:Skip shell extension 'powershell' for command environment: Not usable outside of PowerShell
[14.054s] DEBUG:colcon.colcon_core.shell:Skip shell extension 'dsv' for command environment
[14.362s] INFO:colcon.colcon_ros.task.ament_python.build:Building ROS package in '/home/nvidia/ros2_catkin_ws/src/livox_frame_remap' with build type 'ament_python'
[14.363s] Level 1:colcon.colcon_core.shell:create_environment_hook('livox_frame_remap', 'ament_prefix_path')
[14.515s] INFO:colcon.colcon_core.shell:Creating environment hook '/home/nvidia/ros2_catkin_ws/install/livox_frame_remap/share/livox_frame_remap/hook/ament_prefix_path.ps1'
[14.516s] INFO:colcon.colcon_core.shell:Creating environment descriptor '/home/nvidia/ros2_catkin_ws/install/livox_frame_remap/share/livox_frame_remap/hook/ament_prefix_path.dsv'
[14.517s] INFO:colcon.colcon_core.shell:Creating environment hook '/home/nvidia/ros2_catkin_ws/install/livox_frame_remap/share/livox_frame_remap/hook/ament_prefix_path.sh'
[14.667s] INFO:colcon.colcon_core.shell:Skip shell extension 'powershell' for command environment: Not usable outside of PowerShell
[14.667s] DEBUG:colcon.colcon_core.shell:Skip shell extension 'dsv' for command environment
[14.946s] DEBUG:colcon.colcon_parallel_executor.executor.parallel:run_until_complete was interrupted
[14.947s] DEBUG:colcon.colcon_parallel_executor.executor.parallel:run_until_complete again
[14.947s] INFO:colcon.colcon_ros.task.ament_cmake.build:Building ROS package in '/home/nvidia/ros2_catkin_ws/src/scout_nav2/nav2_bringup' with build type 'ament_cmake'
[14.948s] INFO:colcon.colcon_cmake.task.cmake.build:Building CMake package in '/home/nvidia/ros2_catkin_ws/src/scout_nav2/nav2_bringup'
[15.098s] INFO:colcon.colcon_core.shell:Skip shell extension 'powershell' for command environment: Not usable outside of PowerShell
[15.099s] DEBUG:colcon.colcon_core.shell:Skip shell extension 'dsv' for command environment
[15.424s] DEBUG:colcon.colcon_parallel_executor.executor.parallel:run_until_complete finished
[15.424s] DEBUG:colcon.colcon_parallel_executor.executor.parallel:closing loop
[15.425s] DEBUG:colcon.colcon_parallel_executor.executor.parallel:loop closed
[15.425s] DEBUG:colcon.colcon_core.event_reactor:joining thread
[15.606s] INFO:colcon.colcon_core.plugin_system:Skipping extension 'colcon_notification.desktop_notification.terminal_notifier': Not used on non-Darwin systems
[15.607s] INFO:colcon.colcon_core.plugin_system:Skipping extension 'colcon_notification.desktop_notification.win32': Not used on non-Windows systems
[15.607s] INFO:colcon.colcon_notification.desktop_notification:Sending desktop notification using 'notify2'
[15.646s] DEBUG:colcon.colcon_core.event_reactor:joined thread
[15.825s] INFO:colcon.colcon_core.shell:Creating prefix script '/home/nvidia/ros2_catkin_ws/install/local_setup.ps1'
[15.827s] INFO:colcon.colcon_core.shell:Creating prefix util module '/home/nvidia/ros2_catkin_ws/install/_local_setup_util_ps1.py'
[15.829s] INFO:colcon.colcon_core.shell:Creating prefix chain script '/home/nvidia/ros2_catkin_ws/install/setup.ps1'
[15.997s] INFO:colcon.colcon_core.shell:Creating prefix script '/home/nvidia/ros2_catkin_ws/install/local_setup.sh'
[15.998s] INFO:colcon.colcon_core.shell:Creating prefix util module '/home/nvidia/ros2_catkin_ws/install/_local_setup_util_sh.py'
[15.999s] INFO:colcon.colcon_core.shell:Creating prefix chain script '/home/nvidia/ros2_catkin_ws/install/setup.sh'
[16.163s] INFO:colcon.colcon_core.shell:Creating prefix script '/home/nvidia/ros2_catkin_ws/install/local_setup.bash'
[16.164s] INFO:colcon.colcon_core.shell:Creating prefix chain script '/home/nvidia/ros2_catkin_ws/install/setup.bash'
[16.327s] INFO:colcon.colcon_core.shell:Creating prefix script '/home/nvidia/ros2_catkin_ws/install/local_setup.zsh'
[16.328s] INFO:colcon.colcon_core.shell:Creating prefix chain script '/home/nvidia/ros2_catkin_ws/install/setup.zsh'
