[1.175s] Invoking command in '/home/nvidia/ros2_catkin_ws/build/depthimage_to_laserscan': /usr/bin/cmake /home/nvidia/ros2_catkin_ws/src/depthimage_to_laserscan -DAMENT_CMAKE_SYMLINK_INSTALL=1 -DCMAKE_INSTALL_PREFIX=/home/nvidia/ros2_catkin_ws/install/depthimage_to_laserscan
[1.922s] -- Found ament_cmake_ros: 0.9.2 (/opt/ros/foxy/share/ament_cmake_ros/cmake)
[1.922s] -- Using PYTHON_EXECUTABLE: /usr/bin/python3
[1.922s] -- Configuring incomplete, errors occurred!
[1.922s] See also "/home/nvidia/ros2_catkin_ws/build/depthimage_to_laserscan/CMakeFiles/CMakeOutput.log".
[1.923s] See also "/home/nvidia/ros2_catkin_ws/build/depthimage_to_laserscan/CMakeFiles/CMakeError.log".
[1.925s] Traceback (most recent call last):
[1.926s]   File "/opt/ros/foxy/share/ament_cmake_core/cmake/package_templates/templates_2_cmake.py", line 21, in <module>
[1.926s]     from ament_package.templates import get_environment_hook_template_path
[1.926s] ModuleNotFoundError: No module named 'ament_package'
[1.927s] CMake Error at /opt/ros/foxy/share/ament_cmake_core/cmake/ament_cmake_package_templates-extras.cmake:41 (message):
[1.927s]   execute_process(/usr/bin/python3
[1.927s]   /opt/ros/foxy/share/ament_cmake_core/cmake/package_templates/templates_2_cmake.py
[1.927s]   /home/nvidia/ros2_catkin_ws/build/depthimage_to_laserscan/ament_cmake_package_templates/templates.cmake)
[1.927s]   returned error code 1
[1.927s] Call Stack (most recent call first):
[1.927s]   /opt/ros/foxy/share/ament_cmake_core/cmake/ament_cmake_coreConfig.cmake:41 (include)
[1.927s]   /opt/ros/foxy/share/ament_cmake_test/cmake/ament_cmake_test-extras.cmake:39 (find_package)
[1.928s]   /opt/ros/foxy/share/ament_cmake_test/cmake/ament_cmake_testConfig.cmake:41 (include)
[1.928s]   /opt/ros/foxy/share/ament_cmake_pytest/cmake/ament_cmake_pytest-extras.cmake:17 (find_package)
[1.929s]   /opt/ros/foxy/share/ament_cmake_pytest/cmake/ament_cmake_pytestConfig.cmake:41 (include)
[1.929s]   /opt/ros/foxy/share/ament_cmake_ros/cmake/ament_cmake_ros-extras.cmake:19 (find_package)
[1.929s]   /opt/ros/foxy/share/ament_cmake_ros/cmake/ament_cmake_rosConfig.cmake:41 (include)
[1.930s]   CMakeLists.txt:14 (find_package)
[1.930s] 
[1.931s] 
[1.945s] Invoked command in '/home/nvidia/ros2_catkin_ws/build/depthimage_to_laserscan' returned '1': /usr/bin/cmake /home/nvidia/ros2_catkin_ws/src/depthimage_to_laserscan -DAMENT_CMAKE_SYMLINK_INSTALL=1 -DCMAKE_INSTALL_PREFIX=/home/nvidia/ros2_catkin_ws/install/depthimage_to_laserscan
