[3.113s] Invoking command in '/home/nvidia/ros2_catkin_ws/build/agilex_scout': CMAKE_PREFIX_PATH=${CMAKE_PREFIX_PATH}:/home/nvidia/ros2_catkin_ws/install/scout_nav2:/home/nvidia/ros2_catkin_ws/install/livox_frame_remap /usr/bin/cmake /home/nvidia/ros2_catkin_ws/src/scout_nav2/agilex_scout -DAMENT_CMAKE_SYMLINK_INSTALL=1 -DCMAKE_INSTALL_PREFIX=/home/nvidia/ros2_catkin_ws/install/agilex_scout
[3.961s] -- Found ament_cmake: 0.9.12 (/opt/ros/foxy/share/ament_cmake/cmake)
[3.962s] -- Using PYTHON_EXECUTABLE: /usr/bin/python3
[3.963s] -- Configuring incomplete, errors occurred!
[3.964s] See also "/home/nvidia/ros2_catkin_ws/build/agilex_scout/CMakeFiles/CMakeOutput.log".
[3.965s] Traceback (most recent call last):
[3.965s]   File "/opt/ros/foxy/share/ament_cmake_core/cmake/package_templates/templates_2_cmake.py", line 21, in <module>
[3.966s]     from ament_package.templates import get_environment_hook_template_path
[3.966s] ModuleNotFoundError: No module named 'ament_package'
[3.966s] CMake Error at /opt/ros/foxy/share/ament_cmake_core/cmake/ament_cmake_package_templates-extras.cmake:41 (message):
[3.967s]   execute_process(/usr/bin/python3
[3.970s]   /opt/ros/foxy/share/ament_cmake_core/cmake/package_templates/templates_2_cmake.py
[3.970s]   /home/nvidia/ros2_catkin_ws/build/agilex_scout/ament_cmake_package_templates/templates.cmake)
[3.970s]   returned error code 1
[3.971s] Call Stack (most recent call first):
[3.971s]   /opt/ros/foxy/share/ament_cmake_core/cmake/ament_cmake_coreConfig.cmake:41 (include)
[3.971s]   /opt/ros/foxy/share/ament_cmake/cmake/ament_cmake_export_dependencies-extras.cmake:15 (find_package)
[3.971s]   /opt/ros/foxy/share/ament_cmake/cmake/ament_cmakeConfig.cmake:41 (include)
[3.971s]   CMakeLists.txt:13 (find_package)
[3.971s] 
[3.971s] 
[4.026s] Invoked command in '/home/nvidia/ros2_catkin_ws/build/agilex_scout' returned '1': CMAKE_PREFIX_PATH=${CMAKE_PREFIX_PATH}:/home/nvidia/ros2_catkin_ws/install/scout_nav2:/home/nvidia/ros2_catkin_ws/install/livox_frame_remap /usr/bin/cmake /home/nvidia/ros2_catkin_ws/src/scout_nav2/agilex_scout -DAMENT_CMAKE_SYMLINK_INSTALL=1 -DCMAKE_INSTALL_PREFIX=/home/nvidia/ros2_catkin_ws/install/agilex_scout
