[8.166s] DEBUG:colcon:Command line arguments: ['/usr/bin/colcon', 'build', '--symlink-install']
[8.166s] DEBUG:colcon:Parsed command line arguments: Namespace(allow_overriding=[], ament_cmake_args=None, base_paths=['.'], build_base='build', catkin_cmake_args=None, catkin_skip_building_tests=False, cmake_args=None, cmake_clean_cache=False, cmake_clean_first=False, cmake_force_configure=False, cmake_target=None, cmake_target_skip_unavailable=False, continue_on_error=False, event_handlers=None, executor='parallel', ignore_user_meta=False, install_base='install', log_base=None, log_level=None, main=<bound method BuildVerb.main of <colcon_core.verb.build.BuildVerb object at 0xffff992dfc10>>, merge_install=False, metas=['./colcon.meta'], packages_above=None, packages_above_and_dependencies=None, packages_above_depth=None, packages_end=None, packages_ignore=None, packages_ignore_regex=None, packages_select=None, packages_select_build_failed=False, packages_select_by_dep=None, packages_select_regex=None, packages_select_test_failures=False, packages_skip=None, packages_skip_build_finished=False, packages_skip_by_dep=None, packages_skip_regex=None, packages_skip_test_passed=False, packages_skip_up_to=None, packages_start=None, packages_up_to=None, packages_up_to_regex=None, parallel_workers=8, paths=None, symlink_install=True, test_result_base=None, verb_extension=<colcon_core.verb.build.BuildVerb object at 0xffff992dfc10>, verb_name='build', verb_parser=<colcon_defaults.argument_parser.defaults.DefaultArgumentsDecorator object at 0xffff98f7af40>)
[8.521s] Level 1:colcon.colcon_core.package_discovery:discover_packages(colcon_meta) check parameters
[8.521s] Level 1:colcon.colcon_core.package_discovery:discover_packages(recursive) check parameters
[8.521s] Level 1:colcon.colcon_core.package_discovery:discover_packages(ignore) check parameters
[8.522s] Level 1:colcon.colcon_core.package_discovery:discover_packages(path) check parameters
[8.522s] Level 1:colcon.colcon_core.package_discovery:discover_packages(colcon_meta) discover
[8.522s] Level 1:colcon.colcon_core.package_discovery:discover_packages(recursive) discover
[8.522s] INFO:colcon.colcon_core.package_discovery:Crawling recursively for packages in '/home/nvidia/ros2_catkin_ws'
[8.522s] Level 1:colcon.colcon_core.package_identification:_identify(.) by extensions ['ignore', 'ignore_ament_install']
[8.522s] Level 1:colcon.colcon_core.package_identification:_identify(.) by extension 'ignore'
[8.522s] Level 1:colcon.colcon_core.package_identification:_identify(.) by extension 'ignore_ament_install'
[8.522s] Level 1:colcon.colcon_core.package_identification:_identify(.) by extensions ['colcon_pkg']
[8.522s] Level 1:colcon.colcon_core.package_identification:_identify(.) by extension 'colcon_pkg'
[8.523s] Level 1:colcon.colcon_core.package_identification:_identify(.) by extensions ['colcon_meta']
[8.523s] Level 1:colcon.colcon_core.package_identification:_identify(.) by extension 'colcon_meta'
[8.523s] Level 1:colcon.colcon_core.package_identification:_identify(.) by extensions ['ros']
[8.523s] Level 1:colcon.colcon_core.package_identification:_identify(.) by extension 'ros'
[8.539s] Level 1:colcon.colcon_core.package_identification:_identify(.) by extensions ['cmake', 'python']
[8.540s] Level 1:colcon.colcon_core.package_identification:_identify(.) by extension 'cmake'
[8.540s] Level 1:colcon.colcon_core.package_identification:_identify(.) by extension 'python'
[8.540s] Level 1:colcon.colcon_core.package_identification:_identify(.) by extensions ['python_setup_py']
[8.540s] Level 1:colcon.colcon_core.package_identification:_identify(.) by extension 'python_setup_py'
[8.540s] Level 1:colcon.colcon_core.package_identification:_identify(backup) by extensions ['ignore', 'ignore_ament_install']
[8.540s] Level 1:colcon.colcon_core.package_identification:_identify(backup) by extension 'ignore'
[8.540s] Level 1:colcon.colcon_core.package_identification:_identify(backup) by extension 'ignore_ament_install'
[8.541s] Level 1:colcon.colcon_core.package_identification:_identify(backup) by extensions ['colcon_pkg']
[8.541s] Level 1:colcon.colcon_core.package_identification:_identify(backup) by extension 'colcon_pkg'
[8.541s] Level 1:colcon.colcon_core.package_identification:_identify(backup) by extensions ['colcon_meta']
[8.541s] Level 1:colcon.colcon_core.package_identification:_identify(backup) by extension 'colcon_meta'
[8.541s] Level 1:colcon.colcon_core.package_identification:_identify(backup) by extensions ['ros']
[8.541s] Level 1:colcon.colcon_core.package_identification:_identify(backup) by extension 'ros'
[8.541s] Level 1:colcon.colcon_core.package_identification:_identify(backup) by extensions ['cmake', 'python']
[8.541s] Level 1:colcon.colcon_core.package_identification:_identify(backup) by extension 'cmake'
[8.541s] Level 1:colcon.colcon_core.package_identification:_identify(backup) by extension 'python'
[8.541s] Level 1:colcon.colcon_core.package_identification:_identify(backup) by extensions ['python_setup_py']
[8.541s] Level 1:colcon.colcon_core.package_identification:_identify(backup) by extension 'python_setup_py'
[8.541s] Level 1:colcon.colcon_core.package_identification:_identify(backup/build) by extensions ['ignore', 'ignore_ament_install']
[8.542s] Level 1:colcon.colcon_core.package_identification:_identify(backup/build) by extension 'ignore'
[8.542s] Level 1:colcon.colcon_core.package_identification:_identify(backup/build) ignored
[8.542s] Level 1:colcon.colcon_core.package_identification:_identify(backup/install) by extensions ['ignore', 'ignore_ament_install']
[8.542s] Level 1:colcon.colcon_core.package_identification:_identify(backup/install) by extension 'ignore'
[8.542s] Level 1:colcon.colcon_core.package_identification:_identify(backup/install) ignored
[8.542s] Level 1:colcon.colcon_core.package_identification:_identify(backup/log) by extensions ['ignore', 'ignore_ament_install']
[8.542s] Level 1:colcon.colcon_core.package_identification:_identify(backup/log) by extension 'ignore'
[8.542s] Level 1:colcon.colcon_core.package_identification:_identify(backup/log) ignored
[8.543s] Level 1:colcon.colcon_core.package_identification:_identify(build) by extensions ['ignore', 'ignore_ament_install']
[8.543s] Level 1:colcon.colcon_core.package_identification:_identify(build) by extension 'ignore'
[8.543s] Level 1:colcon.colcon_core.package_identification:_identify(build) ignored
[8.543s] Level 1:colcon.colcon_core.package_identification:_identify(install) by extensions ['ignore', 'ignore_ament_install']
[8.543s] Level 1:colcon.colcon_core.package_identification:_identify(install) by extension 'ignore'
[8.543s] Level 1:colcon.colcon_core.package_identification:_identify(install) ignored
[8.543s] Level 1:colcon.colcon_core.package_identification:_identify(log) by extensions ['ignore', 'ignore_ament_install']
[8.543s] Level 1:colcon.colcon_core.package_identification:_identify(log) by extension 'ignore'
[8.543s] Level 1:colcon.colcon_core.package_identification:_identify(log) ignored
[8.544s] Level 1:colcon.colcon_core.package_identification:_identify(src) by extensions ['ignore', 'ignore_ament_install']
[8.544s] Level 1:colcon.colcon_core.package_identification:_identify(src) by extension 'ignore'
[8.544s] Level 1:colcon.colcon_core.package_identification:_identify(src) by extension 'ignore_ament_install'
[8.544s] Level 1:colcon.colcon_core.package_identification:_identify(src) by extensions ['colcon_pkg']
[8.544s] Level 1:colcon.colcon_core.package_identification:_identify(src) by extension 'colcon_pkg'
[8.544s] Level 1:colcon.colcon_core.package_identification:_identify(src) by extensions ['colcon_meta']
[8.544s] Level 1:colcon.colcon_core.package_identification:_identify(src) by extension 'colcon_meta'
[8.544s] Level 1:colcon.colcon_core.package_identification:_identify(src) by extensions ['ros']
[8.544s] Level 1:colcon.colcon_core.package_identification:_identify(src) by extension 'ros'
[8.544s] Level 1:colcon.colcon_core.package_identification:_identify(src) by extensions ['cmake', 'python']
[8.544s] Level 1:colcon.colcon_core.package_identification:_identify(src) by extension 'cmake'
[8.544s] Level 1:colcon.colcon_core.package_identification:_identify(src) by extension 'python'
[8.545s] Level 1:colcon.colcon_core.package_identification:_identify(src) by extensions ['python_setup_py']
[8.545s] Level 1:colcon.colcon_core.package_identification:_identify(src) by extension 'python_setup_py'
[8.545s] Level 1:colcon.colcon_core.package_identification:_identify(src/deliverybot_bringup) by extensions ['ignore', 'ignore_ament_install']
[8.545s] Level 1:colcon.colcon_core.package_identification:_identify(src/deliverybot_bringup) by extension 'ignore'
[8.545s] Level 1:colcon.colcon_core.package_identification:_identify(src/deliverybot_bringup) by extension 'ignore_ament_install'
[8.545s] Level 1:colcon.colcon_core.package_identification:_identify(src/deliverybot_bringup) by extensions ['colcon_pkg']
[8.545s] Level 1:colcon.colcon_core.package_identification:_identify(src/deliverybot_bringup) by extension 'colcon_pkg'
[8.545s] Level 1:colcon.colcon_core.package_identification:_identify(src/deliverybot_bringup) by extensions ['colcon_meta']
[8.545s] Level 1:colcon.colcon_core.package_identification:_identify(src/deliverybot_bringup) by extension 'colcon_meta'
[8.545s] Level 1:colcon.colcon_core.package_identification:_identify(src/deliverybot_bringup) by extensions ['ros']
[8.545s] Level 1:colcon.colcon_core.package_identification:_identify(src/deliverybot_bringup) by extension 'ros'
[8.549s] DEBUG:colcon.colcon_core.package_identification:Package 'src/deliverybot_bringup' with type 'ros.ament_cmake' and name 'deliverybot_bringup'
[8.550s] Level 1:colcon.colcon_core.package_identification:_identify(src/deliverybot_description) by extensions ['ignore', 'ignore_ament_install']
[8.550s] Level 1:colcon.colcon_core.package_identification:_identify(src/deliverybot_description) by extension 'ignore'
[8.550s] Level 1:colcon.colcon_core.package_identification:_identify(src/deliverybot_description) by extension 'ignore_ament_install'
[8.550s] Level 1:colcon.colcon_core.package_identification:_identify(src/deliverybot_description) by extensions ['colcon_pkg']
[8.550s] Level 1:colcon.colcon_core.package_identification:_identify(src/deliverybot_description) by extension 'colcon_pkg'
[8.550s] Level 1:colcon.colcon_core.package_identification:_identify(src/deliverybot_description) by extensions ['colcon_meta']
[8.550s] Level 1:colcon.colcon_core.package_identification:_identify(src/deliverybot_description) by extension 'colcon_meta'
[8.550s] Level 1:colcon.colcon_core.package_identification:_identify(src/deliverybot_description) by extensions ['ros']
[8.550s] Level 1:colcon.colcon_core.package_identification:_identify(src/deliverybot_description) by extension 'ros'
[8.551s] DEBUG:colcon.colcon_core.package_identification:Package 'src/deliverybot_description' with type 'ros.ament_cmake' and name 'deliverybot_description'
[8.551s] Level 1:colcon.colcon_core.package_identification:_identify(src/depthimage_to_laserscan) by extensions ['ignore', 'ignore_ament_install']
[8.551s] Level 1:colcon.colcon_core.package_identification:_identify(src/depthimage_to_laserscan) by extension 'ignore'
[8.551s] Level 1:colcon.colcon_core.package_identification:_identify(src/depthimage_to_laserscan) by extension 'ignore_ament_install'
[8.551s] Level 1:colcon.colcon_core.package_identification:_identify(src/depthimage_to_laserscan) by extensions ['colcon_pkg']
[8.552s] Level 1:colcon.colcon_core.package_identification:_identify(src/depthimage_to_laserscan) by extension 'colcon_pkg'
[8.552s] Level 1:colcon.colcon_core.package_identification:_identify(src/depthimage_to_laserscan) by extensions ['colcon_meta']
[8.552s] Level 1:colcon.colcon_core.package_identification:_identify(src/depthimage_to_laserscan) by extension 'colcon_meta'
[8.552s] Level 1:colcon.colcon_core.package_identification:_identify(src/depthimage_to_laserscan) by extensions ['ros']
[8.552s] Level 1:colcon.colcon_core.package_identification:_identify(src/depthimage_to_laserscan) by extension 'ros'
[8.553s] DEBUG:colcon.colcon_core.package_identification:Package 'src/depthimage_to_laserscan' with type 'ros.ament_cmake' and name 'depthimage_to_laserscan'
[8.553s] Level 1:colcon.colcon_core.package_identification:_identify(src/laser_filters) by extensions ['ignore', 'ignore_ament_install']
[8.553s] Level 1:colcon.colcon_core.package_identification:_identify(src/laser_filters) by extension 'ignore'
[8.554s] Level 1:colcon.colcon_core.package_identification:_identify(src/laser_filters) by extension 'ignore_ament_install'
[8.554s] Level 1:colcon.colcon_core.package_identification:_identify(src/laser_filters) by extensions ['colcon_pkg']
[8.554s] Level 1:colcon.colcon_core.package_identification:_identify(src/laser_filters) by extension 'colcon_pkg'
[8.554s] Level 1:colcon.colcon_core.package_identification:_identify(src/laser_filters) by extensions ['colcon_meta']
[8.554s] Level 1:colcon.colcon_core.package_identification:_identify(src/laser_filters) by extension 'colcon_meta'
[8.554s] Level 1:colcon.colcon_core.package_identification:_identify(src/laser_filters) by extensions ['ros']
[8.554s] Level 1:colcon.colcon_core.package_identification:_identify(src/laser_filters) by extension 'ros'
[8.556s] DEBUG:colcon.colcon_core.package_identification:Package 'src/laser_filters' with type 'ros.ament_cmake' and name 'laser_filters'
[8.556s] Level 1:colcon.colcon_core.package_identification:_identify(src/livox_frame_remap) by extensions ['ignore', 'ignore_ament_install']
[8.556s] Level 1:colcon.colcon_core.package_identification:_identify(src/livox_frame_remap) by extension 'ignore'
[8.556s] Level 1:colcon.colcon_core.package_identification:_identify(src/livox_frame_remap) by extension 'ignore_ament_install'
[8.556s] Level 1:colcon.colcon_core.package_identification:_identify(src/livox_frame_remap) by extensions ['colcon_pkg']
[8.556s] Level 1:colcon.colcon_core.package_identification:_identify(src/livox_frame_remap) by extension 'colcon_pkg'
[8.556s] Level 1:colcon.colcon_core.package_identification:_identify(src/livox_frame_remap) by extensions ['colcon_meta']
[8.556s] Level 1:colcon.colcon_core.package_identification:_identify(src/livox_frame_remap) by extension 'colcon_meta'
[8.556s] Level 1:colcon.colcon_core.package_identification:_identify(src/livox_frame_remap) by extensions ['ros']
[8.556s] Level 1:colcon.colcon_core.package_identification:_identify(src/livox_frame_remap) by extension 'ros'
[8.557s] DEBUG:colcon.colcon_core.package_identification:Package 'src/livox_frame_remap' with type 'ros.ament_python' and name 'livox_frame_remap'
[8.557s] Level 1:colcon.colcon_core.package_identification:_identify(src/pointcloud_to_laserscan) by extensions ['ignore', 'ignore_ament_install']
[8.557s] Level 1:colcon.colcon_core.package_identification:_identify(src/pointcloud_to_laserscan) by extension 'ignore'
[8.557s] Level 1:colcon.colcon_core.package_identification:_identify(src/pointcloud_to_laserscan) by extension 'ignore_ament_install'
[8.558s] Level 1:colcon.colcon_core.package_identification:_identify(src/pointcloud_to_laserscan) by extensions ['colcon_pkg']
[8.558s] Level 1:colcon.colcon_core.package_identification:_identify(src/pointcloud_to_laserscan) by extension 'colcon_pkg'
[8.558s] Level 1:colcon.colcon_core.package_identification:_identify(src/pointcloud_to_laserscan) by extensions ['colcon_meta']
[8.558s] Level 1:colcon.colcon_core.package_identification:_identify(src/pointcloud_to_laserscan) by extension 'colcon_meta'
[8.558s] Level 1:colcon.colcon_core.package_identification:_identify(src/pointcloud_to_laserscan) by extensions ['ros']
[8.558s] Level 1:colcon.colcon_core.package_identification:_identify(src/pointcloud_to_laserscan) by extension 'ros'
[8.560s] DEBUG:colcon.colcon_core.package_identification:Package 'src/pointcloud_to_laserscan' with type 'ros.ament_cmake' and name 'pointcloud_to_laserscan'
[8.560s] Level 1:colcon.colcon_core.package_discovery:discover_packages(recursive) using defaults
[8.560s] Level 1:colcon.colcon_core.package_discovery:discover_packages(ignore) discover
[8.560s] Level 1:colcon.colcon_core.package_discovery:discover_packages(ignore) using defaults
[8.560s] Level 1:colcon.colcon_core.package_discovery:discover_packages(path) discover
[8.560s] Level 1:colcon.colcon_core.package_discovery:discover_packages(path) using defaults
[9.336s] Level 1:colcon.colcon_core.package_discovery:discover_packages(prefix_path) check parameters
[9.336s] Level 1:colcon.colcon_core.package_discovery:discover_packages(prefix_path) discover
[9.638s] DEBUG:colcon.colcon_installed_package_information.package_discovery:Found 302 installed packages in /opt/ros/foxy
[9.640s] Level 1:colcon.colcon_core.package_discovery:discover_packages(prefix_path) using defaults
[10.078s] Level 5:colcon.colcon_core.verb:set package 'deliverybot_bringup' build argument 'cmake_args' from command line to 'None'
[10.078s] Level 5:colcon.colcon_core.verb:set package 'deliverybot_bringup' build argument 'cmake_target' from command line to 'None'
[10.078s] Level 5:colcon.colcon_core.verb:set package 'deliverybot_bringup' build argument 'cmake_target_skip_unavailable' from command line to 'False'
[10.078s] Level 5:colcon.colcon_core.verb:set package 'deliverybot_bringup' build argument 'cmake_clean_cache' from command line to 'False'
[10.078s] Level 5:colcon.colcon_core.verb:set package 'deliverybot_bringup' build argument 'cmake_clean_first' from command line to 'False'
[10.078s] Level 5:colcon.colcon_core.verb:set package 'deliverybot_bringup' build argument 'cmake_force_configure' from command line to 'False'
[10.078s] Level 5:colcon.colcon_core.verb:set package 'deliverybot_bringup' build argument 'ament_cmake_args' from command line to 'None'
[10.078s] Level 5:colcon.colcon_core.verb:set package 'deliverybot_bringup' build argument 'catkin_cmake_args' from command line to 'None'
[10.078s] Level 5:colcon.colcon_core.verb:set package 'deliverybot_bringup' build argument 'catkin_skip_building_tests' from command line to 'False'
[10.079s] DEBUG:colcon.colcon_core.verb:Building package 'deliverybot_bringup' with the following arguments: {'ament_cmake_args': None, 'build_base': '/home/nvidia/ros2_catkin_ws/build/deliverybot_bringup', 'catkin_cmake_args': None, 'catkin_skip_building_tests': False, 'cmake_args': None, 'cmake_clean_cache': False, 'cmake_clean_first': False, 'cmake_force_configure': False, 'cmake_target': None, 'cmake_target_skip_unavailable': False, 'install_base': '/home/nvidia/ros2_catkin_ws/install/deliverybot_bringup', 'merge_install': False, 'path': '/home/nvidia/ros2_catkin_ws/src/deliverybot_bringup', 'symlink_install': True, 'test_result_base': None}
[10.228s] Level 5:colcon.colcon_core.verb:set package 'deliverybot_description' build argument 'cmake_args' from command line to 'None'
[10.228s] Level 5:colcon.colcon_core.verb:set package 'deliverybot_description' build argument 'cmake_target' from command line to 'None'
[10.228s] Level 5:colcon.colcon_core.verb:set package 'deliverybot_description' build argument 'cmake_target_skip_unavailable' from command line to 'False'
[10.228s] Level 5:colcon.colcon_core.verb:set package 'deliverybot_description' build argument 'cmake_clean_cache' from command line to 'False'
[10.228s] Level 5:colcon.colcon_core.verb:set package 'deliverybot_description' build argument 'cmake_clean_first' from command line to 'False'
[10.228s] Level 5:colcon.colcon_core.verb:set package 'deliverybot_description' build argument 'cmake_force_configure' from command line to 'False'
[10.229s] Level 5:colcon.colcon_core.verb:set package 'deliverybot_description' build argument 'ament_cmake_args' from command line to 'None'
[10.229s] Level 5:colcon.colcon_core.verb:set package 'deliverybot_description' build argument 'catkin_cmake_args' from command line to 'None'
[10.229s] Level 5:colcon.colcon_core.verb:set package 'deliverybot_description' build argument 'catkin_skip_building_tests' from command line to 'False'
[10.229s] DEBUG:colcon.colcon_core.verb:Building package 'deliverybot_description' with the following arguments: {'ament_cmake_args': None, 'build_base': '/home/nvidia/ros2_catkin_ws/build/deliverybot_description', 'catkin_cmake_args': None, 'catkin_skip_building_tests': False, 'cmake_args': None, 'cmake_clean_cache': False, 'cmake_clean_first': False, 'cmake_force_configure': False, 'cmake_target': None, 'cmake_target_skip_unavailable': False, 'install_base': '/home/nvidia/ros2_catkin_ws/install/deliverybot_description', 'merge_install': False, 'path': '/home/nvidia/ros2_catkin_ws/src/deliverybot_description', 'symlink_install': True, 'test_result_base': None}
[10.378s] Level 5:colcon.colcon_core.verb:set package 'depthimage_to_laserscan' build argument 'cmake_args' from command line to 'None'
[10.378s] Level 5:colcon.colcon_core.verb:set package 'depthimage_to_laserscan' build argument 'cmake_target' from command line to 'None'
[10.378s] Level 5:colcon.colcon_core.verb:set package 'depthimage_to_laserscan' build argument 'cmake_target_skip_unavailable' from command line to 'False'
[10.378s] Level 5:colcon.colcon_core.verb:set package 'depthimage_to_laserscan' build argument 'cmake_clean_cache' from command line to 'False'
[10.378s] Level 5:colcon.colcon_core.verb:set package 'depthimage_to_laserscan' build argument 'cmake_clean_first' from command line to 'False'
[10.378s] Level 5:colcon.colcon_core.verb:set package 'depthimage_to_laserscan' build argument 'cmake_force_configure' from command line to 'False'
[10.378s] Level 5:colcon.colcon_core.verb:set package 'depthimage_to_laserscan' build argument 'ament_cmake_args' from command line to 'None'
[10.379s] Level 5:colcon.colcon_core.verb:set package 'depthimage_to_laserscan' build argument 'catkin_cmake_args' from command line to 'None'
[10.379s] Level 5:colcon.colcon_core.verb:set package 'depthimage_to_laserscan' build argument 'catkin_skip_building_tests' from command line to 'False'
[10.379s] DEBUG:colcon.colcon_core.verb:Building package 'depthimage_to_laserscan' with the following arguments: {'ament_cmake_args': None, 'build_base': '/home/nvidia/ros2_catkin_ws/build/depthimage_to_laserscan', 'catkin_cmake_args': None, 'catkin_skip_building_tests': False, 'cmake_args': None, 'cmake_clean_cache': False, 'cmake_clean_first': False, 'cmake_force_configure': False, 'cmake_target': None, 'cmake_target_skip_unavailable': False, 'install_base': '/home/nvidia/ros2_catkin_ws/install/depthimage_to_laserscan', 'merge_install': False, 'path': '/home/nvidia/ros2_catkin_ws/src/depthimage_to_laserscan', 'symlink_install': True, 'test_result_base': None}
[10.527s] Level 5:colcon.colcon_core.verb:set package 'laser_filters' build argument 'cmake_args' from command line to 'None'
[10.527s] Level 5:colcon.colcon_core.verb:set package 'laser_filters' build argument 'cmake_target' from command line to 'None'
[10.527s] Level 5:colcon.colcon_core.verb:set package 'laser_filters' build argument 'cmake_target_skip_unavailable' from command line to 'False'
[10.527s] Level 5:colcon.colcon_core.verb:set package 'laser_filters' build argument 'cmake_clean_cache' from command line to 'False'
[10.527s] Level 5:colcon.colcon_core.verb:set package 'laser_filters' build argument 'cmake_clean_first' from command line to 'False'
[10.528s] Level 5:colcon.colcon_core.verb:set package 'laser_filters' build argument 'cmake_force_configure' from command line to 'False'
[10.528s] Level 5:colcon.colcon_core.verb:set package 'laser_filters' build argument 'ament_cmake_args' from command line to 'None'
[10.528s] Level 5:colcon.colcon_core.verb:set package 'laser_filters' build argument 'catkin_cmake_args' from command line to 'None'
[10.528s] Level 5:colcon.colcon_core.verb:set package 'laser_filters' build argument 'catkin_skip_building_tests' from command line to 'False'
[10.528s] DEBUG:colcon.colcon_core.verb:Building package 'laser_filters' with the following arguments: {'ament_cmake_args': None, 'build_base': '/home/nvidia/ros2_catkin_ws/build/laser_filters', 'catkin_cmake_args': None, 'catkin_skip_building_tests': False, 'cmake_args': None, 'cmake_clean_cache': False, 'cmake_clean_first': False, 'cmake_force_configure': False, 'cmake_target': None, 'cmake_target_skip_unavailable': False, 'install_base': '/home/nvidia/ros2_catkin_ws/install/laser_filters', 'merge_install': False, 'path': '/home/nvidia/ros2_catkin_ws/src/laser_filters', 'symlink_install': True, 'test_result_base': None}
[10.676s] Level 5:colcon.colcon_core.verb:set package 'livox_frame_remap' build argument 'cmake_args' from command line to 'None'
[10.676s] Level 5:colcon.colcon_core.verb:set package 'livox_frame_remap' build argument 'cmake_target' from command line to 'None'
[10.676s] Level 5:colcon.colcon_core.verb:set package 'livox_frame_remap' build argument 'cmake_target_skip_unavailable' from command line to 'False'
[10.676s] Level 5:colcon.colcon_core.verb:set package 'livox_frame_remap' build argument 'cmake_clean_cache' from command line to 'False'
[10.676s] Level 5:colcon.colcon_core.verb:set package 'livox_frame_remap' build argument 'cmake_clean_first' from command line to 'False'
[10.676s] Level 5:colcon.colcon_core.verb:set package 'livox_frame_remap' build argument 'cmake_force_configure' from command line to 'False'
[10.676s] Level 5:colcon.colcon_core.verb:set package 'livox_frame_remap' build argument 'ament_cmake_args' from command line to 'None'
[10.676s] Level 5:colcon.colcon_core.verb:set package 'livox_frame_remap' build argument 'catkin_cmake_args' from command line to 'None'
[10.676s] Level 5:colcon.colcon_core.verb:set package 'livox_frame_remap' build argument 'catkin_skip_building_tests' from command line to 'False'
[10.676s] DEBUG:colcon.colcon_core.verb:Building package 'livox_frame_remap' with the following arguments: {'ament_cmake_args': None, 'build_base': '/home/nvidia/ros2_catkin_ws/build/livox_frame_remap', 'catkin_cmake_args': None, 'catkin_skip_building_tests': False, 'cmake_args': None, 'cmake_clean_cache': False, 'cmake_clean_first': False, 'cmake_force_configure': False, 'cmake_target': None, 'cmake_target_skip_unavailable': False, 'install_base': '/home/nvidia/ros2_catkin_ws/install/livox_frame_remap', 'merge_install': False, 'path': '/home/nvidia/ros2_catkin_ws/src/livox_frame_remap', 'symlink_install': True, 'test_result_base': None}
[10.828s] Level 5:colcon.colcon_core.verb:set package 'pointcloud_to_laserscan' build argument 'cmake_args' from command line to 'None'
[10.828s] Level 5:colcon.colcon_core.verb:set package 'pointcloud_to_laserscan' build argument 'cmake_target' from command line to 'None'
[10.828s] Level 5:colcon.colcon_core.verb:set package 'pointcloud_to_laserscan' build argument 'cmake_target_skip_unavailable' from command line to 'False'
[10.828s] Level 5:colcon.colcon_core.verb:set package 'pointcloud_to_laserscan' build argument 'cmake_clean_cache' from command line to 'False'
[10.828s] Level 5:colcon.colcon_core.verb:set package 'pointcloud_to_laserscan' build argument 'cmake_clean_first' from command line to 'False'
[10.829s] Level 5:colcon.colcon_core.verb:set package 'pointcloud_to_laserscan' build argument 'cmake_force_configure' from command line to 'False'
[10.829s] Level 5:colcon.colcon_core.verb:set package 'pointcloud_to_laserscan' build argument 'ament_cmake_args' from command line to 'None'
[10.829s] Level 5:colcon.colcon_core.verb:set package 'pointcloud_to_laserscan' build argument 'catkin_cmake_args' from command line to 'None'
[10.829s] Level 5:colcon.colcon_core.verb:set package 'pointcloud_to_laserscan' build argument 'catkin_skip_building_tests' from command line to 'False'
[10.829s] DEBUG:colcon.colcon_core.verb:Building package 'pointcloud_to_laserscan' with the following arguments: {'ament_cmake_args': None, 'build_base': '/home/nvidia/ros2_catkin_ws/build/pointcloud_to_laserscan', 'catkin_cmake_args': None, 'catkin_skip_building_tests': False, 'cmake_args': None, 'cmake_clean_cache': False, 'cmake_clean_first': False, 'cmake_force_configure': False, 'cmake_target': None, 'cmake_target_skip_unavailable': False, 'install_base': '/home/nvidia/ros2_catkin_ws/install/pointcloud_to_laserscan', 'merge_install': False, 'path': '/home/nvidia/ros2_catkin_ws/src/pointcloud_to_laserscan', 'symlink_install': True, 'test_result_base': None}
[10.976s] INFO:colcon.colcon_core.executor:Executing jobs using 'parallel' executor
[11.126s] DEBUG:colcon.colcon_parallel_executor.executor.parallel:run_until_complete
[11.127s] INFO:colcon.colcon_ros.task.ament_cmake.build:Building ROS package in '/home/nvidia/ros2_catkin_ws/src/deliverybot_bringup' with build type 'ament_cmake'
[11.127s] INFO:colcon.colcon_cmake.task.cmake.build:Building CMake package in '/home/nvidia/ros2_catkin_ws/src/deliverybot_bringup'
[11.289s] INFO:colcon.colcon_core.plugin_system:Skipping extension 'colcon_core.shell.bat': Not used on non-Windows systems
[11.289s] INFO:colcon.colcon_core.shell:Skip shell extension 'powershell' for command environment: Not usable outside of PowerShell
[11.290s] DEBUG:colcon.colcon_core.shell:Skip shell extension 'dsv' for command environment
[11.607s] INFO:colcon.colcon_ros.task.ament_cmake.build:Building ROS package in '/home/nvidia/ros2_catkin_ws/src/deliverybot_description' with build type 'ament_cmake'
[11.608s] INFO:colcon.colcon_cmake.task.cmake.build:Building CMake package in '/home/nvidia/ros2_catkin_ws/src/deliverybot_description'
[11.767s] INFO:colcon.colcon_core.shell:Skip shell extension 'powershell' for command environment: Not usable outside of PowerShell
[11.767s] DEBUG:colcon.colcon_core.shell:Skip shell extension 'dsv' for command environment
[12.083s] INFO:colcon.colcon_ros.task.ament_cmake.build:Building ROS package in '/home/nvidia/ros2_catkin_ws/src/depthimage_to_laserscan' with build type 'ament_cmake'
[12.084s] INFO:colcon.colcon_cmake.task.cmake.build:Building CMake package in '/home/nvidia/ros2_catkin_ws/src/depthimage_to_laserscan'
[12.242s] INFO:colcon.colcon_core.shell:Skip shell extension 'powershell' for command environment: Not usable outside of PowerShell
[12.242s] DEBUG:colcon.colcon_core.shell:Skip shell extension 'dsv' for command environment
[12.573s] INFO:colcon.colcon_ros.task.ament_cmake.build:Building ROS package in '/home/nvidia/ros2_catkin_ws/src/laser_filters' with build type 'ament_cmake'
[12.574s] INFO:colcon.colcon_cmake.task.cmake.build:Building CMake package in '/home/nvidia/ros2_catkin_ws/src/laser_filters'
[12.733s] INFO:colcon.colcon_core.shell:Skip shell extension 'powershell' for command environment: Not usable outside of PowerShell
[12.733s] DEBUG:colcon.colcon_core.shell:Skip shell extension 'dsv' for command environment
[13.049s] INFO:colcon.colcon_ros.task.ament_python.build:Building ROS package in '/home/nvidia/ros2_catkin_ws/src/livox_frame_remap' with build type 'ament_python'
[13.050s] Level 1:colcon.colcon_core.shell:create_environment_hook('livox_frame_remap', 'ament_prefix_path')
[13.208s] INFO:colcon.colcon_core.shell:Creating environment hook '/home/nvidia/ros2_catkin_ws/install/livox_frame_remap/share/livox_frame_remap/hook/ament_prefix_path.ps1'
[13.210s] INFO:colcon.colcon_core.shell:Creating environment descriptor '/home/nvidia/ros2_catkin_ws/install/livox_frame_remap/share/livox_frame_remap/hook/ament_prefix_path.dsv'
[13.210s] INFO:colcon.colcon_core.shell:Creating environment hook '/home/nvidia/ros2_catkin_ws/install/livox_frame_remap/share/livox_frame_remap/hook/ament_prefix_path.sh'
[13.364s] INFO:colcon.colcon_core.shell:Skip shell extension 'powershell' for command environment: Not usable outside of PowerShell
[13.364s] DEBUG:colcon.colcon_core.shell:Skip shell extension 'dsv' for command environment
[13.675s] INFO:colcon.colcon_ros.task.ament_cmake.build:Building ROS package in '/home/nvidia/ros2_catkin_ws/src/pointcloud_to_laserscan' with build type 'ament_cmake'
[13.675s] INFO:colcon.colcon_cmake.task.cmake.build:Building CMake package in '/home/nvidia/ros2_catkin_ws/src/pointcloud_to_laserscan'
[13.830s] INFO:colcon.colcon_core.shell:Skip shell extension 'powershell' for command environment: Not usable outside of PowerShell
[13.830s] DEBUG:colcon.colcon_core.shell:Skip shell extension 'dsv' for command environment
[14.152s] DEBUG:colcon.colcon_core.event_handler.log_command:Invoking command in '/home/nvidia/ros2_catkin_ws/build/deliverybot_bringup': CMAKE_PREFIX_PATH=/opt/ros/foxy /usr/bin/cmake /home/nvidia/ros2_catkin_ws/src/deliverybot_bringup -DAMENT_CMAKE_SYMLINK_INSTALL=1 -DCMAKE_INSTALL_PREFIX=/home/nvidia/ros2_catkin_ws/install/deliverybot_bringup
[14.160s] DEBUG:colcon.colcon_core.event_handler.log_command:Invoking command in '/home/nvidia/ros2_catkin_ws/build/deliverybot_description': CMAKE_PREFIX_PATH=/opt/ros/foxy /usr/bin/cmake /home/nvidia/ros2_catkin_ws/src/deliverybot_description -DAMENT_CMAKE_SYMLINK_INSTALL=1 -DCMAKE_INSTALL_PREFIX=/home/nvidia/ros2_catkin_ws/install/deliverybot_description
[14.167s] DEBUG:colcon.colcon_core.event_handler.log_command:Invoking command in '/home/nvidia/ros2_catkin_ws/build/depthimage_to_laserscan': CMAKE_PREFIX_PATH=/opt/ros/foxy /usr/bin/cmake /home/nvidia/ros2_catkin_ws/src/depthimage_to_laserscan -DAMENT_CMAKE_SYMLINK_INSTALL=1 -DCMAKE_INSTALL_PREFIX=/home/nvidia/ros2_catkin_ws/install/depthimage_to_laserscan
[14.174s] DEBUG:colcon.colcon_core.event_handler.log_command:Invoking command in '/home/nvidia/ros2_catkin_ws/build/laser_filters': CMAKE_PREFIX_PATH=/opt/ros/foxy /usr/bin/cmake /home/nvidia/ros2_catkin_ws/src/laser_filters -DAMENT_CMAKE_SYMLINK_INSTALL=1 -DCMAKE_INSTALL_PREFIX=/home/nvidia/ros2_catkin_ws/install/laser_filters
[14.595s] INFO:colcon.colcon_core.task.python.build:Building Python package in '/home/nvidia/ros2_catkin_ws/src/livox_frame_remap'
[14.763s] INFO:colcon.colcon_core.shell:Skip shell extension 'powershell' for command environment: Not usable outside of PowerShell
[14.764s] DEBUG:colcon.colcon_core.shell:Skip shell extension 'dsv' for command environment
[15.112s] DEBUG:colcon.colcon_core.event_handler.log_command:Invoking command in '/home/nvidia/ros2_catkin_ws/build/pointcloud_to_laserscan': CMAKE_PREFIX_PATH=/opt/ros/foxy /usr/bin/cmake /home/nvidia/ros2_catkin_ws/src/pointcloud_to_laserscan -DAMENT_CMAKE_SYMLINK_INSTALL=1 -DCMAKE_INSTALL_PREFIX=/home/nvidia/ros2_catkin_ws/install/pointcloud_to_laserscan
[15.411s] DEBUG:colcon.colcon_core.event_handler.log_command:Invoked command in '/home/nvidia/ros2_catkin_ws/build/deliverybot_bringup' returned '0': CMAKE_PREFIX_PATH=/opt/ros/foxy /usr/bin/cmake /home/nvidia/ros2_catkin_ws/src/deliverybot_bringup -DAMENT_CMAKE_SYMLINK_INSTALL=1 -DCMAKE_INSTALL_PREFIX=/home/nvidia/ros2_catkin_ws/install/deliverybot_bringup
[15.420s] DEBUG:colcon.colcon_core.event_handler.log_command:Invoking command in '/home/nvidia/ros2_catkin_ws/build/deliverybot_bringup': CMAKE_PREFIX_PATH=/opt/ros/foxy /usr/bin/cmake --build /home/nvidia/ros2_catkin_ws/build/deliverybot_bringup -- -j8 -l8
[15.443s] DEBUG:colcon.colcon_core.event_handler.log_command:Invoked command in '/home/nvidia/ros2_catkin_ws/build/deliverybot_description' returned '0': CMAKE_PREFIX_PATH=/opt/ros/foxy /usr/bin/cmake /home/nvidia/ros2_catkin_ws/src/deliverybot_description -DAMENT_CMAKE_SYMLINK_INSTALL=1 -DCMAKE_INSTALL_PREFIX=/home/nvidia/ros2_catkin_ws/install/deliverybot_description
[15.450s] DEBUG:colcon.colcon_core.event_handler.log_command:Invoking command in '/home/nvidia/ros2_catkin_ws/build/deliverybot_description': CMAKE_PREFIX_PATH=/opt/ros/foxy /usr/bin/cmake --build /home/nvidia/ros2_catkin_ws/build/deliverybot_description -- -j8 -l8
[15.490s] DEBUG:colcon.colcon_core.event_handler.log_command:Invoked command in '/home/nvidia/ros2_catkin_ws/build/deliverybot_bringup' returned '0': CMAKE_PREFIX_PATH=/opt/ros/foxy /usr/bin/cmake --build /home/nvidia/ros2_catkin_ws/build/deliverybot_bringup -- -j8 -l8
[15.532s] DEBUG:colcon.colcon_core.event_handler.log_command:Invoked command in '/home/nvidia/ros2_catkin_ws/build/deliverybot_description' returned '0': CMAKE_PREFIX_PATH=/opt/ros/foxy /usr/bin/cmake --build /home/nvidia/ros2_catkin_ws/build/deliverybot_description -- -j8 -l8
[15.562s] DEBUG:colcon.colcon_core.event_handler.log_command:Invoking command in '/home/nvidia/ros2_catkin_ws/build/deliverybot_bringup': CMAKE_PREFIX_PATH=/opt/ros/foxy /usr/bin/cmake --install /home/nvidia/ros2_catkin_ws/build/deliverybot_bringup
[15.572s] DEBUG:colcon.colcon_core.event_handler.log_command:Invoking command in '/home/nvidia/ros2_catkin_ws/build/deliverybot_description': CMAKE_PREFIX_PATH=/opt/ros/foxy /usr/bin/cmake --install /home/nvidia/ros2_catkin_ws/build/deliverybot_description
[15.943s] DEBUG:colcon.colcon_core.event_handler.log_command:Invoking command in '/home/nvidia/ros2_catkin_ws/build/livox_frame_remap': PYTHONPATH=/home/nvidia/ros2_catkin_ws/build/livox_frame_remap/prefix_override:/home/nvidia/ros2_catkin_ws/install/livox_frame_remap/lib/python3.8/site-packages:${PYTHONPATH} /usr/bin/python3 setup.py develop --editable --build-directory /home/nvidia/ros2_catkin_ws/build/livox_frame_remap/build --no-deps install_data
[16.123s] Level 1:colcon.colcon_core.environment:create_environment_scripts_only(deliverybot_bringup)
[16.124s] DEBUG:colcon.colcon_core.event_handler.log_command:Invoked command in '/home/nvidia/ros2_catkin_ws/build/deliverybot_bringup' returned '0': CMAKE_PREFIX_PATH=/opt/ros/foxy /usr/bin/cmake --install /home/nvidia/ros2_catkin_ws/build/deliverybot_bringup
[16.312s] Level 1:colcon.colcon_core.environment:checking '/home/nvidia/ros2_catkin_ws/install/deliverybot_bringup' for CMake module files
[16.313s] Level 1:colcon.colcon_core.environment:checking '/home/nvidia/ros2_catkin_ws/install/deliverybot_bringup' for CMake config files
[16.314s] Level 1:colcon.colcon_core.shell:create_environment_hook('deliverybot_bringup', 'cmake_prefix_path')
[16.492s] INFO:colcon.colcon_core.shell:Creating environment hook '/home/nvidia/ros2_catkin_ws/install/deliverybot_bringup/share/deliverybot_bringup/hook/cmake_prefix_path.ps1'
[16.493s] INFO:colcon.colcon_core.shell:Creating environment descriptor '/home/nvidia/ros2_catkin_ws/install/deliverybot_bringup/share/deliverybot_bringup/hook/cmake_prefix_path.dsv'
[16.494s] INFO:colcon.colcon_core.shell:Creating environment hook '/home/nvidia/ros2_catkin_ws/install/deliverybot_bringup/share/deliverybot_bringup/hook/cmake_prefix_path.sh'
[16.495s] Level 1:colcon.colcon_core.environment:checking '/home/nvidia/ros2_catkin_ws/install/deliverybot_bringup/bin'
[16.495s] Level 1:colcon.colcon_core.environment:checking '/home/nvidia/ros2_catkin_ws/install/deliverybot_bringup/lib/pkgconfig/deliverybot_bringup.pc'
[16.496s] Level 1:colcon.colcon_core.environment:checking '/home/nvidia/ros2_catkin_ws/install/deliverybot_bringup/lib/python3.8/site-packages'
[16.496s] Level 1:colcon.colcon_core.environment:checking '/home/nvidia/ros2_catkin_ws/install/deliverybot_bringup/bin'
[16.663s] INFO:colcon.colcon_core.shell:Creating package script '/home/nvidia/ros2_catkin_ws/install/deliverybot_bringup/share/deliverybot_bringup/package.ps1'
[16.665s] INFO:colcon.colcon_core.shell:Creating package descriptor '/home/nvidia/ros2_catkin_ws/install/deliverybot_bringup/share/deliverybot_bringup/package.dsv'
[16.666s] INFO:colcon.colcon_core.shell:Creating package script '/home/nvidia/ros2_catkin_ws/install/deliverybot_bringup/share/deliverybot_bringup/package.sh'
[16.667s] INFO:colcon.colcon_core.shell:Creating package script '/home/nvidia/ros2_catkin_ws/install/deliverybot_bringup/share/deliverybot_bringup/package.bash'
[16.668s] INFO:colcon.colcon_core.shell:Creating package script '/home/nvidia/ros2_catkin_ws/install/deliverybot_bringup/share/deliverybot_bringup/package.zsh'
[16.670s] Level 1:colcon.colcon_core.environment:create_file_with_runtime_dependencies(/home/nvidia/ros2_catkin_ws/install/deliverybot_bringup/share/colcon-core/packages/deliverybot_bringup)
[16.680s] Level 1:colcon.colcon_core.environment:create_environment_scripts_only(deliverybot_description)
[16.681s] DEBUG:colcon.colcon_core.event_handler.log_command:Invoked command in '/home/nvidia/ros2_catkin_ws/build/deliverybot_description' returned '0': CMAKE_PREFIX_PATH=/opt/ros/foxy /usr/bin/cmake --install /home/nvidia/ros2_catkin_ws/build/deliverybot_description
[16.846s] Level 1:colcon.colcon_core.environment:checking '/home/nvidia/ros2_catkin_ws/install/deliverybot_description' for CMake module files
[16.847s] Level 1:colcon.colcon_core.environment:checking '/home/nvidia/ros2_catkin_ws/install/deliverybot_description' for CMake config files
[16.848s] Level 1:colcon.colcon_core.shell:create_environment_hook('deliverybot_description', 'cmake_prefix_path')
[17.007s] INFO:colcon.colcon_core.shell:Creating environment hook '/home/nvidia/ros2_catkin_ws/install/deliverybot_description/share/deliverybot_description/hook/cmake_prefix_path.ps1'
[17.008s] INFO:colcon.colcon_core.shell:Creating environment descriptor '/home/nvidia/ros2_catkin_ws/install/deliverybot_description/share/deliverybot_description/hook/cmake_prefix_path.dsv'
[17.008s] INFO:colcon.colcon_core.shell:Creating environment hook '/home/nvidia/ros2_catkin_ws/install/deliverybot_description/share/deliverybot_description/hook/cmake_prefix_path.sh'
[17.009s] Level 1:colcon.colcon_core.environment:checking '/home/nvidia/ros2_catkin_ws/install/deliverybot_description/bin'
[17.009s] Level 1:colcon.colcon_core.environment:checking '/home/nvidia/ros2_catkin_ws/install/deliverybot_description/lib/pkgconfig/deliverybot_description.pc'
[17.010s] Level 1:colcon.colcon_core.environment:checking '/home/nvidia/ros2_catkin_ws/install/deliverybot_description/lib/python3.8/site-packages'
[17.010s] Level 1:colcon.colcon_core.environment:checking '/home/nvidia/ros2_catkin_ws/install/deliverybot_description/bin'
[17.167s] INFO:colcon.colcon_core.shell:Creating package script '/home/nvidia/ros2_catkin_ws/install/deliverybot_description/share/deliverybot_description/package.ps1'
[17.168s] INFO:colcon.colcon_core.shell:Creating package descriptor '/home/nvidia/ros2_catkin_ws/install/deliverybot_description/share/deliverybot_description/package.dsv'
[17.169s] INFO:colcon.colcon_core.shell:Creating package script '/home/nvidia/ros2_catkin_ws/install/deliverybot_description/share/deliverybot_description/package.sh'
[17.171s] INFO:colcon.colcon_core.shell:Creating package script '/home/nvidia/ros2_catkin_ws/install/deliverybot_description/share/deliverybot_description/package.bash'
[17.171s] INFO:colcon.colcon_core.shell:Creating package script '/home/nvidia/ros2_catkin_ws/install/deliverybot_description/share/deliverybot_description/package.zsh'
[17.172s] Level 1:colcon.colcon_core.environment:create_file_with_runtime_dependencies(/home/nvidia/ros2_catkin_ws/install/deliverybot_description/share/colcon-core/packages/deliverybot_description)
[17.182s] Level 1:colcon.colcon_core.shell:create_environment_hook('livox_frame_remap', 'pythonpath_develop')
[17.183s] DEBUG:colcon.colcon_core.event_handler.log_command:Invoked command in '/home/nvidia/ros2_catkin_ws/build/livox_frame_remap' returned '0': PYTHONPATH=/home/nvidia/ros2_catkin_ws/build/livox_frame_remap/prefix_override:/home/nvidia/ros2_catkin_ws/install/livox_frame_remap/lib/python3.8/site-packages:${PYTHONPATH} /usr/bin/python3 setup.py develop --editable --build-directory /home/nvidia/ros2_catkin_ws/build/livox_frame_remap/build --no-deps install_data
[17.342s] INFO:colcon.colcon_core.shell:Creating environment hook '/home/nvidia/ros2_catkin_ws/build/livox_frame_remap/share/livox_frame_remap/hook/pythonpath_develop.ps1'
[17.343s] INFO:colcon.colcon_core.shell:Creating environment descriptor '/home/nvidia/ros2_catkin_ws/build/livox_frame_remap/share/livox_frame_remap/hook/pythonpath_develop.dsv'
[17.344s] INFO:colcon.colcon_core.shell:Creating environment hook '/home/nvidia/ros2_catkin_ws/build/livox_frame_remap/share/livox_frame_remap/hook/pythonpath_develop.sh'
[17.509s] Level 1:colcon.colcon_core.environment:checking '/home/nvidia/ros2_catkin_ws/install/livox_frame_remap' for CMake module files
[17.509s] Level 1:colcon.colcon_core.environment:checking '/home/nvidia/ros2_catkin_ws/install/livox_frame_remap' for CMake config files
[17.510s] Level 1:colcon.colcon_core.environment:checking '/home/nvidia/ros2_catkin_ws/install/livox_frame_remap/lib'
[17.511s] Level 1:colcon.colcon_core.environment:checking '/home/nvidia/ros2_catkin_ws/install/livox_frame_remap/bin'
[17.511s] Level 1:colcon.colcon_core.environment:checking '/home/nvidia/ros2_catkin_ws/install/livox_frame_remap/lib/pkgconfig/livox_frame_remap.pc'
[17.511s] Level 1:colcon.colcon_core.environment:checking '/home/nvidia/ros2_catkin_ws/install/livox_frame_remap/lib/python3.8/site-packages'
[17.512s] Level 1:colcon.colcon_core.shell:create_environment_hook('livox_frame_remap', 'pythonpath')
[17.664s] INFO:colcon.colcon_core.shell:Creating environment hook '/home/nvidia/ros2_catkin_ws/install/livox_frame_remap/share/livox_frame_remap/hook/pythonpath.ps1'
[17.665s] INFO:colcon.colcon_core.shell:Creating environment descriptor '/home/nvidia/ros2_catkin_ws/install/livox_frame_remap/share/livox_frame_remap/hook/pythonpath.dsv'
[17.666s] INFO:colcon.colcon_core.shell:Creating environment hook '/home/nvidia/ros2_catkin_ws/install/livox_frame_remap/share/livox_frame_remap/hook/pythonpath.sh'
[17.667s] Level 1:colcon.colcon_core.environment:checking '/home/nvidia/ros2_catkin_ws/install/livox_frame_remap/bin'
[17.667s] Level 1:colcon.colcon_core.environment:create_environment_scripts_only(livox_frame_remap)
[17.818s] INFO:colcon.colcon_core.shell:Creating package script '/home/nvidia/ros2_catkin_ws/install/livox_frame_remap/share/livox_frame_remap/package.ps1'
[17.819s] INFO:colcon.colcon_core.shell:Creating package descriptor '/home/nvidia/ros2_catkin_ws/install/livox_frame_remap/share/livox_frame_remap/package.dsv'
[17.820s] INFO:colcon.colcon_core.shell:Creating package script '/home/nvidia/ros2_catkin_ws/install/livox_frame_remap/share/livox_frame_remap/package.sh'
[17.820s] INFO:colcon.colcon_core.shell:Creating package script '/home/nvidia/ros2_catkin_ws/install/livox_frame_remap/share/livox_frame_remap/package.bash'
[17.821s] INFO:colcon.colcon_core.shell:Creating package script '/home/nvidia/ros2_catkin_ws/install/livox_frame_remap/share/livox_frame_remap/package.zsh'
[17.821s] Level 1:colcon.colcon_core.environment:create_file_with_runtime_dependencies(/home/nvidia/ros2_catkin_ws/install/livox_frame_remap/share/colcon-core/packages/livox_frame_remap)
[17.974s] Level 1:colcon.colcon_core.environment:create_environment_scripts_only(deliverybot_bringup)
[18.124s] Level 1:colcon.colcon_core.environment:checking '/home/nvidia/ros2_catkin_ws/install/deliverybot_bringup' for CMake module files
[18.124s] Level 1:colcon.colcon_core.environment:checking '/home/nvidia/ros2_catkin_ws/install/deliverybot_bringup' for CMake config files
[18.125s] Level 1:colcon.colcon_core.shell:create_environment_hook('deliverybot_bringup', 'cmake_prefix_path')
[18.276s] INFO:colcon.colcon_core.shell:Creating environment hook '/home/nvidia/ros2_catkin_ws/install/deliverybot_bringup/share/deliverybot_bringup/hook/cmake_prefix_path.ps1'
[18.277s] INFO:colcon.colcon_core.shell:Creating environment descriptor '/home/nvidia/ros2_catkin_ws/install/deliverybot_bringup/share/deliverybot_bringup/hook/cmake_prefix_path.dsv'
[18.278s] INFO:colcon.colcon_core.shell:Creating environment hook '/home/nvidia/ros2_catkin_ws/install/deliverybot_bringup/share/deliverybot_bringup/hook/cmake_prefix_path.sh'
[18.279s] Level 1:colcon.colcon_core.environment:checking '/home/nvidia/ros2_catkin_ws/install/deliverybot_bringup/bin'
[18.279s] Level 1:colcon.colcon_core.environment:checking '/home/nvidia/ros2_catkin_ws/install/deliverybot_bringup/lib/pkgconfig/deliverybot_bringup.pc'
[18.279s] Level 1:colcon.colcon_core.environment:checking '/home/nvidia/ros2_catkin_ws/install/deliverybot_bringup/lib/python3.8/site-packages'
[18.279s] Level 1:colcon.colcon_core.environment:checking '/home/nvidia/ros2_catkin_ws/install/deliverybot_bringup/bin'
[18.433s] INFO:colcon.colcon_core.shell:Creating package script '/home/nvidia/ros2_catkin_ws/install/deliverybot_bringup/share/deliverybot_bringup/package.ps1'
[18.434s] INFO:colcon.colcon_core.shell:Creating package descriptor '/home/nvidia/ros2_catkin_ws/install/deliverybot_bringup/share/deliverybot_bringup/package.dsv'
[18.435s] INFO:colcon.colcon_core.shell:Creating package script '/home/nvidia/ros2_catkin_ws/install/deliverybot_bringup/share/deliverybot_bringup/package.sh'
[18.435s] INFO:colcon.colcon_core.shell:Creating package script '/home/nvidia/ros2_catkin_ws/install/deliverybot_bringup/share/deliverybot_bringup/package.bash'
[18.436s] INFO:colcon.colcon_core.shell:Creating package script '/home/nvidia/ros2_catkin_ws/install/deliverybot_bringup/share/deliverybot_bringup/package.zsh'
[18.437s] Level 1:colcon.colcon_core.environment:create_file_with_runtime_dependencies(/home/nvidia/ros2_catkin_ws/install/deliverybot_bringup/share/colcon-core/packages/deliverybot_bringup)
[18.440s] DEBUG:colcon.colcon_core.event_handler.log_command:Invoked command in '/home/nvidia/ros2_catkin_ws/build/depthimage_to_laserscan' returned '0': CMAKE_PREFIX_PATH=/opt/ros/foxy /usr/bin/cmake /home/nvidia/ros2_catkin_ws/src/depthimage_to_laserscan -DAMENT_CMAKE_SYMLINK_INSTALL=1 -DCMAKE_INSTALL_PREFIX=/home/nvidia/ros2_catkin_ws/install/depthimage_to_laserscan
[18.445s] DEBUG:colcon.colcon_core.event_handler.log_command:Invoking command in '/home/nvidia/ros2_catkin_ws/build/depthimage_to_laserscan': CMAKE_PREFIX_PATH=/opt/ros/foxy /usr/bin/cmake --build /home/nvidia/ros2_catkin_ws/build/depthimage_to_laserscan -- -j8 -l8
[18.450s] DEBUG:colcon.colcon_core.event_handler.log_command:Invoked command in '/home/nvidia/ros2_catkin_ws/build/laser_filters' returned '0': CMAKE_PREFIX_PATH=/opt/ros/foxy /usr/bin/cmake /home/nvidia/ros2_catkin_ws/src/laser_filters -DAMENT_CMAKE_SYMLINK_INSTALL=1 -DCMAKE_INSTALL_PREFIX=/home/nvidia/ros2_catkin_ws/install/laser_filters
[18.454s] DEBUG:colcon.colcon_core.event_handler.log_command:Invoking command in '/home/nvidia/ros2_catkin_ws/build/laser_filters': CMAKE_PREFIX_PATH=/opt/ros/foxy /usr/bin/cmake --build /home/nvidia/ros2_catkin_ws/build/laser_filters -- -j8 -l8
[18.627s] Level 1:colcon.colcon_core.environment:create_environment_scripts_only(deliverybot_description)
[18.798s] Level 1:colcon.colcon_core.environment:checking '/home/nvidia/ros2_catkin_ws/install/deliverybot_description' for CMake module files
[18.800s] Level 1:colcon.colcon_core.environment:checking '/home/nvidia/ros2_catkin_ws/install/deliverybot_description' for CMake config files
[18.800s] Level 1:colcon.colcon_core.shell:create_environment_hook('deliverybot_description', 'cmake_prefix_path')
[18.974s] INFO:colcon.colcon_core.shell:Creating environment hook '/home/nvidia/ros2_catkin_ws/install/deliverybot_description/share/deliverybot_description/hook/cmake_prefix_path.ps1'
[18.975s] INFO:colcon.colcon_core.shell:Creating environment descriptor '/home/nvidia/ros2_catkin_ws/install/deliverybot_description/share/deliverybot_description/hook/cmake_prefix_path.dsv'
[18.976s] INFO:colcon.colcon_core.shell:Creating environment hook '/home/nvidia/ros2_catkin_ws/install/deliverybot_description/share/deliverybot_description/hook/cmake_prefix_path.sh'
[18.978s] Level 1:colcon.colcon_core.environment:checking '/home/nvidia/ros2_catkin_ws/install/deliverybot_description/bin'
[18.978s] Level 1:colcon.colcon_core.environment:checking '/home/nvidia/ros2_catkin_ws/install/deliverybot_description/lib/pkgconfig/deliverybot_description.pc'
[18.979s] Level 1:colcon.colcon_core.environment:checking '/home/nvidia/ros2_catkin_ws/install/deliverybot_description/lib/python3.8/site-packages'
[18.979s] Level 1:colcon.colcon_core.environment:checking '/home/nvidia/ros2_catkin_ws/install/deliverybot_description/bin'
[19.165s] INFO:colcon.colcon_core.shell:Creating package script '/home/nvidia/ros2_catkin_ws/install/deliverybot_description/share/deliverybot_description/package.ps1'
[19.166s] INFO:colcon.colcon_core.shell:Creating package descriptor '/home/nvidia/ros2_catkin_ws/install/deliverybot_description/share/deliverybot_description/package.dsv'
[19.168s] INFO:colcon.colcon_core.shell:Creating package script '/home/nvidia/ros2_catkin_ws/install/deliverybot_description/share/deliverybot_description/package.sh'
[19.169s] INFO:colcon.colcon_core.shell:Creating package script '/home/nvidia/ros2_catkin_ws/install/deliverybot_description/share/deliverybot_description/package.bash'
[19.170s] INFO:colcon.colcon_core.shell:Creating package script '/home/nvidia/ros2_catkin_ws/install/deliverybot_description/share/deliverybot_description/package.zsh'
[19.171s] Level 1:colcon.colcon_core.environment:create_file_with_runtime_dependencies(/home/nvidia/ros2_catkin_ws/install/deliverybot_description/share/colcon-core/packages/deliverybot_description)
[19.185s] DEBUG:colcon.colcon_core.event_handler.log_command:Invoked command in '/home/nvidia/ros2_catkin_ws/build/pointcloud_to_laserscan' returned '0': CMAKE_PREFIX_PATH=/opt/ros/foxy /usr/bin/cmake /home/nvidia/ros2_catkin_ws/src/pointcloud_to_laserscan -DAMENT_CMAKE_SYMLINK_INSTALL=1 -DCMAKE_INSTALL_PREFIX=/home/nvidia/ros2_catkin_ws/install/pointcloud_to_laserscan
[19.186s] DEBUG:colcon.colcon_core.event_handler.log_command:Invoking command in '/home/nvidia/ros2_catkin_ws/build/pointcloud_to_laserscan': CMAKE_PREFIX_PATH=/opt/ros/foxy /usr/bin/cmake --build /home/nvidia/ros2_catkin_ws/build/pointcloud_to_laserscan -- -j8 -l8
[38.403s] DEBUG:colcon.colcon_core.event_handler.log_command:Invoked command in '/home/nvidia/ros2_catkin_ws/build/pointcloud_to_laserscan' returned '0': CMAKE_PREFIX_PATH=/opt/ros/foxy /usr/bin/cmake --build /home/nvidia/ros2_catkin_ws/build/pointcloud_to_laserscan -- -j8 -l8
[38.463s] DEBUG:colcon.colcon_core.event_handler.log_command:Invoking command in '/home/nvidia/ros2_catkin_ws/build/pointcloud_to_laserscan': CMAKE_PREFIX_PATH=/opt/ros/foxy /usr/bin/cmake --install /home/nvidia/ros2_catkin_ws/build/pointcloud_to_laserscan
[38.945s] Level 1:colcon.colcon_core.environment:create_environment_scripts_only(pointcloud_to_laserscan)
[38.955s] DEBUG:colcon.colcon_core.event_handler.log_command:Invoked command in '/home/nvidia/ros2_catkin_ws/build/pointcloud_to_laserscan' returned '0': CMAKE_PREFIX_PATH=/opt/ros/foxy /usr/bin/cmake --install /home/nvidia/ros2_catkin_ws/build/pointcloud_to_laserscan
[39.121s] Level 1:colcon.colcon_core.environment:checking '/home/nvidia/ros2_catkin_ws/install/pointcloud_to_laserscan' for CMake module files
[39.122s] Level 1:colcon.colcon_core.environment:checking '/home/nvidia/ros2_catkin_ws/install/pointcloud_to_laserscan' for CMake config files
[39.123s] Level 1:colcon.colcon_core.shell:create_environment_hook('pointcloud_to_laserscan', 'cmake_prefix_path')
[39.292s] INFO:colcon.colcon_core.shell:Creating environment hook '/home/nvidia/ros2_catkin_ws/install/pointcloud_to_laserscan/share/pointcloud_to_laserscan/hook/cmake_prefix_path.ps1'
[39.293s] INFO:colcon.colcon_core.shell:Creating environment descriptor '/home/nvidia/ros2_catkin_ws/install/pointcloud_to_laserscan/share/pointcloud_to_laserscan/hook/cmake_prefix_path.dsv'
[39.294s] INFO:colcon.colcon_core.shell:Creating environment hook '/home/nvidia/ros2_catkin_ws/install/pointcloud_to_laserscan/share/pointcloud_to_laserscan/hook/cmake_prefix_path.sh'
[39.295s] Level 1:colcon.colcon_core.environment:checking '/home/nvidia/ros2_catkin_ws/install/pointcloud_to_laserscan/lib'
[39.295s] Level 1:colcon.colcon_core.shell:create_environment_hook('pointcloud_to_laserscan', 'ld_library_path_lib')
[39.463s] INFO:colcon.colcon_core.shell:Creating environment hook '/home/nvidia/ros2_catkin_ws/install/pointcloud_to_laserscan/share/pointcloud_to_laserscan/hook/ld_library_path_lib.ps1'
[39.464s] INFO:colcon.colcon_core.shell:Creating environment descriptor '/home/nvidia/ros2_catkin_ws/install/pointcloud_to_laserscan/share/pointcloud_to_laserscan/hook/ld_library_path_lib.dsv'
[39.464s] INFO:colcon.colcon_core.shell:Creating environment hook '/home/nvidia/ros2_catkin_ws/install/pointcloud_to_laserscan/share/pointcloud_to_laserscan/hook/ld_library_path_lib.sh'
[39.465s] Level 1:colcon.colcon_core.environment:checking '/home/nvidia/ros2_catkin_ws/install/pointcloud_to_laserscan/bin'
[39.465s] Level 1:colcon.colcon_core.environment:checking '/home/nvidia/ros2_catkin_ws/install/pointcloud_to_laserscan/lib/pkgconfig/pointcloud_to_laserscan.pc'
[39.466s] Level 1:colcon.colcon_core.environment:checking '/home/nvidia/ros2_catkin_ws/install/pointcloud_to_laserscan/lib/python3.8/site-packages'
[39.466s] Level 1:colcon.colcon_core.environment:checking '/home/nvidia/ros2_catkin_ws/install/pointcloud_to_laserscan/bin'
[39.629s] INFO:colcon.colcon_core.shell:Creating package script '/home/nvidia/ros2_catkin_ws/install/pointcloud_to_laserscan/share/pointcloud_to_laserscan/package.ps1'
[39.631s] INFO:colcon.colcon_core.shell:Creating package descriptor '/home/nvidia/ros2_catkin_ws/install/pointcloud_to_laserscan/share/pointcloud_to_laserscan/package.dsv'
[39.632s] INFO:colcon.colcon_core.shell:Creating package script '/home/nvidia/ros2_catkin_ws/install/pointcloud_to_laserscan/share/pointcloud_to_laserscan/package.sh'
[39.632s] INFO:colcon.colcon_core.shell:Creating package script '/home/nvidia/ros2_catkin_ws/install/pointcloud_to_laserscan/share/pointcloud_to_laserscan/package.bash'
[39.633s] INFO:colcon.colcon_core.shell:Creating package script '/home/nvidia/ros2_catkin_ws/install/pointcloud_to_laserscan/share/pointcloud_to_laserscan/package.zsh'
[39.633s] Level 1:colcon.colcon_core.environment:create_file_with_runtime_dependencies(/home/nvidia/ros2_catkin_ws/install/pointcloud_to_laserscan/share/colcon-core/packages/pointcloud_to_laserscan)
[39.852s] Level 1:colcon.colcon_core.environment:create_environment_scripts_only(pointcloud_to_laserscan)
[40.016s] Level 1:colcon.colcon_core.environment:checking '/home/nvidia/ros2_catkin_ws/install/pointcloud_to_laserscan' for CMake module files
[40.017s] Level 1:colcon.colcon_core.environment:checking '/home/nvidia/ros2_catkin_ws/install/pointcloud_to_laserscan' for CMake config files
[40.018s] Level 1:colcon.colcon_core.shell:create_environment_hook('pointcloud_to_laserscan', 'cmake_prefix_path')
[40.182s] INFO:colcon.colcon_core.shell:Creating environment hook '/home/nvidia/ros2_catkin_ws/install/pointcloud_to_laserscan/share/pointcloud_to_laserscan/hook/cmake_prefix_path.ps1'
[40.183s] INFO:colcon.colcon_core.shell:Creating environment descriptor '/home/nvidia/ros2_catkin_ws/install/pointcloud_to_laserscan/share/pointcloud_to_laserscan/hook/cmake_prefix_path.dsv'
[40.184s] INFO:colcon.colcon_core.shell:Creating environment hook '/home/nvidia/ros2_catkin_ws/install/pointcloud_to_laserscan/share/pointcloud_to_laserscan/hook/cmake_prefix_path.sh'
[40.185s] Level 1:colcon.colcon_core.environment:checking '/home/nvidia/ros2_catkin_ws/install/pointcloud_to_laserscan/lib'
[40.185s] Level 1:colcon.colcon_core.shell:create_environment_hook('pointcloud_to_laserscan', 'ld_library_path_lib')
[40.349s] INFO:colcon.colcon_core.shell:Creating environment hook '/home/nvidia/ros2_catkin_ws/install/pointcloud_to_laserscan/share/pointcloud_to_laserscan/hook/ld_library_path_lib.ps1'
[40.350s] INFO:colcon.colcon_core.shell:Creating environment descriptor '/home/nvidia/ros2_catkin_ws/install/pointcloud_to_laserscan/share/pointcloud_to_laserscan/hook/ld_library_path_lib.dsv'
[40.351s] INFO:colcon.colcon_core.shell:Creating environment hook '/home/nvidia/ros2_catkin_ws/install/pointcloud_to_laserscan/share/pointcloud_to_laserscan/hook/ld_library_path_lib.sh'
[40.352s] Level 1:colcon.colcon_core.environment:checking '/home/nvidia/ros2_catkin_ws/install/pointcloud_to_laserscan/bin'
[40.352s] Level 1:colcon.colcon_core.environment:checking '/home/nvidia/ros2_catkin_ws/install/pointcloud_to_laserscan/lib/pkgconfig/pointcloud_to_laserscan.pc'
[40.353s] Level 1:colcon.colcon_core.environment:checking '/home/nvidia/ros2_catkin_ws/install/pointcloud_to_laserscan/lib/python3.8/site-packages'
[40.353s] Level 1:colcon.colcon_core.environment:checking '/home/nvidia/ros2_catkin_ws/install/pointcloud_to_laserscan/bin'
[40.517s] INFO:colcon.colcon_core.shell:Creating package script '/home/nvidia/ros2_catkin_ws/install/pointcloud_to_laserscan/share/pointcloud_to_laserscan/package.ps1'
[40.518s] INFO:colcon.colcon_core.shell:Creating package descriptor '/home/nvidia/ros2_catkin_ws/install/pointcloud_to_laserscan/share/pointcloud_to_laserscan/package.dsv'
[40.519s] INFO:colcon.colcon_core.shell:Creating package script '/home/nvidia/ros2_catkin_ws/install/pointcloud_to_laserscan/share/pointcloud_to_laserscan/package.sh'
[40.520s] INFO:colcon.colcon_core.shell:Creating package script '/home/nvidia/ros2_catkin_ws/install/pointcloud_to_laserscan/share/pointcloud_to_laserscan/package.bash'
[40.521s] INFO:colcon.colcon_core.shell:Creating package script '/home/nvidia/ros2_catkin_ws/install/pointcloud_to_laserscan/share/pointcloud_to_laserscan/package.zsh'
[40.522s] Level 1:colcon.colcon_core.environment:create_file_with_runtime_dependencies(/home/nvidia/ros2_catkin_ws/install/pointcloud_to_laserscan/share/colcon-core/packages/pointcloud_to_laserscan)
[45.025s] DEBUG:colcon.colcon_core.event_handler.log_command:Invoked command in '/home/nvidia/ros2_catkin_ws/build/depthimage_to_laserscan' returned '0': CMAKE_PREFIX_PATH=/opt/ros/foxy /usr/bin/cmake --build /home/nvidia/ros2_catkin_ws/build/depthimage_to_laserscan -- -j8 -l8
[45.081s] DEBUG:colcon.colcon_core.event_handler.log_command:Invoking command in '/home/nvidia/ros2_catkin_ws/build/depthimage_to_laserscan': CMAKE_PREFIX_PATH=/opt/ros/foxy /usr/bin/cmake --install /home/nvidia/ros2_catkin_ws/build/depthimage_to_laserscan
[45.612s] Level 1:colcon.colcon_core.environment:create_environment_scripts_only(depthimage_to_laserscan)
[45.613s] DEBUG:colcon.colcon_core.event_handler.log_command:Invoked command in '/home/nvidia/ros2_catkin_ws/build/depthimage_to_laserscan' returned '0': CMAKE_PREFIX_PATH=/opt/ros/foxy /usr/bin/cmake --install /home/nvidia/ros2_catkin_ws/build/depthimage_to_laserscan
[45.780s] Level 1:colcon.colcon_core.environment:checking '/home/nvidia/ros2_catkin_ws/install/depthimage_to_laserscan' for CMake module files
[45.782s] Level 1:colcon.colcon_core.environment:checking '/home/nvidia/ros2_catkin_ws/install/depthimage_to_laserscan' for CMake config files
[45.783s] Level 1:colcon.colcon_core.shell:create_environment_hook('depthimage_to_laserscan', 'cmake_prefix_path')
[45.948s] INFO:colcon.colcon_core.shell:Creating environment hook '/home/nvidia/ros2_catkin_ws/install/depthimage_to_laserscan/share/depthimage_to_laserscan/hook/cmake_prefix_path.ps1'
[45.950s] INFO:colcon.colcon_core.shell:Creating environment descriptor '/home/nvidia/ros2_catkin_ws/install/depthimage_to_laserscan/share/depthimage_to_laserscan/hook/cmake_prefix_path.dsv'
[45.950s] INFO:colcon.colcon_core.shell:Creating environment hook '/home/nvidia/ros2_catkin_ws/install/depthimage_to_laserscan/share/depthimage_to_laserscan/hook/cmake_prefix_path.sh'
[45.951s] Level 1:colcon.colcon_core.environment:checking '/home/nvidia/ros2_catkin_ws/install/depthimage_to_laserscan/lib'
[45.952s] Level 1:colcon.colcon_core.shell:create_environment_hook('depthimage_to_laserscan', 'ld_library_path_lib')
[46.117s] INFO:colcon.colcon_core.shell:Creating environment hook '/home/nvidia/ros2_catkin_ws/install/depthimage_to_laserscan/share/depthimage_to_laserscan/hook/ld_library_path_lib.ps1'
[46.118s] INFO:colcon.colcon_core.shell:Creating environment descriptor '/home/nvidia/ros2_catkin_ws/install/depthimage_to_laserscan/share/depthimage_to_laserscan/hook/ld_library_path_lib.dsv'
[46.119s] INFO:colcon.colcon_core.shell:Creating environment hook '/home/nvidia/ros2_catkin_ws/install/depthimage_to_laserscan/share/depthimage_to_laserscan/hook/ld_library_path_lib.sh'
[46.119s] Level 1:colcon.colcon_core.environment:checking '/home/nvidia/ros2_catkin_ws/install/depthimage_to_laserscan/bin'
[46.120s] Level 1:colcon.colcon_core.environment:checking '/home/nvidia/ros2_catkin_ws/install/depthimage_to_laserscan/lib/pkgconfig/depthimage_to_laserscan.pc'
[46.120s] Level 1:colcon.colcon_core.environment:checking '/home/nvidia/ros2_catkin_ws/install/depthimage_to_laserscan/lib/python3.8/site-packages'
[46.120s] Level 1:colcon.colcon_core.environment:checking '/home/nvidia/ros2_catkin_ws/install/depthimage_to_laserscan/bin'
[46.286s] INFO:colcon.colcon_core.shell:Creating package script '/home/nvidia/ros2_catkin_ws/install/depthimage_to_laserscan/share/depthimage_to_laserscan/package.ps1'
[46.287s] INFO:colcon.colcon_core.shell:Creating package descriptor '/home/nvidia/ros2_catkin_ws/install/depthimage_to_laserscan/share/depthimage_to_laserscan/package.dsv'
[46.288s] INFO:colcon.colcon_core.shell:Creating package script '/home/nvidia/ros2_catkin_ws/install/depthimage_to_laserscan/share/depthimage_to_laserscan/package.sh'
[46.289s] INFO:colcon.colcon_core.shell:Creating package script '/home/nvidia/ros2_catkin_ws/install/depthimage_to_laserscan/share/depthimage_to_laserscan/package.bash'
[46.290s] INFO:colcon.colcon_core.shell:Creating package script '/home/nvidia/ros2_catkin_ws/install/depthimage_to_laserscan/share/depthimage_to_laserscan/package.zsh'
[46.290s] Level 1:colcon.colcon_core.environment:create_file_with_runtime_dependencies(/home/nvidia/ros2_catkin_ws/install/depthimage_to_laserscan/share/colcon-core/packages/depthimage_to_laserscan)
[46.509s] Level 1:colcon.colcon_core.environment:create_environment_scripts_only(depthimage_to_laserscan)
[46.674s] Level 1:colcon.colcon_core.environment:checking '/home/nvidia/ros2_catkin_ws/install/depthimage_to_laserscan' for CMake module files
[46.675s] Level 1:colcon.colcon_core.environment:checking '/home/nvidia/ros2_catkin_ws/install/depthimage_to_laserscan' for CMake config files
[46.676s] Level 1:colcon.colcon_core.shell:create_environment_hook('depthimage_to_laserscan', 'cmake_prefix_path')
[46.839s] INFO:colcon.colcon_core.shell:Creating environment hook '/home/nvidia/ros2_catkin_ws/install/depthimage_to_laserscan/share/depthimage_to_laserscan/hook/cmake_prefix_path.ps1'
[46.840s] INFO:colcon.colcon_core.shell:Creating environment descriptor '/home/nvidia/ros2_catkin_ws/install/depthimage_to_laserscan/share/depthimage_to_laserscan/hook/cmake_prefix_path.dsv'
[46.841s] INFO:colcon.colcon_core.shell:Creating environment hook '/home/nvidia/ros2_catkin_ws/install/depthimage_to_laserscan/share/depthimage_to_laserscan/hook/cmake_prefix_path.sh'
[46.842s] Level 1:colcon.colcon_core.environment:checking '/home/nvidia/ros2_catkin_ws/install/depthimage_to_laserscan/lib'
[46.843s] Level 1:colcon.colcon_core.shell:create_environment_hook('depthimage_to_laserscan', 'ld_library_path_lib')
[47.007s] INFO:colcon.colcon_core.shell:Creating environment hook '/home/nvidia/ros2_catkin_ws/install/depthimage_to_laserscan/share/depthimage_to_laserscan/hook/ld_library_path_lib.ps1'
[47.008s] INFO:colcon.colcon_core.shell:Creating environment descriptor '/home/nvidia/ros2_catkin_ws/install/depthimage_to_laserscan/share/depthimage_to_laserscan/hook/ld_library_path_lib.dsv'
[47.008s] INFO:colcon.colcon_core.shell:Creating environment hook '/home/nvidia/ros2_catkin_ws/install/depthimage_to_laserscan/share/depthimage_to_laserscan/hook/ld_library_path_lib.sh'
[47.009s] Level 1:colcon.colcon_core.environment:checking '/home/nvidia/ros2_catkin_ws/install/depthimage_to_laserscan/bin'
[47.009s] Level 1:colcon.colcon_core.environment:checking '/home/nvidia/ros2_catkin_ws/install/depthimage_to_laserscan/lib/pkgconfig/depthimage_to_laserscan.pc'
[47.010s] Level 1:colcon.colcon_core.environment:checking '/home/nvidia/ros2_catkin_ws/install/depthimage_to_laserscan/lib/python3.8/site-packages'
[47.010s] Level 1:colcon.colcon_core.environment:checking '/home/nvidia/ros2_catkin_ws/install/depthimage_to_laserscan/bin'
[47.177s] INFO:colcon.colcon_core.shell:Creating package script '/home/nvidia/ros2_catkin_ws/install/depthimage_to_laserscan/share/depthimage_to_laserscan/package.ps1'
[47.178s] INFO:colcon.colcon_core.shell:Creating package descriptor '/home/nvidia/ros2_catkin_ws/install/depthimage_to_laserscan/share/depthimage_to_laserscan/package.dsv'
[47.179s] INFO:colcon.colcon_core.shell:Creating package script '/home/nvidia/ros2_catkin_ws/install/depthimage_to_laserscan/share/depthimage_to_laserscan/package.sh'
[47.180s] INFO:colcon.colcon_core.shell:Creating package script '/home/nvidia/ros2_catkin_ws/install/depthimage_to_laserscan/share/depthimage_to_laserscan/package.bash'
[47.181s] INFO:colcon.colcon_core.shell:Creating package script '/home/nvidia/ros2_catkin_ws/install/depthimage_to_laserscan/share/depthimage_to_laserscan/package.zsh'
[47.181s] Level 1:colcon.colcon_core.environment:create_file_with_runtime_dependencies(/home/nvidia/ros2_catkin_ws/install/depthimage_to_laserscan/share/colcon-core/packages/depthimage_to_laserscan)
[54.108s] DEBUG:colcon.colcon_core.event_handler.log_command:Invoked command in '/home/nvidia/ros2_catkin_ws/build/laser_filters' returned '0': CMAKE_PREFIX_PATH=/opt/ros/foxy /usr/bin/cmake --build /home/nvidia/ros2_catkin_ws/build/laser_filters -- -j8 -l8
[54.172s] DEBUG:colcon.colcon_core.event_handler.log_command:Invoking command in '/home/nvidia/ros2_catkin_ws/build/laser_filters': CMAKE_PREFIX_PATH=/opt/ros/foxy /usr/bin/cmake --install /home/nvidia/ros2_catkin_ws/build/laser_filters
[55.171s] Level 1:colcon.colcon_core.environment:create_environment_scripts_only(laser_filters)
[55.173s] DEBUG:colcon.colcon_core.event_handler.log_command:Invoked command in '/home/nvidia/ros2_catkin_ws/build/laser_filters' returned '0': CMAKE_PREFIX_PATH=/opt/ros/foxy /usr/bin/cmake --install /home/nvidia/ros2_catkin_ws/build/laser_filters
[55.392s] Level 1:colcon.colcon_core.environment:checking '/home/nvidia/ros2_catkin_ws/install/laser_filters' for CMake module files
[55.393s] Level 1:colcon.colcon_core.environment:checking '/home/nvidia/ros2_catkin_ws/install/laser_filters' for CMake config files
[55.394s] Level 1:colcon.colcon_core.shell:create_environment_hook('laser_filters', 'cmake_prefix_path')
[55.544s] INFO:colcon.colcon_core.shell:Creating environment hook '/home/nvidia/ros2_catkin_ws/install/laser_filters/share/laser_filters/hook/cmake_prefix_path.ps1'
[55.545s] INFO:colcon.colcon_core.shell:Creating environment descriptor '/home/nvidia/ros2_catkin_ws/install/laser_filters/share/laser_filters/hook/cmake_prefix_path.dsv'
[55.545s] INFO:colcon.colcon_core.shell:Creating environment hook '/home/nvidia/ros2_catkin_ws/install/laser_filters/share/laser_filters/hook/cmake_prefix_path.sh'
[55.546s] Level 1:colcon.colcon_core.environment:checking '/home/nvidia/ros2_catkin_ws/install/laser_filters/lib'
[55.546s] Level 1:colcon.colcon_core.shell:create_environment_hook('laser_filters', 'ld_library_path_lib')
[55.696s] INFO:colcon.colcon_core.shell:Creating environment hook '/home/nvidia/ros2_catkin_ws/install/laser_filters/share/laser_filters/hook/ld_library_path_lib.ps1'
[55.697s] INFO:colcon.colcon_core.shell:Creating environment descriptor '/home/nvidia/ros2_catkin_ws/install/laser_filters/share/laser_filters/hook/ld_library_path_lib.dsv'
[55.697s] INFO:colcon.colcon_core.shell:Creating environment hook '/home/nvidia/ros2_catkin_ws/install/laser_filters/share/laser_filters/hook/ld_library_path_lib.sh'
[55.698s] Level 1:colcon.colcon_core.environment:checking '/home/nvidia/ros2_catkin_ws/install/laser_filters/bin'
[55.698s] Level 1:colcon.colcon_core.environment:checking '/home/nvidia/ros2_catkin_ws/install/laser_filters/lib/pkgconfig/laser_filters.pc'
[55.698s] Level 1:colcon.colcon_core.environment:checking '/home/nvidia/ros2_catkin_ws/install/laser_filters/lib/python3.8/site-packages'
[55.699s] Level 1:colcon.colcon_core.environment:checking '/home/nvidia/ros2_catkin_ws/install/laser_filters/bin'
[55.849s] INFO:colcon.colcon_core.shell:Creating package script '/home/nvidia/ros2_catkin_ws/install/laser_filters/share/laser_filters/package.ps1'
[55.850s] INFO:colcon.colcon_core.shell:Creating package descriptor '/home/nvidia/ros2_catkin_ws/install/laser_filters/share/laser_filters/package.dsv'
[55.851s] INFO:colcon.colcon_core.shell:Creating package script '/home/nvidia/ros2_catkin_ws/install/laser_filters/share/laser_filters/package.sh'
[55.851s] INFO:colcon.colcon_core.shell:Creating package script '/home/nvidia/ros2_catkin_ws/install/laser_filters/share/laser_filters/package.bash'
[55.852s] INFO:colcon.colcon_core.shell:Creating package script '/home/nvidia/ros2_catkin_ws/install/laser_filters/share/laser_filters/package.zsh'
[55.852s] Level 1:colcon.colcon_core.environment:create_file_with_runtime_dependencies(/home/nvidia/ros2_catkin_ws/install/laser_filters/share/colcon-core/packages/laser_filters)
[56.059s] Level 1:colcon.colcon_core.environment:create_environment_scripts_only(laser_filters)
[56.208s] Level 1:colcon.colcon_core.environment:checking '/home/nvidia/ros2_catkin_ws/install/laser_filters' for CMake module files
[56.209s] Level 1:colcon.colcon_core.environment:checking '/home/nvidia/ros2_catkin_ws/install/laser_filters' for CMake config files
[56.210s] Level 1:colcon.colcon_core.shell:create_environment_hook('laser_filters', 'cmake_prefix_path')
[56.358s] INFO:colcon.colcon_core.shell:Creating environment hook '/home/nvidia/ros2_catkin_ws/install/laser_filters/share/laser_filters/hook/cmake_prefix_path.ps1'
[56.359s] INFO:colcon.colcon_core.shell:Creating environment descriptor '/home/nvidia/ros2_catkin_ws/install/laser_filters/share/laser_filters/hook/cmake_prefix_path.dsv'
[56.360s] INFO:colcon.colcon_core.shell:Creating environment hook '/home/nvidia/ros2_catkin_ws/install/laser_filters/share/laser_filters/hook/cmake_prefix_path.sh'
[56.361s] Level 1:colcon.colcon_core.environment:checking '/home/nvidia/ros2_catkin_ws/install/laser_filters/lib'
[56.361s] Level 1:colcon.colcon_core.shell:create_environment_hook('laser_filters', 'ld_library_path_lib')
[56.510s] INFO:colcon.colcon_core.shell:Creating environment hook '/home/nvidia/ros2_catkin_ws/install/laser_filters/share/laser_filters/hook/ld_library_path_lib.ps1'
[56.511s] INFO:colcon.colcon_core.shell:Creating environment descriptor '/home/nvidia/ros2_catkin_ws/install/laser_filters/share/laser_filters/hook/ld_library_path_lib.dsv'
[56.511s] INFO:colcon.colcon_core.shell:Creating environment hook '/home/nvidia/ros2_catkin_ws/install/laser_filters/share/laser_filters/hook/ld_library_path_lib.sh'
[56.512s] Level 1:colcon.colcon_core.environment:checking '/home/nvidia/ros2_catkin_ws/install/laser_filters/bin'
[56.512s] Level 1:colcon.colcon_core.environment:checking '/home/nvidia/ros2_catkin_ws/install/laser_filters/lib/pkgconfig/laser_filters.pc'
[56.513s] Level 1:colcon.colcon_core.environment:checking '/home/nvidia/ros2_catkin_ws/install/laser_filters/lib/python3.8/site-packages'
[56.513s] Level 1:colcon.colcon_core.environment:checking '/home/nvidia/ros2_catkin_ws/install/laser_filters/bin'
[56.662s] INFO:colcon.colcon_core.shell:Creating package script '/home/nvidia/ros2_catkin_ws/install/laser_filters/share/laser_filters/package.ps1'
[56.663s] INFO:colcon.colcon_core.shell:Creating package descriptor '/home/nvidia/ros2_catkin_ws/install/laser_filters/share/laser_filters/package.dsv'
[56.664s] INFO:colcon.colcon_core.shell:Creating package script '/home/nvidia/ros2_catkin_ws/install/laser_filters/share/laser_filters/package.sh'
[56.665s] INFO:colcon.colcon_core.shell:Creating package script '/home/nvidia/ros2_catkin_ws/install/laser_filters/share/laser_filters/package.bash'
[56.666s] INFO:colcon.colcon_core.shell:Creating package script '/home/nvidia/ros2_catkin_ws/install/laser_filters/share/laser_filters/package.zsh'
[56.666s] Level 1:colcon.colcon_core.environment:create_file_with_runtime_dependencies(/home/nvidia/ros2_catkin_ws/install/laser_filters/share/colcon-core/packages/laser_filters)
[56.667s] DEBUG:colcon.colcon_parallel_executor.executor.parallel:closing loop
[56.667s] DEBUG:colcon.colcon_parallel_executor.executor.parallel:loop closed
[56.668s] DEBUG:colcon.colcon_parallel_executor.executor.parallel:run_until_complete finished with '0'
[56.668s] DEBUG:colcon.colcon_core.event_reactor:joining thread
[56.826s] INFO:colcon.colcon_core.plugin_system:Skipping extension 'colcon_notification.desktop_notification.terminal_notifier': Not used on non-Darwin systems
[56.826s] INFO:colcon.colcon_core.plugin_system:Skipping extension 'colcon_notification.desktop_notification.win32': Not used on non-Windows systems
[56.826s] INFO:colcon.colcon_notification.desktop_notification:Sending desktop notification using 'notify2'
[56.870s] DEBUG:colcon.colcon_core.event_reactor:joined thread
[57.020s] INFO:colcon.colcon_core.shell:Creating prefix script '/home/nvidia/ros2_catkin_ws/install/local_setup.ps1'
[57.022s] INFO:colcon.colcon_core.shell:Creating prefix util module '/home/nvidia/ros2_catkin_ws/install/_local_setup_util_ps1.py'
[57.024s] INFO:colcon.colcon_core.shell:Creating prefix chain script '/home/nvidia/ros2_catkin_ws/install/setup.ps1'
[57.173s] INFO:colcon.colcon_core.shell:Creating prefix script '/home/nvidia/ros2_catkin_ws/install/local_setup.sh'
[57.174s] INFO:colcon.colcon_core.shell:Creating prefix util module '/home/nvidia/ros2_catkin_ws/install/_local_setup_util_sh.py'
[57.174s] INFO:colcon.colcon_core.shell:Creating prefix chain script '/home/nvidia/ros2_catkin_ws/install/setup.sh'
[57.324s] INFO:colcon.colcon_core.shell:Creating prefix script '/home/nvidia/ros2_catkin_ws/install/local_setup.bash'
[57.326s] INFO:colcon.colcon_core.shell:Creating prefix chain script '/home/nvidia/ros2_catkin_ws/install/setup.bash'
[57.474s] INFO:colcon.colcon_core.shell:Creating prefix script '/home/nvidia/ros2_catkin_ws/install/local_setup.zsh'
[57.475s] INFO:colcon.colcon_core.shell:Creating prefix chain script '/home/nvidia/ros2_catkin_ws/install/setup.zsh'
