[6.695s] DEBUG:colcon:Command line arguments: ['/usr/bin/colcon', 'build', '--symlink-install']
[6.695s] DEBUG:colcon:Parsed command line arguments: Namespace(allow_overriding=[], ament_cmake_args=None, base_paths=['.'], build_base='build', catkin_cmake_args=None, catkin_skip_building_tests=False, cmake_args=None, cmake_clean_cache=False, cmake_clean_first=False, cmake_force_configure=False, cmake_target=None, cmake_target_skip_unavailable=False, continue_on_error=False, event_handlers=None, executor='parallel', ignore_user_meta=False, install_base='install', log_base=None, log_level=None, main=<bound method BuildVerb.main of <colcon_core.verb.build.BuildVerb object at 0xffff9246e1f0>>, merge_install=False, metas=['./colcon.meta'], packages_above=None, packages_above_and_dependencies=None, packages_above_depth=None, packages_end=None, packages_ignore=None, packages_ignore_regex=None, packages_select=None, packages_select_build_failed=False, packages_select_by_dep=None, packages_select_regex=None, packages_select_test_failures=False, packages_skip=None, packages_skip_build_finished=False, packages_skip_by_dep=None, packages_skip_regex=None, packages_skip_test_passed=False, packages_skip_up_to=None, packages_start=None, packages_up_to=None, packages_up_to_regex=None, parallel_workers=8, paths=None, symlink_install=True, test_result_base=None, verb_extension=<colcon_core.verb.build.BuildVerb object at 0xffff9246e1f0>, verb_name='build', verb_parser=<colcon_defaults.argument_parser.defaults.DefaultArgumentsDecorator object at 0xffff91fd4550>)
[6.965s] Level 1:colcon.colcon_core.package_discovery:discover_packages(colcon_meta) check parameters
[6.966s] Level 1:colcon.colcon_core.package_discovery:discover_packages(recursive) check parameters
[6.966s] Level 1:colcon.colcon_core.package_discovery:discover_packages(ignore) check parameters
[6.966s] Level 1:colcon.colcon_core.package_discovery:discover_packages(path) check parameters
[6.966s] Level 1:colcon.colcon_core.package_discovery:discover_packages(colcon_meta) discover
[6.966s] Level 1:colcon.colcon_core.package_discovery:discover_packages(recursive) discover
[6.966s] INFO:colcon.colcon_core.package_discovery:Crawling recursively for packages in '/home/nvidia/ros2_catkin_ws'
[6.966s] Level 1:colcon.colcon_core.package_identification:_identify(.) by extensions ['ignore', 'ignore_ament_install']
[6.966s] Level 1:colcon.colcon_core.package_identification:_identify(.) by extension 'ignore'
[6.966s] Level 1:colcon.colcon_core.package_identification:_identify(.) by extension 'ignore_ament_install'
[6.967s] Level 1:colcon.colcon_core.package_identification:_identify(.) by extensions ['colcon_pkg']
[6.967s] Level 1:colcon.colcon_core.package_identification:_identify(.) by extension 'colcon_pkg'
[6.967s] Level 1:colcon.colcon_core.package_identification:_identify(.) by extensions ['colcon_meta']
[6.967s] Level 1:colcon.colcon_core.package_identification:_identify(.) by extension 'colcon_meta'
[6.967s] Level 1:colcon.colcon_core.package_identification:_identify(.) by extensions ['ros']
[6.967s] Level 1:colcon.colcon_core.package_identification:_identify(.) by extension 'ros'
[7.004s] Level 1:colcon.colcon_core.package_identification:_identify(.) by extensions ['cmake', 'python']
[7.005s] Level 1:colcon.colcon_core.package_identification:_identify(.) by extension 'cmake'
[7.005s] Level 1:colcon.colcon_core.package_identification:_identify(.) by extension 'python'
[7.005s] Level 1:colcon.colcon_core.package_identification:_identify(.) by extensions ['python_setup_py']
[7.005s] Level 1:colcon.colcon_core.package_identification:_identify(.) by extension 'python_setup_py'
[7.005s] Level 1:colcon.colcon_core.package_identification:_identify(backup) by extensions ['ignore', 'ignore_ament_install']
[7.005s] Level 1:colcon.colcon_core.package_identification:_identify(backup) by extension 'ignore'
[7.005s] Level 1:colcon.colcon_core.package_identification:_identify(backup) by extension 'ignore_ament_install'
[7.005s] Level 1:colcon.colcon_core.package_identification:_identify(backup) by extensions ['colcon_pkg']
[7.006s] Level 1:colcon.colcon_core.package_identification:_identify(backup) by extension 'colcon_pkg'
[7.006s] Level 1:colcon.colcon_core.package_identification:_identify(backup) by extensions ['colcon_meta']
[7.006s] Level 1:colcon.colcon_core.package_identification:_identify(backup) by extension 'colcon_meta'
[7.006s] Level 1:colcon.colcon_core.package_identification:_identify(backup) by extensions ['ros']
[7.006s] Level 1:colcon.colcon_core.package_identification:_identify(backup) by extension 'ros'
[7.006s] Level 1:colcon.colcon_core.package_identification:_identify(backup) by extensions ['cmake', 'python']
[7.006s] Level 1:colcon.colcon_core.package_identification:_identify(backup) by extension 'cmake'
[7.006s] Level 1:colcon.colcon_core.package_identification:_identify(backup) by extension 'python'
[7.006s] Level 1:colcon.colcon_core.package_identification:_identify(backup) by extensions ['python_setup_py']
[7.006s] Level 1:colcon.colcon_core.package_identification:_identify(backup) by extension 'python_setup_py'
[7.006s] Level 1:colcon.colcon_core.package_identification:_identify(backup/build) by extensions ['ignore', 'ignore_ament_install']
[7.007s] Level 1:colcon.colcon_core.package_identification:_identify(backup/build) by extension 'ignore'
[7.007s] Level 1:colcon.colcon_core.package_identification:_identify(backup/build) ignored
[7.007s] Level 1:colcon.colcon_core.package_identification:_identify(backup/install) by extensions ['ignore', 'ignore_ament_install']
[7.007s] Level 1:colcon.colcon_core.package_identification:_identify(backup/install) by extension 'ignore'
[7.007s] Level 1:colcon.colcon_core.package_identification:_identify(backup/install) ignored
[7.007s] Level 1:colcon.colcon_core.package_identification:_identify(backup/log) by extensions ['ignore', 'ignore_ament_install']
[7.007s] Level 1:colcon.colcon_core.package_identification:_identify(backup/log) by extension 'ignore'
[7.007s] Level 1:colcon.colcon_core.package_identification:_identify(backup/log) ignored
[7.008s] Level 1:colcon.colcon_core.package_identification:_identify(build) by extensions ['ignore', 'ignore_ament_install']
[7.008s] Level 1:colcon.colcon_core.package_identification:_identify(build) by extension 'ignore'
[7.008s] Level 1:colcon.colcon_core.package_identification:_identify(build) ignored
[7.008s] Level 1:colcon.colcon_core.package_identification:_identify(install) by extensions ['ignore', 'ignore_ament_install']
[7.008s] Level 1:colcon.colcon_core.package_identification:_identify(install) by extension 'ignore'
[7.008s] Level 1:colcon.colcon_core.package_identification:_identify(install) ignored
[7.008s] Level 1:colcon.colcon_core.package_identification:_identify(log) by extensions ['ignore', 'ignore_ament_install']
[7.008s] Level 1:colcon.colcon_core.package_identification:_identify(log) by extension 'ignore'
[7.009s] Level 1:colcon.colcon_core.package_identification:_identify(log) ignored
[7.009s] Level 1:colcon.colcon_core.package_identification:_identify(src) by extensions ['ignore', 'ignore_ament_install']
[7.009s] Level 1:colcon.colcon_core.package_identification:_identify(src) by extension 'ignore'
[7.009s] Level 1:colcon.colcon_core.package_identification:_identify(src) by extension 'ignore_ament_install'
[7.009s] Level 1:colcon.colcon_core.package_identification:_identify(src) by extensions ['colcon_pkg']
[7.009s] Level 1:colcon.colcon_core.package_identification:_identify(src) by extension 'colcon_pkg'
[7.009s] Level 1:colcon.colcon_core.package_identification:_identify(src) by extensions ['colcon_meta']
[7.009s] Level 1:colcon.colcon_core.package_identification:_identify(src) by extension 'colcon_meta'
[7.009s] Level 1:colcon.colcon_core.package_identification:_identify(src) by extensions ['ros']
[7.009s] Level 1:colcon.colcon_core.package_identification:_identify(src) by extension 'ros'
[7.010s] Level 1:colcon.colcon_core.package_identification:_identify(src) by extensions ['cmake', 'python']
[7.010s] Level 1:colcon.colcon_core.package_identification:_identify(src) by extension 'cmake'
[7.010s] Level 1:colcon.colcon_core.package_identification:_identify(src) by extension 'python'
[7.010s] Level 1:colcon.colcon_core.package_identification:_identify(src) by extensions ['python_setup_py']
[7.010s] Level 1:colcon.colcon_core.package_identification:_identify(src) by extension 'python_setup_py'
[7.010s] Level 1:colcon.colcon_core.package_identification:_identify(src/deliverybot_bringup) by extensions ['ignore', 'ignore_ament_install']
[7.010s] Level 1:colcon.colcon_core.package_identification:_identify(src/deliverybot_bringup) by extension 'ignore'
[7.010s] Level 1:colcon.colcon_core.package_identification:_identify(src/deliverybot_bringup) by extension 'ignore_ament_install'
[7.010s] Level 1:colcon.colcon_core.package_identification:_identify(src/deliverybot_bringup) by extensions ['colcon_pkg']
[7.010s] Level 1:colcon.colcon_core.package_identification:_identify(src/deliverybot_bringup) by extension 'colcon_pkg'
[7.010s] Level 1:colcon.colcon_core.package_identification:_identify(src/deliverybot_bringup) by extensions ['colcon_meta']
[7.010s] Level 1:colcon.colcon_core.package_identification:_identify(src/deliverybot_bringup) by extension 'colcon_meta'
[7.010s] Level 1:colcon.colcon_core.package_identification:_identify(src/deliverybot_bringup) by extensions ['ros']
[7.011s] Level 1:colcon.colcon_core.package_identification:_identify(src/deliverybot_bringup) by extension 'ros'
[7.015s] DEBUG:colcon.colcon_core.package_identification:Package 'src/deliverybot_bringup' with type 'ros.ament_cmake' and name 'deliverybot_bringup'
[7.015s] Level 1:colcon.colcon_core.package_identification:_identify(src/deliverybot_description) by extensions ['ignore', 'ignore_ament_install']
[7.015s] Level 1:colcon.colcon_core.package_identification:_identify(src/deliverybot_description) by extension 'ignore'
[7.015s] Level 1:colcon.colcon_core.package_identification:_identify(src/deliverybot_description) by extension 'ignore_ament_install'
[7.015s] Level 1:colcon.colcon_core.package_identification:_identify(src/deliverybot_description) by extensions ['colcon_pkg']
[7.015s] Level 1:colcon.colcon_core.package_identification:_identify(src/deliverybot_description) by extension 'colcon_pkg'
[7.015s] Level 1:colcon.colcon_core.package_identification:_identify(src/deliverybot_description) by extensions ['colcon_meta']
[7.016s] Level 1:colcon.colcon_core.package_identification:_identify(src/deliverybot_description) by extension 'colcon_meta'
[7.016s] Level 1:colcon.colcon_core.package_identification:_identify(src/deliverybot_description) by extensions ['ros']
[7.016s] Level 1:colcon.colcon_core.package_identification:_identify(src/deliverybot_description) by extension 'ros'
[7.016s] DEBUG:colcon.colcon_core.package_identification:Package 'src/deliverybot_description' with type 'ros.ament_cmake' and name 'deliverybot_description'
[7.017s] Level 1:colcon.colcon_core.package_identification:_identify(src/depthimage_to_laserscan) by extensions ['ignore', 'ignore_ament_install']
[7.017s] Level 1:colcon.colcon_core.package_identification:_identify(src/depthimage_to_laserscan) by extension 'ignore'
[7.017s] Level 1:colcon.colcon_core.package_identification:_identify(src/depthimage_to_laserscan) by extension 'ignore_ament_install'
[7.017s] Level 1:colcon.colcon_core.package_identification:_identify(src/depthimage_to_laserscan) by extensions ['colcon_pkg']
[7.017s] Level 1:colcon.colcon_core.package_identification:_identify(src/depthimage_to_laserscan) by extension 'colcon_pkg'
[7.017s] Level 1:colcon.colcon_core.package_identification:_identify(src/depthimage_to_laserscan) by extensions ['colcon_meta']
[7.017s] Level 1:colcon.colcon_core.package_identification:_identify(src/depthimage_to_laserscan) by extension 'colcon_meta'
[7.017s] Level 1:colcon.colcon_core.package_identification:_identify(src/depthimage_to_laserscan) by extensions ['ros']
[7.017s] Level 1:colcon.colcon_core.package_identification:_identify(src/depthimage_to_laserscan) by extension 'ros'
[7.018s] DEBUG:colcon.colcon_core.package_identification:Package 'src/depthimage_to_laserscan' with type 'ros.ament_cmake' and name 'depthimage_to_laserscan'
[7.019s] Level 1:colcon.colcon_core.package_identification:_identify(src/laser_filters) by extensions ['ignore', 'ignore_ament_install']
[7.019s] Level 1:colcon.colcon_core.package_identification:_identify(src/laser_filters) by extension 'ignore'
[7.019s] Level 1:colcon.colcon_core.package_identification:_identify(src/laser_filters) by extension 'ignore_ament_install'
[7.019s] Level 1:colcon.colcon_core.package_identification:_identify(src/laser_filters) by extensions ['colcon_pkg']
[7.019s] Level 1:colcon.colcon_core.package_identification:_identify(src/laser_filters) by extension 'colcon_pkg'
[7.019s] Level 1:colcon.colcon_core.package_identification:_identify(src/laser_filters) by extensions ['colcon_meta']
[7.019s] Level 1:colcon.colcon_core.package_identification:_identify(src/laser_filters) by extension 'colcon_meta'
[7.019s] Level 1:colcon.colcon_core.package_identification:_identify(src/laser_filters) by extensions ['ros']
[7.019s] Level 1:colcon.colcon_core.package_identification:_identify(src/laser_filters) by extension 'ros'
[7.021s] DEBUG:colcon.colcon_core.package_identification:Package 'src/laser_filters' with type 'ros.ament_cmake' and name 'laser_filters'
[7.021s] Level 1:colcon.colcon_core.package_identification:_identify(src/livox_frame_remap) by extensions ['ignore', 'ignore_ament_install']
[7.021s] Level 1:colcon.colcon_core.package_identification:_identify(src/livox_frame_remap) by extension 'ignore'
[7.021s] Level 1:colcon.colcon_core.package_identification:_identify(src/livox_frame_remap) by extension 'ignore_ament_install'
[7.022s] Level 1:colcon.colcon_core.package_identification:_identify(src/livox_frame_remap) by extensions ['colcon_pkg']
[7.022s] Level 1:colcon.colcon_core.package_identification:_identify(src/livox_frame_remap) by extension 'colcon_pkg'
[7.022s] Level 1:colcon.colcon_core.package_identification:_identify(src/livox_frame_remap) by extensions ['colcon_meta']
[7.022s] Level 1:colcon.colcon_core.package_identification:_identify(src/livox_frame_remap) by extension 'colcon_meta'
[7.022s] Level 1:colcon.colcon_core.package_identification:_identify(src/livox_frame_remap) by extensions ['ros']
[7.022s] Level 1:colcon.colcon_core.package_identification:_identify(src/livox_frame_remap) by extension 'ros'
[7.023s] DEBUG:colcon.colcon_core.package_identification:Package 'src/livox_frame_remap' with type 'ros.ament_python' and name 'livox_frame_remap'
[7.023s] Level 1:colcon.colcon_core.package_identification:_identify(src/pointcloud_to_laserscan) by extensions ['ignore', 'ignore_ament_install']
[7.023s] Level 1:colcon.colcon_core.package_identification:_identify(src/pointcloud_to_laserscan) by extension 'ignore'
[7.023s] Level 1:colcon.colcon_core.package_identification:_identify(src/pointcloud_to_laserscan) by extension 'ignore_ament_install'
[7.023s] Level 1:colcon.colcon_core.package_identification:_identify(src/pointcloud_to_laserscan) by extensions ['colcon_pkg']
[7.023s] Level 1:colcon.colcon_core.package_identification:_identify(src/pointcloud_to_laserscan) by extension 'colcon_pkg'
[7.023s] Level 1:colcon.colcon_core.package_identification:_identify(src/pointcloud_to_laserscan) by extensions ['colcon_meta']
[7.023s] Level 1:colcon.colcon_core.package_identification:_identify(src/pointcloud_to_laserscan) by extension 'colcon_meta'
[7.023s] Level 1:colcon.colcon_core.package_identification:_identify(src/pointcloud_to_laserscan) by extensions ['ros']
[7.023s] Level 1:colcon.colcon_core.package_identification:_identify(src/pointcloud_to_laserscan) by extension 'ros'
[7.025s] DEBUG:colcon.colcon_core.package_identification:Package 'src/pointcloud_to_laserscan' with type 'ros.ament_cmake' and name 'pointcloud_to_laserscan'
[7.025s] Level 1:colcon.colcon_core.package_identification:_identify(src/scout_nav2) by extensions ['ignore', 'ignore_ament_install']
[7.025s] Level 1:colcon.colcon_core.package_identification:_identify(src/scout_nav2) by extension 'ignore'
[7.026s] Level 1:colcon.colcon_core.package_identification:_identify(src/scout_nav2) by extension 'ignore_ament_install'
[7.026s] Level 1:colcon.colcon_core.package_identification:_identify(src/scout_nav2) by extensions ['colcon_pkg']
[7.026s] Level 1:colcon.colcon_core.package_identification:_identify(src/scout_nav2) by extension 'colcon_pkg'
[7.026s] Level 1:colcon.colcon_core.package_identification:_identify(src/scout_nav2) by extensions ['colcon_meta']
[7.026s] Level 1:colcon.colcon_core.package_identification:_identify(src/scout_nav2) by extension 'colcon_meta'
[7.026s] Level 1:colcon.colcon_core.package_identification:_identify(src/scout_nav2) by extensions ['ros']
[7.026s] Level 1:colcon.colcon_core.package_identification:_identify(src/scout_nav2) by extension 'ros'
[7.026s] Level 1:colcon.colcon_core.package_identification:_identify(src/scout_nav2) by extensions ['cmake', 'python']
[7.026s] Level 1:colcon.colcon_core.package_identification:_identify(src/scout_nav2) by extension 'cmake'
[7.026s] Level 1:colcon.colcon_core.package_identification:_identify(src/scout_nav2) by extension 'python'
[7.026s] Level 1:colcon.colcon_core.package_identification:_identify(src/scout_nav2) by extensions ['python_setup_py']
[7.026s] Level 1:colcon.colcon_core.package_identification:_identify(src/scout_nav2) by extension 'python_setup_py'
[7.027s] Level 1:colcon.colcon_core.package_identification:_identify(src/scout_nav2/agilex_scout) by extensions ['ignore', 'ignore_ament_install']
[7.027s] Level 1:colcon.colcon_core.package_identification:_identify(src/scout_nav2/agilex_scout) by extension 'ignore'
[7.027s] Level 1:colcon.colcon_core.package_identification:_identify(src/scout_nav2/agilex_scout) by extension 'ignore_ament_install'
[7.027s] Level 1:colcon.colcon_core.package_identification:_identify(src/scout_nav2/agilex_scout) by extensions ['colcon_pkg']
[7.027s] Level 1:colcon.colcon_core.package_identification:_identify(src/scout_nav2/agilex_scout) by extension 'colcon_pkg'
[7.027s] Level 1:colcon.colcon_core.package_identification:_identify(src/scout_nav2/agilex_scout) by extensions ['colcon_meta']
[7.027s] Level 1:colcon.colcon_core.package_identification:_identify(src/scout_nav2/agilex_scout) by extension 'colcon_meta'
[7.027s] Level 1:colcon.colcon_core.package_identification:_identify(src/scout_nav2/agilex_scout) by extensions ['ros']
[7.027s] Level 1:colcon.colcon_core.package_identification:_identify(src/scout_nav2/agilex_scout) by extension 'ros'
[7.028s] DEBUG:colcon.colcon_core.package_identification:Package 'src/scout_nav2/agilex_scout' with type 'ros.ament_cmake' and name 'agilex_scout'
[7.028s] Level 1:colcon.colcon_core.package_identification:_identify(src/scout_nav2/aws-robomaker-small-warehouse-world) by extensions ['ignore', 'ignore_ament_install']
[7.029s] Level 1:colcon.colcon_core.package_identification:_identify(src/scout_nav2/aws-robomaker-small-warehouse-world) by extension 'ignore'
[7.029s] Level 1:colcon.colcon_core.package_identification:_identify(src/scout_nav2/aws-robomaker-small-warehouse-world) by extension 'ignore_ament_install'
[7.029s] Level 1:colcon.colcon_core.package_identification:_identify(src/scout_nav2/aws-robomaker-small-warehouse-world) by extensions ['colcon_pkg']
[7.029s] Level 1:colcon.colcon_core.package_identification:_identify(src/scout_nav2/aws-robomaker-small-warehouse-world) by extension 'colcon_pkg'
[7.029s] Level 1:colcon.colcon_core.package_identification:_identify(src/scout_nav2/aws-robomaker-small-warehouse-world) by extensions ['colcon_meta']
[7.029s] Level 1:colcon.colcon_core.package_identification:_identify(src/scout_nav2/aws-robomaker-small-warehouse-world) by extension 'colcon_meta'
[7.029s] Level 1:colcon.colcon_core.package_identification:_identify(src/scout_nav2/aws-robomaker-small-warehouse-world) by extensions ['ros']
[7.029s] Level 1:colcon.colcon_core.package_identification:_identify(src/scout_nav2/aws-robomaker-small-warehouse-world) by extension 'ros'
[7.030s] DEBUG:colcon.colcon_core.package_identification:Package 'src/scout_nav2/aws-robomaker-small-warehouse-world' with type 'ros.ament_cmake' and name 'aws_robomaker_small_warehouse_world'
[7.030s] Level 1:colcon.colcon_core.package_identification:_identify(src/scout_nav2/nav2_bringup) by extensions ['ignore', 'ignore_ament_install']
[7.030s] Level 1:colcon.colcon_core.package_identification:_identify(src/scout_nav2/nav2_bringup) by extension 'ignore'
[7.030s] Level 1:colcon.colcon_core.package_identification:_identify(src/scout_nav2/nav2_bringup) by extension 'ignore_ament_install'
[7.030s] Level 1:colcon.colcon_core.package_identification:_identify(src/scout_nav2/nav2_bringup) by extensions ['colcon_pkg']
[7.030s] Level 1:colcon.colcon_core.package_identification:_identify(src/scout_nav2/nav2_bringup) by extension 'colcon_pkg'
[7.031s] Level 1:colcon.colcon_core.package_identification:_identify(src/scout_nav2/nav2_bringup) by extensions ['colcon_meta']
[7.031s] Level 1:colcon.colcon_core.package_identification:_identify(src/scout_nav2/nav2_bringup) by extension 'colcon_meta'
[7.031s] Level 1:colcon.colcon_core.package_identification:_identify(src/scout_nav2/nav2_bringup) by extensions ['ros']
[7.031s] Level 1:colcon.colcon_core.package_identification:_identify(src/scout_nav2/nav2_bringup) by extension 'ros'
[7.032s] DEBUG:colcon.colcon_core.package_identification:Package 'src/scout_nav2/nav2_bringup' with type 'ros.ament_cmake' and name 'nav2_bringup_custom'
[7.032s] Level 1:colcon.colcon_core.package_identification:_identify(src/scout_nav2/scout_nav2) by extensions ['ignore', 'ignore_ament_install']
[7.032s] Level 1:colcon.colcon_core.package_identification:_identify(src/scout_nav2/scout_nav2) by extension 'ignore'
[7.032s] Level 1:colcon.colcon_core.package_identification:_identify(src/scout_nav2/scout_nav2) by extension 'ignore_ament_install'
[7.032s] Level 1:colcon.colcon_core.package_identification:_identify(src/scout_nav2/scout_nav2) by extensions ['colcon_pkg']
[7.032s] Level 1:colcon.colcon_core.package_identification:_identify(src/scout_nav2/scout_nav2) by extension 'colcon_pkg'
[7.032s] Level 1:colcon.colcon_core.package_identification:_identify(src/scout_nav2/scout_nav2) by extensions ['colcon_meta']
[7.032s] Level 1:colcon.colcon_core.package_identification:_identify(src/scout_nav2/scout_nav2) by extension 'colcon_meta'
[7.032s] Level 1:colcon.colcon_core.package_identification:_identify(src/scout_nav2/scout_nav2) by extensions ['ros']
[7.032s] Level 1:colcon.colcon_core.package_identification:_identify(src/scout_nav2/scout_nav2) by extension 'ros'
[7.034s] DEBUG:colcon.colcon_core.package_identification:Package 'src/scout_nav2/scout_nav2' with type 'ros.ament_python' and name 'scout_nav2'
[7.034s] Level 1:colcon.colcon_core.package_discovery:discover_packages(recursive) using defaults
[7.034s] Level 1:colcon.colcon_core.package_discovery:discover_packages(ignore) discover
[7.034s] Level 1:colcon.colcon_core.package_discovery:discover_packages(ignore) using defaults
[7.034s] Level 1:colcon.colcon_core.package_discovery:discover_packages(path) discover
[7.034s] Level 1:colcon.colcon_core.package_discovery:discover_packages(path) using defaults
[7.659s] Level 1:colcon.colcon_core.package_discovery:discover_packages(prefix_path) check parameters
[7.659s] Level 1:colcon.colcon_core.package_discovery:discover_packages(prefix_path) discover
[7.947s] DEBUG:colcon.colcon_installed_package_information.package_discovery:Found 10 installed packages in /home/nvidia/ros2_catkin_ws/install
[7.947s] Level 1:colcon.colcon_core.package_discovery:discover_packages(prefix_path) using defaults
[8.194s] Level 5:colcon.colcon_core.verb:set package 'agilex_scout' build argument 'cmake_args' from command line to 'None'
[8.194s] Level 5:colcon.colcon_core.verb:set package 'agilex_scout' build argument 'cmake_target' from command line to 'None'
[8.194s] Level 5:colcon.colcon_core.verb:set package 'agilex_scout' build argument 'cmake_target_skip_unavailable' from command line to 'False'
[8.194s] Level 5:colcon.colcon_core.verb:set package 'agilex_scout' build argument 'cmake_clean_cache' from command line to 'False'
[8.194s] Level 5:colcon.colcon_core.verb:set package 'agilex_scout' build argument 'cmake_clean_first' from command line to 'False'
[8.194s] Level 5:colcon.colcon_core.verb:set package 'agilex_scout' build argument 'cmake_force_configure' from command line to 'False'
[8.194s] Level 5:colcon.colcon_core.verb:set package 'agilex_scout' build argument 'ament_cmake_args' from command line to 'None'
[8.194s] Level 5:colcon.colcon_core.verb:set package 'agilex_scout' build argument 'catkin_cmake_args' from command line to 'None'
[8.195s] Level 5:colcon.colcon_core.verb:set package 'agilex_scout' build argument 'catkin_skip_building_tests' from command line to 'False'
[8.195s] DEBUG:colcon.colcon_core.verb:Building package 'agilex_scout' with the following arguments: {'ament_cmake_args': None, 'build_base': '/home/nvidia/ros2_catkin_ws/build/agilex_scout', 'catkin_cmake_args': None, 'catkin_skip_building_tests': False, 'cmake_args': None, 'cmake_clean_cache': False, 'cmake_clean_first': False, 'cmake_force_configure': False, 'cmake_target': None, 'cmake_target_skip_unavailable': False, 'install_base': '/home/nvidia/ros2_catkin_ws/install/agilex_scout', 'merge_install': False, 'path': '/home/nvidia/ros2_catkin_ws/src/scout_nav2/agilex_scout', 'symlink_install': True, 'test_result_base': None}
[8.314s] Level 5:colcon.colcon_core.verb:set package 'aws_robomaker_small_warehouse_world' build argument 'cmake_args' from command line to 'None'
[8.314s] Level 5:colcon.colcon_core.verb:set package 'aws_robomaker_small_warehouse_world' build argument 'cmake_target' from command line to 'None'
[8.314s] Level 5:colcon.colcon_core.verb:set package 'aws_robomaker_small_warehouse_world' build argument 'cmake_target_skip_unavailable' from command line to 'False'
[8.314s] Level 5:colcon.colcon_core.verb:set package 'aws_robomaker_small_warehouse_world' build argument 'cmake_clean_cache' from command line to 'False'
[8.314s] Level 5:colcon.colcon_core.verb:set package 'aws_robomaker_small_warehouse_world' build argument 'cmake_clean_first' from command line to 'False'
[8.314s] Level 5:colcon.colcon_core.verb:set package 'aws_robomaker_small_warehouse_world' build argument 'cmake_force_configure' from command line to 'False'
[8.314s] Level 5:colcon.colcon_core.verb:set package 'aws_robomaker_small_warehouse_world' build argument 'ament_cmake_args' from command line to 'None'
[8.314s] Level 5:colcon.colcon_core.verb:set package 'aws_robomaker_small_warehouse_world' build argument 'catkin_cmake_args' from command line to 'None'
[8.314s] Level 5:colcon.colcon_core.verb:set package 'aws_robomaker_small_warehouse_world' build argument 'catkin_skip_building_tests' from command line to 'False'
[8.314s] DEBUG:colcon.colcon_core.verb:Building package 'aws_robomaker_small_warehouse_world' with the following arguments: {'ament_cmake_args': None, 'build_base': '/home/nvidia/ros2_catkin_ws/build/aws_robomaker_small_warehouse_world', 'catkin_cmake_args': None, 'catkin_skip_building_tests': False, 'cmake_args': None, 'cmake_clean_cache': False, 'cmake_clean_first': False, 'cmake_force_configure': False, 'cmake_target': None, 'cmake_target_skip_unavailable': False, 'install_base': '/home/nvidia/ros2_catkin_ws/install/aws_robomaker_small_warehouse_world', 'merge_install': False, 'path': '/home/nvidia/ros2_catkin_ws/src/scout_nav2/aws-robomaker-small-warehouse-world', 'symlink_install': True, 'test_result_base': None}
[8.435s] Level 5:colcon.colcon_core.verb:set package 'deliverybot_bringup' build argument 'cmake_args' from command line to 'None'
[8.435s] Level 5:colcon.colcon_core.verb:set package 'deliverybot_bringup' build argument 'cmake_target' from command line to 'None'
[8.435s] Level 5:colcon.colcon_core.verb:set package 'deliverybot_bringup' build argument 'cmake_target_skip_unavailable' from command line to 'False'
[8.435s] Level 5:colcon.colcon_core.verb:set package 'deliverybot_bringup' build argument 'cmake_clean_cache' from command line to 'False'
[8.435s] Level 5:colcon.colcon_core.verb:set package 'deliverybot_bringup' build argument 'cmake_clean_first' from command line to 'False'
[8.435s] Level 5:colcon.colcon_core.verb:set package 'deliverybot_bringup' build argument 'cmake_force_configure' from command line to 'False'
[8.435s] Level 5:colcon.colcon_core.verb:set package 'deliverybot_bringup' build argument 'ament_cmake_args' from command line to 'None'
[8.435s] Level 5:colcon.colcon_core.verb:set package 'deliverybot_bringup' build argument 'catkin_cmake_args' from command line to 'None'
[8.436s] Level 5:colcon.colcon_core.verb:set package 'deliverybot_bringup' build argument 'catkin_skip_building_tests' from command line to 'False'
[8.436s] DEBUG:colcon.colcon_core.verb:Building package 'deliverybot_bringup' with the following arguments: {'ament_cmake_args': None, 'build_base': '/home/nvidia/ros2_catkin_ws/build/deliverybot_bringup', 'catkin_cmake_args': None, 'catkin_skip_building_tests': False, 'cmake_args': None, 'cmake_clean_cache': False, 'cmake_clean_first': False, 'cmake_force_configure': False, 'cmake_target': None, 'cmake_target_skip_unavailable': False, 'install_base': '/home/nvidia/ros2_catkin_ws/install/deliverybot_bringup', 'merge_install': False, 'path': '/home/nvidia/ros2_catkin_ws/src/deliverybot_bringup', 'symlink_install': True, 'test_result_base': None}
[8.555s] Level 5:colcon.colcon_core.verb:set package 'deliverybot_description' build argument 'cmake_args' from command line to 'None'
[8.555s] Level 5:colcon.colcon_core.verb:set package 'deliverybot_description' build argument 'cmake_target' from command line to 'None'
[8.555s] Level 5:colcon.colcon_core.verb:set package 'deliverybot_description' build argument 'cmake_target_skip_unavailable' from command line to 'False'
[8.555s] Level 5:colcon.colcon_core.verb:set package 'deliverybot_description' build argument 'cmake_clean_cache' from command line to 'False'
[8.555s] Level 5:colcon.colcon_core.verb:set package 'deliverybot_description' build argument 'cmake_clean_first' from command line to 'False'
[8.555s] Level 5:colcon.colcon_core.verb:set package 'deliverybot_description' build argument 'cmake_force_configure' from command line to 'False'
[8.555s] Level 5:colcon.colcon_core.verb:set package 'deliverybot_description' build argument 'ament_cmake_args' from command line to 'None'
[8.555s] Level 5:colcon.colcon_core.verb:set package 'deliverybot_description' build argument 'catkin_cmake_args' from command line to 'None'
[8.555s] Level 5:colcon.colcon_core.verb:set package 'deliverybot_description' build argument 'catkin_skip_building_tests' from command line to 'False'
[8.556s] DEBUG:colcon.colcon_core.verb:Building package 'deliverybot_description' with the following arguments: {'ament_cmake_args': None, 'build_base': '/home/nvidia/ros2_catkin_ws/build/deliverybot_description', 'catkin_cmake_args': None, 'catkin_skip_building_tests': False, 'cmake_args': None, 'cmake_clean_cache': False, 'cmake_clean_first': False, 'cmake_force_configure': False, 'cmake_target': None, 'cmake_target_skip_unavailable': False, 'install_base': '/home/nvidia/ros2_catkin_ws/install/deliverybot_description', 'merge_install': False, 'path': '/home/nvidia/ros2_catkin_ws/src/deliverybot_description', 'symlink_install': True, 'test_result_base': None}
[8.676s] Level 5:colcon.colcon_core.verb:set package 'depthimage_to_laserscan' build argument 'cmake_args' from command line to 'None'
[8.676s] Level 5:colcon.colcon_core.verb:set package 'depthimage_to_laserscan' build argument 'cmake_target' from command line to 'None'
[8.676s] Level 5:colcon.colcon_core.verb:set package 'depthimage_to_laserscan' build argument 'cmake_target_skip_unavailable' from command line to 'False'
[8.677s] Level 5:colcon.colcon_core.verb:set package 'depthimage_to_laserscan' build argument 'cmake_clean_cache' from command line to 'False'
[8.677s] Level 5:colcon.colcon_core.verb:set package 'depthimage_to_laserscan' build argument 'cmake_clean_first' from command line to 'False'
[8.677s] Level 5:colcon.colcon_core.verb:set package 'depthimage_to_laserscan' build argument 'cmake_force_configure' from command line to 'False'
[8.677s] Level 5:colcon.colcon_core.verb:set package 'depthimage_to_laserscan' build argument 'ament_cmake_args' from command line to 'None'
[8.677s] Level 5:colcon.colcon_core.verb:set package 'depthimage_to_laserscan' build argument 'catkin_cmake_args' from command line to 'None'
[8.677s] Level 5:colcon.colcon_core.verb:set package 'depthimage_to_laserscan' build argument 'catkin_skip_building_tests' from command line to 'False'
[8.677s] DEBUG:colcon.colcon_core.verb:Building package 'depthimage_to_laserscan' with the following arguments: {'ament_cmake_args': None, 'build_base': '/home/nvidia/ros2_catkin_ws/build/depthimage_to_laserscan', 'catkin_cmake_args': None, 'catkin_skip_building_tests': False, 'cmake_args': None, 'cmake_clean_cache': False, 'cmake_clean_first': False, 'cmake_force_configure': False, 'cmake_target': None, 'cmake_target_skip_unavailable': False, 'install_base': '/home/nvidia/ros2_catkin_ws/install/depthimage_to_laserscan', 'merge_install': False, 'path': '/home/nvidia/ros2_catkin_ws/src/depthimage_to_laserscan', 'symlink_install': True, 'test_result_base': None}
[8.796s] Level 5:colcon.colcon_core.verb:set package 'laser_filters' build argument 'cmake_args' from command line to 'None'
[8.796s] Level 5:colcon.colcon_core.verb:set package 'laser_filters' build argument 'cmake_target' from command line to 'None'
[8.796s] Level 5:colcon.colcon_core.verb:set package 'laser_filters' build argument 'cmake_target_skip_unavailable' from command line to 'False'
[8.796s] Level 5:colcon.colcon_core.verb:set package 'laser_filters' build argument 'cmake_clean_cache' from command line to 'False'
[8.796s] Level 5:colcon.colcon_core.verb:set package 'laser_filters' build argument 'cmake_clean_first' from command line to 'False'
[8.797s] Level 5:colcon.colcon_core.verb:set package 'laser_filters' build argument 'cmake_force_configure' from command line to 'False'
[8.797s] Level 5:colcon.colcon_core.verb:set package 'laser_filters' build argument 'ament_cmake_args' from command line to 'None'
[8.797s] Level 5:colcon.colcon_core.verb:set package 'laser_filters' build argument 'catkin_cmake_args' from command line to 'None'
[8.797s] Level 5:colcon.colcon_core.verb:set package 'laser_filters' build argument 'catkin_skip_building_tests' from command line to 'False'
[8.797s] DEBUG:colcon.colcon_core.verb:Building package 'laser_filters' with the following arguments: {'ament_cmake_args': None, 'build_base': '/home/nvidia/ros2_catkin_ws/build/laser_filters', 'catkin_cmake_args': None, 'catkin_skip_building_tests': False, 'cmake_args': None, 'cmake_clean_cache': False, 'cmake_clean_first': False, 'cmake_force_configure': False, 'cmake_target': None, 'cmake_target_skip_unavailable': False, 'install_base': '/home/nvidia/ros2_catkin_ws/install/laser_filters', 'merge_install': False, 'path': '/home/nvidia/ros2_catkin_ws/src/laser_filters', 'symlink_install': True, 'test_result_base': None}
[8.916s] Level 5:colcon.colcon_core.verb:set package 'livox_frame_remap' build argument 'cmake_args' from command line to 'None'
[8.916s] Level 5:colcon.colcon_core.verb:set package 'livox_frame_remap' build argument 'cmake_target' from command line to 'None'
[8.916s] Level 5:colcon.colcon_core.verb:set package 'livox_frame_remap' build argument 'cmake_target_skip_unavailable' from command line to 'False'
[8.916s] Level 5:colcon.colcon_core.verb:set package 'livox_frame_remap' build argument 'cmake_clean_cache' from command line to 'False'
[8.916s] Level 5:colcon.colcon_core.verb:set package 'livox_frame_remap' build argument 'cmake_clean_first' from command line to 'False'
[8.916s] Level 5:colcon.colcon_core.verb:set package 'livox_frame_remap' build argument 'cmake_force_configure' from command line to 'False'
[8.916s] Level 5:colcon.colcon_core.verb:set package 'livox_frame_remap' build argument 'ament_cmake_args' from command line to 'None'
[8.916s] Level 5:colcon.colcon_core.verb:set package 'livox_frame_remap' build argument 'catkin_cmake_args' from command line to 'None'
[8.916s] Level 5:colcon.colcon_core.verb:set package 'livox_frame_remap' build argument 'catkin_skip_building_tests' from command line to 'False'
[8.916s] DEBUG:colcon.colcon_core.verb:Building package 'livox_frame_remap' with the following arguments: {'ament_cmake_args': None, 'build_base': '/home/nvidia/ros2_catkin_ws/build/livox_frame_remap', 'catkin_cmake_args': None, 'catkin_skip_building_tests': False, 'cmake_args': None, 'cmake_clean_cache': False, 'cmake_clean_first': False, 'cmake_force_configure': False, 'cmake_target': None, 'cmake_target_skip_unavailable': False, 'install_base': '/home/nvidia/ros2_catkin_ws/install/livox_frame_remap', 'merge_install': False, 'path': '/home/nvidia/ros2_catkin_ws/src/livox_frame_remap', 'symlink_install': True, 'test_result_base': None}
[9.037s] Level 5:colcon.colcon_core.verb:set package 'nav2_bringup_custom' build argument 'cmake_args' from command line to 'None'
[9.037s] Level 5:colcon.colcon_core.verb:set package 'nav2_bringup_custom' build argument 'cmake_target' from command line to 'None'
[9.037s] Level 5:colcon.colcon_core.verb:set package 'nav2_bringup_custom' build argument 'cmake_target_skip_unavailable' from command line to 'False'
[9.037s] Level 5:colcon.colcon_core.verb:set package 'nav2_bringup_custom' build argument 'cmake_clean_cache' from command line to 'False'
[9.037s] Level 5:colcon.colcon_core.verb:set package 'nav2_bringup_custom' build argument 'cmake_clean_first' from command line to 'False'
[9.037s] Level 5:colcon.colcon_core.verb:set package 'nav2_bringup_custom' build argument 'cmake_force_configure' from command line to 'False'
[9.037s] Level 5:colcon.colcon_core.verb:set package 'nav2_bringup_custom' build argument 'ament_cmake_args' from command line to 'None'
[9.037s] Level 5:colcon.colcon_core.verb:set package 'nav2_bringup_custom' build argument 'catkin_cmake_args' from command line to 'None'
[9.037s] Level 5:colcon.colcon_core.verb:set package 'nav2_bringup_custom' build argument 'catkin_skip_building_tests' from command line to 'False'
[9.037s] DEBUG:colcon.colcon_core.verb:Building package 'nav2_bringup_custom' with the following arguments: {'ament_cmake_args': None, 'build_base': '/home/nvidia/ros2_catkin_ws/build/nav2_bringup_custom', 'catkin_cmake_args': None, 'catkin_skip_building_tests': False, 'cmake_args': None, 'cmake_clean_cache': False, 'cmake_clean_first': False, 'cmake_force_configure': False, 'cmake_target': None, 'cmake_target_skip_unavailable': False, 'install_base': '/home/nvidia/ros2_catkin_ws/install/nav2_bringup_custom', 'merge_install': False, 'path': '/home/nvidia/ros2_catkin_ws/src/scout_nav2/nav2_bringup', 'symlink_install': True, 'test_result_base': None}
[9.157s] Level 5:colcon.colcon_core.verb:set package 'pointcloud_to_laserscan' build argument 'cmake_args' from command line to 'None'
[9.157s] Level 5:colcon.colcon_core.verb:set package 'pointcloud_to_laserscan' build argument 'cmake_target' from command line to 'None'
[9.157s] Level 5:colcon.colcon_core.verb:set package 'pointcloud_to_laserscan' build argument 'cmake_target_skip_unavailable' from command line to 'False'
[9.157s] Level 5:colcon.colcon_core.verb:set package 'pointcloud_to_laserscan' build argument 'cmake_clean_cache' from command line to 'False'
[9.157s] Level 5:colcon.colcon_core.verb:set package 'pointcloud_to_laserscan' build argument 'cmake_clean_first' from command line to 'False'
[9.157s] Level 5:colcon.colcon_core.verb:set package 'pointcloud_to_laserscan' build argument 'cmake_force_configure' from command line to 'False'
[9.157s] Level 5:colcon.colcon_core.verb:set package 'pointcloud_to_laserscan' build argument 'ament_cmake_args' from command line to 'None'
[9.157s] Level 5:colcon.colcon_core.verb:set package 'pointcloud_to_laserscan' build argument 'catkin_cmake_args' from command line to 'None'
[9.157s] Level 5:colcon.colcon_core.verb:set package 'pointcloud_to_laserscan' build argument 'catkin_skip_building_tests' from command line to 'False'
[9.157s] DEBUG:colcon.colcon_core.verb:Building package 'pointcloud_to_laserscan' with the following arguments: {'ament_cmake_args': None, 'build_base': '/home/nvidia/ros2_catkin_ws/build/pointcloud_to_laserscan', 'catkin_cmake_args': None, 'catkin_skip_building_tests': False, 'cmake_args': None, 'cmake_clean_cache': False, 'cmake_clean_first': False, 'cmake_force_configure': False, 'cmake_target': None, 'cmake_target_skip_unavailable': False, 'install_base': '/home/nvidia/ros2_catkin_ws/install/pointcloud_to_laserscan', 'merge_install': False, 'path': '/home/nvidia/ros2_catkin_ws/src/pointcloud_to_laserscan', 'symlink_install': True, 'test_result_base': None}
[9.277s] Level 5:colcon.colcon_core.verb:set package 'scout_nav2' build argument 'cmake_args' from command line to 'None'
[9.277s] Level 5:colcon.colcon_core.verb:set package 'scout_nav2' build argument 'cmake_target' from command line to 'None'
[9.277s] Level 5:colcon.colcon_core.verb:set package 'scout_nav2' build argument 'cmake_target_skip_unavailable' from command line to 'False'
[9.277s] Level 5:colcon.colcon_core.verb:set package 'scout_nav2' build argument 'cmake_clean_cache' from command line to 'False'
[9.277s] Level 5:colcon.colcon_core.verb:set package 'scout_nav2' build argument 'cmake_clean_first' from command line to 'False'
[9.277s] Level 5:colcon.colcon_core.verb:set package 'scout_nav2' build argument 'cmake_force_configure' from command line to 'False'
[9.278s] Level 5:colcon.colcon_core.verb:set package 'scout_nav2' build argument 'ament_cmake_args' from command line to 'None'
[9.278s] Level 5:colcon.colcon_core.verb:set package 'scout_nav2' build argument 'catkin_cmake_args' from command line to 'None'
[9.278s] Level 5:colcon.colcon_core.verb:set package 'scout_nav2' build argument 'catkin_skip_building_tests' from command line to 'False'
[9.278s] DEBUG:colcon.colcon_core.verb:Building package 'scout_nav2' with the following arguments: {'ament_cmake_args': None, 'build_base': '/home/nvidia/ros2_catkin_ws/build/scout_nav2', 'catkin_cmake_args': None, 'catkin_skip_building_tests': False, 'cmake_args': None, 'cmake_clean_cache': False, 'cmake_clean_first': False, 'cmake_force_configure': False, 'cmake_target': None, 'cmake_target_skip_unavailable': False, 'install_base': '/home/nvidia/ros2_catkin_ws/install/scout_nav2', 'merge_install': False, 'path': '/home/nvidia/ros2_catkin_ws/src/scout_nav2/scout_nav2', 'symlink_install': True, 'test_result_base': None}
[9.396s] INFO:colcon.colcon_core.executor:Executing jobs using 'parallel' executor
[9.518s] DEBUG:colcon.colcon_parallel_executor.executor.parallel:run_until_complete
[9.519s] INFO:colcon.colcon_ros.task.ament_cmake.build:Building ROS package in '/home/nvidia/ros2_catkin_ws/src/scout_nav2/agilex_scout' with build type 'ament_cmake'
[9.519s] INFO:colcon.colcon_cmake.task.cmake.build:Building CMake package in '/home/nvidia/ros2_catkin_ws/src/scout_nav2/agilex_scout'
[9.644s] INFO:colcon.colcon_core.plugin_system:Skipping extension 'colcon_core.shell.bat': Not used on non-Windows systems
[9.644s] INFO:colcon.colcon_core.shell:Skip shell extension 'powershell' for command environment: Not usable outside of PowerShell
[9.644s] DEBUG:colcon.colcon_core.shell:Skip shell extension 'dsv' for command environment
[9.892s] INFO:colcon.colcon_ros.task.ament_cmake.build:Building ROS package in '/home/nvidia/ros2_catkin_ws/src/scout_nav2/aws-robomaker-small-warehouse-world' with build type 'ament_cmake'
[9.893s] INFO:colcon.colcon_cmake.task.cmake.build:Building CMake package in '/home/nvidia/ros2_catkin_ws/src/scout_nav2/aws-robomaker-small-warehouse-world'
[10.014s] INFO:colcon.colcon_core.shell:Skip shell extension 'powershell' for command environment: Not usable outside of PowerShell
[10.014s] DEBUG:colcon.colcon_core.shell:Skip shell extension 'dsv' for command environment
[10.260s] INFO:colcon.colcon_ros.task.ament_cmake.build:Building ROS package in '/home/nvidia/ros2_catkin_ws/src/deliverybot_bringup' with build type 'ament_cmake'
[10.261s] INFO:colcon.colcon_cmake.task.cmake.build:Building CMake package in '/home/nvidia/ros2_catkin_ws/src/deliverybot_bringup'
[10.382s] INFO:colcon.colcon_core.shell:Skip shell extension 'powershell' for command environment: Not usable outside of PowerShell
[10.383s] DEBUG:colcon.colcon_core.shell:Skip shell extension 'dsv' for command environment
[10.657s] INFO:colcon.colcon_ros.task.ament_cmake.build:Building ROS package in '/home/nvidia/ros2_catkin_ws/src/deliverybot_description' with build type 'ament_cmake'
[10.658s] INFO:colcon.colcon_cmake.task.cmake.build:Building CMake package in '/home/nvidia/ros2_catkin_ws/src/deliverybot_description'
[10.780s] INFO:colcon.colcon_core.shell:Skip shell extension 'powershell' for command environment: Not usable outside of PowerShell
[10.780s] DEBUG:colcon.colcon_core.shell:Skip shell extension 'dsv' for command environment
[11.027s] INFO:colcon.colcon_ros.task.ament_cmake.build:Building ROS package in '/home/nvidia/ros2_catkin_ws/src/depthimage_to_laserscan' with build type 'ament_cmake'
[11.028s] INFO:colcon.colcon_cmake.task.cmake.build:Building CMake package in '/home/nvidia/ros2_catkin_ws/src/depthimage_to_laserscan'
[11.150s] INFO:colcon.colcon_core.shell:Skip shell extension 'powershell' for command environment: Not usable outside of PowerShell
[11.150s] DEBUG:colcon.colcon_core.shell:Skip shell extension 'dsv' for command environment
[11.396s] INFO:colcon.colcon_ros.task.ament_cmake.build:Building ROS package in '/home/nvidia/ros2_catkin_ws/src/laser_filters' with build type 'ament_cmake'
[11.397s] INFO:colcon.colcon_cmake.task.cmake.build:Building CMake package in '/home/nvidia/ros2_catkin_ws/src/laser_filters'
[11.519s] INFO:colcon.colcon_core.shell:Skip shell extension 'powershell' for command environment: Not usable outside of PowerShell
[11.519s] DEBUG:colcon.colcon_core.shell:Skip shell extension 'dsv' for command environment
[11.766s] INFO:colcon.colcon_ros.task.ament_python.build:Building ROS package in '/home/nvidia/ros2_catkin_ws/src/livox_frame_remap' with build type 'ament_python'
[11.767s] Level 1:colcon.colcon_core.shell:create_environment_hook('livox_frame_remap', 'ament_prefix_path')
[11.889s] INFO:colcon.colcon_core.shell:Creating environment hook '/home/nvidia/ros2_catkin_ws/install/livox_frame_remap/share/livox_frame_remap/hook/ament_prefix_path.ps1'
[11.890s] INFO:colcon.colcon_core.shell:Creating environment descriptor '/home/nvidia/ros2_catkin_ws/install/livox_frame_remap/share/livox_frame_remap/hook/ament_prefix_path.dsv'
[11.891s] INFO:colcon.colcon_core.shell:Creating environment hook '/home/nvidia/ros2_catkin_ws/install/livox_frame_remap/share/livox_frame_remap/hook/ament_prefix_path.sh'
[12.010s] INFO:colcon.colcon_core.shell:Skip shell extension 'powershell' for command environment: Not usable outside of PowerShell
[12.010s] DEBUG:colcon.colcon_core.shell:Skip shell extension 'dsv' for command environment
[12.256s] INFO:colcon.colcon_ros.task.ament_cmake.build:Building ROS package in '/home/nvidia/ros2_catkin_ws/src/scout_nav2/nav2_bringup' with build type 'ament_cmake'
[12.257s] INFO:colcon.colcon_cmake.task.cmake.build:Building CMake package in '/home/nvidia/ros2_catkin_ws/src/scout_nav2/nav2_bringup'
[12.378s] INFO:colcon.colcon_core.shell:Skip shell extension 'powershell' for command environment: Not usable outside of PowerShell
[12.379s] DEBUG:colcon.colcon_core.shell:Skip shell extension 'dsv' for command environment
[12.633s] DEBUG:colcon.colcon_core.event_handler.log_command:Invoking command in '/home/nvidia/ros2_catkin_ws/build/agilex_scout': CMAKE_PREFIX_PATH=${CMAKE_PREFIX_PATH}:/home/nvidia/ros2_catkin_ws/install/scout_nav2:/home/nvidia/ros2_catkin_ws/install/livox_frame_remap /usr/bin/cmake /home/nvidia/ros2_catkin_ws/src/scout_nav2/agilex_scout -DAMENT_CMAKE_SYMLINK_INSTALL=1 -DCMAKE_INSTALL_PREFIX=/home/nvidia/ros2_catkin_ws/install/agilex_scout
[12.647s] DEBUG:colcon.colcon_core.event_handler.log_command:Invoking command in '/home/nvidia/ros2_catkin_ws/build/aws_robomaker_small_warehouse_world': CMAKE_PREFIX_PATH=${CMAKE_PREFIX_PATH}:/home/nvidia/ros2_catkin_ws/install/scout_nav2:/home/nvidia/ros2_catkin_ws/install/livox_frame_remap /usr/bin/cmake /home/nvidia/ros2_catkin_ws/src/scout_nav2/aws-robomaker-small-warehouse-world -DAMENT_CMAKE_SYMLINK_INSTALL=1 -DCMAKE_INSTALL_PREFIX=/home/nvidia/ros2_catkin_ws/install/aws_robomaker_small_warehouse_world
[12.654s] DEBUG:colcon.colcon_core.event_handler.log_command:Invoking command in '/home/nvidia/ros2_catkin_ws/build/deliverybot_bringup': CMAKE_PREFIX_PATH=${CMAKE_PREFIX_PATH}:/home/nvidia/ros2_catkin_ws/install/scout_nav2:/home/nvidia/ros2_catkin_ws/install/livox_frame_remap /usr/bin/cmake /home/nvidia/ros2_catkin_ws/src/deliverybot_bringup -DAMENT_CMAKE_SYMLINK_INSTALL=1 -DCMAKE_INSTALL_PREFIX=/home/nvidia/ros2_catkin_ws/install/deliverybot_bringup
[12.662s] DEBUG:colcon.colcon_core.event_handler.log_command:Invoking command in '/home/nvidia/ros2_catkin_ws/build/deliverybot_description': CMAKE_PREFIX_PATH=${CMAKE_PREFIX_PATH}:/home/nvidia/ros2_catkin_ws/install/scout_nav2:/home/nvidia/ros2_catkin_ws/install/livox_frame_remap /usr/bin/cmake /home/nvidia/ros2_catkin_ws/src/deliverybot_description -DAMENT_CMAKE_SYMLINK_INSTALL=1 -DCMAKE_INSTALL_PREFIX=/home/nvidia/ros2_catkin_ws/install/deliverybot_description
[12.671s] DEBUG:colcon.colcon_core.event_handler.log_command:Invoking command in '/home/nvidia/ros2_catkin_ws/build/depthimage_to_laserscan': CMAKE_PREFIX_PATH=${CMAKE_PREFIX_PATH}:/home/nvidia/ros2_catkin_ws/install/scout_nav2:/home/nvidia/ros2_catkin_ws/install/livox_frame_remap /usr/bin/cmake /home/nvidia/ros2_catkin_ws/src/depthimage_to_laserscan -DAMENT_CMAKE_SYMLINK_INSTALL=1 -DCMAKE_INSTALL_PREFIX=/home/nvidia/ros2_catkin_ws/install/depthimage_to_laserscan
[12.680s] DEBUG:colcon.colcon_core.event_handler.log_command:Invoking command in '/home/nvidia/ros2_catkin_ws/build/laser_filters': CMAKE_PREFIX_PATH=${CMAKE_PREFIX_PATH}:/home/nvidia/ros2_catkin_ws/install/scout_nav2:/home/nvidia/ros2_catkin_ws/install/livox_frame_remap /usr/bin/cmake /home/nvidia/ros2_catkin_ws/src/laser_filters -DAMENT_CMAKE_SYMLINK_INSTALL=1 -DCMAKE_INSTALL_PREFIX=/home/nvidia/ros2_catkin_ws/install/laser_filters
[13.089s] INFO:colcon.colcon_core.task.python.build:Building Python package in '/home/nvidia/ros2_catkin_ws/src/livox_frame_remap'
[13.216s] INFO:colcon.colcon_core.shell:Skip shell extension 'powershell' for command environment: Not usable outside of PowerShell
[13.217s] DEBUG:colcon.colcon_core.shell:Skip shell extension 'dsv' for command environment
[13.475s] DEBUG:colcon.colcon_core.event_handler.log_command:Invoking command in '/home/nvidia/ros2_catkin_ws/build/nav2_bringup_custom': CMAKE_PREFIX_PATH=${CMAKE_PREFIX_PATH}:/home/nvidia/ros2_catkin_ws/install/scout_nav2:/home/nvidia/ros2_catkin_ws/install/livox_frame_remap /usr/bin/cmake --build /home/nvidia/ros2_catkin_ws/build/nav2_bringup_custom -- -j8 -l8
[13.542s] Level 1:colcon.colcon_core.environment:create_environment_scripts_only(agilex_scout)
[13.545s] DEBUG:colcon.colcon_core.event_handler.log_command:Invoked command in '/home/nvidia/ros2_catkin_ws/build/agilex_scout' returned '1': CMAKE_PREFIX_PATH=${CMAKE_PREFIX_PATH}:/home/nvidia/ros2_catkin_ws/install/scout_nav2:/home/nvidia/ros2_catkin_ws/install/livox_frame_remap /usr/bin/cmake /home/nvidia/ros2_catkin_ws/src/scout_nav2/agilex_scout -DAMENT_CMAKE_SYMLINK_INSTALL=1 -DCMAKE_INSTALL_PREFIX=/home/nvidia/ros2_catkin_ws/install/agilex_scout
[13.546s] DEBUG:colcon.colcon_core.event_handler.log_command:Invoked command in '/home/nvidia/ros2_catkin_ws/build/aws_robomaker_small_warehouse_world' returned '1': CMAKE_PREFIX_PATH=${CMAKE_PREFIX_PATH}:/home/nvidia/ros2_catkin_ws/install/scout_nav2:/home/nvidia/ros2_catkin_ws/install/livox_frame_remap /usr/bin/cmake /home/nvidia/ros2_catkin_ws/src/scout_nav2/aws-robomaker-small-warehouse-world -DAMENT_CMAKE_SYMLINK_INSTALL=1 -DCMAKE_INSTALL_PREFIX=/home/nvidia/ros2_catkin_ws/install/aws_robomaker_small_warehouse_world
[13.546s] DEBUG:colcon.colcon_core.event_handler.log_command:Invoked command in '/home/nvidia/ros2_catkin_ws/build/deliverybot_description' returned '1': CMAKE_PREFIX_PATH=${CMAKE_PREFIX_PATH}:/home/nvidia/ros2_catkin_ws/install/scout_nav2:/home/nvidia/ros2_catkin_ws/install/livox_frame_remap /usr/bin/cmake /home/nvidia/ros2_catkin_ws/src/deliverybot_description -DAMENT_CMAKE_SYMLINK_INSTALL=1 -DCMAKE_INSTALL_PREFIX=/home/nvidia/ros2_catkin_ws/install/deliverybot_description
[13.546s] DEBUG:colcon.colcon_core.event_handler.log_command:Invoked command in '/home/nvidia/ros2_catkin_ws/build/deliverybot_bringup' returned '1': CMAKE_PREFIX_PATH=${CMAKE_PREFIX_PATH}:/home/nvidia/ros2_catkin_ws/install/scout_nav2:/home/nvidia/ros2_catkin_ws/install/livox_frame_remap /usr/bin/cmake /home/nvidia/ros2_catkin_ws/src/deliverybot_bringup -DAMENT_CMAKE_SYMLINK_INSTALL=1 -DCMAKE_INSTALL_PREFIX=/home/nvidia/ros2_catkin_ws/install/deliverybot_bringup
[13.547s] DEBUG:colcon.colcon_core.event_handler.log_command:Invoked command in '/home/nvidia/ros2_catkin_ws/build/depthimage_to_laserscan' returned '1': CMAKE_PREFIX_PATH=${CMAKE_PREFIX_PATH}:/home/nvidia/ros2_catkin_ws/install/scout_nav2:/home/nvidia/ros2_catkin_ws/install/livox_frame_remap /usr/bin/cmake /home/nvidia/ros2_catkin_ws/src/depthimage_to_laserscan -DAMENT_CMAKE_SYMLINK_INSTALL=1 -DCMAKE_INSTALL_PREFIX=/home/nvidia/ros2_catkin_ws/install/depthimage_to_laserscan
[13.547s] DEBUG:colcon.colcon_core.event_handler.log_command:Invoked command in '/home/nvidia/ros2_catkin_ws/build/laser_filters' returned '1': CMAKE_PREFIX_PATH=${CMAKE_PREFIX_PATH}:/home/nvidia/ros2_catkin_ws/install/scout_nav2:/home/nvidia/ros2_catkin_ws/install/livox_frame_remap /usr/bin/cmake /home/nvidia/ros2_catkin_ws/src/laser_filters -DAMENT_CMAKE_SYMLINK_INSTALL=1 -DCMAKE_INSTALL_PREFIX=/home/nvidia/ros2_catkin_ws/install/laser_filters
[13.682s] Level 1:colcon.colcon_core.environment:checking '/home/nvidia/ros2_catkin_ws/install/agilex_scout' for CMake module files
[13.683s] Level 1:colcon.colcon_core.environment:checking '/home/nvidia/ros2_catkin_ws/install/agilex_scout' for CMake config files
[13.683s] Level 1:colcon.colcon_core.shell:create_environment_hook('agilex_scout', 'cmake_prefix_path')
[13.814s] INFO:colcon.colcon_core.shell:Creating environment hook '/home/nvidia/ros2_catkin_ws/install/agilex_scout/share/agilex_scout/hook/cmake_prefix_path.ps1'
[13.815s] INFO:colcon.colcon_core.shell:Creating environment descriptor '/home/nvidia/ros2_catkin_ws/install/agilex_scout/share/agilex_scout/hook/cmake_prefix_path.dsv'
[13.816s] INFO:colcon.colcon_core.shell:Creating environment hook '/home/nvidia/ros2_catkin_ws/install/agilex_scout/share/agilex_scout/hook/cmake_prefix_path.sh'
[13.818s] Level 1:colcon.colcon_core.environment:checking '/home/nvidia/ros2_catkin_ws/install/agilex_scout/bin'
[13.818s] Level 1:colcon.colcon_core.environment:checking '/home/nvidia/ros2_catkin_ws/install/agilex_scout/lib/pkgconfig/agilex_scout.pc'
[13.818s] Level 1:colcon.colcon_core.environment:checking '/home/nvidia/ros2_catkin_ws/install/agilex_scout/lib/python3.8/site-packages'
[13.818s] Level 1:colcon.colcon_core.environment:checking '/home/nvidia/ros2_catkin_ws/install/agilex_scout/bin'
[13.947s] INFO:colcon.colcon_core.shell:Creating package script '/home/nvidia/ros2_catkin_ws/install/agilex_scout/share/agilex_scout/package.ps1'
[13.949s] INFO:colcon.colcon_core.shell:Creating package descriptor '/home/nvidia/ros2_catkin_ws/install/agilex_scout/share/agilex_scout/package.dsv'
[13.950s] INFO:colcon.colcon_core.shell:Creating package script '/home/nvidia/ros2_catkin_ws/install/agilex_scout/share/agilex_scout/package.sh'
[13.951s] INFO:colcon.colcon_core.shell:Creating package script '/home/nvidia/ros2_catkin_ws/install/agilex_scout/share/agilex_scout/package.bash'
[13.952s] INFO:colcon.colcon_core.shell:Creating package script '/home/nvidia/ros2_catkin_ws/install/agilex_scout/share/agilex_scout/package.zsh'
[13.953s] Level 1:colcon.colcon_core.environment:create_file_with_runtime_dependencies(/home/nvidia/ros2_catkin_ws/install/agilex_scout/share/colcon-core/packages/agilex_scout)
[13.954s] Level 1:colcon.colcon_core.environment:create_environment_scripts_only(aws_robomaker_small_warehouse_world)
[14.075s] Level 1:colcon.colcon_core.environment:checking '/home/nvidia/ros2_catkin_ws/install/aws_robomaker_small_warehouse_world' for CMake module files
[14.076s] Level 1:colcon.colcon_core.environment:checking '/home/nvidia/ros2_catkin_ws/install/aws_robomaker_small_warehouse_world' for CMake config files
[14.077s] Level 1:colcon.colcon_core.shell:create_environment_hook('aws_robomaker_small_warehouse_world', 'cmake_prefix_path')
[14.198s] INFO:colcon.colcon_core.shell:Creating environment hook '/home/nvidia/ros2_catkin_ws/install/aws_robomaker_small_warehouse_world/share/aws_robomaker_small_warehouse_world/hook/cmake_prefix_path.ps1'
[14.199s] INFO:colcon.colcon_core.shell:Creating environment descriptor '/home/nvidia/ros2_catkin_ws/install/aws_robomaker_small_warehouse_world/share/aws_robomaker_small_warehouse_world/hook/cmake_prefix_path.dsv'
[14.200s] INFO:colcon.colcon_core.shell:Creating environment hook '/home/nvidia/ros2_catkin_ws/install/aws_robomaker_small_warehouse_world/share/aws_robomaker_small_warehouse_world/hook/cmake_prefix_path.sh'
[14.201s] Level 1:colcon.colcon_core.environment:checking '/home/nvidia/ros2_catkin_ws/install/aws_robomaker_small_warehouse_world/bin'
[14.201s] Level 1:colcon.colcon_core.environment:checking '/home/nvidia/ros2_catkin_ws/install/aws_robomaker_small_warehouse_world/lib/pkgconfig/aws_robomaker_small_warehouse_world.pc'
[14.201s] Level 1:colcon.colcon_core.environment:checking '/home/nvidia/ros2_catkin_ws/install/aws_robomaker_small_warehouse_world/lib/python3.8/site-packages'
[14.201s] Level 1:colcon.colcon_core.environment:checking '/home/nvidia/ros2_catkin_ws/install/aws_robomaker_small_warehouse_world/bin'
[14.321s] INFO:colcon.colcon_core.shell:Creating package script '/home/nvidia/ros2_catkin_ws/install/aws_robomaker_small_warehouse_world/share/aws_robomaker_small_warehouse_world/package.ps1'
[14.322s] INFO:colcon.colcon_core.shell:Creating package descriptor '/home/nvidia/ros2_catkin_ws/install/aws_robomaker_small_warehouse_world/share/aws_robomaker_small_warehouse_world/package.dsv'
[14.323s] INFO:colcon.colcon_core.shell:Creating package script '/home/nvidia/ros2_catkin_ws/install/aws_robomaker_small_warehouse_world/share/aws_robomaker_small_warehouse_world/package.sh'
[14.324s] INFO:colcon.colcon_core.shell:Creating package script '/home/nvidia/ros2_catkin_ws/install/aws_robomaker_small_warehouse_world/share/aws_robomaker_small_warehouse_world/package.bash'
[14.324s] INFO:colcon.colcon_core.shell:Creating package script '/home/nvidia/ros2_catkin_ws/install/aws_robomaker_small_warehouse_world/share/aws_robomaker_small_warehouse_world/package.zsh'
[14.325s] Level 1:colcon.colcon_core.environment:create_file_with_runtime_dependencies(/home/nvidia/ros2_catkin_ws/install/aws_robomaker_small_warehouse_world/share/colcon-core/packages/aws_robomaker_small_warehouse_world)
[14.325s] Level 1:colcon.colcon_core.environment:create_environment_scripts_only(deliverybot_description)
[14.446s] Level 1:colcon.colcon_core.environment:checking '/home/nvidia/ros2_catkin_ws/install/deliverybot_description' for CMake module files
[14.447s] Level 1:colcon.colcon_core.environment:checking '/home/nvidia/ros2_catkin_ws/install/deliverybot_description' for CMake config files
[14.447s] Level 1:colcon.colcon_core.shell:create_environment_hook('deliverybot_description', 'cmake_prefix_path')
[14.567s] INFO:colcon.colcon_core.shell:Creating environment hook '/home/nvidia/ros2_catkin_ws/install/deliverybot_description/share/deliverybot_description/hook/cmake_prefix_path.ps1'
[14.568s] INFO:colcon.colcon_core.shell:Creating environment descriptor '/home/nvidia/ros2_catkin_ws/install/deliverybot_description/share/deliverybot_description/hook/cmake_prefix_path.dsv'
[14.569s] INFO:colcon.colcon_core.shell:Creating environment hook '/home/nvidia/ros2_catkin_ws/install/deliverybot_description/share/deliverybot_description/hook/cmake_prefix_path.sh'
[14.570s] Level 1:colcon.colcon_core.environment:checking '/home/nvidia/ros2_catkin_ws/install/deliverybot_description/bin'
[14.570s] Level 1:colcon.colcon_core.environment:checking '/home/nvidia/ros2_catkin_ws/install/deliverybot_description/lib/pkgconfig/deliverybot_description.pc'
[14.570s] Level 1:colcon.colcon_core.environment:checking '/home/nvidia/ros2_catkin_ws/install/deliverybot_description/lib/python3.8/site-packages'
[14.570s] Level 1:colcon.colcon_core.environment:checking '/home/nvidia/ros2_catkin_ws/install/deliverybot_description/bin'
[14.690s] INFO:colcon.colcon_core.shell:Creating package script '/home/nvidia/ros2_catkin_ws/install/deliverybot_description/share/deliverybot_description/package.ps1'
[14.691s] INFO:colcon.colcon_core.shell:Creating package descriptor '/home/nvidia/ros2_catkin_ws/install/deliverybot_description/share/deliverybot_description/package.dsv'
[14.692s] INFO:colcon.colcon_core.shell:Creating package script '/home/nvidia/ros2_catkin_ws/install/deliverybot_description/share/deliverybot_description/package.sh'
[14.692s] INFO:colcon.colcon_core.shell:Creating package script '/home/nvidia/ros2_catkin_ws/install/deliverybot_description/share/deliverybot_description/package.bash'
[14.693s] INFO:colcon.colcon_core.shell:Creating package script '/home/nvidia/ros2_catkin_ws/install/deliverybot_description/share/deliverybot_description/package.zsh'
[14.693s] Level 1:colcon.colcon_core.environment:create_file_with_runtime_dependencies(/home/nvidia/ros2_catkin_ws/install/deliverybot_description/share/colcon-core/packages/deliverybot_description)
[14.694s] Level 1:colcon.colcon_core.environment:create_environment_scripts_only(deliverybot_bringup)
[14.815s] Level 1:colcon.colcon_core.environment:checking '/home/nvidia/ros2_catkin_ws/install/deliverybot_bringup' for CMake module files
[14.816s] Level 1:colcon.colcon_core.environment:checking '/home/nvidia/ros2_catkin_ws/install/deliverybot_bringup' for CMake config files
[14.816s] Level 1:colcon.colcon_core.shell:create_environment_hook('deliverybot_bringup', 'cmake_prefix_path')
[14.935s] INFO:colcon.colcon_core.shell:Creating environment hook '/home/nvidia/ros2_catkin_ws/install/deliverybot_bringup/share/deliverybot_bringup/hook/cmake_prefix_path.ps1'
[14.936s] INFO:colcon.colcon_core.shell:Creating environment descriptor '/home/nvidia/ros2_catkin_ws/install/deliverybot_bringup/share/deliverybot_bringup/hook/cmake_prefix_path.dsv'
[14.937s] INFO:colcon.colcon_core.shell:Creating environment hook '/home/nvidia/ros2_catkin_ws/install/deliverybot_bringup/share/deliverybot_bringup/hook/cmake_prefix_path.sh'
[14.938s] Level 1:colcon.colcon_core.environment:checking '/home/nvidia/ros2_catkin_ws/install/deliverybot_bringup/bin'
[14.938s] Level 1:colcon.colcon_core.environment:checking '/home/nvidia/ros2_catkin_ws/install/deliverybot_bringup/lib/pkgconfig/deliverybot_bringup.pc'
[14.938s] Level 1:colcon.colcon_core.environment:checking '/home/nvidia/ros2_catkin_ws/install/deliverybot_bringup/lib/python3.8/site-packages'
[14.938s] Level 1:colcon.colcon_core.environment:checking '/home/nvidia/ros2_catkin_ws/install/deliverybot_bringup/bin'
[15.058s] INFO:colcon.colcon_core.shell:Creating package script '/home/nvidia/ros2_catkin_ws/install/deliverybot_bringup/share/deliverybot_bringup/package.ps1'
[15.059s] INFO:colcon.colcon_core.shell:Creating package descriptor '/home/nvidia/ros2_catkin_ws/install/deliverybot_bringup/share/deliverybot_bringup/package.dsv'
[15.060s] INFO:colcon.colcon_core.shell:Creating package script '/home/nvidia/ros2_catkin_ws/install/deliverybot_bringup/share/deliverybot_bringup/package.sh'
[15.061s] INFO:colcon.colcon_core.shell:Creating package script '/home/nvidia/ros2_catkin_ws/install/deliverybot_bringup/share/deliverybot_bringup/package.bash'
[15.061s] INFO:colcon.colcon_core.shell:Creating package script '/home/nvidia/ros2_catkin_ws/install/deliverybot_bringup/share/deliverybot_bringup/package.zsh'
[15.062s] Level 1:colcon.colcon_core.environment:create_file_with_runtime_dependencies(/home/nvidia/ros2_catkin_ws/install/deliverybot_bringup/share/colcon-core/packages/deliverybot_bringup)
[15.062s] Level 1:colcon.colcon_core.environment:create_environment_scripts_only(depthimage_to_laserscan)
[15.182s] Level 1:colcon.colcon_core.environment:checking '/home/nvidia/ros2_catkin_ws/install/depthimage_to_laserscan' for CMake module files
[15.183s] Level 1:colcon.colcon_core.environment:checking '/home/nvidia/ros2_catkin_ws/install/depthimage_to_laserscan' for CMake config files
[15.184s] Level 1:colcon.colcon_core.shell:create_environment_hook('depthimage_to_laserscan', 'cmake_prefix_path')
[15.303s] INFO:colcon.colcon_core.shell:Creating environment hook '/home/nvidia/ros2_catkin_ws/install/depthimage_to_laserscan/share/depthimage_to_laserscan/hook/cmake_prefix_path.ps1'
[15.304s] INFO:colcon.colcon_core.shell:Creating environment descriptor '/home/nvidia/ros2_catkin_ws/install/depthimage_to_laserscan/share/depthimage_to_laserscan/hook/cmake_prefix_path.dsv'
[15.305s] INFO:colcon.colcon_core.shell:Creating environment hook '/home/nvidia/ros2_catkin_ws/install/depthimage_to_laserscan/share/depthimage_to_laserscan/hook/cmake_prefix_path.sh'
[15.306s] Level 1:colcon.colcon_core.environment:checking '/home/nvidia/ros2_catkin_ws/install/depthimage_to_laserscan/lib'
[15.306s] Level 1:colcon.colcon_core.shell:create_environment_hook('depthimage_to_laserscan', 'ld_library_path_lib')
[15.427s] INFO:colcon.colcon_core.shell:Creating environment hook '/home/nvidia/ros2_catkin_ws/install/depthimage_to_laserscan/share/depthimage_to_laserscan/hook/ld_library_path_lib.ps1'
[15.428s] INFO:colcon.colcon_core.shell:Creating environment descriptor '/home/nvidia/ros2_catkin_ws/install/depthimage_to_laserscan/share/depthimage_to_laserscan/hook/ld_library_path_lib.dsv'
[15.428s] INFO:colcon.colcon_core.shell:Creating environment hook '/home/nvidia/ros2_catkin_ws/install/depthimage_to_laserscan/share/depthimage_to_laserscan/hook/ld_library_path_lib.sh'
[15.429s] Level 1:colcon.colcon_core.environment:checking '/home/nvidia/ros2_catkin_ws/install/depthimage_to_laserscan/bin'
[15.429s] Level 1:colcon.colcon_core.environment:checking '/home/nvidia/ros2_catkin_ws/install/depthimage_to_laserscan/lib/pkgconfig/depthimage_to_laserscan.pc'
[15.429s] Level 1:colcon.colcon_core.environment:checking '/home/nvidia/ros2_catkin_ws/install/depthimage_to_laserscan/lib/python3.8/site-packages'
[15.429s] Level 1:colcon.colcon_core.environment:checking '/home/nvidia/ros2_catkin_ws/install/depthimage_to_laserscan/bin'
[15.548s] INFO:colcon.colcon_core.shell:Creating package script '/home/nvidia/ros2_catkin_ws/install/depthimage_to_laserscan/share/depthimage_to_laserscan/package.ps1'
[15.550s] INFO:colcon.colcon_core.shell:Creating package descriptor '/home/nvidia/ros2_catkin_ws/install/depthimage_to_laserscan/share/depthimage_to_laserscan/package.dsv'
[15.550s] INFO:colcon.colcon_core.shell:Creating package script '/home/nvidia/ros2_catkin_ws/install/depthimage_to_laserscan/share/depthimage_to_laserscan/package.sh'
[15.551s] INFO:colcon.colcon_core.shell:Creating package script '/home/nvidia/ros2_catkin_ws/install/depthimage_to_laserscan/share/depthimage_to_laserscan/package.bash'
[15.552s] INFO:colcon.colcon_core.shell:Creating package script '/home/nvidia/ros2_catkin_ws/install/depthimage_to_laserscan/share/depthimage_to_laserscan/package.zsh'
[15.552s] Level 1:colcon.colcon_core.environment:create_file_with_runtime_dependencies(/home/nvidia/ros2_catkin_ws/install/depthimage_to_laserscan/share/colcon-core/packages/depthimage_to_laserscan)
[15.565s] DEBUG:colcon.colcon_parallel_executor.executor.parallel:closing loop
[15.565s] DEBUG:colcon.colcon_parallel_executor.executor.parallel:loop closed
[15.565s] DEBUG:colcon.colcon_parallel_executor.executor.parallel:run_until_complete finished with '1'
[15.565s] DEBUG:colcon.colcon_core.event_reactor:joining thread
[15.694s] INFO:colcon.colcon_core.plugin_system:Skipping extension 'colcon_notification.desktop_notification.terminal_notifier': Not used on non-Darwin systems
[15.694s] INFO:colcon.colcon_core.plugin_system:Skipping extension 'colcon_notification.desktop_notification.win32': Not used on non-Windows systems
[15.694s] INFO:colcon.colcon_notification.desktop_notification:Sending desktop notification using 'notify2'
[15.733s] DEBUG:colcon.colcon_core.event_reactor:joined thread
[15.854s] INFO:colcon.colcon_core.shell:Creating prefix script '/home/nvidia/ros2_catkin_ws/install/local_setup.ps1'
[15.856s] INFO:colcon.colcon_core.shell:Creating prefix util module '/home/nvidia/ros2_catkin_ws/install/_local_setup_util_ps1.py'
[15.858s] INFO:colcon.colcon_core.shell:Creating prefix chain script '/home/nvidia/ros2_catkin_ws/install/setup.ps1'
[15.979s] INFO:colcon.colcon_core.shell:Creating prefix script '/home/nvidia/ros2_catkin_ws/install/local_setup.sh'
[15.979s] INFO:colcon.colcon_core.shell:Creating prefix util module '/home/nvidia/ros2_catkin_ws/install/_local_setup_util_sh.py'
[15.980s] INFO:colcon.colcon_core.shell:Creating prefix chain script '/home/nvidia/ros2_catkin_ws/install/setup.sh'
[16.101s] INFO:colcon.colcon_core.shell:Creating prefix script '/home/nvidia/ros2_catkin_ws/install/local_setup.bash'
[16.102s] INFO:colcon.colcon_core.shell:Creating prefix chain script '/home/nvidia/ros2_catkin_ws/install/setup.bash'
[16.221s] INFO:colcon.colcon_core.shell:Creating prefix script '/home/nvidia/ros2_catkin_ws/install/local_setup.zsh'
[16.222s] INFO:colcon.colcon_core.shell:Creating prefix chain script '/home/nvidia/ros2_catkin_ws/install/setup.zsh'
