[2.807s] Invoking command in '/home/nvidia/ros2_catkin_ws/build/depthimage_to_laserscan': CMAKE_PREFIX_PATH=${CMAKE_PREFIX_PATH}:/home/nvidia/ros2_catkin_ws/install/scout_nav2:/home/nvidia/ros2_catkin_ws/install/livox_frame_remap:/opt/ros/foxy /usr/bin/cmake /home/nvidia/ros2_catkin_ws/src/depthimage_to_laserscan -DCMAKE_INSTALL_PREFIX=/home/nvidia/ros2_catkin_ws/install/depthimage_to_laserscan
[4.032s] -- Found ament_cmake_ros: 0.9.2 (/opt/ros/foxy/share/ament_cmake_ros/cmake)
[4.033s] -- Using PYTHON_EXECUTABLE: /usr/bin/python3
[4.037s] -- Override CMake install command with custom implementation using symlinks instead of copying resources
[4.038s] -- Found image_geometry: 3.0.7 (/opt/ros/foxy/share/image_geometry/cmake)
[4.038s] -- Found rclcpp: 2.4.3 (/opt/ros/foxy/share/rclcpp/cmake)
[4.038s] -- Using all available rosidl_typesupport_c: rosidl_typesupport_fastrtps_c;rosidl_typesupport_introspection_c
[4.038s] -- Found rosidl_adapter: 1.3.1 (/opt/ros/foxy/share/rosidl_adapter/cmake)
[4.038s] -- Using all available rosidl_typesupport_cpp: rosidl_typesupport_fastrtps_cpp;rosidl_typesupport_introspection_cpp
[4.038s] -- Found rmw_implementation_cmake: 1.0.4 (/opt/ros/foxy/share/rmw_implementation_cmake/cmake)
[4.038s] -- Using RMW implementation 'rmw_fastrtps_cpp' as default
[4.038s] -- Found rclcpp_components: 2.4.3 (/opt/ros/foxy/share/rclcpp_components/cmake)
[4.079s] -- Found sensor_msgs: 2.0.5 (/opt/ros/foxy/share/sensor_msgs/cmake)
[4.280s] -- Found gtest sources under '/opt/ros/foxy/src/gtest_vendor': C++ tests using 'Google Test' will be built
[4.465s] -- Configuring done
[4.534s] -- Generating done
[4.542s] -- Build files have been written to: /home/nvidia/ros2_catkin_ws/build/depthimage_to_laserscan
[6.410s] Invoked command in '/home/nvidia/ros2_catkin_ws/build/depthimage_to_laserscan' returned '0': CMAKE_PREFIX_PATH=${CMAKE_PREFIX_PATH}:/home/nvidia/ros2_catkin_ws/install/scout_nav2:/home/nvidia/ros2_catkin_ws/install/livox_frame_remap:/opt/ros/foxy /usr/bin/cmake /home/nvidia/ros2_catkin_ws/src/depthimage_to_laserscan -DCMAKE_INSTALL_PREFIX=/home/nvidia/ros2_catkin_ws/install/depthimage_to_laserscan
[6.415s] Invoking command in '/home/nvidia/ros2_catkin_ws/build/depthimage_to_laserscan': CMAKE_PREFIX_PATH=${CMAKE_PREFIX_PATH}:/home/nvidia/ros2_catkin_ws/install/scout_nav2:/home/nvidia/ros2_catkin_ws/install/livox_frame_remap:/opt/ros/foxy /usr/bin/cmake --build /home/nvidia/ros2_catkin_ws/build/depthimage_to_laserscan -- -j8 -l8
[6.532s] [ 33%] Built target DepthImageToLaserScan
[6.532s] [ 33%] Built target gtest_main
[6.538s] [ 50%] Built target gtest
[6.594s] [ 58%] [32mBuilding CXX object CMakeFiles/depthimage_to_laserscan-test.dir/test/DepthImageToLaserScanTest.cpp.o[0m
[6.603s] [ 66%] [32mBuilding CXX object CMakeFiles/DepthImageToLaserScanROS.dir/src/DepthImageToLaserScanROS.cpp.o[0m
[10.427s] [ 75%] [32m[1mLinking CXX executable depthimage_to_laserscan-test[0m
[10.819s] [ 75%] Built target depthimage_to_laserscan-test
[22.193s] [ 83%] [32m[1mLinking CXX shared library libDepthImageToLaserScanROS.so[0m
[23.238s] [ 83%] Built target DepthImageToLaserScanROS
[23.306s] [ 91%] [32mBuilding CXX object CMakeFiles/depthimage_to_laserscan_node.dir/src/depthimage_to_laserscan.cpp.o[0m
[28.878s] [100%] [32m[1mLinking CXX executable depthimage_to_laserscan_node[0m
[29.445s] [100%] Built target depthimage_to_laserscan_node
[29.470s] Invoked command in '/home/nvidia/ros2_catkin_ws/build/depthimage_to_laserscan' returned '0': CMAKE_PREFIX_PATH=${CMAKE_PREFIX_PATH}:/home/nvidia/ros2_catkin_ws/install/scout_nav2:/home/nvidia/ros2_catkin_ws/install/livox_frame_remap:/opt/ros/foxy /usr/bin/cmake --build /home/nvidia/ros2_catkin_ws/build/depthimage_to_laserscan -- -j8 -l8
[29.538s] Invoking command in '/home/nvidia/ros2_catkin_ws/build/depthimage_to_laserscan': CMAKE_PREFIX_PATH=${CMAKE_PREFIX_PATH}:/home/nvidia/ros2_catkin_ws/install/scout_nav2:/home/nvidia/ros2_catkin_ws/install/livox_frame_remap:/opt/ros/foxy /usr/bin/cmake --install /home/nvidia/ros2_catkin_ws/build/depthimage_to_laserscan
[29.558s] -- Install configuration: ""
[29.559s] -- Execute custom install script
[29.559s] -- Up-to-date symlink: /home/nvidia/ros2_catkin_ws/install/depthimage_to_laserscan/include/depthimage_to_laserscan/DepthImageToLaserScan.hpp
[29.560s] -- Up-to-date symlink: /home/nvidia/ros2_catkin_ws/install/depthimage_to_laserscan/include/depthimage_to_laserscan/DepthImageToLaserScanROS.hpp
[29.560s] -- Up-to-date symlink: /home/nvidia/ros2_catkin_ws/install/depthimage_to_laserscan/include/depthimage_to_laserscan/depth_traits.hpp
[29.561s] -- Up-to-date symlink: /home/nvidia/ros2_catkin_ws/install/depthimage_to_laserscan/share/depthimage_to_laserscan//launch/depthimage_to_laserscan-launch.py
[29.561s] -- Up-to-date symlink: /home/nvidia/ros2_catkin_ws/install/depthimage_to_laserscan/share/depthimage_to_laserscan//launch/depthimage_to_laserscan_composed-launch.py
[29.561s] -- Up-to-date symlink: /home/nvidia/ros2_catkin_ws/install/depthimage_to_laserscan/share/depthimage_to_laserscan//cfg/param.yaml
[29.562s] -- Up-to-date symlink: /home/nvidia/ros2_catkin_ws/install/depthimage_to_laserscan/lib/libDepthImageToLaserScan.so
[29.562s] -- Up-to-date symlink: /home/nvidia/ros2_catkin_ws/install/depthimage_to_laserscan/lib/libDepthImageToLaserScanROS.so
[29.563s] -- Up-to-date symlink: /home/nvidia/ros2_catkin_ws/install/depthimage_to_laserscan/lib/depthimage_to_laserscan/depthimage_to_laserscan_node
[29.563s] -- Up-to-date symlink: /home/nvidia/ros2_catkin_ws/install/depthimage_to_laserscan/include/depthimage_to_laserscan/DepthImageToLaserScan_export.h
[29.564s] -- Up-to-date symlink: /home/nvidia/ros2_catkin_ws/install/depthimage_to_laserscan/include/depthimage_to_laserscan/DepthImageToLaserScanROS_export.h
[29.564s] -- Up-to-date symlink: /home/nvidia/ros2_catkin_ws/install/depthimage_to_laserscan/share/depthimage_to_laserscan/environment/library_path.sh
[29.564s] -- Up-to-date symlink: /home/nvidia/ros2_catkin_ws/install/depthimage_to_laserscan/share/depthimage_to_laserscan/environment/library_path.dsv
[29.565s] -- Up-to-date symlink: /home/nvidia/ros2_catkin_ws/install/depthimage_to_laserscan/share/ament_index/resource_index/package_run_dependencies/depthimage_to_laserscan
[29.565s] -- Up-to-date symlink: /home/nvidia/ros2_catkin_ws/install/depthimage_to_laserscan/share/ament_index/resource_index/parent_prefix_path/depthimage_to_laserscan
[29.565s] -- Up-to-date symlink: /home/nvidia/ros2_catkin_ws/install/depthimage_to_laserscan/share/depthimage_to_laserscan/environment/ament_prefix_path.sh
[29.566s] -- Up-to-date symlink: /home/nvidia/ros2_catkin_ws/install/depthimage_to_laserscan/share/depthimage_to_laserscan/environment/ament_prefix_path.dsv
[29.566s] -- Up-to-date symlink: /home/nvidia/ros2_catkin_ws/install/depthimage_to_laserscan/share/depthimage_to_laserscan/environment/path.sh
[29.566s] -- Up-to-date symlink: /home/nvidia/ros2_catkin_ws/install/depthimage_to_laserscan/share/depthimage_to_laserscan/environment/path.dsv
[29.567s] -- Up-to-date symlink: /home/nvidia/ros2_catkin_ws/install/depthimage_to_laserscan/share/depthimage_to_laserscan/local_setup.bash
[29.567s] -- Up-to-date symlink: /home/nvidia/ros2_catkin_ws/install/depthimage_to_laserscan/share/depthimage_to_laserscan/local_setup.sh
[29.567s] -- Up-to-date symlink: /home/nvidia/ros2_catkin_ws/install/depthimage_to_laserscan/share/depthimage_to_laserscan/local_setup.zsh
[29.568s] -- Up-to-date symlink: /home/nvidia/ros2_catkin_ws/install/depthimage_to_laserscan/share/depthimage_to_laserscan/local_setup.dsv
[29.568s] -- Symlinking: /home/nvidia/ros2_catkin_ws/install/depthimage_to_laserscan/share/depthimage_to_laserscan/package.dsv
[29.588s] -- Up-to-date symlink: /home/nvidia/ros2_catkin_ws/install/depthimage_to_laserscan/share/ament_index/resource_index/packages/depthimage_to_laserscan
[29.588s] -- Up-to-date symlink: /home/nvidia/ros2_catkin_ws/install/depthimage_to_laserscan/share/ament_index/resource_index/rclcpp_components/depthimage_to_laserscan
[29.589s] -- Up-to-date symlink: /home/nvidia/ros2_catkin_ws/install/depthimage_to_laserscan/share/depthimage_to_laserscan/cmake/ament_cmake_export_include_directories-extras.cmake
[29.589s] -- Up-to-date symlink: /home/nvidia/ros2_catkin_ws/install/depthimage_to_laserscan/share/depthimage_to_laserscan/cmake/ament_cmake_export_libraries-extras.cmake
[29.589s] -- Up-to-date symlink: /home/nvidia/ros2_catkin_ws/install/depthimage_to_laserscan/share/depthimage_to_laserscan/cmake/depthimage_to_laserscanConfig.cmake
[29.589s] -- Up-to-date symlink: /home/nvidia/ros2_catkin_ws/install/depthimage_to_laserscan/share/depthimage_to_laserscan/cmake/depthimage_to_laserscanConfig-version.cmake
[29.589s] -- Up-to-date symlink: /home/nvidia/ros2_catkin_ws/install/depthimage_to_laserscan/share/depthimage_to_laserscan/package.xml
[29.595s] Invoked command in '/home/nvidia/ros2_catkin_ws/build/depthimage_to_laserscan' returned '0': CMAKE_PREFIX_PATH=${CMAKE_PREFIX_PATH}:/home/nvidia/ros2_catkin_ws/install/scout_nav2:/home/nvidia/ros2_catkin_ws/install/livox_frame_remap:/opt/ros/foxy /usr/bin/cmake --install /home/nvidia/ros2_catkin_ws/build/depthimage_to_laserscan
