running develop
Removing /home/nvidia/ros2_catkin_ws/install/scout_nav2/lib/python3.8/site-packages/scout-nav2.egg-link (link to .)
running egg_info
writing ../../../build/scout_nav2/scout_nav2.egg-info/PKG-INFO
writing dependency_links to ../../../build/scout_nav2/scout_nav2.egg-info/dependency_links.txt
writing entry points to ../../../build/scout_nav2/scout_nav2.egg-info/entry_points.txt
writing requirements to ../../../build/scout_nav2/scout_nav2.egg-info/requires.txt
writing top-level names to ../../../build/scout_nav2/scout_nav2.egg-info/top_level.txt
reading manifest file '../../../build/scout_nav2/scout_nav2.egg-info/SOURCES.txt'
writing manifest file '../../../build/scout_nav2/scout_nav2.egg-info/SOURCES.txt'
running build
running build_py
creating /home/nvidia/ros2_catkin_ws/build/scout_nav2/build
creating /home/nvidia/ros2_catkin_ws/build/scout_nav2/build/lib
creating /home/nvidia/ros2_catkin_ws/build/scout_nav2/build/lib/scout_nav2
copying scout_nav2/__init__.py -> /home/nvidia/ros2_catkin_ws/build/scout_nav2/build/lib/scout_nav2
copying scout_nav2/costmap_2d.py -> /home/nvidia/ros2_catkin_ws/build/scout_nav2/build/lib/scout_nav2
copying scout_nav2/footprint_collision_checker.py -> /home/nvidia/ros2_catkin_ws/build/scout_nav2/build/lib/scout_nav2
copying scout_nav2/park_robot.py -> /home/nvidia/ros2_catkin_ws/build/scout_nav2/build/lib/scout_nav2
copying scout_nav2/example_navigate_to_pose.py -> /home/nvidia/ros2_catkin_ws/build/scout_nav2/build/lib/scout_nav2
running install
running install_lib
creating /home/nvidia/ros2_catkin_ws/install/scout_nav2/lib/python3.8/site-packages/scout_nav2
copying /home/nvidia/ros2_catkin_ws/build/scout_nav2/build/lib/scout_nav2/__init__.py -> /home/nvidia/ros2_catkin_ws/install/scout_nav2/lib/python3.8/site-packages/scout_nav2
copying /home/nvidia/ros2_catkin_ws/build/scout_nav2/build/lib/scout_nav2/costmap_2d.py -> /home/nvidia/ros2_catkin_ws/install/scout_nav2/lib/python3.8/site-packages/scout_nav2
copying /home/nvidia/ros2_catkin_ws/build/scout_nav2/build/lib/scout_nav2/footprint_collision_checker.py -> /home/nvidia/ros2_catkin_ws/install/scout_nav2/lib/python3.8/site-packages/scout_nav2
copying /home/nvidia/ros2_catkin_ws/build/scout_nav2/build/lib/scout_nav2/park_robot.py -> /home/nvidia/ros2_catkin_ws/install/scout_nav2/lib/python3.8/site-packages/scout_nav2
copying /home/nvidia/ros2_catkin_ws/build/scout_nav2/build/lib/scout_nav2/example_navigate_to_pose.py -> /home/nvidia/ros2_catkin_ws/install/scout_nav2/lib/python3.8/site-packages/scout_nav2
byte-compiling /home/nvidia/ros2_catkin_ws/install/scout_nav2/lib/python3.8/site-packages/scout_nav2/__init__.py to __init__.cpython-38.pyc
byte-compiling /home/nvidia/ros2_catkin_ws/install/scout_nav2/lib/python3.8/site-packages/scout_nav2/costmap_2d.py to costmap_2d.cpython-38.pyc
byte-compiling /home/nvidia/ros2_catkin_ws/install/scout_nav2/lib/python3.8/site-packages/scout_nav2/footprint_collision_checker.py to footprint_collision_checker.cpython-38.pyc
byte-compiling /home/nvidia/ros2_catkin_ws/install/scout_nav2/lib/python3.8/site-packages/scout_nav2/park_robot.py to park_robot.cpython-38.pyc
byte-compiling /home/nvidia/ros2_catkin_ws/install/scout_nav2/lib/python3.8/site-packages/scout_nav2/example_navigate_to_pose.py to example_navigate_to_pose.cpython-38.pyc
running install_data
running install_egg_info
Copying ../../../build/scout_nav2/scout_nav2.egg-info to /home/nvidia/ros2_catkin_ws/install/scout_nav2/lib/python3.8/site-packages/scout_nav2-1.0.0-py3.8.egg-info
running install_scripts
Installing example_navigate_to_pose script to /home/nvidia/ros2_catkin_ws/install/scout_nav2/lib/scout_nav2
Installing park_robot script to /home/nvidia/ros2_catkin_ws/install/scout_nav2/lib/scout_nav2
writing list of installed files to '/home/nvidia/ros2_catkin_ws/build/scout_nav2/install.log'
