[5.141s] Invoking command in '/home/nvidia/ros2_catkin_ws/build/scout_nav2': PYTHONPATH=/home/nvidia/ros2_catkin_ws/build/scout_nav2/prefix_override:/home/nvidia/ros2_catkin_ws/install/scout_nav2/lib/python3.8/site-packages:${PYTHONPATH} /usr/bin/python3 setup.py develop --uninstall --editable --build-directory /home/nvidia/ros2_catkin_ws/build/scout_nav2/build
[5.600s] running develop
[5.849s] Removing /home/nvidia/ros2_catkin_ws/install/scout_nav2/lib/python3.8/site-packages/scout-nav2.egg-link (link to .)
[6.048s] Invoked command in '/home/nvidia/ros2_catkin_ws/build/scout_nav2' returned '0': PYTHONPATH=/home/nvidia/ros2_catkin_ws/build/scout_nav2/prefix_override:/home/nvidia/ros2_catkin_ws/install/scout_nav2/lib/python3.8/site-packages:${PYTHONPATH} /usr/bin/python3 setup.py develop --uninstall --editable --build-directory /home/nvidia/ros2_catkin_ws/build/scout_nav2/build
[6.055s] Invoking command in '/home/nvidia/ros2_catkin_ws/src/scout_nav2/scout_nav2': PYTHONPATH=/home/nvidia/ros2_catkin_ws/build/scout_nav2/prefix_override:/home/nvidia/ros2_catkin_ws/install/scout_nav2/lib/python3.8/site-packages:${PYTHONPATH} /usr/bin/python3 setup.py egg_info --egg-base ../../../build/scout_nav2 build --build-base /home/nvidia/ros2_catkin_ws/build/scout_nav2/build install --record /home/nvidia/ros2_catkin_ws/build/scout_nav2/install.log --single-version-externally-managed
[6.454s] running egg_info
[6.456s] writing ../../../build/scout_nav2/scout_nav2.egg-info/PKG-INFO
[6.456s] writing dependency_links to ../../../build/scout_nav2/scout_nav2.egg-info/dependency_links.txt
[6.457s] writing entry points to ../../../build/scout_nav2/scout_nav2.egg-info/entry_points.txt
[6.457s] writing requirements to ../../../build/scout_nav2/scout_nav2.egg-info/requires.txt
[6.458s] writing top-level names to ../../../build/scout_nav2/scout_nav2.egg-info/top_level.txt
[6.513s] reading manifest file '../../../build/scout_nav2/scout_nav2.egg-info/SOURCES.txt'
[6.515s] writing manifest file '../../../build/scout_nav2/scout_nav2.egg-info/SOURCES.txt'
[6.516s] running build
[6.516s] running build_py
[6.516s] creating /home/nvidia/ros2_catkin_ws/build/scout_nav2/build
[6.516s] creating /home/nvidia/ros2_catkin_ws/build/scout_nav2/build/lib
[6.517s] creating /home/nvidia/ros2_catkin_ws/build/scout_nav2/build/lib/scout_nav2
[6.517s] copying scout_nav2/__init__.py -> /home/nvidia/ros2_catkin_ws/build/scout_nav2/build/lib/scout_nav2
[6.517s] copying scout_nav2/costmap_2d.py -> /home/nvidia/ros2_catkin_ws/build/scout_nav2/build/lib/scout_nav2
[6.517s] copying scout_nav2/footprint_collision_checker.py -> /home/nvidia/ros2_catkin_ws/build/scout_nav2/build/lib/scout_nav2
[6.517s] copying scout_nav2/park_robot.py -> /home/nvidia/ros2_catkin_ws/build/scout_nav2/build/lib/scout_nav2
[6.517s] copying scout_nav2/example_navigate_to_pose.py -> /home/nvidia/ros2_catkin_ws/build/scout_nav2/build/lib/scout_nav2
[6.517s] running install
[6.520s] running install_lib
[6.523s] creating /home/nvidia/ros2_catkin_ws/install/scout_nav2/lib/python3.8/site-packages/scout_nav2
[6.523s] copying /home/nvidia/ros2_catkin_ws/build/scout_nav2/build/lib/scout_nav2/__init__.py -> /home/nvidia/ros2_catkin_ws/install/scout_nav2/lib/python3.8/site-packages/scout_nav2
[6.523s] copying /home/nvidia/ros2_catkin_ws/build/scout_nav2/build/lib/scout_nav2/costmap_2d.py -> /home/nvidia/ros2_catkin_ws/install/scout_nav2/lib/python3.8/site-packages/scout_nav2
[6.523s] copying /home/nvidia/ros2_catkin_ws/build/scout_nav2/build/lib/scout_nav2/footprint_collision_checker.py -> /home/nvidia/ros2_catkin_ws/install/scout_nav2/lib/python3.8/site-packages/scout_nav2
[6.524s] copying /home/nvidia/ros2_catkin_ws/build/scout_nav2/build/lib/scout_nav2/park_robot.py -> /home/nvidia/ros2_catkin_ws/install/scout_nav2/lib/python3.8/site-packages/scout_nav2
[6.524s] copying /home/nvidia/ros2_catkin_ws/build/scout_nav2/build/lib/scout_nav2/example_navigate_to_pose.py -> /home/nvidia/ros2_catkin_ws/install/scout_nav2/lib/python3.8/site-packages/scout_nav2
[6.524s] byte-compiling /home/nvidia/ros2_catkin_ws/install/scout_nav2/lib/python3.8/site-packages/scout_nav2/__init__.py to __init__.cpython-38.pyc
[6.530s] byte-compiling /home/nvidia/ros2_catkin_ws/install/scout_nav2/lib/python3.8/site-packages/scout_nav2/costmap_2d.py to costmap_2d.cpython-38.pyc
[6.531s] byte-compiling /home/nvidia/ros2_catkin_ws/install/scout_nav2/lib/python3.8/site-packages/scout_nav2/footprint_collision_checker.py to footprint_collision_checker.cpython-38.pyc
[6.531s] byte-compiling /home/nvidia/ros2_catkin_ws/install/scout_nav2/lib/python3.8/site-packages/scout_nav2/park_robot.py to park_robot.cpython-38.pyc
[6.533s] byte-compiling /home/nvidia/ros2_catkin_ws/install/scout_nav2/lib/python3.8/site-packages/scout_nav2/example_navigate_to_pose.py to example_navigate_to_pose.cpython-38.pyc
[6.533s] running install_data
[6.536s] running install_egg_info
[6.541s] Copying ../../../build/scout_nav2/scout_nav2.egg-info to /home/nvidia/ros2_catkin_ws/install/scout_nav2/lib/python3.8/site-packages/scout_nav2-1.0.0-py3.8.egg-info
[6.541s] running install_scripts
[6.579s] Installing example_navigate_to_pose script to /home/nvidia/ros2_catkin_ws/install/scout_nav2/lib/scout_nav2
[6.580s] Installing park_robot script to /home/nvidia/ros2_catkin_ws/install/scout_nav2/lib/scout_nav2
[6.581s] writing list of installed files to '/home/nvidia/ros2_catkin_ws/build/scout_nav2/install.log'
[7.132s] Invoked command in '/home/nvidia/ros2_catkin_ws/src/scout_nav2/scout_nav2' returned '0': PYTHONPATH=/home/nvidia/ros2_catkin_ws/build/scout_nav2/prefix_override:/home/nvidia/ros2_catkin_ws/install/scout_nav2/lib/python3.8/site-packages:${PYTHONPATH} /usr/bin/python3 setup.py egg_info --egg-base ../../../build/scout_nav2 build --build-base /home/nvidia/ros2_catkin_ws/build/scout_nav2/build install --record /home/nvidia/ros2_catkin_ws/build/scout_nav2/install.log --single-version-externally-managed
