[3.159s] Invoking command in '/home/nvidia/ros2_catkin_ws/build/agilex_scout': CMAKE_PREFIX_PATH=${CMAKE_PREFIX_PATH}:/home/nvidia/ros2_catkin_ws/install/scout_nav2:/home/nvidia/ros2_catkin_ws/install/livox_frame_remap /usr/bin/cmake /home/nvidia/ros2_catkin_ws/src/scout_nav2/agilex_scout -DAMENT_CMAKE_SYMLINK_INSTALL=1 -DCMAKE_INSTALL_PREFIX=/home/nvidia/ros2_catkin_ws/install/agilex_scout
[4.022s] -- Found ament_cmake: 0.9.12 (/opt/ros/foxy/share/ament_cmake/cmake)
[4.023s] -- Using PYTHON_EXECUTABLE: /usr/bin/python3
[4.025s] -- Configuring incomplete, errors occurred!
[4.026s] See also "/home/nvidia/ros2_catkin_ws/build/agilex_scout/CMakeFiles/CMakeOutput.log".
[4.026s] Traceback (most recent call last):
[4.027s]   File "/opt/ros/foxy/share/ament_cmake_core/cmake/package_templates/templates_2_cmake.py", line 21, in <module>
[4.027s]     from ament_package.templates import get_environment_hook_template_path
[4.027s] ModuleNotFoundError: No module named 'ament_package'
[4.030s] CMake Error at /opt/ros/foxy/share/ament_cmake_core/cmake/ament_cmake_package_templates-extras.cmake:41 (message):
[4.031s]   execute_process(/usr/bin/python3
[4.031s]   /opt/ros/foxy/share/ament_cmake_core/cmake/package_templates/templates_2_cmake.py
[4.031s]   /home/nvidia/ros2_catkin_ws/build/agilex_scout/ament_cmake_package_templates/templates.cmake)
[4.031s]   returned error code 1
[4.032s] Call Stack (most recent call first):
[4.033s]   /opt/ros/foxy/share/ament_cmake_core/cmake/ament_cmake_coreConfig.cmake:41 (include)
[4.034s]   /opt/ros/foxy/share/ament_cmake/cmake/ament_cmake_export_dependencies-extras.cmake:15 (find_package)
[4.034s]   /opt/ros/foxy/share/ament_cmake/cmake/ament_cmakeConfig.cmake:41 (include)
[4.036s]   CMakeLists.txt:13 (find_package)
[4.037s] 
[4.037s] 
[4.086s] Invoked command in '/home/nvidia/ros2_catkin_ws/build/agilex_scout' returned '1': CMAKE_PREFIX_PATH=${CMAKE_PREFIX_PATH}:/home/nvidia/ros2_catkin_ws/install/scout_nav2:/home/nvidia/ros2_catkin_ws/install/livox_frame_remap /usr/bin/cmake /home/nvidia/ros2_catkin_ws/src/scout_nav2/agilex_scout -DAMENT_CMAKE_SYMLINK_INSTALL=1 -DCMAKE_INSTALL_PREFIX=/home/nvidia/ros2_catkin_ws/install/agilex_scout
