[2.302s] Invoking command in '/home/nvidia/ros2_catkin_ws/build/nav2_bringup_custom': CMAKE_PREFIX_PATH=${CMAKE_PREFIX_PATH}:/home/nvidia/ros2_catkin_ws/install/livox_frame_remap:/opt/ros/foxy /usr/bin/cmake /home/nvidia/ros2_catkin_ws/src/scout_nav2/nav2_bringup -DAMENT_CMAKE_SYMLINK_INSTALL=1 -DCMAKE_INSTALL_PREFIX=/home/nvidia/ros2_catkin_ws/install/nav2_bringup_custom
[2.405s] -- The C compiler identification is GNU 9.4.0
[2.502s] -- The CXX compiler identification is GNU 9.4.0
[2.518s] -- Check for working C compiler: /usr/bin/cc
[2.636s] -- Check for working C compiler: /usr/bin/cc -- works
[2.639s] -- Detecting C compiler ABI info
[2.781s] -- Detecting C compiler ABI info - done
[2.793s] -- Detecting C compile features
[2.793s] -- Detecting C compile features - done
[2.796s] -- Check for working CXX compiler: /usr/bin/c++
[2.963s] -- Check for working CXX compiler: /usr/bin/c++ -- works
[2.963s] -- Detecting CXX compiler ABI info
[3.133s] -- Detecting CXX compiler ABI info - done
[3.140s] -- Detecting CXX compile features
[3.141s] -- Detecting CXX compile features - done
[3.147s] -- Found ament_cmake: 0.9.12 (/opt/ros/foxy/share/ament_cmake/cmake)
[3.201s] -- Found PythonInterp: /usr/bin/python3 (found suitable version "3.8.10", minimum required is "3") 
[3.202s] -- Using PYTHON_EXECUTABLE: /usr/bin/python3
[3.527s] -- Override CMake install command with custom implementation using symlinks instead of copying resources
[3.573s] -- Found nav2_common: 0.4.7 (/opt/ros/foxy/share/nav2_common/cmake)
[3.576s] -- Found ament_lint_auto: 0.9.8 (/opt/ros/foxy/share/ament_lint_auto/cmake)
[3.749s] -- Added test 'copyright' to check source files copyright and LICENSE
[3.751s] -- Added test 'flake8' to check Python code syntax and style conventions
[3.752s] -- Added test 'lint_cmake' to check CMake code style
[3.753s] -- Added test 'pep257' to check Python code against some of the style conventions in PEP 257
[3.754s] -- Added test 'xmllint' to check XML markup files
[3.759s] -- Configuring done
[3.762s] -- Generating done
[3.764s] -- Build files have been written to: /home/nvidia/ros2_catkin_ws/build/nav2_bringup_custom
