[3.277s] Invoking command in '/home/nvidia/ros2_catkin_ws/build/depthimage_to_laserscan': CMAKE_PREFIX_PATH=${CMAKE_PREFIX_PATH}:/home/nvidia/ros2_catkin_ws/install/livox_frame_remap:/opt/ros/foxy /usr/bin/cmake /home/nvidia/ros2_catkin_ws/src/depthimage_to_laserscan -DAMENT_CMAKE_SYMLINK_INSTALL=1 -DCMAKE_INSTALL_PREFIX=/home/nvidia/ros2_catkin_ws/install/depthimage_to_laserscan
[4.824s] -- The C compiler identification is GNU 9.4.0
[4.824s] -- The CXX compiler identification is GNU 9.4.0
[4.824s] -- Check for working C compiler: /usr/bin/cc
[4.824s] -- Check for working C compiler: /usr/bin/cc -- works
[4.824s] -- Detecting C compiler ABI info
[4.824s] -- Detecting C compiler ABI info - done
[4.824s] -- Detecting C compile features
[4.824s] -- Detecting C compile features - done
[4.825s] -- Check for working CXX compiler: /usr/bin/c++
[4.825s] -- Check for working CXX compiler: /usr/bin/c++ -- works
[4.825s] -- Detecting CXX compiler ABI info
[4.825s] -- Detecting CXX compiler ABI info - done
[4.825s] -- Detecting CXX compile features
[4.825s] -- Detecting CXX compile features - done
[4.825s] -- Found ament_cmake_ros: 0.9.2 (/opt/ros/foxy/share/ament_cmake_ros/cmake)
[4.825s] -- Found PythonInterp: /usr/bin/python3 (found suitable version "3.8.10", minimum required is "3") 
[4.825s] -- Using PYTHON_EXECUTABLE: /usr/bin/python3
[4.825s] -- Override CMake install command with custom implementation using symlinks instead of copying resources
[4.825s] -- Found image_geometry: 3.0.7 (/opt/ros/foxy/share/image_geometry/cmake)
[4.826s] -- Found OpenCV: /usr (found version "4.2.0") 
[4.826s] -- Found rclcpp: 2.4.3 (/opt/ros/foxy/share/rclcpp/cmake)
[4.826s] -- Using all available rosidl_typesupport_c: rosidl_typesupport_fastrtps_c;rosidl_typesupport_introspection_c
[4.826s] -- Found rosidl_adapter: 1.3.1 (/opt/ros/foxy/share/rosidl_adapter/cmake)
[4.828s] -- Found OpenSSL: /usr/lib/aarch64-linux-gnu/libcrypto.so (found version "1.1.1f")  
[4.846s] -- Found FastRTPS: /opt/ros/foxy/include  
[4.996s] -- Using all available rosidl_typesupport_cpp: rosidl_typesupport_fastrtps_cpp;rosidl_typesupport_introspection_cpp
[5.095s] -- Found rmw_implementation_cmake: 1.0.4 (/opt/ros/foxy/share/rmw_implementation_cmake/cmake)
[5.099s] -- Using RMW implementation 'rmw_fastrtps_cpp' as default
[5.102s] -- Looking for pthread.h
[5.253s] -- Looking for pthread.h - found
[5.253s] -- Performing Test CMAKE_HAVE_LIBC_PTHREAD
[5.396s] -- Performing Test CMAKE_HAVE_LIBC_PTHREAD - Failed
[5.397s] -- Looking for pthread_create in pthreads
[5.517s] -- Looking for pthread_create in pthreads - not found
[5.517s] -- Looking for pthread_create in pthread
[5.664s] -- Looking for pthread_create in pthread - found
[5.665s] -- Found Threads: TRUE  
[5.953s] -- Found rclcpp_components: 2.4.3 (/opt/ros/foxy/share/rclcpp_components/cmake)
[6.059s] -- Found sensor_msgs: 2.0.5 (/opt/ros/foxy/share/sensor_msgs/cmake)
[6.254s] -- Performing Test COMPILER_HAS_HIDDEN_VISIBILITY
[6.385s] -- Performing Test COMPILER_HAS_HIDDEN_VISIBILITY - Success
[6.385s] -- Performing Test COMPILER_HAS_HIDDEN_INLINE_VISIBILITY
[6.514s] -- Performing Test COMPILER_HAS_HIDDEN_INLINE_VISIBILITY - Success
[6.515s] -- Performing Test COMPILER_HAS_DEPRECATED_ATTR
[6.648s] -- Performing Test COMPILER_HAS_DEPRECATED_ATTR - Success
[6.660s] -- Found gtest sources under '/opt/ros/foxy/src/gtest_vendor': C++ tests using 'Google Test' will be built
[6.663s] -- Check if compiler accepts -pthread
[6.787s] -- Check if compiler accepts -pthread - yes
[6.909s] -- Configuring done
[6.962s] -- Generating done
[6.965s] -- Build files have been written to: /home/nvidia/ros2_catkin_ws/build/depthimage_to_laserscan
