[2.004s] Invoking command in '/home/nvidia/ros2_catkin_ws/build/deliverybot_description': CMAKE_PREFIX_PATH=${CMAKE_PREFIX_PATH}:/home/nvidia/ros2_catkin_ws/install/scout_nav2:/home/nvidia/ros2_catkin_ws/install/livox_frame_remap /usr/bin/cmake /home/nvidia/ros2_catkin_ws/src/deliverybot_description -DAMENT_CMAKE_SYMLINK_INSTALL=1 -DCMAKE_INSTALL_PREFIX=/home/nvidia/ros2_catkin_ws/install/deliverybot_description
[2.852s] -- Found ament_cmake: 0.9.12 (/opt/ros/foxy/share/ament_cmake/cmake)
[2.853s] -- Using PYTHON_EXECUTABLE: /usr/bin/python3
[2.853s] -- Configuring incomplete, errors occurred!
[2.854s] See also "/home/nvidia/ros2_catkin_ws/build/deliverybot_description/CMakeFiles/CMakeOutput.log".
[2.856s] Traceback (most recent call last):
[2.857s]   File "/opt/ros/foxy/share/ament_cmake_core/cmake/package_templates/templates_2_cmake.py", line 21, in <module>
[2.857s]     from ament_package.templates import get_environment_hook_template_path
[2.858s] ModuleNotFoundError: No module named 'ament_package'
[2.858s] CMake Error at /opt/ros/foxy/share/ament_cmake_core/cmake/ament_cmake_package_templates-extras.cmake:41 (message):
[2.859s]   execute_process(/usr/bin/python3
[2.859s]   /opt/ros/foxy/share/ament_cmake_core/cmake/package_templates/templates_2_cmake.py
[2.859s]   /home/nvidia/ros2_catkin_ws/build/deliverybot_description/ament_cmake_package_templates/templates.cmake)
[2.860s]   returned error code 1
[2.863s] Call Stack (most recent call first):
[2.864s]   /opt/ros/foxy/share/ament_cmake_core/cmake/ament_cmake_coreConfig.cmake:41 (include)
[2.864s]   /opt/ros/foxy/share/ament_cmake/cmake/ament_cmake_export_dependencies-extras.cmake:15 (find_package)
[2.864s]   /opt/ros/foxy/share/ament_cmake/cmake/ament_cmakeConfig.cmake:41 (include)
[2.865s]   CMakeLists.txt:19 (find_package)
[2.865s] 
[2.866s] 
[2.888s] Invoked command in '/home/nvidia/ros2_catkin_ws/build/deliverybot_description' returned '1': CMAKE_PREFIX_PATH=${CMAKE_PREFIX_PATH}:/home/nvidia/ros2_catkin_ws/install/scout_nav2:/home/nvidia/ros2_catkin_ws/install/livox_frame_remap /usr/bin/cmake /home/nvidia/ros2_catkin_ws/src/deliverybot_description -DAMENT_CMAKE_SYMLINK_INSTALL=1 -DCMAKE_INSTALL_PREFIX=/home/nvidia/ros2_catkin_ws/install/deliverybot_description
