[2.423s] Invoking command in '/home/nvidia/ros2_catkin_ws/build/pointcloud_to_laserscan': CMAKE_PREFIX_PATH=${CMAKE_PREFIX_PATH}:/home/nvidia/ros2_catkin_ws/install/scout_nav2:/home/nvidia/ros2_catkin_ws/install/livox_frame_remap:/opt/ros/foxy /usr/bin/cmake /home/nvidia/ros2_catkin_ws/src/pointcloud_to_laserscan -DCMAKE_INSTALL_PREFIX=/home/nvidia/ros2_catkin_ws/install/pointcloud_to_laserscan
[3.757s] -- Found ament_cmake: 0.9.12 (/opt/ros/foxy/share/ament_cmake/cmake)
[3.758s] -- Using PYTHON_EXECUTABLE: /usr/bin/python3
[3.758s] -- Override CMake install command with custom implementation using symlinks instead of copying resources
[3.758s] -- Found laser_geometry: 2.2.0 (/opt/ros/foxy/share/laser_geometry/cmake)
[3.758s] -- Found message_filters: 3.2.7 (/opt/ros/foxy/share/message_filters/cmake)
[3.758s] -- Found rclcpp: 2.4.3 (/opt/ros/foxy/share/rclcpp/cmake)
[3.759s] -- Using all available rosidl_typesupport_c: rosidl_typesupport_fastrtps_c;rosidl_typesupport_introspection_c
[3.759s] -- Found rosidl_adapter: 1.3.1 (/opt/ros/foxy/share/rosidl_adapter/cmake)
[3.759s] -- Using all available rosidl_typesupport_cpp: rosidl_typesupport_fastrtps_cpp;rosidl_typesupport_introspection_cpp
[3.759s] -- Found rmw_implementation_cmake: 1.0.4 (/opt/ros/foxy/share/rmw_implementation_cmake/cmake)
[3.759s] -- Using RMW implementation 'rmw_fastrtps_cpp' as default
[3.759s] -- Found rclcpp_components: 2.4.3 (/opt/ros/foxy/share/rclcpp_components/cmake)
[3.759s] -- Found sensor_msgs: 2.0.5 (/opt/ros/foxy/share/sensor_msgs/cmake)
[3.794s] -- Found tf2: 0.13.14 (/opt/ros/foxy/share/tf2/cmake)
[3.808s] -- Found tf2_ros: 0.13.14 (/opt/ros/foxy/share/tf2_ros/cmake)
[4.207s] -- Found tf2_sensor_msgs: 0.13.14 (/opt/ros/foxy/share/tf2_sensor_msgs/cmake)
[4.280s] -- Found ament_lint_auto: 0.9.8 (/opt/ros/foxy/share/ament_lint_auto/cmake)
[4.450s] -- Added test 'cppcheck' to perform static code analysis on C / C++ code
[4.450s] -- Configured cppcheck include dirs: /home/nvidia/ros2_catkin_ws/src/pointcloud_to_laserscan/include
[4.450s] -- Configured cppcheck exclude dirs and/or files: 
[4.476s] -- Added test 'cpplint' to check C / C++ code against the Google style
[4.476s] -- Configured cpplint exclude dirs and/or files: 
[4.480s] -- Added test 'flake8' to check Python code syntax and style conventions
[4.488s] -- Added test 'lint_cmake' to check CMake code style
[4.493s] -- Added test 'pep257' to check Python code against some of the style conventions in PEP 257
[4.519s] -- Added test 'uncrustify' to check C / C++ code style
[4.520s] -- Configured uncrustify additional arguments: 
[4.523s] -- Added test 'xmllint' to check XML markup files
[4.531s] -- Configuring done
[4.601s] -- Generating done
[4.606s] -- Build files have been written to: /home/nvidia/ros2_catkin_ws/build/pointcloud_to_laserscan
[4.992s] Invoked command in '/home/nvidia/ros2_catkin_ws/build/pointcloud_to_laserscan' returned '0': CMAKE_PREFIX_PATH=${CMAKE_PREFIX_PATH}:/home/nvidia/ros2_catkin_ws/install/scout_nav2:/home/nvidia/ros2_catkin_ws/install/livox_frame_remap:/opt/ros/foxy /usr/bin/cmake /home/nvidia/ros2_catkin_ws/src/pointcloud_to_laserscan -DCMAKE_INSTALL_PREFIX=/home/nvidia/ros2_catkin_ws/install/pointcloud_to_laserscan
[5.000s] Invoking command in '/home/nvidia/ros2_catkin_ws/build/pointcloud_to_laserscan': CMAKE_PREFIX_PATH=${CMAKE_PREFIX_PATH}:/home/nvidia/ros2_catkin_ws/install/scout_nav2:/home/nvidia/ros2_catkin_ws/install/livox_frame_remap:/opt/ros/foxy /usr/bin/cmake --build /home/nvidia/ros2_catkin_ws/build/pointcloud_to_laserscan -- -j8 -l8
[5.189s] [ 20%] Built target pointcloud_to_laserscan_node
[5.221s] [ 40%] Built target laserscan_to_pointcloud_node
[5.222s] [ 60%] Built target laserscan_to_pointcloud
[5.228s] [ 80%] Built target dummy_pointcloud_publisher
[5.231s] [100%] Built target pointcloud_to_laserscan
[5.822s] Invoked command in '/home/nvidia/ros2_catkin_ws/build/pointcloud_to_laserscan' returned '0': CMAKE_PREFIX_PATH=${CMAKE_PREFIX_PATH}:/home/nvidia/ros2_catkin_ws/install/scout_nav2:/home/nvidia/ros2_catkin_ws/install/livox_frame_remap:/opt/ros/foxy /usr/bin/cmake --build /home/nvidia/ros2_catkin_ws/build/pointcloud_to_laserscan -- -j8 -l8
[5.926s] Invoking command in '/home/nvidia/ros2_catkin_ws/build/pointcloud_to_laserscan': CMAKE_PREFIX_PATH=${CMAKE_PREFIX_PATH}:/home/nvidia/ros2_catkin_ws/install/scout_nav2:/home/nvidia/ros2_catkin_ws/install/livox_frame_remap:/opt/ros/foxy /usr/bin/cmake --install /home/nvidia/ros2_catkin_ws/build/pointcloud_to_laserscan
[5.949s] -- Install configuration: ""
[5.951s] -- Execute custom install script
[5.951s] -- Up-to-date symlink: /home/nvidia/ros2_catkin_ws/install/pointcloud_to_laserscan/lib/pointcloud_to_laserscan/laserscan_to_pointcloud_node
[5.952s] -- Up-to-date symlink: /home/nvidia/ros2_catkin_ws/install/pointcloud_to_laserscan/lib/pointcloud_to_laserscan/pointcloud_to_laserscan_node
[5.953s] -- Up-to-date symlink: /home/nvidia/ros2_catkin_ws/install/pointcloud_to_laserscan/lib/liblaserscan_to_pointcloud.so
[5.953s] -- Up-to-date symlink: /home/nvidia/ros2_catkin_ws/install/pointcloud_to_laserscan/lib/libpointcloud_to_laserscan.so
[5.954s] -- Up-to-date symlink: /home/nvidia/ros2_catkin_ws/install/pointcloud_to_laserscan/lib/pointcloud_to_laserscan/dummy_pointcloud_publisher
[5.954s] -- Up-to-date symlink: /home/nvidia/ros2_catkin_ws/install/pointcloud_to_laserscan/include/include/pointcloud_to_laserscan/laserscan_to_pointcloud_node.hpp
[5.955s] -- Up-to-date symlink: /home/nvidia/ros2_catkin_ws/install/pointcloud_to_laserscan/include/include/pointcloud_to_laserscan/pointcloud_to_laserscan_node.hpp
[5.955s] -- Up-to-date symlink: /home/nvidia/ros2_catkin_ws/install/pointcloud_to_laserscan/include/include/pointcloud_to_laserscan/visibility_control.h
[5.956s] -- Up-to-date symlink: /home/nvidia/ros2_catkin_ws/install/pointcloud_to_laserscan/share/pointcloud_to_laserscan/launch/livox_pointcloud_to_laserscan_launch.py
[5.956s] -- Up-to-date symlink: /home/nvidia/ros2_catkin_ws/install/pointcloud_to_laserscan/share/pointcloud_to_laserscan/launch/sample_laserscan_to_pointcloud_launch.py
[5.956s] -- Up-to-date symlink: /home/nvidia/ros2_catkin_ws/install/pointcloud_to_laserscan/share/pointcloud_to_laserscan/launch/sample_pointcloud_to_laserscan_launch.py
[5.957s] -- Up-to-date symlink: /home/nvidia/ros2_catkin_ws/install/pointcloud_to_laserscan/share/ament_index/resource_index/package_run_dependencies/pointcloud_to_laserscan
[5.957s] -- Up-to-date symlink: /home/nvidia/ros2_catkin_ws/install/pointcloud_to_laserscan/share/ament_index/resource_index/parent_prefix_path/pointcloud_to_laserscan
[5.958s] -- Up-to-date symlink: /home/nvidia/ros2_catkin_ws/install/pointcloud_to_laserscan/share/pointcloud_to_laserscan/environment/ament_prefix_path.sh
[5.959s] -- Up-to-date symlink: /home/nvidia/ros2_catkin_ws/install/pointcloud_to_laserscan/share/pointcloud_to_laserscan/environment/ament_prefix_path.dsv
[5.959s] -- Up-to-date symlink: /home/nvidia/ros2_catkin_ws/install/pointcloud_to_laserscan/share/pointcloud_to_laserscan/environment/path.sh
[5.961s] -- Up-to-date symlink: /home/nvidia/ros2_catkin_ws/install/pointcloud_to_laserscan/share/pointcloud_to_laserscan/environment/path.dsv
[5.962s] -- Up-to-date symlink: /home/nvidia/ros2_catkin_ws/install/pointcloud_to_laserscan/share/pointcloud_to_laserscan/local_setup.bash
[5.963s] -- Up-to-date symlink: /home/nvidia/ros2_catkin_ws/install/pointcloud_to_laserscan/share/pointcloud_to_laserscan/local_setup.sh
[5.963s] -- Up-to-date symlink: /home/nvidia/ros2_catkin_ws/install/pointcloud_to_laserscan/share/pointcloud_to_laserscan/local_setup.zsh
[5.964s] -- Up-to-date symlink: /home/nvidia/ros2_catkin_ws/install/pointcloud_to_laserscan/share/pointcloud_to_laserscan/local_setup.dsv
[5.965s] -- Symlinking: /home/nvidia/ros2_catkin_ws/install/pointcloud_to_laserscan/share/pointcloud_to_laserscan/package.dsv
[5.985s] -- Up-to-date symlink: /home/nvidia/ros2_catkin_ws/install/pointcloud_to_laserscan/share/ament_index/resource_index/packages/pointcloud_to_laserscan
[5.986s] -- Up-to-date symlink: /home/nvidia/ros2_catkin_ws/install/pointcloud_to_laserscan/share/ament_index/resource_index/rclcpp_components/pointcloud_to_laserscan
[5.986s] -- Up-to-date symlink: /home/nvidia/ros2_catkin_ws/install/pointcloud_to_laserscan/share/pointcloud_to_laserscan/cmake/pointcloud_to_laserscanConfig.cmake
[5.986s] -- Up-to-date symlink: /home/nvidia/ros2_catkin_ws/install/pointcloud_to_laserscan/share/pointcloud_to_laserscan/cmake/pointcloud_to_laserscanConfig-version.cmake
[5.986s] -- Up-to-date symlink: /home/nvidia/ros2_catkin_ws/install/pointcloud_to_laserscan/share/pointcloud_to_laserscan/package.xml
[5.992s] Invoked command in '/home/nvidia/ros2_catkin_ws/build/pointcloud_to_laserscan' returned '0': CMAKE_PREFIX_PATH=${CMAKE_PREFIX_PATH}:/home/nvidia/ros2_catkin_ws/install/scout_nav2:/home/nvidia/ros2_catkin_ws/install/livox_frame_remap:/opt/ros/foxy /usr/bin/cmake --install /home/nvidia/ros2_catkin_ws/build/pointcloud_to_laserscan
