running develop
Removing /home/nvidia/ros2_catkin_ws/install/livox_frame_remap/lib/python3.8/site-packages/livox-frame-remap.egg-link (link to .)
running egg_info
writing ../../build/livox_frame_remap/livox_frame_remap.egg-info/PKG-INFO
writing dependency_links to ../../build/livox_frame_remap/livox_frame_remap.egg-info/dependency_links.txt
writing entry points to ../../build/livox_frame_remap/livox_frame_remap.egg-info/entry_points.txt
writing requirements to ../../build/livox_frame_remap/livox_frame_remap.egg-info/requires.txt
writing top-level names to ../../build/livox_frame_remap/livox_frame_remap.egg-info/top_level.txt
reading manifest file '../../build/livox_frame_remap/livox_frame_remap.egg-info/SOURCES.txt'
writing manifest file '../../build/livox_frame_remap/livox_frame_remap.egg-info/SOURCES.txt'
running build
running build_py
creating /home/nvidia/ros2_catkin_ws/build/livox_frame_remap/build
creating /home/nvidia/ros2_catkin_ws/build/livox_frame_remap/build/lib
creating /home/nvidia/ros2_catkin_ws/build/livox_frame_remap/build/lib/livox_frame_remap
copying livox_frame_remap/__init__.py -> /home/nvidia/ros2_catkin_ws/build/livox_frame_remap/build/lib/livox_frame_remap
copying livox_frame_remap/livox_frame_remap_node.py -> /home/nvidia/ros2_catkin_ws/build/livox_frame_remap/build/lib/livox_frame_remap
copying livox_frame_remap/livox_frame_remapping.py -> /home/nvidia/ros2_catkin_ws/build/livox_frame_remap/build/lib/livox_frame_remap
running install
running install_lib
creating /home/nvidia/ros2_catkin_ws/install/livox_frame_remap/lib/python3.8/site-packages/livox_frame_remap
copying /home/nvidia/ros2_catkin_ws/build/livox_frame_remap/build/lib/livox_frame_remap/__init__.py -> /home/nvidia/ros2_catkin_ws/install/livox_frame_remap/lib/python3.8/site-packages/livox_frame_remap
copying /home/nvidia/ros2_catkin_ws/build/livox_frame_remap/build/lib/livox_frame_remap/livox_frame_remap_node.py -> /home/nvidia/ros2_catkin_ws/install/livox_frame_remap/lib/python3.8/site-packages/livox_frame_remap
copying /home/nvidia/ros2_catkin_ws/build/livox_frame_remap/build/lib/livox_frame_remap/livox_frame_remapping.py -> /home/nvidia/ros2_catkin_ws/install/livox_frame_remap/lib/python3.8/site-packages/livox_frame_remap
byte-compiling /home/nvidia/ros2_catkin_ws/install/livox_frame_remap/lib/python3.8/site-packages/livox_frame_remap/__init__.py to __init__.cpython-38.pyc
byte-compiling /home/nvidia/ros2_catkin_ws/install/livox_frame_remap/lib/python3.8/site-packages/livox_frame_remap/livox_frame_remap_node.py to livox_frame_remap_node.cpython-38.pyc
byte-compiling /home/nvidia/ros2_catkin_ws/install/livox_frame_remap/lib/python3.8/site-packages/livox_frame_remap/livox_frame_remapping.py to livox_frame_remapping.cpython-38.pyc
running install_data
running install_egg_info
Copying ../../build/livox_frame_remap/livox_frame_remap.egg-info to /home/nvidia/ros2_catkin_ws/install/livox_frame_remap/lib/python3.8/site-packages/livox_frame_remap-0.0.0-py3.8.egg-info
running install_scripts
Installing livox_frame_remap_node script to /home/nvidia/ros2_catkin_ws/install/livox_frame_remap/lib/livox_frame_remap
writing list of installed files to '/home/nvidia/ros2_catkin_ws/build/livox_frame_remap/install.log'
