[3.435s] Invoking command in '/home/nvidia/ros2_catkin_ws/build/deliverybot_description': CMAKE_PREFIX_PATH=${CMAKE_PREFIX_PATH}:/home/nvidia/ros2_catkin_ws/install/scout_nav2:/home/nvidia/ros2_catkin_ws/install/livox_frame_remap:/opt/ros/foxy /usr/bin/cmake /home/nvidia/ros2_catkin_ws/src/deliverybot_description -DCMAKE_INSTALL_PREFIX=/home/nvidia/ros2_catkin_ws/install/deliverybot_description
[4.670s] -- Found ament_cmake: 0.9.12 (/opt/ros/foxy/share/ament_cmake/cmake)
[4.670s] -- Using PYTHON_EXECUTABLE: /usr/bin/python3
[4.670s] -- Override CMake install command with custom implementation using symlinks instead of copying resources
[4.671s] -- Found ament_lint_auto: 0.9.8 (/opt/ros/foxy/share/ament_lint_auto/cmake)
[4.671s] -- Added test 'copyright' to check source files copyright and LICENSE
[4.671s] -- Added test 'flake8' to check Python code syntax and style conventions
[4.672s] -- Added test 'lint_cmake' to check CMake code style
[4.672s] -- Added test 'pep257' to check Python code against some of the style conventions in PEP 257
[4.672s] -- Added test 'xmllint' to check XML markup files
[4.672s] -- Configuring done
[4.673s] -- Generating done
[4.673s] -- Build files have been written to: /home/nvidia/ros2_catkin_ws/build/deliverybot_description
[4.715s] Invoked command in '/home/nvidia/ros2_catkin_ws/build/deliverybot_description' returned '0': CMAKE_PREFIX_PATH=${CMAKE_PREFIX_PATH}:/home/nvidia/ros2_catkin_ws/install/scout_nav2:/home/nvidia/ros2_catkin_ws/install/livox_frame_remap:/opt/ros/foxy /usr/bin/cmake /home/nvidia/ros2_catkin_ws/src/deliverybot_description -DCMAKE_INSTALL_PREFIX=/home/nvidia/ros2_catkin_ws/install/deliverybot_description
[4.716s] Invoking command in '/home/nvidia/ros2_catkin_ws/build/deliverybot_description': CMAKE_PREFIX_PATH=${CMAKE_PREFIX_PATH}:/home/nvidia/ros2_catkin_ws/install/scout_nav2:/home/nvidia/ros2_catkin_ws/install/livox_frame_remap:/opt/ros/foxy /usr/bin/cmake --build /home/nvidia/ros2_catkin_ws/build/deliverybot_description -- -j8 -l8
[4.824s] Invoked command in '/home/nvidia/ros2_catkin_ws/build/deliverybot_description' returned '0': CMAKE_PREFIX_PATH=${CMAKE_PREFIX_PATH}:/home/nvidia/ros2_catkin_ws/install/scout_nav2:/home/nvidia/ros2_catkin_ws/install/livox_frame_remap:/opt/ros/foxy /usr/bin/cmake --build /home/nvidia/ros2_catkin_ws/build/deliverybot_description -- -j8 -l8
[4.926s] Invoking command in '/home/nvidia/ros2_catkin_ws/build/deliverybot_description': CMAKE_PREFIX_PATH=${CMAKE_PREFIX_PATH}:/home/nvidia/ros2_catkin_ws/install/scout_nav2:/home/nvidia/ros2_catkin_ws/install/livox_frame_remap:/opt/ros/foxy /usr/bin/cmake --install /home/nvidia/ros2_catkin_ws/build/deliverybot_description
[4.990s] -- Install configuration: ""
[4.998s] -- Execute custom install script
[4.998s] -- Up-to-date symlink: /home/nvidia/ros2_catkin_ws/install/deliverybot_description/share/deliverybot_description/config/ball_tracker_params_robot.yaml
[4.998s] -- Up-to-date symlink: /home/nvidia/ros2_catkin_ws/install/deliverybot_description/share/deliverybot_description/config/ball_tracker_params_sim.yaml
[4.999s] -- Up-to-date symlink: /home/nvidia/ros2_catkin_ws/install/deliverybot_description/share/deliverybot_description/config/drive_bot.rviz
[4.999s] -- Up-to-date symlink: /home/nvidia/ros2_catkin_ws/install/deliverybot_description/share/deliverybot_description/config/empty.yaml
[4.999s] -- Up-to-date symlink: /home/nvidia/ros2_catkin_ws/install/deliverybot_description/share/deliverybot_description/config/gaz_ros2_ctl_use_sim.yaml
[4.999s] -- Up-to-date symlink: /home/nvidia/ros2_catkin_ws/install/deliverybot_description/share/deliverybot_description/config/gazebo_params.yaml
[4.999s] -- Up-to-date symlink: /home/nvidia/ros2_catkin_ws/install/deliverybot_description/share/deliverybot_description/config/joystick.yaml
[4.999s] -- Up-to-date symlink: /home/nvidia/ros2_catkin_ws/install/deliverybot_description/share/deliverybot_description/config/main.rviz
[4.999s] -- Up-to-date symlink: /home/nvidia/ros2_catkin_ws/install/deliverybot_description/share/deliverybot_description/config/map.rviz
[4.999s] -- Up-to-date symlink: /home/nvidia/ros2_catkin_ws/install/deliverybot_description/share/deliverybot_description/config/mapper_params_online_async.yaml
[4.999s] -- Up-to-date symlink: /home/nvidia/ros2_catkin_ws/install/deliverybot_description/share/deliverybot_description/config/my_controllers.yaml
[5.000s] -- Up-to-date symlink: /home/nvidia/ros2_catkin_ws/install/deliverybot_description/share/deliverybot_description/config/nav2_params.yaml
[5.000s] -- Up-to-date symlink: /home/nvidia/ros2_catkin_ws/install/deliverybot_description/share/deliverybot_description/config/twist_mux.yaml
[5.000s] -- Up-to-date symlink: /home/nvidia/ros2_catkin_ws/install/deliverybot_description/share/deliverybot_description/config/view_bot.rviz
[5.000s] -- Up-to-date symlink: /home/nvidia/ros2_catkin_ws/install/deliverybot_description/share/deliverybot_description/description/camera.xacro
[5.000s] -- Up-to-date symlink: /home/nvidia/ros2_catkin_ws/install/deliverybot_description/share/deliverybot_description/description/common_properties.xacro
[5.001s] -- Up-to-date symlink: /home/nvidia/ros2_catkin_ws/install/deliverybot_description/share/deliverybot_description/description/deliverybot.urdf.xacro
[5.001s] -- Up-to-date symlink: /home/nvidia/ros2_catkin_ws/install/deliverybot_description/share/deliverybot_description/description/deliverybot_core.xacro
[5.001s] -- Up-to-date symlink: /home/nvidia/ros2_catkin_ws/install/deliverybot_description/share/deliverybot_description/description/depth_camera.xacro
[5.001s] -- Up-to-date symlink: /home/nvidia/ros2_catkin_ws/install/deliverybot_description/share/deliverybot_description/description/face.xacro
[5.001s] -- Up-to-date symlink: /home/nvidia/ros2_catkin_ws/install/deliverybot_description/share/deliverybot_description/description/gazebo_control.xacro
[5.002s] -- Up-to-date symlink: /home/nvidia/ros2_catkin_ws/install/deliverybot_description/share/deliverybot_description/description/inertial_macros.xacro
[5.002s] -- Up-to-date symlink: /home/nvidia/ros2_catkin_ws/install/deliverybot_description/share/deliverybot_description/description/lidar.xacro
[5.002s] -- Up-to-date symlink: /home/nvidia/ros2_catkin_ws/install/deliverybot_description/share/deliverybot_description/description/robot.urdf.xacro
[5.002s] -- Up-to-date symlink: /home/nvidia/ros2_catkin_ws/install/deliverybot_description/share/deliverybot_description/description/robot_core.xacro
[5.002s] -- Up-to-date symlink: /home/nvidia/ros2_catkin_ws/install/deliverybot_description/share/deliverybot_description/description/ros2_control.xacro
[5.009s] -- Up-to-date symlink: /home/nvidia/ros2_catkin_ws/install/deliverybot_description/share/deliverybot_description/launch/ball_tracker.launch.py
[5.009s] -- Up-to-date symlink: /home/nvidia/ros2_catkin_ws/install/deliverybot_description/share/deliverybot_description/launch/camera.launch.py
[5.010s] -- Up-to-date symlink: /home/nvidia/ros2_catkin_ws/install/deliverybot_description/share/deliverybot_description/launch/joystick.launch.py
[5.010s] -- Up-to-date symlink: /home/nvidia/ros2_catkin_ws/install/deliverybot_description/share/deliverybot_description/launch/launch_deliverybot.launch.py
[5.014s] -- Up-to-date symlink: /home/nvidia/ros2_catkin_ws/install/deliverybot_description/share/deliverybot_description/launch/launch_robot.launch.py
[5.015s] -- Up-to-date symlink: /home/nvidia/ros2_catkin_ws/install/deliverybot_description/share/deliverybot_description/launch/launch_sim.launch.py
[5.015s] -- Up-to-date symlink: /home/nvidia/ros2_catkin_ws/install/deliverybot_description/share/deliverybot_description/launch/localization_launch.py
[5.015s] -- Up-to-date symlink: /home/nvidia/ros2_catkin_ws/install/deliverybot_description/share/deliverybot_description/launch/navigation_launch.py
[5.015s] -- Up-to-date symlink: /home/nvidia/ros2_catkin_ws/install/deliverybot_description/share/deliverybot_description/launch/online_async_launch.py
[5.016s] -- Up-to-date symlink: /home/nvidia/ros2_catkin_ws/install/deliverybot_description/share/deliverybot_description/launch/rplidar.launch.py
[5.016s] -- Up-to-date symlink: /home/nvidia/ros2_catkin_ws/install/deliverybot_description/share/deliverybot_description/launch/rsp.launch.py
[5.016s] -- Up-to-date symlink: /home/nvidia/ros2_catkin_ws/install/deliverybot_description/share/deliverybot_description/worlds/empty.world
[5.016s] -- Up-to-date symlink: /home/nvidia/ros2_catkin_ws/install/deliverybot_description/share/deliverybot_description/worlds/obstacles.world
[5.016s] -- Up-to-date symlink: /home/nvidia/ros2_catkin_ws/install/deliverybot_description/share/ament_index/resource_index/package_run_dependencies/deliverybot_description
[5.017s] -- Up-to-date symlink: /home/nvidia/ros2_catkin_ws/install/deliverybot_description/share/ament_index/resource_index/parent_prefix_path/deliverybot_description
[5.017s] -- Up-to-date symlink: /home/nvidia/ros2_catkin_ws/install/deliverybot_description/share/deliverybot_description/environment/ament_prefix_path.sh
[5.018s] -- Up-to-date symlink: /home/nvidia/ros2_catkin_ws/install/deliverybot_description/share/deliverybot_description/environment/ament_prefix_path.dsv
[5.019s] -- Up-to-date symlink: /home/nvidia/ros2_catkin_ws/install/deliverybot_description/share/deliverybot_description/environment/path.sh
[5.019s] -- Up-to-date symlink: /home/nvidia/ros2_catkin_ws/install/deliverybot_description/share/deliverybot_description/environment/path.dsv
[5.020s] -- Up-to-date symlink: /home/nvidia/ros2_catkin_ws/install/deliverybot_description/share/deliverybot_description/local_setup.bash
[5.021s] -- Up-to-date symlink: /home/nvidia/ros2_catkin_ws/install/deliverybot_description/share/deliverybot_description/local_setup.sh
[5.022s] -- Up-to-date symlink: /home/nvidia/ros2_catkin_ws/install/deliverybot_description/share/deliverybot_description/local_setup.zsh
[5.022s] -- Up-to-date symlink: /home/nvidia/ros2_catkin_ws/install/deliverybot_description/share/deliverybot_description/local_setup.dsv
[5.022s] -- Symlinking: /home/nvidia/ros2_catkin_ws/install/deliverybot_description/share/deliverybot_description/package.dsv
[5.041s] -- Up-to-date symlink: /home/nvidia/ros2_catkin_ws/install/deliverybot_description/share/ament_index/resource_index/packages/deliverybot_description
[5.042s] -- Up-to-date symlink: /home/nvidia/ros2_catkin_ws/install/deliverybot_description/share/deliverybot_description/cmake/deliverybot_descriptionConfig.cmake
[5.042s] -- Up-to-date symlink: /home/nvidia/ros2_catkin_ws/install/deliverybot_description/share/deliverybot_description/cmake/deliverybot_descriptionConfig-version.cmake
[5.042s] -- Up-to-date symlink: /home/nvidia/ros2_catkin_ws/install/deliverybot_description/share/deliverybot_description/package.xml
[6.564s] Invoked command in '/home/nvidia/ros2_catkin_ws/build/deliverybot_description' returned '0': CMAKE_PREFIX_PATH=${CMAKE_PREFIX_PATH}:/home/nvidia/ros2_catkin_ws/install/scout_nav2:/home/nvidia/ros2_catkin_ws/install/livox_frame_remap:/opt/ros/foxy /usr/bin/cmake --install /home/nvidia/ros2_catkin_ws/build/deliverybot_description
