-- The C compiler identification is GNU 9.4.0
-- The CXX compiler identification is GNU 9.4.0
-- Check for working C compiler: /usr/bin/cc
-- Check for working C compiler: /usr/bin/cc -- works
-- Detecting C compiler ABI info
-- Detecting C compiler ABI info - done
-- Detecting C compile features
-- Detecting C compile features - done
-- Check for working CXX compiler: /usr/bin/c++
-- Check for working CXX compiler: /usr/bin/c++ -- works
-- Detecting CXX compiler ABI info
-- Detecting CXX compiler ABI info - done
-- Detecting CXX compile features
-- Detecting CXX compile features - done
-- Found ament_cmake: 0.9.12 (/opt/ros/foxy/share/ament_cmake/cmake)
-- Found PythonInterp: /usr/bin/python3 (found suitable version "3.8.10", minimum required is "3") 
-- Using PYTHON_EXECUTABLE: /usr/bin/python3
-- Override CMake install command with custom implementation using symlinks instead of copying resources
-- Found nav2_common: 0.4.7 (/opt/ros/foxy/share/nav2_common/cmake)
-- Found navigation2: 0.4.7 (/opt/ros/foxy/share/navigation2/cmake)
-- Configuring done
-- Generating done
-- Build files have been written to: /home/nvidia/ros2_catkin_ws/build/deliverybot_bringup
-- Install configuration: ""
-- Execute custom install script
-- Symlinking: /home/nvidia/ros2_catkin_ws/install/deliverybot_bringup/share/deliverybot_bringup/launch/kazim_navigation_launch.py
-- Symlinking: /home/nvidia/ros2_catkin_ws/install/deliverybot_bringup/share/deliverybot_bringup/launch/robot.launch.py
-- Symlinking: /home/nvidia/ros2_catkin_ws/install/deliverybot_bringup/share/deliverybot_bringup/launch/robot_copy.launch.py
-- Symlinking: /home/nvidia/ros2_catkin_ws/install/deliverybot_bringup/share/deliverybot_bringup/launch/rviz2.launch.py
-- Symlinking: /home/nvidia/ros2_catkin_ws/install/deliverybot_bringup/share/deliverybot_bringup/launch/seungwon/(keep)sw_navigation_launch.py
-- Symlinking: /home/nvidia/ros2_catkin_ws/install/deliverybot_bringup/share/deliverybot_bringup/launch/seungwon/articulated_robotics_nav2.launch.py
-- Symlinking: /home/nvidia/ros2_catkin_ws/install/deliverybot_bringup/share/deliverybot_bringup/launch/sw_navigation_launch.py
-- Symlinking: /home/nvidia/ros2_catkin_ws/install/deliverybot_bringup/share/deliverybot_bringup/launch/sw_robot.launch.py
-- Symlinking: /home/nvidia/ros2_catkin_ws/install/deliverybot_bringup/share/deliverybot_bringup/launch/turtlebot3_state_publisher.launch.py
-- Symlinking: /home/nvidia/ros2_catkin_ws/install/deliverybot_bringup/share/deliverybot_bringup/param/articu_nav2_params.yml
-- Symlinking: /home/nvidia/ros2_catkin_ws/install/deliverybot_bringup/share/deliverybot_bringup/param/backup/sw_nav2_params.yaml
-- Symlinking: /home/nvidia/ros2_catkin_ws/install/deliverybot_bringup/share/deliverybot_bringup/param/burger.yaml
-- Symlinking: /home/nvidia/ros2_catkin_ws/install/deliverybot_bringup/share/deliverybot_bringup/param/sw_nav2_params.yaml
-- Symlinking: /home/nvidia/ros2_catkin_ws/install/deliverybot_bringup/share/deliverybot_bringup/param/waffle.yaml
-- Symlinking: /home/nvidia/ros2_catkin_ws/install/deliverybot_bringup/share/deliverybot_bringup/param/waffle_pi.yaml
-- Symlinking: /home/nvidia/ros2_catkin_ws/install/deliverybot_bringup/share/deliverybot_bringup/script/99-deliverybot-cdc.rules
-- Symlinking: /home/nvidia/ros2_catkin_ws/install/deliverybot_bringup/share/deliverybot_bringup/script/create_udev_rules
-- Symlinking: /home/nvidia/ros2_catkin_ws/install/deliverybot_bringup/share/deliverybot_bringup/script/pub_odom.py
-- Symlinking: /home/nvidia/ros2_catkin_ws/install/deliverybot_bringup/share/ament_index/resource_index/package_run_dependencies/deliverybot_bringup
-- Symlinking: /home/nvidia/ros2_catkin_ws/install/deliverybot_bringup/share/ament_index/resource_index/parent_prefix_path/deliverybot_bringup
-- Symlinking: /home/nvidia/ros2_catkin_ws/install/deliverybot_bringup/share/deliverybot_bringup/environment/ament_prefix_path.sh
-- Symlinking: /home/nvidia/ros2_catkin_ws/install/deliverybot_bringup/share/deliverybot_bringup/environment/ament_prefix_path.dsv
-- Symlinking: /home/nvidia/ros2_catkin_ws/install/deliverybot_bringup/share/deliverybot_bringup/environment/path.sh
-- Symlinking: /home/nvidia/ros2_catkin_ws/install/deliverybot_bringup/share/deliverybot_bringup/environment/path.dsv
-- Symlinking: /home/nvidia/ros2_catkin_ws/install/deliverybot_bringup/share/deliverybot_bringup/local_setup.bash
-- Symlinking: /home/nvidia/ros2_catkin_ws/install/deliverybot_bringup/share/deliverybot_bringup/local_setup.sh
-- Symlinking: /home/nvidia/ros2_catkin_ws/install/deliverybot_bringup/share/deliverybot_bringup/local_setup.zsh
-- Symlinking: /home/nvidia/ros2_catkin_ws/install/deliverybot_bringup/share/deliverybot_bringup/local_setup.dsv
-- Symlinking: /home/nvidia/ros2_catkin_ws/install/deliverybot_bringup/share/deliverybot_bringup/package.dsv
-- Symlinking: /home/nvidia/ros2_catkin_ws/install/deliverybot_bringup/share/ament_index/resource_index/packages/deliverybot_bringup
-- Symlinking: /home/nvidia/ros2_catkin_ws/install/deliverybot_bringup/share/deliverybot_bringup/cmake/deliverybot_bringupConfig.cmake
-- Symlinking: /home/nvidia/ros2_catkin_ws/install/deliverybot_bringup/share/deliverybot_bringup/cmake/deliverybot_bringupConfig-version.cmake
-- Symlinking: /home/nvidia/ros2_catkin_ws/install/deliverybot_bringup/share/deliverybot_bringup/package.xml
