[3.022s] Invoking command in '/home/nvidia/ros2_catkin_ws/build/deliverybot_bringup': CMAKE_PREFIX_PATH=/opt/ros/foxy /usr/bin/cmake /home/nvidia/ros2_catkin_ws/src/deliverybot_bringup -DAMENT_CMAKE_SYMLINK_INSTALL=1 -DCMAKE_INSTALL_PREFIX=/home/nvidia/ros2_catkin_ws/install/deliverybot_bringup
[3.990s] -- The C compiler identification is GNU 9.4.0
[3.990s] -- The CXX compiler identification is GNU 9.4.0
[3.990s] -- Check for working C compiler: /usr/bin/cc
[3.990s] -- Check for working C compiler: /usr/bin/cc -- works
[3.991s] -- Detecting C compiler ABI info
[3.991s] -- Detecting C compiler ABI info - done
[3.991s] -- Detecting C compile features
[3.991s] -- Detecting C compile features - done
[3.991s] -- Check for working CXX compiler: /usr/bin/c++
[3.991s] -- Check for working CXX compiler: /usr/bin/c++ -- works
[3.991s] -- Detecting CXX compiler ABI info
[3.991s] -- Detecting CXX compiler ABI info - done
[3.991s] -- Detecting CXX compile features
[3.991s] -- Detecting CXX compile features - done
[3.992s] -- Found ament_cmake: 0.9.12 (/opt/ros/foxy/share/ament_cmake/cmake)
[3.992s] -- Found PythonInterp: /usr/bin/python3 (found suitable version "3.8.10", minimum required is "3") 
[3.992s] -- Using PYTHON_EXECUTABLE: /usr/bin/python3
[4.117s] -- Override CMake install command with custom implementation using symlinks instead of copying resources
[4.152s] -- Found nav2_common: 0.4.7 (/opt/ros/foxy/share/nav2_common/cmake)
[4.155s] -- Found navigation2: 0.4.7 (/opt/ros/foxy/share/navigation2/cmake)
[4.269s] -- Configuring done
[4.273s] -- Generating done
[4.275s] -- Build files have been written to: /home/nvidia/ros2_catkin_ws/build/deliverybot_bringup
[4.283s] Invoked command in '/home/nvidia/ros2_catkin_ws/build/deliverybot_bringup' returned '0': CMAKE_PREFIX_PATH=/opt/ros/foxy /usr/bin/cmake /home/nvidia/ros2_catkin_ws/src/deliverybot_bringup -DAMENT_CMAKE_SYMLINK_INSTALL=1 -DCMAKE_INSTALL_PREFIX=/home/nvidia/ros2_catkin_ws/install/deliverybot_bringup
[4.292s] Invoking command in '/home/nvidia/ros2_catkin_ws/build/deliverybot_bringup': CMAKE_PREFIX_PATH=/opt/ros/foxy /usr/bin/cmake --build /home/nvidia/ros2_catkin_ws/build/deliverybot_bringup -- -j8 -l8
[4.361s] Invoked command in '/home/nvidia/ros2_catkin_ws/build/deliverybot_bringup' returned '0': CMAKE_PREFIX_PATH=/opt/ros/foxy /usr/bin/cmake --build /home/nvidia/ros2_catkin_ws/build/deliverybot_bringup -- -j8 -l8
[4.434s] Invoking command in '/home/nvidia/ros2_catkin_ws/build/deliverybot_bringup': CMAKE_PREFIX_PATH=/opt/ros/foxy /usr/bin/cmake --install /home/nvidia/ros2_catkin_ws/build/deliverybot_bringup
[4.451s] -- Install configuration: ""
[4.451s] -- Execute custom install script
[4.453s] -- Symlinking: /home/nvidia/ros2_catkin_ws/install/deliverybot_bringup/share/deliverybot_bringup/launch/kazim_navigation_launch.py
[4.469s] -- Symlinking: /home/nvidia/ros2_catkin_ws/install/deliverybot_bringup/share/deliverybot_bringup/launch/robot.launch.py
[4.485s] -- Symlinking: /home/nvidia/ros2_catkin_ws/install/deliverybot_bringup/share/deliverybot_bringup/launch/robot_copy.launch.py
[4.501s] -- Symlinking: /home/nvidia/ros2_catkin_ws/install/deliverybot_bringup/share/deliverybot_bringup/launch/rviz2.launch.py
[4.517s] -- Symlinking: /home/nvidia/ros2_catkin_ws/install/deliverybot_bringup/share/deliverybot_bringup/launch/seungwon/(keep)sw_navigation_launch.py
[4.534s] -- Symlinking: /home/nvidia/ros2_catkin_ws/install/deliverybot_bringup/share/deliverybot_bringup/launch/seungwon/articulated_robotics_nav2.launch.py
[4.550s] -- Symlinking: /home/nvidia/ros2_catkin_ws/install/deliverybot_bringup/share/deliverybot_bringup/launch/sw_navigation_launch.py
[4.566s] -- Symlinking: /home/nvidia/ros2_catkin_ws/install/deliverybot_bringup/share/deliverybot_bringup/launch/sw_robot.launch.py
[4.580s] -- Symlinking: /home/nvidia/ros2_catkin_ws/install/deliverybot_bringup/share/deliverybot_bringup/launch/turtlebot3_state_publisher.launch.py
[4.594s] -- Symlinking: /home/nvidia/ros2_catkin_ws/install/deliverybot_bringup/share/deliverybot_bringup/param/articu_nav2_params.yml
[4.611s] -- Symlinking: /home/nvidia/ros2_catkin_ws/install/deliverybot_bringup/share/deliverybot_bringup/param/backup/sw_nav2_params.yaml
[4.627s] -- Symlinking: /home/nvidia/ros2_catkin_ws/install/deliverybot_bringup/share/deliverybot_bringup/param/burger.yaml
[4.645s] -- Symlinking: /home/nvidia/ros2_catkin_ws/install/deliverybot_bringup/share/deliverybot_bringup/param/sw_nav2_params.yaml
[4.661s] -- Symlinking: /home/nvidia/ros2_catkin_ws/install/deliverybot_bringup/share/deliverybot_bringup/param/waffle.yaml
[4.680s] -- Symlinking: /home/nvidia/ros2_catkin_ws/install/deliverybot_bringup/share/deliverybot_bringup/param/waffle_pi.yaml
[4.696s] -- Symlinking: /home/nvidia/ros2_catkin_ws/install/deliverybot_bringup/share/deliverybot_bringup/script/99-deliverybot-cdc.rules
[4.711s] -- Symlinking: /home/nvidia/ros2_catkin_ws/install/deliverybot_bringup/share/deliverybot_bringup/script/create_udev_rules
[4.726s] -- Symlinking: /home/nvidia/ros2_catkin_ws/install/deliverybot_bringup/share/deliverybot_bringup/script/pub_odom.py
[4.742s] -- Symlinking: /home/nvidia/ros2_catkin_ws/install/deliverybot_bringup/share/ament_index/resource_index/package_run_dependencies/deliverybot_bringup
[4.761s] -- Symlinking: /home/nvidia/ros2_catkin_ws/install/deliverybot_bringup/share/ament_index/resource_index/parent_prefix_path/deliverybot_bringup
[4.779s] -- Symlinking: /home/nvidia/ros2_catkin_ws/install/deliverybot_bringup/share/deliverybot_bringup/environment/ament_prefix_path.sh
[4.797s] -- Symlinking: /home/nvidia/ros2_catkin_ws/install/deliverybot_bringup/share/deliverybot_bringup/environment/ament_prefix_path.dsv
[4.816s] -- Symlinking: /home/nvidia/ros2_catkin_ws/install/deliverybot_bringup/share/deliverybot_bringup/environment/path.sh
[4.831s] -- Symlinking: /home/nvidia/ros2_catkin_ws/install/deliverybot_bringup/share/deliverybot_bringup/environment/path.dsv
[4.849s] -- Symlinking: /home/nvidia/ros2_catkin_ws/install/deliverybot_bringup/share/deliverybot_bringup/local_setup.bash
[4.865s] -- Symlinking: /home/nvidia/ros2_catkin_ws/install/deliverybot_bringup/share/deliverybot_bringup/local_setup.sh
[4.879s] -- Symlinking: /home/nvidia/ros2_catkin_ws/install/deliverybot_bringup/share/deliverybot_bringup/local_setup.zsh
[4.897s] -- Symlinking: /home/nvidia/ros2_catkin_ws/install/deliverybot_bringup/share/deliverybot_bringup/local_setup.dsv
[4.914s] -- Symlinking: /home/nvidia/ros2_catkin_ws/install/deliverybot_bringup/share/deliverybot_bringup/package.dsv
[4.929s] -- Symlinking: /home/nvidia/ros2_catkin_ws/install/deliverybot_bringup/share/ament_index/resource_index/packages/deliverybot_bringup
[4.944s] -- Symlinking: /home/nvidia/ros2_catkin_ws/install/deliverybot_bringup/share/deliverybot_bringup/cmake/deliverybot_bringupConfig.cmake
[4.960s] -- Symlinking: /home/nvidia/ros2_catkin_ws/install/deliverybot_bringup/share/deliverybot_bringup/cmake/deliverybot_bringupConfig-version.cmake
[4.978s] -- Symlinking: /home/nvidia/ros2_catkin_ws/install/deliverybot_bringup/share/deliverybot_bringup/package.xml
[4.996s] Invoked command in '/home/nvidia/ros2_catkin_ws/build/deliverybot_bringup' returned '0': CMAKE_PREFIX_PATH=/opt/ros/foxy /usr/bin/cmake --install /home/nvidia/ros2_catkin_ws/build/deliverybot_bringup
