[4.834s] Invoking command in '/home/nvidia/ros2_catkin_ws/build/pointcloud_to_laserscan': CMAKE_PREFIX_PATH=${CMAKE_PREFIX_PATH}:/home/nvidia/ros2_catkin_ws/install/scout_nav2:/home/nvidia/ros2_catkin_ws/install/livox_frame_remap:/opt/ros/foxy /usr/bin/cmake --build /home/nvidia/ros2_catkin_ws/build/pointcloud_to_laserscan -- -j8 -l8
[5.902s] [ 40%] Built target laserscan_to_pointcloud_node
[5.903s] [ 40%] Built target dummy_pointcloud_publisher
[5.904s] [ 60%] Built target pointcloud_to_laserscan_node
[5.904s] [ 80%] Built target laserscan_to_pointcloud
[5.909s] [100%] Built target pointcloud_to_laserscan
[5.910s] Invoked command in '/home/nvidia/ros2_catkin_ws/build/pointcloud_to_laserscan' returned '0': CMAKE_PREFIX_PATH=${CMAKE_PREFIX_PATH}:/home/nvidia/ros2_catkin_ws/install/scout_nav2:/home/nvidia/ros2_catkin_ws/install/livox_frame_remap:/opt/ros/foxy /usr/bin/cmake --build /home/nvidia/ros2_catkin_ws/build/pointcloud_to_laserscan -- -j8 -l8
[5.973s] Invoking command in '/home/nvidia/ros2_catkin_ws/build/pointcloud_to_laserscan': CMAKE_PREFIX_PATH=${CMAKE_PREFIX_PATH}:/home/nvidia/ros2_catkin_ws/install/scout_nav2:/home/nvidia/ros2_catkin_ws/install/livox_frame_remap:/opt/ros/foxy /usr/bin/cmake --install /home/nvidia/ros2_catkin_ws/build/pointcloud_to_laserscan
[5.996s] -- Install configuration: ""
[5.997s] -- Execute custom install script
[5.997s] -- Up-to-date symlink: /home/nvidia/ros2_catkin_ws/install/pointcloud_to_laserscan/lib/pointcloud_to_laserscan/laserscan_to_pointcloud_node
[5.998s] -- Up-to-date symlink: /home/nvidia/ros2_catkin_ws/install/pointcloud_to_laserscan/lib/pointcloud_to_laserscan/pointcloud_to_laserscan_node
[5.999s] -- Up-to-date symlink: /home/nvidia/ros2_catkin_ws/install/pointcloud_to_laserscan/lib/liblaserscan_to_pointcloud.so
[5.999s] -- Up-to-date symlink: /home/nvidia/ros2_catkin_ws/install/pointcloud_to_laserscan/lib/libpointcloud_to_laserscan.so
[6.000s] -- Up-to-date symlink: /home/nvidia/ros2_catkin_ws/install/pointcloud_to_laserscan/lib/pointcloud_to_laserscan/dummy_pointcloud_publisher
[6.002s] -- Up-to-date symlink: /home/nvidia/ros2_catkin_ws/install/pointcloud_to_laserscan/include/include/pointcloud_to_laserscan/laserscan_to_pointcloud_node.hpp
[6.002s] -- Up-to-date symlink: /home/nvidia/ros2_catkin_ws/install/pointcloud_to_laserscan/include/include/pointcloud_to_laserscan/pointcloud_to_laserscan_node.hpp
[6.002s] -- Up-to-date symlink: /home/nvidia/ros2_catkin_ws/install/pointcloud_to_laserscan/include/include/pointcloud_to_laserscan/visibility_control.h
[6.003s] -- Up-to-date symlink: /home/nvidia/ros2_catkin_ws/install/pointcloud_to_laserscan/share/pointcloud_to_laserscan/launch/livox_pointcloud_to_laserscan_launch.py
[6.004s] -- Up-to-date symlink: /home/nvidia/ros2_catkin_ws/install/pointcloud_to_laserscan/share/pointcloud_to_laserscan/launch/sample_laserscan_to_pointcloud_launch.py
[6.004s] -- Up-to-date symlink: /home/nvidia/ros2_catkin_ws/install/pointcloud_to_laserscan/share/pointcloud_to_laserscan/launch/sample_pointcloud_to_laserscan_launch.py
[6.004s] -- Up-to-date symlink: /home/nvidia/ros2_catkin_ws/install/pointcloud_to_laserscan/share/ament_index/resource_index/package_run_dependencies/pointcloud_to_laserscan
[6.005s] -- Up-to-date symlink: /home/nvidia/ros2_catkin_ws/install/pointcloud_to_laserscan/share/ament_index/resource_index/parent_prefix_path/pointcloud_to_laserscan
[6.006s] -- Up-to-date symlink: /home/nvidia/ros2_catkin_ws/install/pointcloud_to_laserscan/share/pointcloud_to_laserscan/environment/ament_prefix_path.sh
[6.006s] -- Up-to-date symlink: /home/nvidia/ros2_catkin_ws/install/pointcloud_to_laserscan/share/pointcloud_to_laserscan/environment/ament_prefix_path.dsv
[6.006s] -- Up-to-date symlink: /home/nvidia/ros2_catkin_ws/install/pointcloud_to_laserscan/share/pointcloud_to_laserscan/environment/path.sh
[6.007s] -- Up-to-date symlink: /home/nvidia/ros2_catkin_ws/install/pointcloud_to_laserscan/share/pointcloud_to_laserscan/environment/path.dsv
[6.007s] -- Up-to-date symlink: /home/nvidia/ros2_catkin_ws/install/pointcloud_to_laserscan/share/pointcloud_to_laserscan/local_setup.bash
[6.008s] -- Up-to-date symlink: /home/nvidia/ros2_catkin_ws/install/pointcloud_to_laserscan/share/pointcloud_to_laserscan/local_setup.sh
[6.008s] -- Up-to-date symlink: /home/nvidia/ros2_catkin_ws/install/pointcloud_to_laserscan/share/pointcloud_to_laserscan/local_setup.zsh
[6.009s] -- Up-to-date symlink: /home/nvidia/ros2_catkin_ws/install/pointcloud_to_laserscan/share/pointcloud_to_laserscan/local_setup.dsv
[6.009s] -- Symlinking: /home/nvidia/ros2_catkin_ws/install/pointcloud_to_laserscan/share/pointcloud_to_laserscan/package.dsv
[6.028s] -- Up-to-date symlink: /home/nvidia/ros2_catkin_ws/install/pointcloud_to_laserscan/share/ament_index/resource_index/packages/pointcloud_to_laserscan
[6.029s] -- Up-to-date symlink: /home/nvidia/ros2_catkin_ws/install/pointcloud_to_laserscan/share/ament_index/resource_index/rclcpp_components/pointcloud_to_laserscan
[6.029s] -- Up-to-date symlink: /home/nvidia/ros2_catkin_ws/install/pointcloud_to_laserscan/share/pointcloud_to_laserscan/cmake/pointcloud_to_laserscanConfig.cmake
[6.029s] -- Up-to-date symlink: /home/nvidia/ros2_catkin_ws/install/pointcloud_to_laserscan/share/pointcloud_to_laserscan/cmake/pointcloud_to_laserscanConfig-version.cmake
[6.030s] -- Up-to-date symlink: /home/nvidia/ros2_catkin_ws/install/pointcloud_to_laserscan/share/pointcloud_to_laserscan/package.xml
[6.035s] Invoked command in '/home/nvidia/ros2_catkin_ws/build/pointcloud_to_laserscan' returned '0': CMAKE_PREFIX_PATH=${CMAKE_PREFIX_PATH}:/home/nvidia/ros2_catkin_ws/install/scout_nav2:/home/nvidia/ros2_catkin_ws/install/livox_frame_remap:/opt/ros/foxy /usr/bin/cmake --install /home/nvidia/ros2_catkin_ws/build/pointcloud_to_laserscan
