[1.436s] Invoking command in '/home/nvidia/ros2_catkin_ws/build/pointcloud_to_laserscan': CMAKE_PREFIX_PATH=/opt/ros/foxy /usr/bin/cmake /home/nvidia/ros2_catkin_ws/src/pointcloud_to_laserscan -DAMENT_CMAKE_SYMLINK_INSTALL=1 -DCMAKE_INSTALL_PREFIX=/home/nvidia/ros2_catkin_ws/install/pointcloud_to_laserscan
[1.527s] -- The C compiler identification is GNU 9.4.0
[1.614s] -- The CXX compiler identification is GNU 9.4.0
[1.621s] -- Check for working C compiler: /usr/bin/cc
[1.745s] -- Check for working C compiler: /usr/bin/cc -- works
[1.745s] -- Detecting C compiler ABI info
[1.867s] -- Detecting C compiler ABI info - done
[1.872s] -- Detecting C compile features
[1.872s] -- Detecting C compile features - done
[1.876s] -- Check for working CXX compiler: /usr/bin/c++
[2.004s] -- Check for working CXX compiler: /usr/bin/c++ -- works
[2.005s] -- Detecting CXX compiler ABI info
[2.137s] -- Detecting CXX compiler ABI info - done
[2.153s] -- Detecting CXX compile features
[2.153s] -- Detecting CXX compile features - done
[2.157s] -- Found ament_cmake: 0.9.12 (/opt/ros/foxy/share/ament_cmake/cmake)
[2.202s] -- Found PythonInterp: /usr/bin/python3 (found suitable version "3.8.10", minimum required is "3") 
[2.202s] -- Using PYTHON_EXECUTABLE: /usr/bin/python3
[2.524s] -- Override CMake install command with custom implementation using symlinks instead of copying resources
[2.563s] -- Found laser_geometry: 2.2.0 (/opt/ros/foxy/share/laser_geometry/cmake)
[2.575s] -- Found message_filters: 3.2.7 (/opt/ros/foxy/share/message_filters/cmake)
[2.581s] -- Found rclcpp: 2.4.3 (/opt/ros/foxy/share/rclcpp/cmake)
[2.650s] -- Using all available rosidl_typesupport_c: rosidl_typesupport_fastrtps_c;rosidl_typesupport_introspection_c
[2.661s] -- Found rosidl_adapter: 1.3.1 (/opt/ros/foxy/share/rosidl_adapter/cmake)
[2.806s] -- Found OpenSSL: /usr/lib/aarch64-linux-gnu/libcrypto.so (found version "1.1.1f")  
[2.857s] -- Found FastRTPS: /opt/ros/foxy/include  
[2.989s] -- Using all available rosidl_typesupport_cpp: rosidl_typesupport_fastrtps_cpp;rosidl_typesupport_introspection_cpp
[3.079s] -- Found rmw_implementation_cmake: 1.0.4 (/opt/ros/foxy/share/rmw_implementation_cmake/cmake)
[3.080s] -- Using RMW implementation 'rmw_fastrtps_cpp' as default
[3.082s] -- Looking for pthread.h
[3.197s] -- Looking for pthread.h - found
[3.197s] -- Performing Test CMAKE_HAVE_LIBC_PTHREAD
[3.318s] -- Performing Test CMAKE_HAVE_LIBC_PTHREAD - Failed
[3.318s] -- Looking for pthread_create in pthreads
[3.414s] -- Looking for pthread_create in pthreads - not found
[3.415s] -- Looking for pthread_create in pthread
[3.527s] -- Looking for pthread_create in pthread - found
[3.529s] -- Found Threads: TRUE  
[3.753s] -- Found rclcpp_components: 2.4.3 (/opt/ros/foxy/share/rclcpp_components/cmake)
[3.840s] -- Found sensor_msgs: 2.0.5 (/opt/ros/foxy/share/sensor_msgs/cmake)
[4.002s] -- Found tf2: 0.13.14 (/opt/ros/foxy/share/tf2/cmake)
[4.015s] -- Found tf2_ros: 0.13.14 (/opt/ros/foxy/share/tf2_ros/cmake)
[4.390s] -- Found tf2_sensor_msgs: 0.13.14 (/opt/ros/foxy/share/tf2_sensor_msgs/cmake)
[4.454s] -- Found ament_lint_auto: 0.9.8 (/opt/ros/foxy/share/ament_lint_auto/cmake)
[4.597s] -- Added test 'cppcheck' to perform static code analysis on C / C++ code
[4.598s] -- Configured cppcheck include dirs: /home/nvidia/ros2_catkin_ws/src/pointcloud_to_laserscan/include
[4.598s] -- Configured cppcheck exclude dirs and/or files: 
[4.616s] -- Added test 'cpplint' to check C / C++ code against the Google style
[4.617s] -- Configured cpplint exclude dirs and/or files: 
[4.619s] -- Added test 'flake8' to check Python code syntax and style conventions
[4.624s] -- Added test 'lint_cmake' to check CMake code style
[4.627s] -- Added test 'pep257' to check Python code against some of the style conventions in PEP 257
[4.647s] -- Added test 'uncrustify' to check C / C++ code style
[4.647s] -- Configured uncrustify additional arguments: 
[4.649s] -- Added test 'xmllint' to check XML markup files
[4.656s] -- Configuring done
[4.705s] -- Generating done
[4.708s] -- Build files have been written to: /home/nvidia/ros2_catkin_ws/build/pointcloud_to_laserscan
[5.509s] Invoked command in '/home/nvidia/ros2_catkin_ws/build/pointcloud_to_laserscan' returned '0': CMAKE_PREFIX_PATH=/opt/ros/foxy /usr/bin/cmake /home/nvidia/ros2_catkin_ws/src/pointcloud_to_laserscan -DAMENT_CMAKE_SYMLINK_INSTALL=1 -DCMAKE_INSTALL_PREFIX=/home/nvidia/ros2_catkin_ws/install/pointcloud_to_laserscan
[5.511s] Invoking command in '/home/nvidia/ros2_catkin_ws/build/pointcloud_to_laserscan': CMAKE_PREFIX_PATH=/opt/ros/foxy /usr/bin/cmake --build /home/nvidia/ros2_catkin_ws/build/pointcloud_to_laserscan -- -j8 -l8
[5.618s] [35m[1mScanning dependencies of target laserscan_to_pointcloud[0m
[5.641s] [35m[1mScanning dependencies of target pointcloud_to_laserscan[0m
[5.642s] [35m[1mScanning dependencies of target laserscan_to_pointcloud_node[0m
[5.663s] [35m[1mScanning dependencies of target pointcloud_to_laserscan_node[0m
[5.663s] [35m[1mScanning dependencies of target dummy_pointcloud_publisher[0m
[5.779s] [ 10%] [32mBuilding CXX object CMakeFiles/laserscan_to_pointcloud_node.dir/rclcpp_components/node_main_laserscan_to_pointcloud_node.cpp.o[0m
[5.806s] [ 20%] [32mBuilding CXX object CMakeFiles/pointcloud_to_laserscan_node.dir/rclcpp_components/node_main_pointcloud_to_laserscan_node.cpp.o[0m
[5.817s] [ 30%] [32mBuilding CXX object CMakeFiles/dummy_pointcloud_publisher.dir/src/dummy_pointcloud_publisher.cpp.o[0m
[5.845s] [ 40%] [32mBuilding CXX object CMakeFiles/pointcloud_to_laserscan.dir/src/pointcloud_to_laserscan_node.cpp.o[0m
[5.854s] [ 50%] [32mBuilding CXX object CMakeFiles/laserscan_to_pointcloud.dir/src/laserscan_to_pointcloud_node.cpp.o[0m
[11.326s] [ 60%] [32m[1mLinking CXX executable pointcloud_to_laserscan_node[0m
[11.437s] [ 70%] [32m[1mLinking CXX executable laserscan_to_pointcloud_node[0m
[11.626s] [ 70%] Built target pointcloud_to_laserscan_node
[11.739s] [ 70%] Built target laserscan_to_pointcloud_node
[13.512s] [ 80%] [32m[1mLinking CXX executable dummy_pointcloud_publisher[0m
[13.829s] [ 80%] Built target dummy_pointcloud_publisher
[23.262s] [ 90%] [32m[1mLinking CXX shared library libpointcloud_to_laserscan.so[0m
[23.951s] [100%] [32m[1mLinking CXX shared library liblaserscan_to_pointcloud.so[0m
[24.075s] [100%] Built target pointcloud_to_laserscan
[24.705s] [100%] Built target laserscan_to_pointcloud
[24.727s] Invoked command in '/home/nvidia/ros2_catkin_ws/build/pointcloud_to_laserscan' returned '0': CMAKE_PREFIX_PATH=/opt/ros/foxy /usr/bin/cmake --build /home/nvidia/ros2_catkin_ws/build/pointcloud_to_laserscan -- -j8 -l8
[24.787s] Invoking command in '/home/nvidia/ros2_catkin_ws/build/pointcloud_to_laserscan': CMAKE_PREFIX_PATH=/opt/ros/foxy /usr/bin/cmake --install /home/nvidia/ros2_catkin_ws/build/pointcloud_to_laserscan
[24.801s] -- Install configuration: ""
[24.802s] -- Execute custom install script
[24.803s] -- Symlinking: /home/nvidia/ros2_catkin_ws/install/pointcloud_to_laserscan/lib/pointcloud_to_laserscan/laserscan_to_pointcloud_node
[24.819s] -- Symlinking: /home/nvidia/ros2_catkin_ws/install/pointcloud_to_laserscan/lib/pointcloud_to_laserscan/pointcloud_to_laserscan_node
[24.836s] -- Symlinking: /home/nvidia/ros2_catkin_ws/install/pointcloud_to_laserscan/lib/liblaserscan_to_pointcloud.so
[24.853s] -- Symlinking: /home/nvidia/ros2_catkin_ws/install/pointcloud_to_laserscan/lib/libpointcloud_to_laserscan.so
[24.870s] -- Symlinking: /home/nvidia/ros2_catkin_ws/install/pointcloud_to_laserscan/lib/pointcloud_to_laserscan/dummy_pointcloud_publisher
[24.888s] -- Symlinking: /home/nvidia/ros2_catkin_ws/install/pointcloud_to_laserscan/include/include/pointcloud_to_laserscan/laserscan_to_pointcloud_node.hpp
[24.905s] -- Symlinking: /home/nvidia/ros2_catkin_ws/install/pointcloud_to_laserscan/include/include/pointcloud_to_laserscan/pointcloud_to_laserscan_node.hpp
[24.922s] -- Symlinking: /home/nvidia/ros2_catkin_ws/install/pointcloud_to_laserscan/include/include/pointcloud_to_laserscan/visibility_control.h
[24.939s] -- Symlinking: /home/nvidia/ros2_catkin_ws/install/pointcloud_to_laserscan/share/pointcloud_to_laserscan/launch/livox_pointcloud_to_laserscan_launch.py
[24.956s] -- Symlinking: /home/nvidia/ros2_catkin_ws/install/pointcloud_to_laserscan/share/pointcloud_to_laserscan/launch/sample_laserscan_to_pointcloud_launch.py
[24.972s] -- Symlinking: /home/nvidia/ros2_catkin_ws/install/pointcloud_to_laserscan/share/pointcloud_to_laserscan/launch/sample_pointcloud_to_laserscan_launch.py
[24.989s] -- Symlinking: /home/nvidia/ros2_catkin_ws/install/pointcloud_to_laserscan/share/ament_index/resource_index/package_run_dependencies/pointcloud_to_laserscan
[25.006s] -- Symlinking: /home/nvidia/ros2_catkin_ws/install/pointcloud_to_laserscan/share/ament_index/resource_index/parent_prefix_path/pointcloud_to_laserscan
[25.023s] -- Symlinking: /home/nvidia/ros2_catkin_ws/install/pointcloud_to_laserscan/share/pointcloud_to_laserscan/environment/ament_prefix_path.sh
[25.040s] -- Symlinking: /home/nvidia/ros2_catkin_ws/install/pointcloud_to_laserscan/share/pointcloud_to_laserscan/environment/ament_prefix_path.dsv
[25.057s] -- Symlinking: /home/nvidia/ros2_catkin_ws/install/pointcloud_to_laserscan/share/pointcloud_to_laserscan/environment/path.sh
[25.075s] -- Symlinking: /home/nvidia/ros2_catkin_ws/install/pointcloud_to_laserscan/share/pointcloud_to_laserscan/environment/path.dsv
[25.092s] -- Symlinking: /home/nvidia/ros2_catkin_ws/install/pointcloud_to_laserscan/share/pointcloud_to_laserscan/local_setup.bash
[25.110s] -- Symlinking: /home/nvidia/ros2_catkin_ws/install/pointcloud_to_laserscan/share/pointcloud_to_laserscan/local_setup.sh
[25.127s] -- Symlinking: /home/nvidia/ros2_catkin_ws/install/pointcloud_to_laserscan/share/pointcloud_to_laserscan/local_setup.zsh
[25.145s] -- Symlinking: /home/nvidia/ros2_catkin_ws/install/pointcloud_to_laserscan/share/pointcloud_to_laserscan/local_setup.dsv
[25.162s] -- Symlinking: /home/nvidia/ros2_catkin_ws/install/pointcloud_to_laserscan/share/pointcloud_to_laserscan/package.dsv
[25.180s] -- Symlinking: /home/nvidia/ros2_catkin_ws/install/pointcloud_to_laserscan/share/ament_index/resource_index/packages/pointcloud_to_laserscan
[25.197s] -- Symlinking: /home/nvidia/ros2_catkin_ws/install/pointcloud_to_laserscan/share/ament_index/resource_index/rclcpp_components/pointcloud_to_laserscan
[25.214s] -- Symlinking: /home/nvidia/ros2_catkin_ws/install/pointcloud_to_laserscan/share/pointcloud_to_laserscan/cmake/pointcloud_to_laserscanConfig.cmake
[25.231s] -- Symlinking: /home/nvidia/ros2_catkin_ws/install/pointcloud_to_laserscan/share/pointcloud_to_laserscan/cmake/pointcloud_to_laserscanConfig-version.cmake
[25.248s] -- Symlinking: /home/nvidia/ros2_catkin_ws/install/pointcloud_to_laserscan/share/pointcloud_to_laserscan/package.xml
[25.279s] Invoked command in '/home/nvidia/ros2_catkin_ws/build/pointcloud_to_laserscan' returned '0': CMAKE_PREFIX_PATH=/opt/ros/foxy /usr/bin/cmake --install /home/nvidia/ros2_catkin_ws/build/pointcloud_to_laserscan
