running egg_info
writing ../../../build/scout_nav2/scout_nav2.egg-info/PKG-INFO
writing dependency_links to ../../../build/scout_nav2/scout_nav2.egg-info/dependency_links.txt
writing entry points to ../../../build/scout_nav2/scout_nav2.egg-info/entry_points.txt
writing requirements to ../../../build/scout_nav2/scout_nav2.egg-info/requires.txt
writing top-level names to ../../../build/scout_nav2/scout_nav2.egg-info/top_level.txt
reading manifest file '../../../build/scout_nav2/scout_nav2.egg-info/SOURCES.txt'
writing manifest file '../../../build/scout_nav2/scout_nav2.egg-info/SOURCES.txt'
running build
running build_py
running install
running install_lib
running install_data
running install_egg_info
removing '/home/nvidia/ros2_catkin_ws/install/scout_nav2/lib/python3.8/site-packages/scout_nav2-1.0.0-py3.8.egg-info' (and everything under it)
Copying ../../../build/scout_nav2/scout_nav2.egg-info to /home/nvidia/ros2_catkin_ws/install/scout_nav2/lib/python3.8/site-packages/scout_nav2-1.0.0-py3.8.egg-info
running install_scripts
Installing example_navigate_to_pose script to /home/nvidia/ros2_catkin_ws/install/scout_nav2/lib/scout_nav2
Installing park_robot script to /home/nvidia/ros2_catkin_ws/install/scout_nav2/lib/scout_nav2
writing list of installed files to '/home/nvidia/ros2_catkin_ws/build/scout_nav2/install.log'
