[6.127s] Invoking command in '/home/nvidia/ros2_catkin_ws/src/scout_nav2/scout_nav2': PYTHONPATH=/home/nvidia/ros2_catkin_ws/build/scout_nav2/prefix_override:/home/nvidia/ros2_catkin_ws/install/scout_nav2/lib/python3.8/site-packages:${PYTHONPATH} /usr/bin/python3 setup.py egg_info --egg-base ../../../build/scout_nav2 build --build-base /home/nvidia/ros2_catkin_ws/build/scout_nav2/build install --record /home/nvidia/ros2_catkin_ws/build/scout_nav2/install.log --single-version-externally-managed
[6.490s] running egg_info
[6.491s] writing ../../../build/scout_nav2/scout_nav2.egg-info/PKG-INFO
[6.491s] writing dependency_links to ../../../build/scout_nav2/scout_nav2.egg-info/dependency_links.txt
[6.492s] writing entry points to ../../../build/scout_nav2/scout_nav2.egg-info/entry_points.txt
[6.492s] writing requirements to ../../../build/scout_nav2/scout_nav2.egg-info/requires.txt
[6.494s] writing top-level names to ../../../build/scout_nav2/scout_nav2.egg-info/top_level.txt
[6.545s] reading manifest file '../../../build/scout_nav2/scout_nav2.egg-info/SOURCES.txt'
[6.547s] writing manifest file '../../../build/scout_nav2/scout_nav2.egg-info/SOURCES.txt'
[6.548s] running build
[6.548s] running build_py
[6.549s] running install
[6.550s] running install_lib
[6.552s] running install_data
[6.554s] running install_egg_info
[6.557s] removing '/home/nvidia/ros2_catkin_ws/install/scout_nav2/lib/python3.8/site-packages/scout_nav2-1.0.0-py3.8.egg-info' (and everything under it)
[6.558s] Copying ../../../build/scout_nav2/scout_nav2.egg-info to /home/nvidia/ros2_catkin_ws/install/scout_nav2/lib/python3.8/site-packages/scout_nav2-1.0.0-py3.8.egg-info
[6.559s] running install_scripts
[6.592s] Installing example_navigate_to_pose script to /home/nvidia/ros2_catkin_ws/install/scout_nav2/lib/scout_nav2
[6.592s] Installing park_robot script to /home/nvidia/ros2_catkin_ws/install/scout_nav2/lib/scout_nav2
[6.593s] writing list of installed files to '/home/nvidia/ros2_catkin_ws/build/scout_nav2/install.log'
[7.017s] Invoked command in '/home/nvidia/ros2_catkin_ws/src/scout_nav2/scout_nav2' returned '0': PYTHONPATH=/home/nvidia/ros2_catkin_ws/build/scout_nav2/prefix_override:/home/nvidia/ros2_catkin_ws/install/scout_nav2/lib/python3.8/site-packages:${PYTHONPATH} /usr/bin/python3 setup.py egg_info --egg-base ../../../build/scout_nav2 build --build-base /home/nvidia/ros2_catkin_ws/build/scout_nav2/build install --record /home/nvidia/ros2_catkin_ws/build/scout_nav2/install.log --single-version-externally-managed
