[2.436s] Invoking command in '/home/nvidia/ros2_catkin_ws/build/deliverybot_bringup': CMAKE_PREFIX_PATH=${CMAKE_PREFIX_PATH}:/home/nvidia/ros2_catkin_ws/install/scout_nav2:/home/nvidia/ros2_catkin_ws/install/livox_frame_remap /usr/bin/cmake /home/nvidia/ros2_catkin_ws/src/deliverybot_bringup -DAMENT_CMAKE_SYMLINK_INSTALL=1 -DCMAKE_INSTALL_PREFIX=/home/nvidia/ros2_catkin_ws/install/deliverybot_bringup
[3.307s] Traceback (most recent call last):
[3.307s]   File "/opt/ros/foxy/share/ament_cmake_core/cmake/package_templates/templates_2_cmake.py", line 21, in <module>
[3.307s]     from ament_package.templates import get_environment_hook_template_path
[3.307s] ModuleNotFoundError: No module named 'ament_package'
[3.308s] CMake Error at /opt/ros/foxy/share/ament_cmake_core/cmake/ament_cmake_package_templates-extras.cmake:41 (message):
[3.308s]   execute_process(/usr/bin/python3
[3.308s]   /opt/ros/foxy/share/ament_cmake_core/cmake/package_templates/templates_2_cmake.py
[3.308s]   /home/nvidia/ros2_catkin_ws/build/deliverybot_bringup/ament_cmake_package_templates/templates.cmake)
[3.309s]   returned error code 1
[3.309s] Call Stack (most recent call first):
[3.309s]   /opt/ros/foxy/share/ament_cmake_core/cmake/ament_cmake_coreConfig.cmake:41 (include)
[3.310s]   /opt/ros/foxy/share/ament_cmake/cmake/ament_cmake_export_dependencies-extras.cmake:15 (find_package)
[3.310s]   /opt/ros/foxy/share/ament_cmake/cmake/ament_cmakeConfig.cmake:41 (include)
[3.314s]   CMakeLists.txt:18 (find_package)
[3.314s] 
[3.314s] 
[3.315s] -- Found ament_cmake: 0.9.12 (/opt/ros/foxy/share/ament_cmake/cmake)
[3.316s] -- Using PYTHON_EXECUTABLE: /usr/bin/python3
[3.317s] -- Configuring incomplete, errors occurred!
[3.317s] See also "/home/nvidia/ros2_catkin_ws/build/deliverybot_bringup/CMakeFiles/CMakeOutput.log".
[3.344s] Invoked command in '/home/nvidia/ros2_catkin_ws/build/deliverybot_bringup' returned '1': CMAKE_PREFIX_PATH=${CMAKE_PREFIX_PATH}:/home/nvidia/ros2_catkin_ws/install/scout_nav2:/home/nvidia/ros2_catkin_ws/install/livox_frame_remap /usr/bin/cmake /home/nvidia/ros2_catkin_ws/src/deliverybot_bringup -DAMENT_CMAKE_SYMLINK_INSTALL=1 -DCMAKE_INSTALL_PREFIX=/home/nvidia/ros2_catkin_ws/install/deliverybot_bringup
