[1.658s] Invoking command in '/home/nvidia/ros2_catkin_ws/build/deliverybot_bringup': /usr/bin/cmake /home/nvidia/ros2_catkin_ws/src/deliverybot_bringup -DAMENT_CMAKE_SYMLINK_INSTALL=1 -DCMAKE_INSTALL_PREFIX=/home/nvidia/ros2_catkin_ws/install/deliverybot_bringup
[2.406s] -- Found ament_cmake: 0.9.12 (/opt/ros/foxy/share/ament_cmake/cmake)
[2.406s] -- Using PYTHON_EXECUTABLE: /usr/bin/python3
[2.406s] -- Configuring incomplete, errors occurred!
[2.409s] See also "/home/nvidia/ros2_catkin_ws/build/deliverybot_bringup/CMakeFiles/CMakeOutput.log".
[2.409s] Traceback (most recent call last):
[2.410s]   File "/opt/ros/foxy/share/ament_cmake_core/cmake/package_templates/templates_2_cmake.py", line 21, in <module>
[2.410s]     from ament_package.templates import get_environment_hook_template_path
[2.410s] ModuleNotFoundError: No module named 'ament_package'
[2.410s] CMake Error at /opt/ros/foxy/share/ament_cmake_core/cmake/ament_cmake_package_templates-extras.cmake:41 (message):
[2.410s]   execute_process(/usr/bin/python3
[2.410s]   /opt/ros/foxy/share/ament_cmake_core/cmake/package_templates/templates_2_cmake.py
[2.410s]   /home/nvidia/ros2_catkin_ws/build/deliverybot_bringup/ament_cmake_package_templates/templates.cmake)
[2.410s]   returned error code 1
[2.411s] Call Stack (most recent call first):
[2.411s]   /opt/ros/foxy/share/ament_cmake_core/cmake/ament_cmake_coreConfig.cmake:41 (include)
[2.411s]   /opt/ros/foxy/share/ament_cmake/cmake/ament_cmake_export_dependencies-extras.cmake:15 (find_package)
[2.411s]   /opt/ros/foxy/share/ament_cmake/cmake/ament_cmakeConfig.cmake:41 (include)
[2.411s]   CMakeLists.txt:18 (find_package)
[2.411s] 
[2.412s] 
[2.439s] Invoked command in '/home/nvidia/ros2_catkin_ws/build/deliverybot_bringup' returned '1': /usr/bin/cmake /home/nvidia/ros2_catkin_ws/src/deliverybot_bringup -DAMENT_CMAKE_SYMLINK_INSTALL=1 -DCMAKE_INSTALL_PREFIX=/home/nvidia/ros2_catkin_ws/install/deliverybot_bringup
