[2.893s] Invoking command in '/home/nvidia/ros2_catkin_ws/build/livox_frame_remap': PYTHONPATH=/home/nvidia/ros2_catkin_ws/build/livox_frame_remap/prefix_override:/home/nvidia/ros2_catkin_ws/install/livox_frame_remap/lib/python3.8/site-packages:${PYTHONPATH} /usr/bin/python3 setup.py develop --editable --build-directory /home/nvidia/ros2_catkin_ws/build/livox_frame_remap/build --no-deps install_data
[3.297s] running develop
[3.524s] running egg_info
[3.526s] creating livox_frame_remap.egg-info
[3.526s] writing livox_frame_remap.egg-info/PKG-INFO
[3.527s] writing dependency_links to livox_frame_remap.egg-info/dependency_links.txt
[3.528s] writing entry points to livox_frame_remap.egg-info/entry_points.txt
[3.528s] writing requirements to livox_frame_remap.egg-info/requires.txt
[3.529s] writing top-level names to livox_frame_remap.egg-info/top_level.txt
[3.529s] writing manifest file 'livox_frame_remap.egg-info/SOURCES.txt'
[3.576s] reading manifest file 'livox_frame_remap.egg-info/SOURCES.txt'
[3.577s] writing manifest file 'livox_frame_remap.egg-info/SOURCES.txt'
[3.635s] running build_ext
[3.636s] Creating /home/nvidia/ros2_catkin_ws/install/livox_frame_remap/lib/python3.8/site-packages/site.py
[3.639s] Creating /home/nvidia/ros2_catkin_ws/install/livox_frame_remap/lib/python3.8/site-packages/livox-frame-remap.egg-link (link to .)
[3.641s] Installing livox_frame_remap_node script to /home/nvidia/ros2_catkin_ws/install/livox_frame_remap/lib/livox_frame_remap
[3.641s] 
[3.641s] Installed /home/nvidia/ros2_catkin_ws/build/livox_frame_remap
[3.642s] running install_data
[3.642s] creating /home/nvidia/ros2_catkin_ws/install/livox_frame_remap/share/ament_index
[3.642s] creating /home/nvidia/ros2_catkin_ws/install/livox_frame_remap/share/ament_index/resource_index
[3.642s] creating /home/nvidia/ros2_catkin_ws/install/livox_frame_remap/share/ament_index/resource_index/packages
[3.642s] copying resource/livox_frame_remap -> /home/nvidia/ros2_catkin_ws/install/livox_frame_remap/share/ament_index/resource_index/packages
[3.642s] copying package.xml -> /home/nvidia/ros2_catkin_ws/install/livox_frame_remap/share/livox_frame_remap
[4.132s] Invoked command in '/home/nvidia/ros2_catkin_ws/build/livox_frame_remap' returned '0': PYTHONPATH=/home/nvidia/ros2_catkin_ws/build/livox_frame_remap/prefix_override:/home/nvidia/ros2_catkin_ws/install/livox_frame_remap/lib/python3.8/site-packages:${PYTHONPATH} /usr/bin/python3 setup.py develop --editable --build-directory /home/nvidia/ros2_catkin_ws/build/livox_frame_remap/build --no-deps install_data
