[0.999s] Invoking command in '/home/nvidia/ros2_catkin_ws/build/nav2_bringup_custom': /usr/bin/cmake /home/nvidia/ros2_catkin_ws/src/scout_nav2/nav2_bringup -DAMENT_CMAKE_SYMLINK_INSTALL=1 -DCMAKE_INSTALL_PREFIX=/home/nvidia/ros2_catkin_ws/install/nav2_bringup_custom
[1.065s] -- Found ament_cmake: 0.9.12 (/opt/ros/foxy/share/ament_cmake/cmake)
[1.069s] -- Using PYTHON_EXECUTABLE: /usr/bin/python3
[1.290s] Traceback (most recent call last):
[1.291s]   File "/opt/ros/foxy/share/ament_cmake_core/cmake/package_templates/templates_2_cmake.py", line 21, in <module>
[1.291s]     from ament_package.templates import get_environment_hook_template_path
[1.292s] ModuleNotFoundError: No module named 'ament_package'
[1.340s] CMake Error at /opt/ros/foxy/share/ament_cmake_core/cmake/ament_cmake_package_templates-extras.cmake:41 (message):
[1.340s]   execute_process(/usr/bin/python3
[1.340s]   /opt/ros/foxy/share/ament_cmake_core/cmake/package_templates/templates_2_cmake.py
[1.340s]   /home/nvidia/ros2_catkin_ws/build/nav2_bringup_custom/ament_cmake_package_templates/templates.cmake)
[1.341s]   returned error code 1
[1.341s] Call Stack (most recent call first):
[1.341s]   /opt/ros/foxy/share/ament_cmake_core/cmake/ament_cmake_coreConfig.cmake:41 (include)
[1.341s]   /opt/ros/foxy/share/ament_cmake/cmake/ament_cmake_export_dependencies-extras.cmake:15 (find_package)
[1.342s]   /opt/ros/foxy/share/ament_cmake/cmake/ament_cmakeConfig.cmake:41 (include)
[1.342s]   CMakeLists.txt:4 (find_package)
[1.343s] 
[1.343s] 
[1.344s] -- Configuring incomplete, errors occurred!
[1.345s] See also "/home/nvidia/ros2_catkin_ws/build/nav2_bringup_custom/CMakeFiles/CMakeOutput.log".
