[4.944s] Invoking command in '/home/nvidia/ros2_catkin_ws/build/pointcloud_to_laserscan': CMAKE_PREFIX_PATH=${CMAKE_PREFIX_PATH}:/home/nvidia/ros2_catkin_ws/install/livox_frame_remap:/opt/ros/foxy /usr/bin/cmake /home/nvidia/ros2_catkin_ws/src/pointcloud_to_laserscan -DAMENT_CMAKE_SYMLINK_INSTALL=1 -DCMAKE_INSTALL_PREFIX=/home/nvidia/ros2_catkin_ws/install/pointcloud_to_laserscan
[6.418s] -- The C compiler identification is GNU 9.4.0
[6.419s] -- The CXX compiler identification is GNU 9.4.0
[6.419s] -- Check for working C compiler: /usr/bin/cc
[6.419s] -- Check for working C compiler: /usr/bin/cc -- works
[6.419s] -- Detecting C compiler ABI info
[6.419s] -- Detecting C compiler ABI info - done
[6.419s] -- Detecting C compile features
[6.419s] -- Detecting C compile features - done
[6.419s] -- Check for working CXX compiler: /usr/bin/c++
[6.419s] -- Check for working CXX compiler: /usr/bin/c++ -- works
[6.420s] -- Detecting CXX compiler ABI info
[6.420s] -- Detecting CXX compiler ABI info - done
[6.420s] -- Detecting CXX compile features
[6.420s] -- Detecting CXX compile features - done
[6.420s] -- Found ament_cmake: 0.9.12 (/opt/ros/foxy/share/ament_cmake/cmake)
[6.420s] -- Found PythonInterp: /usr/bin/python3 (found suitable version "3.8.10", minimum required is "3") 
[6.420s] -- Using PYTHON_EXECUTABLE: /usr/bin/python3
[6.420s] -- Override CMake install command with custom implementation using symlinks instead of copying resources
[6.420s] -- Found laser_geometry: 2.2.0 (/opt/ros/foxy/share/laser_geometry/cmake)
[6.420s] -- Found message_filters: 3.2.7 (/opt/ros/foxy/share/message_filters/cmake)
[6.420s] -- Found rclcpp: 2.4.3 (/opt/ros/foxy/share/rclcpp/cmake)
[6.432s] -- Using all available rosidl_typesupport_c: rosidl_typesupport_fastrtps_c;rosidl_typesupport_introspection_c
[6.445s] -- Found rosidl_adapter: 1.3.1 (/opt/ros/foxy/share/rosidl_adapter/cmake)
[6.628s] -- Found OpenSSL: /usr/lib/aarch64-linux-gnu/libcrypto.so (found version "1.1.1f")  
[6.681s] -- Found FastRTPS: /opt/ros/foxy/include  
[6.820s] -- Using all available rosidl_typesupport_cpp: rosidl_typesupport_fastrtps_cpp;rosidl_typesupport_introspection_cpp
[6.913s] -- Found rmw_implementation_cmake: 1.0.4 (/opt/ros/foxy/share/rmw_implementation_cmake/cmake)
[6.915s] -- Using RMW implementation 'rmw_fastrtps_cpp' as default
[6.917s] -- Looking for pthread.h
[7.052s] -- Looking for pthread.h - found
[7.052s] -- Performing Test CMAKE_HAVE_LIBC_PTHREAD
[7.180s] -- Performing Test CMAKE_HAVE_LIBC_PTHREAD - Failed
[7.180s] -- Looking for pthread_create in pthreads
[7.291s] -- Looking for pthread_create in pthreads - not found
[7.291s] -- Looking for pthread_create in pthread
[7.427s] -- Looking for pthread_create in pthread - found
[7.428s] -- Found Threads: TRUE  
[7.686s] -- Found rclcpp_components: 2.4.3 (/opt/ros/foxy/share/rclcpp_components/cmake)
[7.788s] -- Found sensor_msgs: 2.0.5 (/opt/ros/foxy/share/sensor_msgs/cmake)
[7.977s] -- Found tf2: 0.13.14 (/opt/ros/foxy/share/tf2/cmake)
[7.994s] -- Found tf2_ros: 0.13.14 (/opt/ros/foxy/share/tf2_ros/cmake)
[8.458s] -- Found tf2_sensor_msgs: 0.13.14 (/opt/ros/foxy/share/tf2_sensor_msgs/cmake)
[8.545s] -- Found ament_lint_auto: 0.9.8 (/opt/ros/foxy/share/ament_lint_auto/cmake)
[8.720s] -- Added test 'cppcheck' to perform static code analysis on C / C++ code
[8.721s] -- Configured cppcheck include dirs: /home/nvidia/ros2_catkin_ws/src/pointcloud_to_laserscan/include
[8.722s] -- Configured cppcheck exclude dirs and/or files: 
[8.745s] -- Added test 'cpplint' to check C / C++ code against the Google style
[8.746s] -- Configured cpplint exclude dirs and/or files: 
[8.749s] -- Added test 'flake8' to check Python code syntax and style conventions
[8.757s] -- Added test 'lint_cmake' to check CMake code style
[8.761s] -- Added test 'pep257' to check Python code against some of the style conventions in PEP 257
[8.787s] -- Added test 'uncrustify' to check C / C++ code style
[8.787s] -- Configured uncrustify additional arguments: 
[8.793s] -- Added test 'xmllint' to check XML markup files
[8.803s] -- Configuring done
[8.870s] -- Generating done
[8.875s] -- Build files have been written to: /home/nvidia/ros2_catkin_ws/build/pointcloud_to_laserscan
[8.919s] Invoked command in '/home/nvidia/ros2_catkin_ws/build/pointcloud_to_laserscan' returned '0': CMAKE_PREFIX_PATH=${CMAKE_PREFIX_PATH}:/home/nvidia/ros2_catkin_ws/install/livox_frame_remap:/opt/ros/foxy /usr/bin/cmake /home/nvidia/ros2_catkin_ws/src/pointcloud_to_laserscan -DAMENT_CMAKE_SYMLINK_INSTALL=1 -DCMAKE_INSTALL_PREFIX=/home/nvidia/ros2_catkin_ws/install/pointcloud_to_laserscan
[8.921s] Invoking command in '/home/nvidia/ros2_catkin_ws/build/pointcloud_to_laserscan': CMAKE_PREFIX_PATH=${CMAKE_PREFIX_PATH}:/home/nvidia/ros2_catkin_ws/install/livox_frame_remap:/opt/ros/foxy /usr/bin/cmake --build /home/nvidia/ros2_catkin_ws/build/pointcloud_to_laserscan -- -j8 -l8
[9.022s] [35m[1mScanning dependencies of target pointcloud_to_laserscan[0m
[9.023s] [35m[1mScanning dependencies of target laserscan_to_pointcloud_node[0m
[9.038s] [35m[1mScanning dependencies of target pointcloud_to_laserscan_node[0m
[9.050s] [35m[1mScanning dependencies of target laserscan_to_pointcloud[0m
[9.058s] [35m[1mScanning dependencies of target dummy_pointcloud_publisher[0m
[9.090s] [ 10%] [32mBuilding CXX object CMakeFiles/laserscan_to_pointcloud_node.dir/rclcpp_components/node_main_laserscan_to_pointcloud_node.cpp.o[0m
[9.125s] [ 20%] [32mBuilding CXX object CMakeFiles/pointcloud_to_laserscan_node.dir/rclcpp_components/node_main_pointcloud_to_laserscan_node.cpp.o[0m
[9.191s] [ 30%] [32mBuilding CXX object CMakeFiles/pointcloud_to_laserscan.dir/src/pointcloud_to_laserscan_node.cpp.o[0m
[9.225s] [ 40%] [32mBuilding CXX object CMakeFiles/dummy_pointcloud_publisher.dir/src/dummy_pointcloud_publisher.cpp.o[0m
[9.243s] [ 50%] [32mBuilding CXX object CMakeFiles/laserscan_to_pointcloud.dir/src/laserscan_to_pointcloud_node.cpp.o[0m
[15.089s] [ 60%] [32m[1mLinking CXX executable pointcloud_to_laserscan_node[0m
[15.531s] [ 60%] Built target pointcloud_to_laserscan_node
[15.568s] [ 70%] [32m[1mLinking CXX executable laserscan_to_pointcloud_node[0m
[15.838s] [ 70%] Built target laserscan_to_pointcloud_node
[17.353s] [ 80%] [32m[1mLinking CXX executable dummy_pointcloud_publisher[0m
[17.664s] [ 80%] Built target dummy_pointcloud_publisher
[27.661s] [ 90%] [32m[1mLinking CXX shared library liblaserscan_to_pointcloud.so[0m
[28.381s] [100%] [32m[1mLinking CXX shared library libpointcloud_to_laserscan.so[0m
[28.432s] [100%] Built target laserscan_to_pointcloud
[29.142s] [100%] Built target pointcloud_to_laserscan
[29.169s] Invoked command in '/home/nvidia/ros2_catkin_ws/build/pointcloud_to_laserscan' returned '0': CMAKE_PREFIX_PATH=${CMAKE_PREFIX_PATH}:/home/nvidia/ros2_catkin_ws/install/livox_frame_remap:/opt/ros/foxy /usr/bin/cmake --build /home/nvidia/ros2_catkin_ws/build/pointcloud_to_laserscan -- -j8 -l8
[29.246s] Invoking command in '/home/nvidia/ros2_catkin_ws/build/pointcloud_to_laserscan': CMAKE_PREFIX_PATH=${CMAKE_PREFIX_PATH}:/home/nvidia/ros2_catkin_ws/install/livox_frame_remap:/opt/ros/foxy /usr/bin/cmake --install /home/nvidia/ros2_catkin_ws/build/pointcloud_to_laserscan
[29.267s] -- Install configuration: ""
[29.267s] -- Execute custom install script
[29.268s] -- Symlinking: /home/nvidia/ros2_catkin_ws/install/pointcloud_to_laserscan/lib/pointcloud_to_laserscan/laserscan_to_pointcloud_node
[29.288s] -- Symlinking: /home/nvidia/ros2_catkin_ws/install/pointcloud_to_laserscan/lib/pointcloud_to_laserscan/pointcloud_to_laserscan_node
[29.306s] -- Symlinking: /home/nvidia/ros2_catkin_ws/install/pointcloud_to_laserscan/lib/liblaserscan_to_pointcloud.so
[29.325s] -- Symlinking: /home/nvidia/ros2_catkin_ws/install/pointcloud_to_laserscan/lib/libpointcloud_to_laserscan.so
[29.344s] -- Symlinking: /home/nvidia/ros2_catkin_ws/install/pointcloud_to_laserscan/lib/pointcloud_to_laserscan/dummy_pointcloud_publisher
[29.364s] -- Symlinking: /home/nvidia/ros2_catkin_ws/install/pointcloud_to_laserscan/include/include/pointcloud_to_laserscan/laserscan_to_pointcloud_node.hpp
[29.383s] -- Symlinking: /home/nvidia/ros2_catkin_ws/install/pointcloud_to_laserscan/include/include/pointcloud_to_laserscan/pointcloud_to_laserscan_node.hpp
[29.401s] -- Symlinking: /home/nvidia/ros2_catkin_ws/install/pointcloud_to_laserscan/include/include/pointcloud_to_laserscan/visibility_control.h
[29.420s] -- Symlinking: /home/nvidia/ros2_catkin_ws/install/pointcloud_to_laserscan/share/pointcloud_to_laserscan/launch/livox_pointcloud_to_laserscan_launch.py
[29.438s] -- Symlinking: /home/nvidia/ros2_catkin_ws/install/pointcloud_to_laserscan/share/pointcloud_to_laserscan/launch/sample_laserscan_to_pointcloud_launch.py
[29.457s] -- Symlinking: /home/nvidia/ros2_catkin_ws/install/pointcloud_to_laserscan/share/pointcloud_to_laserscan/launch/sample_pointcloud_to_laserscan_launch.py
[29.477s] -- Symlinking: /home/nvidia/ros2_catkin_ws/install/pointcloud_to_laserscan/share/ament_index/resource_index/package_run_dependencies/pointcloud_to_laserscan
[29.495s] -- Symlinking: /home/nvidia/ros2_catkin_ws/install/pointcloud_to_laserscan/share/ament_index/resource_index/parent_prefix_path/pointcloud_to_laserscan
[29.514s] -- Symlinking: /home/nvidia/ros2_catkin_ws/install/pointcloud_to_laserscan/share/pointcloud_to_laserscan/environment/ament_prefix_path.sh
[29.532s] -- Symlinking: /home/nvidia/ros2_catkin_ws/install/pointcloud_to_laserscan/share/pointcloud_to_laserscan/environment/ament_prefix_path.dsv
[29.550s] -- Symlinking: /home/nvidia/ros2_catkin_ws/install/pointcloud_to_laserscan/share/pointcloud_to_laserscan/environment/path.sh
[29.567s] -- Symlinking: /home/nvidia/ros2_catkin_ws/install/pointcloud_to_laserscan/share/pointcloud_to_laserscan/environment/path.dsv
[29.585s] -- Symlinking: /home/nvidia/ros2_catkin_ws/install/pointcloud_to_laserscan/share/pointcloud_to_laserscan/local_setup.bash
[29.602s] -- Symlinking: /home/nvidia/ros2_catkin_ws/install/pointcloud_to_laserscan/share/pointcloud_to_laserscan/local_setup.sh
[29.619s] -- Symlinking: /home/nvidia/ros2_catkin_ws/install/pointcloud_to_laserscan/share/pointcloud_to_laserscan/local_setup.zsh
[29.635s] -- Symlinking: /home/nvidia/ros2_catkin_ws/install/pointcloud_to_laserscan/share/pointcloud_to_laserscan/local_setup.dsv
[29.652s] -- Symlinking: /home/nvidia/ros2_catkin_ws/install/pointcloud_to_laserscan/share/pointcloud_to_laserscan/package.dsv
[29.670s] -- Symlinking: /home/nvidia/ros2_catkin_ws/install/pointcloud_to_laserscan/share/ament_index/resource_index/packages/pointcloud_to_laserscan
[29.686s] -- Symlinking: /home/nvidia/ros2_catkin_ws/install/pointcloud_to_laserscan/share/ament_index/resource_index/rclcpp_components/pointcloud_to_laserscan
[29.703s] -- Symlinking: /home/nvidia/ros2_catkin_ws/install/pointcloud_to_laserscan/share/pointcloud_to_laserscan/cmake/pointcloud_to_laserscanConfig.cmake
[29.721s] -- Symlinking: /home/nvidia/ros2_catkin_ws/install/pointcloud_to_laserscan/share/pointcloud_to_laserscan/cmake/pointcloud_to_laserscanConfig-version.cmake
[29.738s] -- Symlinking: /home/nvidia/ros2_catkin_ws/install/pointcloud_to_laserscan/share/pointcloud_to_laserscan/package.xml
[29.760s] Invoked command in '/home/nvidia/ros2_catkin_ws/build/pointcloud_to_laserscan' returned '0': CMAKE_PREFIX_PATH=${CMAKE_PREFIX_PATH}:/home/nvidia/ros2_catkin_ws/install/livox_frame_remap:/opt/ros/foxy /usr/bin/cmake --install /home/nvidia/ros2_catkin_ws/build/pointcloud_to_laserscan
